2025-10-24 12:09:42,657 : INFO : root : Loading config.
2025-10-24 12:09:42,664 : INFO : YamlMultifileConfigLoader : Machine config file #1: config.yaml
2025-10-24 12:09:42,664 : INFO : ConfigProcessor : Loading config from cache: C:\Users\antho\AppData\Local\Temp\fdca14d0c9d658ab8200d57120800af5.mpf_cache
2025-10-24 12:09:42,803 : INFO : ConfigProcessor : Loading config from cache: C:\Users\antho\AppData\Local\Temp\5dec96b1547c4adf5bdd3d1715e74bc0.mpf_cache
2025-10-24 12:09:42,803 : INFO : ConfigProcessor : Loading config from cache: C:\Users\antho\AppData\Local\Temp\202a5840610e95051f9f473dfa660cc0.mpf_cache
2025-10-24 12:09:42,804 : INFO : ConfigProcessor : Loading config from cache: C:\Users\antho\AppData\Local\Temp\5dec96b1547c4adf5bdd3d1715e74bc0.mpf_cache
2025-10-24 12:09:42,805 : INFO : ConfigProcessor : Loading config from cache: C:\Users\antho\AppData\Local\Temp\2cd13a2d3f375e00ab01d6d09a85d8e7.mpf_cache
2025-10-24 12:09:42,805 : INFO : ConfigProcessor : Loading config from cache: C:\Users\antho\AppData\Local\Temp\9220b44b97b91972524500b81035d790.mpf_cache
2025-10-24 12:09:42,807 : INFO : ConfigProcessor : Loading config from cache: C:\Users\antho\AppData\Local\Temp\dab29d17bbe6500d014c71b0a57bd9b0.mpf_cache
2025-10-24 12:09:42,808 : INFO : ConfigProcessor : Loading config from cache: C:\Users\antho\AppData\Local\Temp\b17152efa55a24f0424602723f8d3921.mpf_cache
2025-10-24 12:09:42,809 : INFO : ConfigProcessor : Loading config from cache: C:\Users\antho\AppData\Local\Temp\e87fc0e7d2f8a851b5fa3f604e0d0c6e.mpf_cache
2025-10-24 12:09:42,809 : INFO : ConfigProcessor : Loading config from cache: C:\Users\antho\AppData\Local\Temp\196ac76b6cab3a9880804c826cfbcb5c.mpf_cache
2025-10-24 12:09:42,810 : INFO : ConfigProcessor : Loading config from cache: C:\Users\antho\AppData\Local\Temp\834292dd7853e12a66732dc89828c828.mpf_cache
2025-10-24 12:09:42,810 : INFO : ConfigProcessor : Loading config from cache: C:\Users\antho\AppData\Local\Temp\ae2be9c5579852c305357e207df97e8b.mpf_cache
2025-10-24 12:09:42,811 : INFO : ConfigProcessor : Loading config from cache: C:\Users\antho\AppData\Local\Temp\46f8fa3e41dfeeb8232af2f03a13b6c4.mpf_cache
2025-10-24 12:09:42,811 : INFO : ConfigProcessor : Loading config from cache: C:\Users\antho\AppData\Local\Temp\c67e9c175da6c060302945929b27b878.mpf_cache
2025-10-24 12:09:42,812 : INFO : ConfigProcessor : Loading config from cache: C:\Users\antho\AppData\Local\Temp\1c965aadbb61a7e709e8884fad17ac0b.mpf_cache
2025-10-24 12:09:42,812 : INFO : ConfigProcessor : Loading config from cache: C:\Users\antho\AppData\Local\Temp\60ca9d662df3e70e96f6d7ec0f4491aa.mpf_cache
2025-10-24 12:09:42,813 : INFO : Machine : Mission Pinball Framework Core Engine v0.80.0.dev11
2025-10-24 12:09:42,813 : INFO : Machine : Command line arguments: {'no_load_cache': False, 'create_config_cache': True, 'bcp': True, 'configfile': ['config.yaml'], 'force_assets_load': False, 'platform_integration_test': False, 'jsonlogging': False, 'logfile': 'logs\\2025-10-24-12-09-42-mpf-LAPTOP-MPGP6R69.log', 'pause': False, 'production': False, 'text_ui': True, 'loglevel': 15, 'consoleloglevel': 20, 'force_platform': None, 'syslog_address': None, 'full_logfile_path': 'C:\\Users\\antho\\nightpin\\logs\\2025-10-24-12-09-42-mpf-LAPTOP-MPGP6R69.log'}
2025-10-24 12:09:42,813 : INFO : Machine : MPF path: C:\Users\antho\mpf\Lib\site-packages\mpf
2025-10-24 12:09:42,813 : INFO : Machine : Machine path: C:\Users\antho\nightpin
2025-10-24 12:09:42,814 : INFO : Machine : Platform: win32
2025-10-24 12:09:42,814 : INFO : Machine : Python executable location: C:\Users\antho\mpf\Scripts\python.exe
2025-10-24 12:09:42,814 : INFO : Machine : Python version: 3.12.7 (64-bit)
2025-10-24 12:09:42,815 : INFO : Machine : Initializing MPF...
2025-10-24 12:09:43,081 : INFO : lisy : Connecting to com3 at 115200bps
2025-10-24 12:09:43,082 : WARNING : lisy : Could not import terminos (this is ok on windows).
2025-10-24 12:09:43,244 : INFO : EventManager : Event: ======'machine_var_lisy_hardware'====== Args={'value': 'LISY35', 'prev_value': None, 'change': True}
2025-10-24 12:09:43,244 : INFO : EventManager : Event: ======'machine_var_lisy_version'====== Args={'value': '5.26 ', 'prev_value': None, 'change': True}
2025-10-24 12:09:43,244 : INFO : EventManager : Event: ======'machine_var_lisy_api_version'====== Args={'value': b'0.09', 'prev_value': None, 'change': True}
2025-10-24 12:09:44,574 : INFO : EventManager : Event: ======'machine_var_credits_string'====== Args={'value': 'FREE PLAY', 'prev_value': None, 'change': True}
2025-10-24 12:09:44,608 : INFO : EventManager : Event: ======'machine_var_master_volume'====== Args={'value': 0.5, 'prev_value': None, 'change': True}
2025-10-24 12:09:44,608 : INFO : EventManager : Event: ======'machine_var_mpf_version'====== Args={'value': 'Mission Pinball Framework v0.80.0.dev11', 'prev_value': None, 'change': True}
2025-10-24 12:09:44,608 : INFO : EventManager : Event: ======'machine_var_mpf_extended_version'====== Args={'value': 'Mission Pinball Framework v0.80.0.dev11, Config version:6, Show version: 6, BCP version:1.1', 'prev_value': None, 'change': True}
2025-10-24 12:09:44,609 : INFO : EventManager : Event: ======'machine_var_python_version'====== Args={'value': '3.12.7', 'prev_value': None, 'change': True}
2025-10-24 12:09:44,728 : INFO : EventManager : Event: ======'machine_var_platform'====== Args={'value': 'Windows-11-10.0.26100-SP0', 'prev_value': None, 'change': True}
2025-10-24 12:09:44,728 : INFO : EventManager : Event: ======'machine_var_platform_system'====== Args={'value': 'Windows', 'prev_value': None, 'change': True}
2025-10-24 12:09:44,728 : INFO : EventManager : Event: ======'machine_var_platform_release'====== Args={'value': '11', 'prev_value': None, 'change': True}
2025-10-24 12:09:44,728 : INFO : EventManager : Event: ======'machine_var_platform_version'====== Args={'value': '10.0.26100', 'prev_value': None, 'change': True}
2025-10-24 12:09:44,728 : INFO : EventManager : Event: ======'machine_var_platform_machine'====== Args={'value': 'AMD64', 'prev_value': None, 'change': True}
2025-10-24 12:09:44,728 : INFO : EventManager : Event: ======'machine_var_log_file_path'====== Args={'value': 'C:\\Users\\antho\\nightpin\\logs\\2025-10-24-12-09-42-mpf-LAPTOP-MPGP6R69.log', 'prev_value': None, 'change': True}
2025-10-24 12:09:44,728 : INFO : EventManager : Event: ======'init_phase_1'====== Args={}
2025-10-24 12:09:44,761 : INFO : EventManager : Event: ======'drop_target_bank_right_bank_up'====== Args={}
2025-10-24 12:09:44,762 : INFO : EventManager : Event: ======'drop_target_bank_left_bank_up'====== Args={}
2025-10-24 12:09:44,762 : INFO : EventManager : Event: ======'init_phase_2'====== Args={}
2025-10-24 12:09:44,764 : INFO : SwitchController : Found active switch: ('24', <mpf.platforms.lisy.lisy.LisyHardwarePlatform object at 0x00000188617196D0>) <switch.s_saucer>
2025-10-24 12:09:44,769 : INFO : EventManager : Event: ======'bcp_connection_attempt'====== Args={'name': 'local_display', 'host': 'localhost', 'port': 5050}
2025-10-24 12:09:44,771 : INFO : BCPClientSocket : Connecting BCP to 'local_display' at localhost:5050...
2025-10-24 12:09:44,790 : INFO : BCPClientSocket : Connected BCP to 'local_display' localhost:5050
2025-10-24 12:09:44,790 : INFO : EventManager : Event: ======'bcp_clients_connected'====== Args={}
2025-10-24 12:09:44,898 : INFO : ball_device.bd_trough : BCH: Initial count: 0
2025-10-24 12:09:44,899 : INFO : ball_device.bd_trough : State: idle
2025-10-24 12:09:44,899 : INFO : ball_device.bd_saucer : BCH: Initial count: 1
2025-10-24 12:09:44,900 : INFO : ball_device.bd_saucer : State: idle
2025-10-24 12:09:44,927 : INFO : EventManager : Event: ======'init_phase_3'====== Args={}
2025-10-24 12:09:44,966 : INFO : EventManager : Event: ======'init_phase_4'====== Args={}
2025-10-24 12:09:44,966 : INFO : BallController : Initial balls found: 1
2025-10-24 12:09:44,968 : INFO : EventManager : Event: ======'machine_var_audits_events_game_ended'====== Args={'value': 0, 'prev_value': None, 'change': True}
2025-10-24 12:09:44,968 : INFO : EventManager : Event: ======'machine_var_audits_events_game_started'====== Args={'value': 4, 'prev_value': None, 'change': True}
2025-10-24 12:09:44,968 : INFO : EventManager : Event: ======'machine_var_audits_missing_switches_s_coin_right'====== Args={'value': 3, 'prev_value': None, 'change': True}
2025-10-24 12:09:44,968 : INFO : EventManager : Event: ======'machine_var_audits_missing_switches_s_credit_button'====== Args={'value': 3, 'prev_value': None, 'change': True}
2025-10-24 12:09:44,968 : INFO : EventManager : Event: ======'machine_var_audits_missing_switches_s_inlanes'====== Args={'value': 4, 'prev_value': None, 'change': True}
2025-10-24 12:09:44,968 : INFO : EventManager : Event: ======'machine_var_audits_missing_switches_s_left_lower_bumper'====== Args={'value': 1, 'prev_value': None, 'change': True}
2025-10-24 12:09:44,968 : INFO : EventManager : Event: ======'machine_var_audits_missing_switches_s_left_outlane_rollover'====== Args={'value': 4, 'prev_value': None, 'change': True}
2025-10-24 12:09:44,968 : INFO : EventManager : Event: ======'machine_var_audits_missing_switches_s_left_upper_bumper'====== Args={'value': 4, 'prev_value': None, 'change': True}
2025-10-24 12:09:44,969 : INFO : EventManager : Event: ======'machine_var_audits_missing_switches_s_middle_upper_rollovers'====== Args={'value': 1, 'prev_value': None, 'change': True}
2025-10-24 12:09:44,969 : INFO : EventManager : Event: ======'machine_var_audits_missing_switches_s_pop_bumper_bottom'====== Args={'value': 1, 'prev_value': None, 'change': True}
2025-10-24 12:09:44,969 : INFO : EventManager : Event: ======'machine_var_audits_missing_switches_s_pop_bumper_left'====== Args={'value': 4, 'prev_value': None, 'change': True}
2025-10-24 12:09:44,969 : INFO : EventManager : Event: ======'machine_var_audits_missing_switches_s_pop_bumper_right'====== Args={'value': 4, 'prev_value': None, 'change': True}
2025-10-24 12:09:44,969 : INFO : EventManager : Event: ======'machine_var_audits_missing_switches_s_right_bank_target_left'====== Args={'value': 1, 'prev_value': None, 'change': True}
2025-10-24 12:09:44,969 : INFO : EventManager : Event: ======'machine_var_audits_missing_switches_s_right_bank_target_middle'====== Args={'value': 3, 'prev_value': None, 'change': True}
2025-10-24 12:09:44,969 : INFO : EventManager : Event: ======'machine_var_audits_missing_switches_s_right_bank_target_right'====== Args={'value': 1, 'prev_value': None, 'change': True}
2025-10-24 12:09:44,969 : INFO : EventManager : Event: ======'machine_var_audits_missing_switches_s_right_outlane_rollover'====== Args={'value': 4, 'prev_value': None, 'change': True}
2025-10-24 12:09:44,969 : INFO : EventManager : Event: ======'machine_var_audits_missing_switches_s_right_sling'====== Args={'value': 1, 'prev_value': None, 'change': True}
2025-10-24 12:09:44,969 : INFO : EventManager : Event: ======'machine_var_audits_missing_switches_s_slam_tilt'====== Args={'value': 3, 'prev_value': None, 'change': True}
2025-10-24 12:09:44,969 : INFO : EventManager : Event: ======'machine_var_audits_missing_switches_s_stand_up'====== Args={'value': 3, 'prev_value': None, 'change': True}
2025-10-24 12:09:44,970 : INFO : EventManager : Event: ======'machine_var_audits_missing_switches_s_start_button'====== Args={'value': 4, 'prev_value': None, 'change': True}
2025-10-24 12:09:44,970 : INFO : EventManager : Event: ======'machine_var_audits_missing_switches_s_tilt'====== Args={'value': 4, 'prev_value': None, 'change': True}
2025-10-24 12:09:44,970 : INFO : EventManager : Event: ======'machine_var_audits_missing_switches_s_trough'====== Args={'value': 1, 'prev_value': None, 'change': True}
2025-10-24 12:09:44,970 : INFO : EventManager : Event: ======'machine_var_audits_player_score'====== Args={'value': {'average': 0, 'top': [], 'total': 0}, 'prev_value': None, 'change': True}
2025-10-24 12:09:44,970 : INFO : EventManager : Event: ======'machine_var_audits_switches_s_coin_right'====== Args={'value': 1, 'prev_value': None, 'change': True}
2025-10-24 12:09:44,970 : INFO : EventManager : Event: ======'machine_var_audits_switches_s_credit_button'====== Args={'value': 2, 'prev_value': None, 'change': True}
2025-10-24 12:09:44,970 : INFO : EventManager : Event: ======'machine_var_audits_switches_s_inlanes'====== Args={'value': 0, 'prev_value': None, 'change': True}
2025-10-24 12:09:44,970 : INFO : EventManager : Event: ======'machine_var_audits_switches_s_left_bank_target_left'====== Args={'value': 8, 'prev_value': None, 'change': True}
2025-10-24 12:09:44,970 : INFO : EventManager : Event: ======'machine_var_audits_switches_s_left_bank_target_middle'====== Args={'value': 7, 'prev_value': None, 'change': True}
2025-10-24 12:09:44,970 : INFO : EventManager : Event: ======'machine_var_audits_switches_s_left_bank_target_right'====== Args={'value': 7, 'prev_value': None, 'change': True}
2025-10-24 12:09:44,970 : INFO : EventManager : Event: ======'machine_var_audits_switches_s_left_lower_bumper'====== Args={'value': 1, 'prev_value': None, 'change': True}
2025-10-24 12:09:44,970 : INFO : EventManager : Event: ======'machine_var_audits_switches_s_left_outlane_rollover'====== Args={'value': 0, 'prev_value': None, 'change': True}
2025-10-24 12:09:44,970 : INFO : EventManager : Event: ======'machine_var_audits_switches_s_left_sling'====== Args={'value': 2, 'prev_value': None, 'change': True}
2025-10-24 12:09:44,970 : INFO : EventManager : Event: ======'machine_var_audits_switches_s_left_upper_bumper'====== Args={'value': 0, 'prev_value': None, 'change': True}
2025-10-24 12:09:44,970 : INFO : EventManager : Event: ======'machine_var_audits_switches_s_middle_skill_lane'====== Args={'value': 4, 'prev_value': None, 'change': True}
2025-10-24 12:09:44,970 : INFO : EventManager : Event: ======'machine_var_audits_switches_s_middle_upper_rollovers'====== Args={'value': 2, 'prev_value': None, 'change': True}
2025-10-24 12:09:44,970 : INFO : EventManager : Event: ======'machine_var_audits_switches_s_outer_skill_lanes'====== Args={'value': 1, 'prev_value': None, 'change': True}
2025-10-24 12:09:44,970 : INFO : EventManager : Event: ======'machine_var_audits_switches_s_pop_bumper_bottom'====== Args={'value': 2, 'prev_value': None, 'change': True}
2025-10-24 12:09:44,970 : INFO : EventManager : Event: ======'machine_var_audits_switches_s_pop_bumper_left'====== Args={'value': 0, 'prev_value': None, 'change': True}
2025-10-24 12:09:44,970 : INFO : EventManager : Event: ======'machine_var_audits_switches_s_pop_bumper_right'====== Args={'value': 0, 'prev_value': None, 'change': True}
2025-10-24 12:09:44,972 : INFO : EventManager : Event: ======'machine_var_audits_switches_s_right_bank_target_left'====== Args={'value': 4, 'prev_value': None, 'change': True}
2025-10-24 12:09:44,972 : INFO : EventManager : Event: ======'machine_var_audits_switches_s_right_bank_target_middle'====== Args={'value': 2, 'prev_value': None, 'change': True}
2025-10-24 12:09:44,972 : INFO : EventManager : Event: ======'machine_var_audits_switches_s_right_bank_target_right'====== Args={'value': 5, 'prev_value': None, 'change': True}
2025-10-24 12:09:44,972 : INFO : EventManager : Event: ======'machine_var_audits_switches_s_right_outlane_rollover'====== Args={'value': 0, 'prev_value': None, 'change': True}
2025-10-24 12:09:44,972 : INFO : EventManager : Event: ======'machine_var_audits_switches_s_right_sling'====== Args={'value': 2, 'prev_value': None, 'change': True}
2025-10-24 12:09:44,972 : INFO : EventManager : Event: ======'machine_var_audits_switches_s_saucer'====== Args={'value': 1, 'prev_value': None, 'change': True}
2025-10-24 12:09:44,972 : INFO : EventManager : Event: ======'machine_var_audits_switches_s_slam_tilt'====== Args={'value': 1, 'prev_value': None, 'change': True}
2025-10-24 12:09:44,972 : INFO : EventManager : Event: ======'machine_var_audits_switches_s_spinner'====== Args={'value': 24, 'prev_value': None, 'change': True}
2025-10-24 12:09:44,972 : INFO : EventManager : Event: ======'machine_var_audits_switches_s_stand_up'====== Args={'value': 1, 'prev_value': None, 'change': True}
2025-10-24 12:09:44,972 : INFO : EventManager : Event: ======'machine_var_audits_switches_s_start_button'====== Args={'value': 0, 'prev_value': None, 'change': True}
2025-10-24 12:09:44,972 : INFO : EventManager : Event: ======'machine_var_audits_switches_s_tilt'====== Args={'value': 0, 'prev_value': None, 'change': True}
2025-10-24 12:09:44,972 : INFO : EventManager : Event: ======'machine_var_audits_switches_s_trough'====== Args={'value': 11, 'prev_value': None, 'change': True}
2025-10-24 12:09:44,973 : INFO : EventManager : Event: ======'init_phase_5'====== Args={}
2025-10-24 12:09:44,983 : INFO : EventManager : Event: ======'init_done'====== Args={}
2025-10-24 12:09:44,984 : INFO : EventManager : Event: ======'machine_reset_phase_1'====== Args={}
2025-10-24 12:09:44,985 : INFO : SwitchController : <<<<<<< 's_saucer' inactive >>>>>>>
2025-10-24 12:09:44,993 : INFO : EventManager : Event: ======'machine_reset_phase_2'====== Args={}
2025-10-24 12:09:44,994 : INFO : EventManager : Event: ======'machine_reset_phase_3'====== Args={}
2025-10-24 12:09:44,994 : INFO : EventManager : Event: ======'mode_attract_will_start'====== Args={'queue': <QueuedEvent>}
2025-10-24 12:09:44,995 : INFO : EventManager : Event: ======'mode_attract_starting'====== Args={'queue': <QueuedEvent>}
2025-10-24 12:09:44,995 : INFO : Mode.attract : Started. Priority: 10
2025-10-24 12:09:44,995 : INFO : EventManager : Event: ======'modes_active_modes_changed'====== Args={}
2025-10-24 12:09:44,995 : INFO : EventManager : Event: ======'mode_attract_started'====== Args={'queue': <QueuedEvent>}
2025-10-24 12:09:44,996 : INFO : EventManager : Event: ======'collecting_balls_complete'====== Args={}
2025-10-24 12:09:44,996 : INFO : EventManager : Event: ======'reset_complete'====== Args={}
2025-10-24 12:09:45,011 : INFO : Machine : Starting the main run loop with active modes: [<Mode.attract>]
2025-10-24 12:09:45,022 : INFO : EventManager : Event: ======'slide_attract_created'====== Args={'_from_bcp': True}
2025-10-24 12:09:45,022 : INFO : EventManager : Event: ======'slide__removed'====== Args={'_from_bcp': True}
2025-10-24 12:09:45,022 : INFO : EventManager : Event: ======'slide_attract_active'====== Args={'original_context': 'attract', 'original_calling_context': 'mode_attract_started', 'priority': 10.0, 'queue': '<QueuedEvent>', 'cmd': 'slides_play', '_from_bcp': True}
2025-10-24 12:09:50,192 : INFO : SwitchController : <<<<<<< 's_trough' active >>>>>>>
2025-10-24 12:09:50,197 : INFO : SwitchController : <<<<<<< 's_trough' inactive >>>>>>>
2025-10-24 12:09:50,207 : INFO : SwitchController : <<<<<<< 's_trough' active >>>>>>>
2025-10-24 12:09:50,487 : INFO : EventManager : Event: ======'balldevice_bd_saucer_ball_count_changed'====== Args={'balls': 0}
2025-10-24 12:09:50,487 : WARNING : ball_device.bd_saucer : Ball disappeared while idle. This should not normally happen.
2025-10-24 12:09:50,487 : INFO : EventManager : Event: ======'balldevice_playfield_ball_enter'====== Args={'new_balls': 1, 'unclaimed_balls': 1, 'device': <playfield.playfield>}
2025-10-24 12:09:50,487 : INFO : EventManager : Event: ======'playfield_ball_count_change'====== Args={'balls': 1, 'change': 1}
2025-10-24 12:09:50,487 : INFO : ball_device.bd_saucer : 1 ball(s) missing from device. Mechanical eject? False
2025-10-24 12:09:50,487 : INFO : EventManager : Event: ======'balldevice_bd_saucer_ball_missing'====== Args={'balls': 1}
2025-10-24 12:09:50,488 : INFO : EventManager : Event: ======'balldevice_ball_missing'====== Args={'balls': 1, 'name': 'bd_saucer'}
2025-10-24 12:09:50,705 : INFO : EventManager : Event: ======'balldevice_bd_trough_ball_count_changed'====== Args={'balls': 1}
2025-10-24 12:09:50,705 : INFO : ball_device.bd_trough : Received unexpected ball
2025-10-24 12:09:50,705 : INFO : EventManager : Event: ======'balldevice_captured_from_playfield'====== Args={'balls': 1}
2025-10-24 12:09:50,706 : INFO : EventManager : Event: ======'sw_playfield_active'====== Args={'balls': 1}
2025-10-24 12:09:50,706 : INFO : EventManager : Event: ======'playfield_ball_count_change'====== Args={'balls': 0, 'change': -1}
2025-10-24 12:09:50,707 : INFO : EventManager : Event: ======'balldevice_bd_trough_ball_enter'====== Args={'new_balls': 1, 'unclaimed_balls': 1, 'new_available_balls': 1, 'device': <ball_device.bd_trough>}
2025-10-24 12:09:50,707 : INFO : EventManager : Event: ======'ball_drain'====== Args={'device': <ball_device.bd_trough>, 'balls': 1}
2025-10-24 12:09:50,708 : INFO : EventManager : Event: ======'balldevice_balls_available'====== Args={}
2025-10-24 12:09:50,708 : INFO : EventManager : Event: ======'balldevice_bd_trough_ball_entered'====== Args={'new_balls': 1, 'device': <ball_device.bd_trough>}
2025-10-24 12:09:54,198 : INFO : SwitchController : <<<<<<< 's_left_bank_target_left' active >>>>>>>
2025-10-24 12:09:54,198 : INFO : EventManager : Event: ======'playfield_active'====== Args={'source': 's_left_bank_target_left'}
2025-10-24 12:09:54,198 : INFO : EventManager : Event: ======'unexpected_ball_on_playfield'====== Args={}
2025-10-24 12:09:54,198 : INFO : EventManager : Event: ======'drop_target_s_left_bank_target_left_down'====== Args={'device': <drop_target.s_left_bank_target_left>}
2025-10-24 12:09:54,198 : INFO : EventManager : Event: ======'drop_target_bank_left_bank_mixed'====== Args={'prev_value': <DropTargetBankState.UP: 'up'>, 'down': 1}
2025-10-24 12:09:54,214 : INFO : SwitchController : <<<<<<< 's_left_bank_target_left' inactive >>>>>>>
2025-10-24 12:09:54,214 : INFO : EventManager : Event: ======'playfield_active'====== Args={'source': 's_left_bank_target_left'}
2025-10-24 12:09:54,214 : INFO : EventManager : Event: ======'unexpected_ball_on_playfield'====== Args={}
2025-10-24 12:09:54,214 : INFO : EventManager : Event: ======'drop_target_s_left_bank_target_left_up'====== Args={'device': <drop_target.s_left_bank_target_left>}
2025-10-24 12:09:54,214 : INFO : EventManager : Event: ======'drop_target_bank_left_bank_up'====== Args={}
2025-10-24 12:09:54,230 : INFO : SwitchController : <<<<<<< 's_left_bank_target_left' active >>>>>>>
2025-10-24 12:09:54,230 : INFO : EventManager : Event: ======'playfield_active'====== Args={'source': 's_left_bank_target_left'}
2025-10-24 12:09:54,230 : INFO : EventManager : Event: ======'unexpected_ball_on_playfield'====== Args={}
2025-10-24 12:09:54,230 : INFO : EventManager : Event: ======'drop_target_s_left_bank_target_left_down'====== Args={'device': <drop_target.s_left_bank_target_left>}
2025-10-24 12:09:54,230 : INFO : EventManager : Event: ======'drop_target_bank_left_bank_mixed'====== Args={'prev_value': <DropTargetBankState.UP: 'up'>, 'down': 1}
2025-10-24 12:09:54,292 : INFO : SwitchController : <<<<<<< 's_left_bank_target_right' active >>>>>>>
2025-10-24 12:09:54,292 : INFO : EventManager : Event: ======'playfield_active'====== Args={'source': 's_left_bank_target_right'}
2025-10-24 12:09:54,292 : INFO : EventManager : Event: ======'unexpected_ball_on_playfield'====== Args={}
2025-10-24 12:09:54,292 : INFO : EventManager : Event: ======'drop_target_s_left_bank_target_right_down'====== Args={'device': <drop_target.s_left_bank_target_right>}
2025-10-24 12:09:54,292 : INFO : EventManager : Event: ======'drop_target_bank_left_bank_mixed'====== Args={'prev_value': <DropTargetBankState.MIXED: 'mixed'>, 'down': 2}
2025-10-24 12:09:54,339 : INFO : SwitchController : <<<<<<< 's_left_bank_target_middle' active >>>>>>>
2025-10-24 12:09:54,339 : INFO : EventManager : Event: ======'playfield_active'====== Args={'source': 's_left_bank_target_middle'}
2025-10-24 12:09:54,339 : INFO : EventManager : Event: ======'unexpected_ball_on_playfield'====== Args={}
2025-10-24 12:09:54,339 : INFO : EventManager : Event: ======'drop_target_s_left_bank_target_middle_down'====== Args={'device': <drop_target.s_left_bank_target_middle>}
2025-10-24 12:09:54,339 : INFO : EventManager : Event: ======'drop_target_bank_left_bank_down'====== Args={}
2025-10-24 12:09:54,340 : INFO : drop_target_bank.left_bank : 3 targets are down. Will reset those.
2025-10-24 12:09:54,340 : INFO : coil.c_drop_target_left : Pulsing Driver for 50ms (1.0 pulse_power)
2025-10-24 12:09:54,402 : INFO : SwitchController : <<<<<<< 's_left_bank_target_middle' inactive (muted) >>>>>>>
2025-10-24 12:09:54,434 : INFO : SwitchController : <<<<<<< 's_left_bank_target_left' inactive (muted) >>>>>>>
2025-10-24 12:09:54,449 : INFO : SwitchController : <<<<<<< 's_left_bank_target_right' inactive (muted) >>>>>>>
2025-10-24 12:09:54,840 : INFO : EventManager : Event: ======'drop_target_s_left_bank_target_left_up'====== Args={'device': <drop_target.s_left_bank_target_left>}
2025-10-24 12:09:54,840 : INFO : EventManager : Event: ======'drop_target_s_left_bank_target_middle_up'====== Args={'device': <drop_target.s_left_bank_target_middle>}
2025-10-24 12:09:54,840 : INFO : EventManager : Event: ======'drop_target_s_left_bank_target_right_up'====== Args={'device': <drop_target.s_left_bank_target_right>}
2025-10-24 12:09:54,840 : INFO : EventManager : Event: ======'drop_target_bank_left_bank_up'====== Args={}
2025-10-24 12:09:55,290 : INFO : SwitchController : <<<<<<< 's_left_bank_target_left' active >>>>>>>
2025-10-24 12:09:55,290 : INFO : EventManager : Event: ======'playfield_active'====== Args={'source': 's_left_bank_target_left'}
2025-10-24 12:09:55,290 : INFO : EventManager : Event: ======'unexpected_ball_on_playfield'====== Args={}
2025-10-24 12:09:55,290 : INFO : EventManager : Event: ======'drop_target_s_left_bank_target_left_down'====== Args={'device': <drop_target.s_left_bank_target_left>}
2025-10-24 12:09:55,290 : INFO : EventManager : Event: ======'drop_target_bank_left_bank_mixed'====== Args={'prev_value': <DropTargetBankState.UP: 'up'>, 'down': 1}
2025-10-24 12:09:55,793 : INFO : SwitchController : <<<<<<< 's_left_bank_target_middle' active >>>>>>>
2025-10-24 12:09:55,793 : INFO : EventManager : Event: ======'playfield_active'====== Args={'source': 's_left_bank_target_middle'}
2025-10-24 12:09:55,793 : INFO : EventManager : Event: ======'unexpected_ball_on_playfield'====== Args={}
2025-10-24 12:09:55,793 : INFO : EventManager : Event: ======'drop_target_s_left_bank_target_middle_down'====== Args={'device': <drop_target.s_left_bank_target_middle>}
2025-10-24 12:09:55,793 : INFO : EventManager : Event: ======'drop_target_bank_left_bank_mixed'====== Args={'prev_value': <DropTargetBankState.MIXED: 'mixed'>, 'down': 2}
2025-10-24 12:09:58,193 : INFO : SwitchController : <<<<<<< 's_start_button' active >>>>>>>
2025-10-24 12:09:58,430 : INFO : SwitchController : <<<<<<< 's_start_button' inactive >>>>>>>
2025-10-24 12:09:58,430 : INFO : EventManager : Event: ======'request_to_start_game'====== Args={}
2025-10-24 12:09:58,431 : INFO : EventManager : Event: ======'game_start'====== Args={'buttons': [], 'hold_time': 0.23499999998603016}
2025-10-24 12:09:58,431 : INFO : EventManager : Event: ======'mode_game_will_start'====== Args={'buttons': [], 'hold_time': 0.23499999998603016}
2025-10-24 12:09:58,431 : INFO : EventManager : Event: ======'mode_game_starting'====== Args={'buttons': [], 'hold_time': 0.23499999998603016}
2025-10-24 12:09:58,432 : INFO : Mode.game : Started. Priority: 20
2025-10-24 12:09:58,432 : INFO : EventManager : Event: ======'modes_active_modes_changed'====== Args={}
2025-10-24 12:09:58,432 : INFO : EventManager : Event: ======'mode_game_started'====== Args={'buttons': [], 'hold_time': 0.23499999998603016}
2025-10-24 12:09:58,446 : INFO : EventManager : Event: ======'game_will_start'====== Args={}
2025-10-24 12:09:58,447 : INFO : EventManager : Event: ======'game_starting'====== Args={'game': <Mode.game>}
2025-10-24 12:09:58,447 : INFO : EventManager : Unordered handler for class <Auditor> on event game_ended with priority 1. Handlers: [RegisteredHandler(callback=<bound method Auditor.disable of <Auditor>>, priority=1, kwargs={}, key=UUID('c43ef243-d495-4e2d-9830-6dc805d6f4f9'), condition=None, blocking_facility=None), RegisteredHandler(callback=<bound method Auditor._save_audits of <Auditor>>, priority=1, kwargs={}, key=UUID('6fc8afcd-c34d-43ed-b1cb-5eadffb0c932'), condition=None, blocking_facility=None)]. The order of those handlers is not defined and they will be executed in random order. This might lead to race conditions and potential bugs.
2025-10-24 12:09:58,448 : INFO : EventManager : Event: ======'player_add_request'====== Args={}
2025-10-24 12:09:58,448 : INFO : EventManager : Event: ======'player_will_add'====== Args={'number': 1}
2025-10-24 12:09:58,448 : INFO : EventManager : Event: ======'player_adding'====== Args={'player': <Player 1>, 'number': 1}
2025-10-24 12:09:58,448 : INFO : EventManager : Event: ======'player_added'====== Args={'player': <Player 1>, 'num': 1}
2025-10-24 12:09:58,448 : INFO : Mode.game : Player added successfully. Total players: 1
2025-10-24 12:09:58,448 : INFO : EventManager : Event: ======'player_index'====== Args={'value': 0, 'prev_value': 0, 'change': 0, 'player_num': 1}
2025-10-24 12:09:58,449 : INFO : EventManager : Event: ======'player_number'====== Args={'value': 1, 'prev_value': 1, 'change': 0, 'player_num': 1}
2025-10-24 12:09:58,449 : INFO : EventManager : Event: ======'player_score'====== Args={'value': 0, 'prev_value': 0, 'change': 0, 'player_num': 1}
2025-10-24 12:09:58,450 : INFO : EventManager : Event: ======'game_started'====== Args={}
2025-10-24 12:09:58,450 : INFO : EventManager : Event: ======'mode_attract_will_stop'====== Args={}
2025-10-24 12:09:58,450 : INFO : EventManager : Event: ======'mode_attract_stopping'====== Args={}
2025-10-24 12:09:58,450 : INFO : Mode.attract : Stopped.
2025-10-24 12:09:58,450 : INFO : EventManager : Event: ======'modes_active_modes_changed'====== Args={}
2025-10-24 12:09:58,450 : INFO : EventManager : Event: ======'mode_attract_stopped'====== Args={}
2025-10-24 12:09:58,450 : INFO : EventManager : Event: ======'clear'====== Args={'key': 'attract'}
2025-10-24 12:09:58,470 : INFO : EventManager : Event: ======'player_turn_will_start'====== Args={'player': <Player 1>, 'number': 1}
2025-10-24 12:09:58,470 : INFO : EventManager : Event: ======'player_turn_starting'====== Args={'player': <Player 1>, 'number': 1}
2025-10-24 12:09:58,471 : INFO : EventManager : Event: ======'player_ball'====== Args={'value': 1, 'prev_value': 0, 'change': 1, 'player_num': 1}
2025-10-24 12:09:58,471 : INFO : EventManager : Event: ======'player_turn_started'====== Args={'player': <Player 1>, 'number': 1}
2025-10-24 12:09:58,472 : INFO : EventManager : Event: ======'ball_will_start'====== Args={'player': 1, 'ball': 1, 'balls_remaining': 2, 'is_extra_ball': False}
2025-10-24 12:09:58,477 : INFO : EventManager : Event: ======'ball_starting'====== Args={'player': 1, 'ball': 1, 'balls_remaining': 2, 'is_extra_ball': False}
2025-10-24 12:09:58,478 : INFO : drop_target_bank.right_bank : All targets are already up. Will not reset bank.
2025-10-24 12:09:58,478 : INFO : drop_target_bank.left_bank : 2 targets are down. Will reset those.
2025-10-24 12:09:58,478 : INFO : coil.c_drop_target_left : Pulsing Driver for 50ms (1.0 pulse_power)
2025-10-24 12:09:58,478 : INFO : EventManager : Event: ======'balls_in_play'====== Args={'balls': 1}
2025-10-24 12:09:58,479 : INFO : EventManager : Event: ======'ball_started'====== Args={'player': 1, 'ball': 1, 'balls_remaining': 2, 'is_extra_ball': False}
2025-10-24 12:09:58,479 : INFO : EventManager : Event: ======'mode_base_will_start'====== Args={'player': 1, 'ball': 1, 'balls_remaining': 2, 'is_extra_ball': False}
2025-10-24 12:09:58,479 : INFO : EventManager : Unordered handler for class <Auditor> on event game_ended with priority 1. Handlers: [RegisteredHandler(callback=<bound method Auditor.disable of <Auditor>>, priority=1, kwargs={}, key=UUID('c43ef243-d495-4e2d-9830-6dc805d6f4f9'), condition=None, blocking_facility=None), RegisteredHandler(callback=<bound method Auditor._save_audits of <Auditor>>, priority=1, kwargs={}, key=UUID('6fc8afcd-c34d-43ed-b1cb-5eadffb0c932'), condition=None, blocking_facility=None)]. The order of those handlers is not defined and they will be executed in random order. This might lead to race conditions and potential bugs.
2025-10-24 12:09:58,483 : INFO : EventManager : Unordered handler for class <Auditor> on event game_ended with priority 1. Handlers: [RegisteredHandler(callback=<bound method Auditor.disable of <Auditor>>, priority=1, kwargs={}, key=UUID('c43ef243-d495-4e2d-9830-6dc805d6f4f9'), condition=None, blocking_facility=None), RegisteredHandler(callback=<bound method Auditor._save_audits of <Auditor>>, priority=1, kwargs={}, key=UUID('6fc8afcd-c34d-43ed-b1cb-5eadffb0c932'), condition=None, blocking_facility=None)]. The order of those handlers is not defined and they will be executed in random order. This might lead to race conditions and potential bugs.
2025-10-24 12:09:58,483 : INFO : EventManager : Event: ======'mode_base_starting'====== Args={'player': 1, 'ball': 1, 'balls_remaining': 2, 'is_extra_ball': False}
2025-10-24 12:09:58,483 : INFO : EventManager : Event: ======'ball_save_default_ball_save_timer_start'====== Args={}
2025-10-24 12:09:58,483 : INFO : EventManager : Event: ======'ball_save_default_ball_save_enabled'====== Args={}
2025-10-24 12:09:58,483 : INFO : EventManager : Event: ======'logicblock_first_ball_check_updated'====== Args={'value': 0, 'enabled': True}
2025-10-24 12:09:58,483 : INFO : EventManager : Event: ======'logicblock_first_ball_check_updated'====== Args={'value': 0, 'enabled': True}
2025-10-24 12:09:58,484 : INFO : Mode.base : Started. Priority: 50
2025-10-24 12:09:58,484 : INFO : EventManager : Event: ======'modes_active_modes_changed'====== Args={}
2025-10-24 12:09:58,484 : INFO : EventManager : Event: ======'mode_base_started'====== Args={'player': 1, 'ball': 1, 'balls_remaining': 2, 'is_extra_ball': False}
2025-10-24 12:09:58,484 : INFO : EventManager : Event: ======'single_player_ball_started'====== Args={}
2025-10-24 12:09:58,484 : INFO : EventManager : Event: ======'check_base_music'====== Args={'priority': 0}
2025-10-24 12:09:58,485 : INFO : EventManager : Event: ======'ball_start_target'====== Args={'target': 'playfield'}
2025-10-24 12:09:58,496 : INFO : ball_device.bd_trough : Setting up player-controlled eject. Balls: 1, Target: <playfield.playfield>, player_controlled_eject_event: None
2025-10-24 12:09:58,496 : INFO : ball_device.bd_trough : Adding 1 ball(s) to the eject_queue with target <playfield.playfield>.
2025-10-24 12:09:58,496 : INFO : EventManager : Event: ======'balldevice_balls_available'====== Args={}
2025-10-24 12:09:58,497 : INFO : ball_device.bd_trough : State: waiting_for_target_ready
2025-10-24 12:09:58,497 : INFO : EventManager : Event: ======'balldevice_bd_trough_ball_eject_attempt'====== Args={'balls': 1, 'target': <playfield.playfield>, 'source': <ball_device.bd_trough>, 'mechanical_eject': False, 'num_attempts': 0}
2025-10-24 12:09:58,497 : INFO : ball_device.bd_trough : State: ejecting
2025-10-24 12:09:58,498 : INFO : ball_device.bd_trough : Ejecting ball to <playfield.playfield>
2025-10-24 12:09:58,498 : INFO : EventManager : Event: ======'balldevice_bd_trough_ejecting_ball'====== Args={'balls': 1, 'target': <playfield.playfield>, 'source': <ball_device.bd_trough>, 'mechanical_eject': False, 'num_attempts': 0}
2025-10-24 12:09:58,498 : INFO : ball_device.bd_trough : Wait for ball to leave device
2025-10-24 12:09:58,523 : INFO : coil.c_trough_eject : Pulsing Driver for 50ms (1.0 pulse_power)
2025-10-24 12:09:58,538 : INFO : SwitchController : <<<<<<< 's_left_bank_target_middle' inactive (muted) >>>>>>>
2025-10-24 12:09:58,602 : INFO : SwitchController : <<<<<<< 's_left_bank_target_left' inactive (muted) >>>>>>>
2025-10-24 12:09:58,617 : INFO : SwitchController : <<<<<<< 's_trough' inactive >>>>>>>
2025-10-24 12:09:58,623 : INFO : ball_device.bd_trough : State: ball_left
2025-10-24 12:09:58,623 : INFO : ball_device.bd_trough : Ball left
2025-10-24 12:09:58,623 : INFO : ball_device.bd_trough : Wait for confirm with timeout 10.0
2025-10-24 12:09:58,974 : INFO : EventManager : Event: ======'drop_target_s_left_bank_target_left_up'====== Args={'device': <drop_target.s_left_bank_target_left>}
2025-10-24 12:09:58,974 : INFO : EventManager : Event: ======'drop_target_s_left_bank_target_middle_up'====== Args={'device': <drop_target.s_left_bank_target_middle>}
2025-10-24 12:09:58,974 : INFO : EventManager : Event: ======'drop_target_bank_left_bank_up'====== Args={}
2025-10-24 12:10:05,929 : INFO : SwitchController : <<<<<<< 's_right_bank_target_middle' active >>>>>>>
2025-10-24 12:10:05,929 : INFO : EventManager : Event: ======'s_right_bank_target_middle_active'====== Args={}
2025-10-24 12:10:05,929 : INFO : EventManager : Event: ======'playfield_active'====== Args={'source': 's_right_bank_target_middle'}
2025-10-24 12:10:05,929 : INFO : EventManager : Event: ======'drop_target_s_right_bank_target_middle_down'====== Args={'device': <drop_target.s_right_bank_target_middle>}
2025-10-24 12:10:05,930 : INFO : EventManager : Event: ======'drop_target_bank_right_bank_mixed'====== Args={'prev_value': <DropTargetBankState.UP: 'up'>, 'down': 1}
2025-10-24 12:10:05,930 : INFO : EventManager : Event: ======'machine_var_audits_switches_s_right_bank_target_middle'====== Args={'value': 3, 'prev_value': 2, 'change': 1}
2025-10-24 12:10:05,931 : INFO : EventManager : Event: ======'player_score'====== Args={'value': 100, 'prev_value': 0, 'change': 100, 'player_num': 1, 'source': 'base'}
2025-10-24 12:10:05,941 : INFO : SwitchController : <<<<<<< 's_right_bank_target_left' active >>>>>>>
2025-10-24 12:10:05,941 : INFO : EventManager : Event: ======'s_right_bank_target_left_active'====== Args={}
2025-10-24 12:10:05,941 : INFO : EventManager : Event: ======'playfield_active'====== Args={'source': 's_right_bank_target_left'}
2025-10-24 12:10:05,941 : INFO : EventManager : Event: ======'drop_target_s_right_bank_target_left_down'====== Args={'device': <drop_target.s_right_bank_target_left>}
2025-10-24 12:10:05,941 : INFO : EventManager : Event: ======'drop_target_bank_right_bank_mixed'====== Args={'prev_value': <DropTargetBankState.MIXED: 'mixed'>, 'down': 2}
2025-10-24 12:10:05,942 : INFO : EventManager : Event: ======'machine_var_audits_switches_s_right_bank_target_left'====== Args={'value': 5, 'prev_value': 4, 'change': 1}
2025-10-24 12:10:05,942 : INFO : ball_device.bd_trough : Got eject confirm
2025-10-24 12:10:05,942 : INFO : ball_device.bd_trough : Eject successful
2025-10-24 12:10:05,942 : INFO : EventManager : Event: ======'balldevice_bd_trough_ball_eject_success'====== Args={'balls': 1, 'target': <playfield.playfield>}
2025-10-24 12:10:05,943 : INFO : EventManager : Event: ======'player_score'====== Args={'value': 200, 'prev_value': 100, 'change': 100, 'player_num': 1, 'source': 'base'}
2025-10-24 12:10:05,943 : INFO : EventManager : Event: ======'balldevice_playfield_ball_enter'====== Args={'new_balls': 1, 'unclaimed_balls': 1, 'device': <playfield.playfield>}
2025-10-24 12:10:05,943 : INFO : EventManager : Event: ======'playfield_ball_count_change'====== Args={'balls': 1, 'change': 1}
2025-10-24 12:10:05,949 : INFO : EventManager : Event: ======'balldevice_bd_trough_ball_count_changed'====== Args={'balls': 0}
2025-10-24 12:10:05,949 : INFO : ball_device.bd_trough : State: idle
2025-10-24 12:10:06,521 : INFO : SwitchController : <<<<<<< 's_pop_bumper_left' active >>>>>>>
2025-10-24 12:10:06,521 : INFO : EventManager : Event: ======'s_pop_bumper_left_active'====== Args={}
2025-10-24 12:10:06,521 : INFO : EventManager : Event: ======'machine_var_audits_switches_s_pop_bumper_left'====== Args={'value': 1, 'prev_value': 0, 'change': 1}
2025-10-24 12:10:06,522 : INFO : EventManager : Event: ======'player_score'====== Args={'value': 300, 'prev_value': 200, 'change': 100, 'player_num': 1, 'source': 'base'}
2025-10-24 12:10:06,584 : INFO : SwitchController : <<<<<<< 's_pop_bumper_left' inactive >>>>>>>
2025-10-24 12:10:06,725 : INFO : SwitchController : <<<<<<< 's_pop_bumper_bottom' active >>>>>>>
2025-10-24 12:10:06,725 : INFO : EventManager : Event: ======'s_pop_bumper_bottom_active'====== Args={}
2025-10-24 12:10:06,725 : INFO : EventManager : Event: ======'machine_var_audits_switches_s_pop_bumper_bottom'====== Args={'value': 3, 'prev_value': 2, 'change': 1}
2025-10-24 12:10:06,726 : INFO : EventManager : Event: ======'player_score'====== Args={'value': 400, 'prev_value': 300, 'change': 100, 'player_num': 1, 'source': 'base'}
2025-10-24 12:10:06,732 : INFO : SwitchController : <<<<<<< 's_pop_bumper_bottom' inactive >>>>>>>
2025-10-24 12:10:08,315 : INFO : SwitchController : <<<<<<< 's_right_bank_target_right' active >>>>>>>
2025-10-24 12:10:08,315 : INFO : EventManager : Event: ======'s_right_bank_target_right_active'====== Args={}
2025-10-24 12:10:08,315 : INFO : EventManager : Event: ======'drop_target_s_right_bank_target_right_down'====== Args={'device': <drop_target.s_right_bank_target_right>}
2025-10-24 12:10:08,315 : INFO : EventManager : Event: ======'drop_target_bank_right_bank_down'====== Args={}
2025-10-24 12:10:08,315 : INFO : EventManager : Event: ======'machine_var_audits_switches_s_right_bank_target_right'====== Args={'value': 6, 'prev_value': 5, 'change': 1}
2025-10-24 12:10:08,316 : INFO : EventManager : Event: ======'player_score'====== Args={'value': 500, 'prev_value': 400, 'change': 100, 'player_num': 1, 'source': 'base'}
2025-10-24 12:10:08,319 : INFO : drop_target_bank.right_bank : 3 targets are down. Will reset those.
2025-10-24 12:10:08,319 : INFO : coil.c_drop_target_right : Pulsing Driver for 50ms (1.0 pulse_power)
2025-10-24 12:10:08,393 : INFO : SwitchController : <<<<<<< 's_right_bank_target_right' inactive (muted) >>>>>>>
2025-10-24 12:10:08,399 : INFO : SwitchController : <<<<<<< 's_right_bank_target_middle' inactive (muted) >>>>>>>
2025-10-24 12:10:08,424 : INFO : SwitchController : <<<<<<< 's_right_bank_target_left' inactive (muted) >>>>>>>
2025-10-24 12:10:08,456 : INFO : SwitchController : <<<<<<< 's_pop_bumper_right' active >>>>>>>
2025-10-24 12:10:08,456 : INFO : EventManager : Event: ======'s_pop_bumper_right_active'====== Args={}
2025-10-24 12:10:08,456 : INFO : EventManager : Event: ======'machine_var_audits_switches_s_pop_bumper_right'====== Args={'value': 1, 'prev_value': 0, 'change': 1}
2025-10-24 12:10:08,457 : INFO : EventManager : Event: ======'player_score'====== Args={'value': 600, 'prev_value': 500, 'change': 100, 'player_num': 1, 'source': 'base'}
2025-10-24 12:10:08,485 : INFO : EventManager : Event: ======'ball_save_default_ball_save_grace_period'====== Args={}
2025-10-24 12:10:08,485 : INFO : EventManager : Event: ======'ball_save_default_ball_save_disabled'====== Args={}
2025-10-24 12:10:08,547 : INFO : SwitchController : <<<<<<< 's_pop_bumper_right' inactive >>>>>>>
2025-10-24 12:10:08,811 : INFO : EventManager : Event: ======'drop_target_s_right_bank_target_left_up'====== Args={'device': <drop_target.s_right_bank_target_left>}
2025-10-24 12:10:08,811 : INFO : EventManager : Event: ======'drop_target_s_right_bank_target_middle_up'====== Args={'device': <drop_target.s_right_bank_target_middle>}
2025-10-24 12:10:08,811 : INFO : EventManager : Event: ======'drop_target_s_right_bank_target_right_up'====== Args={'device': <drop_target.s_right_bank_target_right>}
2025-10-24 12:10:08,811 : INFO : EventManager : Event: ======'drop_target_bank_right_bank_up'====== Args={}
2025-10-24 12:10:09,292 : INFO : SwitchController : <<<<<<< 's_pop_bumper_left' active >>>>>>>
2025-10-24 12:10:09,292 : INFO : EventManager : Event: ======'s_pop_bumper_left_active'====== Args={}
2025-10-24 12:10:09,292 : INFO : EventManager : Event: ======'machine_var_audits_switches_s_pop_bumper_left'====== Args={'value': 2, 'prev_value': 1, 'change': 1}
2025-10-24 12:10:09,293 : INFO : EventManager : Event: ======'player_score'====== Args={'value': 700, 'prev_value': 600, 'change': 100, 'player_num': 1, 'source': 'base'}
2025-10-24 12:10:09,323 : INFO : SwitchController : <<<<<<< 's_pop_bumper_left' inactive >>>>>>>
2025-10-24 12:10:11,028 : INFO : SwitchController : <<<<<<< 's_middle_upper_rollovers' active >>>>>>>
2025-10-24 12:10:11,028 : INFO : EventManager : Event: ======'machine_var_audits_switches_s_middle_upper_rollovers'====== Args={'value': 3, 'prev_value': 2, 'change': 1}
2025-10-24 12:10:11,075 : INFO : SwitchController : <<<<<<< 's_middle_upper_rollovers' inactive >>>>>>>
2025-10-24 12:10:11,339 : INFO : SwitchController : <<<<<<< 's_pop_bumper_bottom' active >>>>>>>
2025-10-24 12:10:11,339 : INFO : EventManager : Event: ======'s_pop_bumper_bottom_active'====== Args={}
2025-10-24 12:10:11,339 : INFO : EventManager : Event: ======'machine_var_audits_switches_s_pop_bumper_bottom'====== Args={'value': 4, 'prev_value': 3, 'change': 1}
2025-10-24 12:10:11,340 : INFO : EventManager : Event: ======'player_score'====== Args={'value': 800, 'prev_value': 700, 'change': 100, 'player_num': 1, 'source': 'base'}
2025-10-24 12:10:11,433 : INFO : SwitchController : <<<<<<< 's_pop_bumper_bottom' inactive >>>>>>>
2025-10-24 12:10:12,637 : INFO : SwitchController : <<<<<<< 's_middle_upper_rollovers' active >>>>>>>
2025-10-24 12:10:12,637 : INFO : EventManager : Event: ======'machine_var_audits_switches_s_middle_upper_rollovers'====== Args={'value': 4, 'prev_value': 3, 'change': 1}
2025-10-24 12:10:12,684 : INFO : SwitchController : <<<<<<< 's_middle_upper_rollovers' inactive >>>>>>>
2025-10-24 12:10:12,857 : INFO : SwitchController : <<<<<<< 's_pop_bumper_bottom' active >>>>>>>
2025-10-24 12:10:12,857 : INFO : EventManager : Event: ======'s_pop_bumper_bottom_active'====== Args={}
2025-10-24 12:10:12,857 : INFO : EventManager : Event: ======'machine_var_audits_switches_s_pop_bumper_bottom'====== Args={'value': 5, 'prev_value': 4, 'change': 1}
2025-10-24 12:10:12,858 : INFO : EventManager : Event: ======'player_score'====== Args={'value': 900, 'prev_value': 800, 'change': 100, 'player_num': 1, 'source': 'base'}
2025-10-24 12:10:12,949 : INFO : SwitchController : <<<<<<< 's_pop_bumper_bottom' inactive >>>>>>>
2025-10-24 12:10:14,493 : INFO : SwitchController : <<<<<<< 's_left_bank_target_left' active >>>>>>>
2025-10-24 12:10:14,493 : INFO : EventManager : Event: ======'s_left_bank_target_left_active'====== Args={}
2025-10-24 12:10:14,493 : INFO : EventManager : Event: ======'drop_target_s_left_bank_target_left_down'====== Args={'device': <drop_target.s_left_bank_target_left>}
2025-10-24 12:10:14,493 : INFO : EventManager : Event: ======'drop_target_bank_left_bank_mixed'====== Args={'prev_value': <DropTargetBankState.UP: 'up'>, 'down': 1}
2025-10-24 12:10:14,493 : INFO : EventManager : Event: ======'machine_var_audits_switches_s_left_bank_target_left'====== Args={'value': 9, 'prev_value': 8, 'change': 1}
2025-10-24 12:10:14,494 : INFO : EventManager : Event: ======'player_score'====== Args={'value': 1000, 'prev_value': 900, 'change': 100, 'player_num': 1, 'source': 'base'}
2025-10-24 12:10:15,446 : INFO : SwitchController : <<<<<<< 's_left_bank_target_right' active >>>>>>>
2025-10-24 12:10:15,446 : INFO : EventManager : Event: ======'s_left_bank_target_right_active'====== Args={}
2025-10-24 12:10:15,446 : INFO : EventManager : Event: ======'drop_target_s_left_bank_target_right_down'====== Args={'device': <drop_target.s_left_bank_target_right>}
2025-10-24 12:10:15,446 : INFO : EventManager : Event: ======'drop_target_bank_left_bank_mixed'====== Args={'prev_value': <DropTargetBankState.MIXED: 'mixed'>, 'down': 2}
2025-10-24 12:10:15,446 : INFO : EventManager : Event: ======'machine_var_audits_switches_s_left_bank_target_right'====== Args={'value': 8, 'prev_value': 7, 'change': 1}
2025-10-24 12:10:15,447 : INFO : EventManager : Event: ======'player_score'====== Args={'value': 1100, 'prev_value': 1000, 'change': 100, 'player_num': 1, 'source': 'base'}
2025-10-24 12:10:16,493 : INFO : SwitchController : <<<<<<< 's_left_bank_target_middle' active >>>>>>>
2025-10-24 12:10:16,493 : INFO : EventManager : Event: ======'s_left_bank_target_middle_active'====== Args={}
2025-10-24 12:10:16,493 : INFO : EventManager : Event: ======'drop_target_s_left_bank_target_middle_down'====== Args={'device': <drop_target.s_left_bank_target_middle>}
2025-10-24 12:10:16,493 : INFO : EventManager : Event: ======'drop_target_bank_left_bank_down'====== Args={}
2025-10-24 12:10:16,493 : INFO : EventManager : Event: ======'machine_var_audits_switches_s_left_bank_target_middle'====== Args={'value': 8, 'prev_value': 7, 'change': 1}
2025-10-24 12:10:16,494 : INFO : EventManager : Event: ======'player_score'====== Args={'value': 1200, 'prev_value': 1100, 'change': 100, 'player_num': 1, 'source': 'base'}
2025-10-24 12:10:16,496 : INFO : drop_target_bank.left_bank : 3 targets are down. Will reset those.
2025-10-24 12:10:16,496 : INFO : coil.c_drop_target_left : Pulsing Driver for 50ms (1.0 pulse_power)
2025-10-24 12:10:16,586 : INFO : SwitchController : <<<<<<< 's_left_bank_target_left' inactive (muted) >>>>>>>
2025-10-24 12:10:16,601 : INFO : SwitchController : <<<<<<< 's_left_bank_target_right' inactive (muted) >>>>>>>
2025-10-24 12:10:16,616 : INFO : SwitchController : <<<<<<< 's_left_bank_target_middle' inactive (muted) >>>>>>>
2025-10-24 12:10:16,974 : INFO : EventManager : Event: ======'drop_target_s_left_bank_target_left_up'====== Args={'device': <drop_target.s_left_bank_target_left>}
2025-10-24 12:10:16,974 : INFO : EventManager : Event: ======'drop_target_s_left_bank_target_middle_up'====== Args={'device': <drop_target.s_left_bank_target_middle>}
2025-10-24 12:10:16,974 : INFO : EventManager : Event: ======'drop_target_s_left_bank_target_right_up'====== Args={'device': <drop_target.s_left_bank_target_right>}
2025-10-24 12:10:16,974 : INFO : EventManager : Event: ======'drop_target_bank_left_bank_up'====== Args={}
2025-10-24 12:10:19,347 : INFO : SwitchController : <<<<<<< 's_inlanes' active >>>>>>>
2025-10-24 12:10:19,347 : INFO : EventManager : Event: ======'s_inlanes_active'====== Args={}
2025-10-24 12:10:19,347 : INFO : EventManager : Event: ======'machine_var_audits_switches_s_inlanes'====== Args={'value': 1, 'prev_value': 0, 'change': 1}
2025-10-24 12:10:19,348 : INFO : EventManager : Event: ======'player_score'====== Args={'value': 1300, 'prev_value': 1200, 'change': 100, 'player_num': 1, 'source': 'base'}
2025-10-24 12:10:19,409 : INFO : SwitchController : <<<<<<< 's_inlanes' inactive >>>>>>>
2025-10-24 12:10:23,441 : INFO : SwitchController : <<<<<<< 's_pop_bumper_bottom' active >>>>>>>
2025-10-24 12:10:23,441 : INFO : EventManager : Event: ======'s_pop_bumper_bottom_active'====== Args={}
2025-10-24 12:10:23,441 : INFO : EventManager : Event: ======'machine_var_audits_switches_s_pop_bumper_bottom'====== Args={'value': 6, 'prev_value': 5, 'change': 1}
2025-10-24 12:10:23,443 : INFO : EventManager : Event: ======'player_score'====== Args={'value': 1400, 'prev_value': 1300, 'change': 100, 'player_num': 1, 'source': 'base'}
2025-10-24 12:10:23,502 : INFO : SwitchController : <<<<<<< 's_pop_bumper_bottom' inactive >>>>>>>
2025-10-24 12:10:25,410 : INFO : SwitchController : <<<<<<< 's_stand_up' active >>>>>>>
2025-10-24 12:10:25,410 : INFO : EventManager : Event: ======'machine_var_audits_switches_s_stand_up'====== Args={'value': 2, 'prev_value': 1, 'change': 1}
2025-10-24 12:10:25,423 : INFO : SwitchController : <<<<<<< 's_stand_up' inactive >>>>>>>
2025-10-24 12:10:28,289 : INFO : SwitchController : <<<<<<< 's_saucer' active >>>>>>>
2025-10-24 12:10:28,289 : INFO : EventManager : Event: ======'s_saucer_active'====== Args={}
2025-10-24 12:10:28,289 : INFO : EventManager : Event: ======'machine_var_audits_switches_s_saucer'====== Args={'value': 2, 'prev_value': 1, 'change': 1}
2025-10-24 12:10:28,290 : INFO : EventManager : Event: ======'mode_escape_graveyard_will_start'====== Args={}
2025-10-24 12:10:28,290 : INFO : EventManager : Event: ======'player_escape_graveyard_escape_graveyard_tick'====== Args={'value': 45, 'prev_value': 0, 'change': 45, 'player_num': 1}
2025-10-24 12:10:28,291 : INFO : EventManager : Event: ======'player_escape_graveyard_spinner_scream_cooldown_tick'====== Args={'value': 0, 'prev_value': 0, 'change': 0, 'player_num': 1}
2025-10-24 12:10:28,292 : ERROR : asyncio : Exception in callback EventManager.process_event_queue()
handle: <Handle EventManager.process_event_queue()>
Traceback (most recent call last):
  File "C:\Users\antho\mpf\Lib\site-packages\mpf\core\placeholder_manager.py", line 663, in _parse_template
    return ast.parse(template_str, mode='eval').body
           ^^^^^^^^^^^^^^^^^^^^^^^^^^^^^^^^^^^^
  File "C:\Users\antho\AppData\Local\Programs\Python\Python312\Lib\ast.py", line 52, in parse
    return compile(source, filename, mode, flags,
           ^^^^^^^^^^^^^^^^^^^^^^^^^^^^^^^^^^^^^^
  File "<unknown>", line 1
    time>10s
          ^
SyntaxError: invalid decimal literal

During handling of the above exception, another exception occurred:

Traceback (most recent call last):
  File "C:\Users\antho\mpf\Lib\site-packages\mpf\core\events.py", line 755, in _run_handlers
    result = handler.callback(**merged_kwargs)
             ^^^^^^^^^^^^^^^^^^^^^^^^^^^^^^^^^
  File "C:\Users\antho\mpf\Lib\site-packages\mpf\core\mode.py", line 218, in start
    result = item.method(config=self.config.get(item.config_section, self.config),
             ^^^^^^^^^^^^^^^^^^^^^^^^^^^^^^^^^^^^^^^^^^^^^^^^^^^^^^^^^^^^^^^^^^^^^
  File "C:\Users\antho\mpf\Lib\site-packages\mpf\core\config_player.py", line 221, in mode_start
    event_keys = self.register_player_events(config, mode, priority)
                 ^^^^^^^^^^^^^^^^^^^^^^^^^^^^^^^^^^^^^^^^^^^^^^^^^^^
  File "C:\Users\antho\mpf\Lib\site-packages\mpf\core\config_player.py", line 315, in register_player_events
    self.machine.events.add_handler(
  File "C:\Users\antho\mpf\Lib\site-packages\mpf\core\events.py", line 235, in add_handler
    event, condition, additional_priority = self.get_event_and_condition_from_string(event)
                                            ^^^^^^^^^^^^^^^^^^^^^^^^^^^^^^^^^^^^^^^^^^^^^^^
  File "C:\Users\antho\mpf\Lib\site-packages\mpf\core\events.py", line 90, in get_event_and_condition_from_string
    placeholder = self.machine.placeholder_manager.build_bool_template(event_string[first_bracket_pos + 1:-1])
                  ^^^^^^^^^^^^^^^^^^^^^^^^^^^^^^^^^^^^^^^^^^^^^^^^^^^^^^^^^^^^^^^^^^^^^^^^^^^^^^^^^^^^^^^^^^^^
  File "C:\Users\antho\mpf\Lib\site-packages\mpf\core\placeholder_manager.py", line 810, in build_bool_template
    return BoolTemplate(self._parse_template(template_str), template_str, self, default_value)
                        ^^^^^^^^^^^^^^^^^^^^^^^^^^^^^^^^^^
  File "C:\Users\antho\mpf\Lib\site-packages\mpf\core\placeholder_manager.py", line 665, in _parse_template
    raise AssertionError('Failed to parse template "{}"'.format(template_str))
AssertionError: Failed to parse template "time>10s"

The above exception was the direct cause of the following exception:

Traceback (most recent call last):
  File "C:\Users\antho\AppData\Local\Programs\Python\Python312\Lib\asyncio\events.py", line 88, in _run
    self._context.run(self._callback, *self._args)
  File "C:\Users\antho\mpf\Lib\site-packages\mpf\core\events.py", line 846, in process_event_queue
    self._process_event(event=event[0],
  File "C:\Users\antho\mpf\Lib\site-packages\mpf\core\events.py", line 808, in _process_event
    result = self._run_handlers(event, ev_type, kwargs)
             ^^^^^^^^^^^^^^^^^^^^^^^^^^^^^^^^^^^^^^^^^^
  File "C:\Users\antho\mpf\Lib\site-packages\mpf\core\events.py", line 757, in _run_handlers
    raise EventHandlerException(
mpf.core.events.EventHandlerException: Exception while processing RegisteredHandler(callback=<bound method Mode.start of <Mode.escape_graveyard>>, priority=100, kwargs={}, key=UUID('e44ba2e8-06b8-46e0-96bb-e6231860f4c6'), condition=None, blocking_facility=None) for event s_saucer_active. Failed to parse template "time>10s"
2025-10-24 12:10:28,306 : INFO : SwitchController : <<<<<<< 's_saucer' inactive >>>>>>>
2025-10-24 12:10:28,307 : INFO : Machine : Shutting down...
2025-10-24 12:10:28,307 : INFO : EventManager : Event: ======'shutdown'====== Args={}
2025-10-24 12:10:28,308 : INFO : EventManager : Event: ======'mode_game_will_stop'====== Args={}
2025-10-24 12:10:28,309 : INFO : EventManager : Event: ======'mode_game_stopping'====== Args={}
2025-10-24 12:10:28,309 : INFO : SwitchController : <<<<<<< 's_saucer' active >>>>>>>
2025-10-24 12:10:28,309 : INFO : EventManager : Event: ======'s_saucer_active'====== Args={}
2025-10-24 12:10:28,310 : INFO : EventManager : Event: ======'machine_var_audits_switches_s_saucer'====== Args={'value': 3, 'prev_value': 2, 'change': 1}
2025-10-24 12:10:28,310 : INFO : EventManager : Event: ======'mode_base_will_stop'====== Args={}
2025-10-24 12:10:28,310 : INFO : EventManager : Event: ======'mode_base_stopping'====== Args={}
2025-10-24 12:10:28,311 : INFO : EventManager : Event: ======'stop_base_music'====== Args={'priority': 0}
2025-10-24 12:10:28,311 : INFO : Mode.base : Stopped.
2025-10-24 12:10:28,311 : INFO : EventManager : Event: ======'modes_active_modes_changed'====== Args={}
2025-10-24 12:10:28,312 : INFO : EventManager : Event: ======'mode_base_stopped'====== Args={}
2025-10-24 12:10:28,312 : INFO : EventManager : Event: ======'clear'====== Args={'key': 'base'}
2025-10-24 12:10:28,313 : INFO : Mode.game : Stopped.
2025-10-24 12:10:28,313 : INFO : EventManager : Event: ======'modes_active_modes_changed'====== Args={}
2025-10-24 12:10:28,313 : INFO : EventManager : Event: ======'mode_game_stopped'====== Args={}
2025-10-24 12:10:28,313 : INFO : EventManager : Event: ======'clear'====== Args={'key': 'game'}
2025-10-24 12:10:28,398 : ERROR : Machine : Runtime Exception
Traceback (most recent call last):
  File "C:\Users\antho\mpf\Lib\site-packages\mpf\core\placeholder_manager.py", line 663, in _parse_template
    return ast.parse(template_str, mode='eval').body
           ^^^^^^^^^^^^^^^^^^^^^^^^^^^^^^^^^^^^
  File "C:\Users\antho\AppData\Local\Programs\Python\Python312\Lib\ast.py", line 52, in parse
    return compile(source, filename, mode, flags,
           ^^^^^^^^^^^^^^^^^^^^^^^^^^^^^^^^^^^^^^
  File "<unknown>", line 1
    time>10s
          ^
SyntaxError: invalid decimal literal

During handling of the above exception, another exception occurred:

Traceback (most recent call last):
  File "C:\Users\antho\mpf\Lib\site-packages\mpf\core\events.py", line 755, in _run_handlers
    result = handler.callback(**merged_kwargs)
             ^^^^^^^^^^^^^^^^^^^^^^^^^^^^^^^^^
  File "C:\Users\antho\mpf\Lib\site-packages\mpf\core\mode.py", line 218, in start
    result = item.method(config=self.config.get(item.config_section, self.config),
             ^^^^^^^^^^^^^^^^^^^^^^^^^^^^^^^^^^^^^^^^^^^^^^^^^^^^^^^^^^^^^^^^^^^^^
  File "C:\Users\antho\mpf\Lib\site-packages\mpf\core\config_player.py", line 221, in mode_start
    event_keys = self.register_player_events(config, mode, priority)
                 ^^^^^^^^^^^^^^^^^^^^^^^^^^^^^^^^^^^^^^^^^^^^^^^^^^^
  File "C:\Users\antho\mpf\Lib\site-packages\mpf\core\config_player.py", line 315, in register_player_events
    self.machine.events.add_handler(
  File "C:\Users\antho\mpf\Lib\site-packages\mpf\core\events.py", line 235, in add_handler
    event, condition, additional_priority = self.get_event_and_condition_from_string(event)
                                            ^^^^^^^^^^^^^^^^^^^^^^^^^^^^^^^^^^^^^^^^^^^^^^^
  File "C:\Users\antho\mpf\Lib\site-packages\mpf\core\events.py", line 90, in get_event_and_condition_from_string
    placeholder = self.machine.placeholder_manager.build_bool_template(event_string[first_bracket_pos + 1:-1])
                  ^^^^^^^^^^^^^^^^^^^^^^^^^^^^^^^^^^^^^^^^^^^^^^^^^^^^^^^^^^^^^^^^^^^^^^^^^^^^^^^^^^^^^^^^^^^^
  File "C:\Users\antho\mpf\Lib\site-packages\mpf\core\placeholder_manager.py", line 810, in build_bool_template
    return BoolTemplate(self._parse_template(template_str), template_str, self, default_value)
                        ^^^^^^^^^^^^^^^^^^^^^^^^^^^^^^^^^^
  File "C:\Users\antho\mpf\Lib\site-packages\mpf\core\placeholder_manager.py", line 665, in _parse_template
    raise AssertionError('Failed to parse template "{}"'.format(template_str))
AssertionError: Failed to parse template "time>10s"

The above exception was the direct cause of the following exception:

Traceback (most recent call last):
  File "C:\Users\antho\mpf\Lib\site-packages\mpf\core\machine.py", line 810, in _run_loop
    raise self._exception['exception']
  File "C:\Users\antho\AppData\Local\Programs\Python\Python312\Lib\asyncio\events.py", line 88, in _run
    self._context.run(self._callback, *self._args)
  File "C:\Users\antho\mpf\Lib\site-packages\mpf\core\events.py", line 846, in process_event_queue
    self._process_event(event=event[0],
  File "C:\Users\antho\mpf\Lib\site-packages\mpf\core\events.py", line 808, in _process_event
    result = self._run_handlers(event, ev_type, kwargs)
             ^^^^^^^^^^^^^^^^^^^^^^^^^^^^^^^^^^^^^^^^^^
  File "C:\Users\antho\mpf\Lib\site-packages\mpf\core\events.py", line 757, in _run_handlers
    raise EventHandlerException(
mpf.core.events.EventHandlerException: Exception while processing RegisteredHandler(callback=<bound method Mode.start of <Mode.escape_graveyard>>, priority=100, kwargs={}, key=UUID('e44ba2e8-06b8-46e0-96bb-e6231860f4c6'), condition=None, blocking_facility=None) for event s_saucer_active. Failed to parse template "time>10s"
2025-10-24 12:10:28,403 : INFO : root : MPF run loop ended.
