2025-10-27 06:54:28,504 : INFO : root : Loading config.
2025-10-27 06:54:28,522 : INFO : YamlMultifileConfigLoader : Machine config file #1: config.yaml
2025-10-27 06:54:28,522 : INFO : ConfigProcessor : Loading config from cache: C:\Users\antho\AppData\Local\Temp\fdca14d0c9d658ab8200d57120800af5.mpf_cache
2025-10-27 06:54:28,663 : INFO : ConfigProcessor : Loading config from cache: C:\Users\antho\AppData\Local\Temp\5dec96b1547c4adf5bdd3d1715e74bc0.mpf_cache
2025-10-27 06:54:28,664 : INFO : ConfigProcessor : Loading config from cache: C:\Users\antho\AppData\Local\Temp\202a5840610e95051f9f473dfa660cc0.mpf_cache
2025-10-27 06:54:28,664 : INFO : ConfigProcessor : Loading config from cache: C:\Users\antho\AppData\Local\Temp\5dec96b1547c4adf5bdd3d1715e74bc0.mpf_cache
2025-10-27 06:54:28,665 : WARNING : ConfigProcessor : Config file in cache changed: C:\Users\antho\nightpin\modes\base\config\base.yaml
2025-10-27 06:54:28,665 : INFO : ConfigProcessor : Loading config from file C:\Users\antho\nightpin\modes\base\config\base.yaml.
2025-10-27 06:54:28,686 : INFO : ConfigProcessor : Loading config: C:\Users\antho\nightpin\modes\base\config\base.yaml
2025-10-27 06:54:28,687 : INFO : ConfigProcessor : Config file cache created: C:\Users\antho\AppData\Local\Temp\2cd13a2d3f375e00ab01d6d09a85d8e7.mpf_cache
2025-10-27 06:54:28,688 : INFO : ConfigProcessor : Loading config from cache: C:\Users\antho\AppData\Local\Temp\9220b44b97b91972524500b81035d790.mpf_cache
2025-10-27 06:54:28,689 : INFO : ConfigProcessor : Loading config from cache: C:\Users\antho\AppData\Local\Temp\31ee881584fa6fce665a672a4f3f633a.mpf_cache
2025-10-27 06:54:28,690 : INFO : ConfigProcessor : Loading config from cache: C:\Users\antho\AppData\Local\Temp\5e841763ec73085bbf92358fe6afda21.mpf_cache
2025-10-27 06:54:28,690 : INFO : ConfigProcessor : Loading config from cache: C:\Users\antho\AppData\Local\Temp\b17152efa55a24f0424602723f8d3921.mpf_cache
2025-10-27 06:54:28,690 : INFO : ConfigProcessor : Loading config from cache: C:\Users\antho\AppData\Local\Temp\e87fc0e7d2f8a851b5fa3f604e0d0c6e.mpf_cache
2025-10-27 06:54:28,691 : INFO : ConfigProcessor : Loading config from cache: C:\Users\antho\AppData\Local\Temp\196ac76b6cab3a9880804c826cfbcb5c.mpf_cache
2025-10-27 06:54:28,691 : INFO : ConfigProcessor : Loading config from cache: C:\Users\antho\AppData\Local\Temp\834292dd7853e12a66732dc89828c828.mpf_cache
2025-10-27 06:54:28,692 : INFO : ConfigProcessor : Loading config from cache: C:\Users\antho\AppData\Local\Temp\ae2be9c5579852c305357e207df97e8b.mpf_cache
2025-10-27 06:54:28,692 : INFO : ConfigProcessor : Loading config from cache: C:\Users\antho\AppData\Local\Temp\46f8fa3e41dfeeb8232af2f03a13b6c4.mpf_cache
2025-10-27 06:54:28,693 : INFO : ConfigProcessor : Loading config from cache: C:\Users\antho\AppData\Local\Temp\c67e9c175da6c060302945929b27b878.mpf_cache
2025-10-27 06:54:28,694 : INFO : Machine : Mission Pinball Framework Core Engine v0.80.0.dev11
2025-10-27 06:54:28,694 : INFO : Machine : Command line arguments: {'no_load_cache': False, 'create_config_cache': True, 'bcp': True, 'configfile': ['config.yaml'], 'force_assets_load': False, 'platform_integration_test': False, 'jsonlogging': False, 'logfile': 'logs\\2025-10-27-06-54-28-mpf-LAPTOP-MPGP6R69.log', 'pause': False, 'production': False, 'text_ui': True, 'loglevel': 15, 'consoleloglevel': 20, 'force_platform': None, 'syslog_address': None, 'full_logfile_path': 'C:\\Users\\antho\\nightpin\\logs\\2025-10-27-06-54-28-mpf-LAPTOP-MPGP6R69.log'}
2025-10-27 06:54:28,694 : INFO : Machine : MPF path: C:\Users\antho\mpf\Lib\site-packages\mpf
2025-10-27 06:54:28,694 : INFO : Machine : Machine path: C:\Users\antho\nightpin
2025-10-27 06:54:28,694 : INFO : Machine : Platform: win32
2025-10-27 06:54:28,694 : INFO : Machine : Python executable location: C:\Users\antho\mpf\Scripts\python.exe
2025-10-27 06:54:28,694 : INFO : Machine : Python version: 3.12.7 (64-bit)
2025-10-27 06:54:28,697 : INFO : Machine : Initializing MPF...
2025-10-27 06:54:28,972 : INFO : lisy : Connecting to com3 at 115200bps
2025-10-27 06:54:28,973 : WARNING : lisy : Could not import terminos (this is ok on windows).
2025-10-27 06:54:29,140 : INFO : EventManager : Event: ======'machine_var_lisy_hardware'====== Args={'value': 'LISY35', 'prev_value': None, 'change': True}
2025-10-27 06:54:29,140 : INFO : EventManager : Event: ======'machine_var_lisy_version'====== Args={'value': '5.26 ', 'prev_value': None, 'change': True}
2025-10-27 06:54:29,141 : INFO : EventManager : Event: ======'machine_var_lisy_api_version'====== Args={'value': b'0.09', 'prev_value': None, 'change': True}
2025-10-27 06:54:30,468 : INFO : EventManager : Event: ======'machine_var_credits_string'====== Args={'value': 'FREE PLAY', 'prev_value': None, 'change': True}
2025-10-27 06:54:30,499 : INFO : EventManager : Event: ======'machine_var_master_volume'====== Args={'value': 0.5, 'prev_value': None, 'change': True}
2025-10-27 06:54:30,499 : INFO : EventManager : Event: ======'machine_var_player1_score'====== Args={'value': 300, 'prev_value': None, 'change': True}
2025-10-27 06:54:30,499 : INFO : EventManager : Event: ======'machine_var_player2_score'====== Args={'value': 300, 'prev_value': None, 'change': True}
2025-10-27 06:54:30,499 : INFO : EventManager : Event: ======'machine_var_player3_score'====== Args={'value': 300, 'prev_value': None, 'change': True}
2025-10-27 06:54:30,499 : INFO : EventManager : Event: ======'machine_var_mpf_version'====== Args={'value': 'Mission Pinball Framework v0.80.0.dev11', 'prev_value': None, 'change': True}
2025-10-27 06:54:30,499 : INFO : EventManager : Event: ======'machine_var_mpf_extended_version'====== Args={'value': 'Mission Pinball Framework v0.80.0.dev11, Config version:6, Show version: 6, BCP version:1.1', 'prev_value': None, 'change': True}
2025-10-27 06:54:30,499 : INFO : EventManager : Event: ======'machine_var_python_version'====== Args={'value': '3.12.7', 'prev_value': None, 'change': True}
2025-10-27 06:54:30,626 : INFO : EventManager : Event: ======'machine_var_platform'====== Args={'value': 'Windows-11-10.0.26100-SP0', 'prev_value': None, 'change': True}
2025-10-27 06:54:30,626 : INFO : EventManager : Event: ======'machine_var_platform_system'====== Args={'value': 'Windows', 'prev_value': None, 'change': True}
2025-10-27 06:54:30,626 : INFO : EventManager : Event: ======'machine_var_platform_release'====== Args={'value': '11', 'prev_value': None, 'change': True}
2025-10-27 06:54:30,626 : INFO : EventManager : Event: ======'machine_var_platform_version'====== Args={'value': '10.0.26100', 'prev_value': None, 'change': True}
2025-10-27 06:54:30,626 : INFO : EventManager : Event: ======'machine_var_platform_machine'====== Args={'value': 'AMD64', 'prev_value': None, 'change': True}
2025-10-27 06:54:30,626 : INFO : EventManager : Event: ======'machine_var_log_file_path'====== Args={'value': 'C:\\Users\\antho\\nightpin\\logs\\2025-10-27-06-54-28-mpf-LAPTOP-MPGP6R69.log', 'prev_value': None, 'change': True}
2025-10-27 06:54:30,626 : INFO : EventManager : Event: ======'init_phase_1'====== Args={}
2025-10-27 06:54:30,658 : INFO : EventManager : Event: ======'drop_target_bank_right_bank_up'====== Args={}
2025-10-27 06:54:30,658 : INFO : EventManager : Event: ======'drop_target_bank_left_bank_up'====== Args={}
2025-10-27 06:54:30,737 : INFO : EventManager : Event: ======'init_phase_2'====== Args={}
2025-10-27 06:54:30,747 : INFO : EventManager : Event: ======'bcp_connection_attempt'====== Args={'name': 'local_display', 'host': 'localhost', 'port': 5050}
2025-10-27 06:54:30,748 : INFO : BCPClientSocket : Connecting BCP to 'local_display' at localhost:5050...
2025-10-27 06:54:30,766 : INFO : BCPClientSocket : Connected BCP to 'local_display' localhost:5050
2025-10-27 06:54:30,767 : INFO : EventManager : Event: ======'bcp_clients_connected'====== Args={}
2025-10-27 06:54:30,865 : INFO : ball_device.bd_trough : BCH: Initial count: 0
2025-10-27 06:54:30,895 : INFO : ball_device.bd_trough : State: idle
2025-10-27 06:54:30,895 : INFO : ball_device.bd_saucer : BCH: Initial count: 0
2025-10-27 06:54:30,895 : INFO : ball_device.bd_saucer : State: idle
2025-10-27 06:54:30,918 : INFO : EventManager : Event: ======'init_phase_3'====== Args={}
2025-10-27 06:54:30,923 : INFO : EventManager : Event: ======'init_phase_4'====== Args={}
2025-10-27 06:54:30,924 : INFO : BallController : Initial balls found: 0
2025-10-27 06:54:30,926 : INFO : EventManager : Event: ======'machine_var_audits_events_game_ended'====== Args={'value': 12, 'prev_value': None, 'change': True}
2025-10-27 06:54:30,926 : INFO : EventManager : Event: ======'machine_var_audits_events_game_started'====== Args={'value': 41, 'prev_value': None, 'change': True}
2025-10-27 06:54:30,926 : INFO : EventManager : Event: ======'machine_var_audits_missing_switches_s_coin_right'====== Args={'value': 40, 'prev_value': None, 'change': True}
2025-10-27 06:54:30,926 : INFO : EventManager : Event: ======'machine_var_audits_missing_switches_s_credit_button'====== Args={'value': 13, 'prev_value': None, 'change': True}
2025-10-27 06:54:30,926 : INFO : EventManager : Event: ======'machine_var_audits_missing_switches_s_left_bank_target_left'====== Args={'value': 18, 'prev_value': None, 'change': True}
2025-10-27 06:54:30,926 : INFO : EventManager : Event: ======'machine_var_audits_missing_switches_s_left_bank_target_middle'====== Args={'value': 18, 'prev_value': None, 'change': True}
2025-10-27 06:54:30,926 : INFO : EventManager : Event: ======'machine_var_audits_missing_switches_s_left_bank_target_right'====== Args={'value': 19, 'prev_value': None, 'change': True}
2025-10-27 06:54:30,926 : INFO : EventManager : Event: ======'machine_var_audits_missing_switches_s_left_outlane_rollover'====== Args={'value': 19, 'prev_value': None, 'change': True}
2025-10-27 06:54:30,927 : INFO : EventManager : Event: ======'machine_var_audits_missing_switches_s_left_sling'====== Args={'value': 18, 'prev_value': None, 'change': True}
2025-10-27 06:54:30,927 : INFO : EventManager : Event: ======'machine_var_audits_missing_switches_s_middle_upper_rollovers'====== Args={'value': 17, 'prev_value': None, 'change': True}
2025-10-27 06:54:30,927 : INFO : EventManager : Event: ======'machine_var_audits_missing_switches_s_right_outlane_rollover'====== Args={'value': 12, 'prev_value': None, 'change': True}
2025-10-27 06:54:30,927 : INFO : EventManager : Event: ======'machine_var_audits_missing_switches_s_slam_tilt'====== Args={'value': 13, 'prev_value': None, 'change': True}
2025-10-27 06:54:30,927 : INFO : EventManager : Event: ======'machine_var_audits_missing_switches_s_stand_up'====== Args={'value': 13, 'prev_value': None, 'change': True}
2025-10-27 06:54:30,927 : INFO : EventManager : Event: ======'machine_var_audits_missing_switches_s_start_button'====== Args={'value': 2, 'prev_value': None, 'change': True}
2025-10-27 06:54:30,927 : INFO : EventManager : Event: ======'machine_var_audits_missing_switches_s_tilt'====== Args={'value': 11, 'prev_value': None, 'change': True}
2025-10-27 06:54:30,927 : INFO : EventManager : Event: ======'machine_var_audits_player_score'====== Args={'value': {'average': 1668, 'top': [5110, 5070, 4300, 4230, 3980, 3410, 500, 500, 300, 300], 'total': 18}, 'prev_value': None, 'change': True}
2025-10-27 06:54:30,927 : INFO : EventManager : Event: ======'machine_var_audits_switches_s_coin_right'====== Args={'value': 1, 'prev_value': None, 'change': True}
2025-10-27 06:54:30,927 : INFO : EventManager : Event: ======'machine_var_audits_switches_s_credit_button'====== Args={'value': 5, 'prev_value': None, 'change': True}
2025-10-27 06:54:30,927 : INFO : EventManager : Event: ======'machine_var_audits_switches_s_inlanes'====== Args={'value': 88, 'prev_value': None, 'change': True}
2025-10-27 06:54:30,927 : INFO : EventManager : Event: ======'machine_var_audits_switches_s_left_bank_target_left'====== Args={'value': 32, 'prev_value': None, 'change': True}
2025-10-27 06:54:30,927 : INFO : EventManager : Event: ======'machine_var_audits_switches_s_left_bank_target_middle'====== Args={'value': 22, 'prev_value': None, 'change': True}
2025-10-27 06:54:30,928 : INFO : EventManager : Event: ======'machine_var_audits_switches_s_left_bank_target_right'====== Args={'value': 24, 'prev_value': None, 'change': True}
2025-10-27 06:54:30,928 : INFO : EventManager : Event: ======'machine_var_audits_switches_s_left_lower_bumper'====== Args={'value': 29, 'prev_value': None, 'change': True}
2025-10-27 06:54:30,928 : INFO : EventManager : Event: ======'machine_var_audits_switches_s_left_outlane_rollover'====== Args={'value': 20, 'prev_value': None, 'change': True}
2025-10-27 06:54:30,928 : INFO : EventManager : Event: ======'machine_var_audits_switches_s_left_pop_bumper'====== Args={'value': 98, 'prev_value': None, 'change': True}
2025-10-27 06:54:30,928 : INFO : EventManager : Event: ======'machine_var_audits_switches_s_left_sling'====== Args={'value': 89, 'prev_value': None, 'change': True}
2025-10-27 06:54:30,928 : INFO : EventManager : Event: ======'machine_var_audits_switches_s_left_upper_bumper'====== Args={'value': 34, 'prev_value': None, 'change': True}
2025-10-27 06:54:30,928 : INFO : EventManager : Event: ======'machine_var_audits_switches_s_middle_pop_bumper'====== Args={'value': 89, 'prev_value': None, 'change': True}
2025-10-27 06:54:30,928 : INFO : EventManager : Event: ======'machine_var_audits_switches_s_middle_skill_lane'====== Args={'value': 32, 'prev_value': None, 'change': True}
2025-10-27 06:54:30,928 : INFO : EventManager : Event: ======'machine_var_audits_switches_s_middle_upper_rollovers'====== Args={'value': 66, 'prev_value': None, 'change': True}
2025-10-27 06:54:30,928 : INFO : EventManager : Event: ======'machine_var_audits_switches_s_outer_skill_lanes'====== Args={'value': 52, 'prev_value': None, 'change': True}
2025-10-27 06:54:30,928 : INFO : EventManager : Event: ======'machine_var_audits_switches_s_pop_bumper_bottom'====== Args={'value': 6, 'prev_value': None, 'change': True}
2025-10-27 06:54:30,928 : INFO : EventManager : Event: ======'machine_var_audits_switches_s_pop_bumper_left'====== Args={'value': 2, 'prev_value': None, 'change': True}
2025-10-27 06:54:30,928 : INFO : EventManager : Event: ======'machine_var_audits_switches_s_pop_bumper_right'====== Args={'value': 1, 'prev_value': None, 'change': True}
2025-10-27 06:54:30,928 : INFO : EventManager : Event: ======'machine_var_audits_switches_s_right_bank_target_left'====== Args={'value': 42, 'prev_value': None, 'change': True}
2025-10-27 06:54:30,928 : INFO : EventManager : Event: ======'machine_var_audits_switches_s_right_bank_target_middle'====== Args={'value': 31, 'prev_value': None, 'change': True}
2025-10-27 06:54:30,928 : INFO : EventManager : Event: ======'machine_var_audits_switches_s_right_bank_target_right'====== Args={'value': 31, 'prev_value': None, 'change': True}
2025-10-27 06:54:30,928 : INFO : EventManager : Event: ======'machine_var_audits_switches_s_right_outlane_rollover'====== Args={'value': 5, 'prev_value': None, 'change': True}
2025-10-27 06:54:30,928 : INFO : EventManager : Event: ======'machine_var_audits_switches_s_right_pop_bumper'====== Args={'value': 137, 'prev_value': None, 'change': True}
2025-10-27 06:54:30,928 : INFO : EventManager : Event: ======'machine_var_audits_switches_s_right_sling'====== Args={'value': 68, 'prev_value': None, 'change': True}
2025-10-27 06:54:30,930 : INFO : EventManager : Event: ======'machine_var_audits_switches_s_saucer'====== Args={'value': 46, 'prev_value': None, 'change': True}
2025-10-27 06:54:30,930 : INFO : EventManager : Event: ======'machine_var_audits_switches_s_slam_tilt'====== Args={'value': 5, 'prev_value': None, 'change': True}
2025-10-27 06:54:30,930 : INFO : EventManager : Event: ======'machine_var_audits_switches_s_spinner'====== Args={'value': 359, 'prev_value': None, 'change': True}
2025-10-27 06:54:30,930 : INFO : EventManager : Event: ======'machine_var_audits_switches_s_stand_up'====== Args={'value': 8, 'prev_value': None, 'change': True}
2025-10-27 06:54:30,930 : INFO : EventManager : Event: ======'machine_var_audits_switches_s_start_button'====== Args={'value': 22, 'prev_value': None, 'change': True}
2025-10-27 06:54:30,930 : INFO : EventManager : Event: ======'machine_var_audits_switches_s_tilt'====== Args={'value': 1, 'prev_value': None, 'change': True}
2025-10-27 06:54:30,930 : INFO : EventManager : Event: ======'machine_var_audits_switches_s_trough'====== Args={'value': 297, 'prev_value': None, 'change': True}
2025-10-27 06:54:30,931 : INFO : EventManager : Event: ======'init_phase_5'====== Args={}
2025-10-27 06:54:30,943 : INFO : EventManager : Event: ======'init_done'====== Args={}
2025-10-27 06:54:30,943 : INFO : EventManager : Event: ======'machine_reset_phase_1'====== Args={}
2025-10-27 06:54:30,950 : INFO : EventManager : Event: ======'machine_reset_phase_2'====== Args={}
2025-10-27 06:54:30,950 : INFO : EventManager : Event: ======'machine_reset_phase_3'====== Args={}
2025-10-27 06:54:30,951 : INFO : EventManager : Event: ======'mode_attract_will_start'====== Args={'queue': <QueuedEvent>}
2025-10-27 06:54:30,953 : INFO : EventManager : Event: ======'mode_attract_starting'====== Args={'queue': <QueuedEvent>}
2025-10-27 06:54:30,953 : INFO : Mode.attract : Started. Priority: 10
2025-10-27 06:54:30,953 : INFO : EventManager : Event: ======'modes_active_modes_changed'====== Args={}
2025-10-27 06:54:30,953 : INFO : EventManager : Event: ======'mode_attract_started'====== Args={'queue': <QueuedEvent>}
2025-10-27 06:54:30,954 : INFO : EventManager : Event: ======'godot_attract_on'====== Args={'priority': 0}
2025-10-27 06:54:30,954 : INFO : EventManager : Event: ======'collecting_balls_complete'====== Args={}
2025-10-27 06:54:30,955 : INFO : EventManager : Event: ======'reset_complete'====== Args={}
2025-10-27 06:54:30,968 : INFO : Machine : Starting the main run loop with active modes: [<Mode.attract>]
2025-10-27 06:54:30,994 : INFO : EventManager : Event: ======'slide_attract_created'====== Args={'_from_bcp': True}
2025-10-27 06:54:30,994 : INFO : EventManager : Event: ======'slide__removed'====== Args={'_from_bcp': True}
2025-10-27 06:54:30,995 : INFO : EventManager : Event: ======'slide_attract_active'====== Args={'original_context': 'attract', 'original_calling_context': 'mode_attract_started', 'priority': 10.0, 'queue': '<QueuedEvent>', 'cmd': 'slides_play', '_from_bcp': True}
2025-10-27 06:54:32,927 : INFO : EventManager : Event: ======'attract_wave_complete'====== Args={'priority': 0}
2025-10-27 06:54:33,321 : INFO : EventManager : Event: ======'attract_pulse_complete'====== Args={'priority': 0}
2025-10-27 06:54:33,730 : INFO : EventManager : Event: ======'attract_pulse_complete'====== Args={'priority': 0}
2025-10-27 06:54:35,728 : INFO : EventManager : Event: ======'attract_wave_complete'====== Args={'priority': 0}
2025-10-27 06:54:36,119 : INFO : EventManager : Event: ======'attract_pulse_complete'====== Args={'priority': 0}
2025-10-27 06:54:36,526 : INFO : EventManager : Event: ======'attract_pulse_complete'====== Args={'priority': 0}
2025-10-27 06:54:38,506 : INFO : EventManager : Event: ======'attract_wave_complete'====== Args={'priority': 0}
2025-10-27 06:54:38,898 : INFO : EventManager : Event: ======'attract_pulse_complete'====== Args={'priority': 0}
2025-10-27 06:54:39,316 : INFO : EventManager : Event: ======'attract_pulse_complete'====== Args={'priority': 0}
2025-10-27 06:54:40,953 : INFO : SwitchController : <<<<<<< 's_start_button' active >>>>>>>
2025-10-27 06:54:41,142 : INFO : SwitchController : <<<<<<< 's_start_button' inactive >>>>>>>
2025-10-27 06:54:41,142 : INFO : EventManager : Event: ======'request_to_start_game'====== Args={}
2025-10-27 06:54:41,142 : INFO : BallController : Known balls: 0
2025-10-27 06:54:41,142 : INFO : BallController : bd_trough contains 0 balls. Tags ['trough', 'home', 'drain']
2025-10-27 06:54:41,142 : INFO : BallController : bd_saucer contains 0 balls. Tags ['saucer', 'home', 'eject']
2025-10-27 06:54:41,143 : INFO : BallController : playfield contains 0 balls. Tags ['default']
2025-10-27 06:54:41,143 : WARNING : BallController : BallController denies game start. Not enough balls. 0 found. 1 required
2025-10-27 06:54:41,143 : INFO : BallController : Triggering ball search.
2025-10-27 06:54:41,314 : INFO : EventManager : Event: ======'attract_wave_complete'====== Args={'priority': 0}
2025-10-27 06:54:41,703 : INFO : EventManager : Event: ======'attract_pulse_complete'====== Args={'priority': 0}
2025-10-27 06:54:42,108 : INFO : EventManager : Event: ======'attract_pulse_complete'====== Args={'priority': 0}
2025-10-27 06:54:44,101 : INFO : EventManager : Event: ======'attract_wave_complete'====== Args={'priority': 0}
2025-10-27 06:54:44,492 : INFO : EventManager : Event: ======'attract_pulse_complete'====== Args={'priority': 0}
2025-10-27 06:54:44,897 : INFO : EventManager : Event: ======'attract_pulse_complete'====== Args={'priority': 0}
2025-10-27 06:54:46,880 : INFO : EventManager : Event: ======'attract_wave_complete'====== Args={'priority': 0}
2025-10-27 06:54:47,271 : INFO : EventManager : Event: ======'attract_pulse_complete'====== Args={'priority': 0}
2025-10-27 06:54:47,286 : INFO : SwitchController : <<<<<<< 's_start_button' active >>>>>>>
2025-10-27 06:54:47,660 : INFO : SwitchController : <<<<<<< 's_start_button' inactive >>>>>>>
2025-10-27 06:54:47,660 : INFO : EventManager : Event: ======'request_to_start_game'====== Args={}
2025-10-27 06:54:47,660 : INFO : BallController : Known balls: 0
2025-10-27 06:54:47,660 : INFO : BallController : bd_trough contains 0 balls. Tags ['trough', 'home', 'drain']
2025-10-27 06:54:47,660 : INFO : BallController : bd_saucer contains 0 balls. Tags ['saucer', 'home', 'eject']
2025-10-27 06:54:47,660 : INFO : BallController : playfield contains 0 balls. Tags ['default']
2025-10-27 06:54:47,660 : WARNING : BallController : BallController denies game start. Not enough balls. 0 found. 1 required
2025-10-27 06:54:47,660 : INFO : BallController : Triggering ball search.
2025-10-27 06:54:47,692 : INFO : EventManager : Event: ======'attract_pulse_complete'====== Args={'priority': 0}
2025-10-27 06:54:49,688 : INFO : EventManager : Event: ======'attract_wave_complete'====== Args={'priority': 0}
2025-10-27 06:54:50,078 : INFO : EventManager : Event: ======'attract_pulse_complete'====== Args={'priority': 0}
2025-10-27 06:54:50,456 : INFO : SwitchController : <<<<<<< 's_trough' active >>>>>>>
2025-10-27 06:54:50,462 : INFO : SwitchController : <<<<<<< 's_trough' inactive >>>>>>>
2025-10-27 06:54:50,476 : INFO : EventManager : Event: ======'attract_pulse_complete'====== Args={'priority': 0}
2025-10-27 06:54:50,504 : INFO : SwitchController : <<<<<<< 's_trough' active >>>>>>>
2025-10-27 06:54:51,004 : INFO : EventManager : Event: ======'balldevice_bd_trough_ball_count_changed'====== Args={'balls': 1}
2025-10-27 06:54:51,004 : INFO : ball_device.bd_trough : Received unexpected ball
2025-10-27 06:54:51,004 : INFO : EventManager : Event: ======'balldevice_captured_from_playfield'====== Args={'balls': 1}
2025-10-27 06:54:51,005 : INFO : EventManager : Event: ======'sw_playfield_active'====== Args={'balls': 1}
2025-10-27 06:54:51,005 : INFO : EventManager : Event: ======'playfield_active'====== Args={'source': None}
2025-10-27 06:54:51,005 : INFO : EventManager : Event: ======'unexpected_ball_on_playfield'====== Args={}
2025-10-27 06:54:51,005 : INFO : EventManager : Event: ======'playfield_ball_count_change'====== Args={'balls': -1, 'change': -1}
2025-10-27 06:54:51,006 : INFO : EventManager : Event: ======'balldevice_playfield_ball_enter'====== Args={'new_balls': 1, 'unclaimed_balls': 1, 'device': <playfield.playfield>}
2025-10-27 06:54:51,006 : INFO : EventManager : Event: ======'playfield_ball_count_change'====== Args={'balls': 0, 'change': 1}
2025-10-27 06:54:51,006 : INFO : BallController : Found a new ball which was captured from playfield. Known balls: 1
2025-10-27 06:54:51,006 : INFO : EventManager : Event: ======'found_new_ball'====== Args={}
2025-10-27 06:54:51,006 : INFO : EventManager : Event: ======'balldevice_bd_trough_ball_enter'====== Args={'new_balls': 1, 'unclaimed_balls': 1, 'new_available_balls': 1, 'device': <ball_device.bd_trough>}
2025-10-27 06:54:51,007 : INFO : EventManager : Event: ======'ball_drain'====== Args={'device': <ball_device.bd_trough>, 'balls': 1}
2025-10-27 06:54:51,007 : INFO : EventManager : Event: ======'balldevice_balls_available'====== Args={}
2025-10-27 06:54:51,007 : INFO : EventManager : Event: ======'balldevice_bd_trough_ball_entered'====== Args={'new_balls': 1, 'device': <ball_device.bd_trough>}
2025-10-27 06:54:52,486 : INFO : EventManager : Event: ======'attract_wave_complete'====== Args={'priority': 0}
2025-10-27 06:54:52,876 : INFO : EventManager : Event: ======'attract_pulse_complete'====== Args={'priority': 0}
2025-10-27 06:54:53,283 : INFO : EventManager : Event: ======'attract_pulse_complete'====== Args={'priority': 0}
2025-10-27 06:54:55,259 : INFO : EventManager : Event: ======'attract_wave_complete'====== Args={'priority': 0}
2025-10-27 06:54:55,649 : INFO : EventManager : Event: ======'attract_pulse_complete'====== Args={'priority': 0}
2025-10-27 06:54:56,054 : INFO : EventManager : Event: ======'attract_pulse_complete'====== Args={'priority': 0}
2025-10-27 06:54:58,066 : INFO : EventManager : Event: ======'attract_wave_complete'====== Args={'priority': 0}
2025-10-27 06:54:58,452 : INFO : EventManager : Event: ======'attract_pulse_complete'====== Args={'priority': 0}
2025-10-27 06:54:58,514 : INFO : SwitchController : <<<<<<< 's_start_button' active >>>>>>>
2025-10-27 06:54:58,702 : INFO : SwitchController : <<<<<<< 's_start_button' inactive >>>>>>>
2025-10-27 06:54:58,702 : INFO : EventManager : Event: ======'request_to_start_game'====== Args={}
2025-10-27 06:54:58,703 : INFO : EventManager : Event: ======'game_start'====== Args={'buttons': [], 'hold_time': 0.18700000003445894}
2025-10-27 06:54:58,703 : INFO : EventManager : Event: ======'mode_game_will_start'====== Args={'buttons': [], 'hold_time': 0.18700000003445894}
2025-10-27 06:54:58,703 : INFO : EventManager : Event: ======'mode_game_starting'====== Args={'buttons': [], 'hold_time': 0.18700000003445894}
2025-10-27 06:54:58,703 : INFO : Mode.game : Started. Priority: 20
2025-10-27 06:54:58,704 : INFO : EventManager : Event: ======'modes_active_modes_changed'====== Args={}
2025-10-27 06:54:58,704 : INFO : EventManager : Event: ======'mode_game_started'====== Args={'buttons': [], 'hold_time': 0.18700000003445894}
2025-10-27 06:54:58,717 : INFO : EventManager : Event: ======'game_will_start'====== Args={}
2025-10-27 06:54:58,717 : INFO : EventManager : Event: ======'game_starting'====== Args={'game': <Mode.game>}
2025-10-27 06:54:58,717 : INFO : EventManager : Event: ======'mode_attract_will_stop'====== Args={}
2025-10-27 06:54:58,717 : INFO : EventManager : Event: ======'mode_attract_stopping'====== Args={}
2025-10-27 06:54:58,718 : INFO : EventManager : Unordered handler for class <Auditor> on event game_ended with priority 1. Handlers: [RegisteredHandler(callback=<bound method Auditor.disable of <Auditor>>, priority=1, kwargs={}, key=UUID('fe053cb4-9427-4dfc-8b6f-d38405e3c58c'), condition=None, blocking_facility=None), RegisteredHandler(callback=<bound method Auditor._save_audits of <Auditor>>, priority=1, kwargs={}, key=UUID('c32bd11d-3303-4d2d-9680-9c60f1d5dc47'), condition=None, blocking_facility=None)]. The order of those handlers is not defined and they will be executed in random order. This might lead to race conditions and potential bugs.
2025-10-27 06:54:58,718 : INFO : EventManager : Event: ======'godot_attract_off'====== Args={'priority': 0}
2025-10-27 06:54:58,719 : INFO : Mode.attract : Stopped.
2025-10-27 06:54:58,719 : INFO : EventManager : Event: ======'modes_active_modes_changed'====== Args={}
2025-10-27 06:54:58,719 : INFO : EventManager : Event: ======'mode_attract_stopped'====== Args={}
2025-10-27 06:54:58,719 : INFO : EventManager : Event: ======'clear'====== Args={'key': 'attract'}
2025-10-27 06:54:58,719 : INFO : EventManager : Event: ======'player_add_request'====== Args={}
2025-10-27 06:54:58,720 : INFO : EventManager : Event: ======'player_will_add'====== Args={'number': 1}
2025-10-27 06:54:58,720 : INFO : EventManager : Event: ======'player_adding'====== Args={'player': <Player 1>, 'number': 1}
2025-10-27 06:54:58,720 : INFO : EventManager : Event: ======'player_added'====== Args={'player': <Player 1>, 'num': 1}
2025-10-27 06:54:58,720 : INFO : Mode.game : Player added successfully. Total players: 1
2025-10-27 06:54:58,720 : INFO : EventManager : Event: ======'player_index'====== Args={'value': 0, 'prev_value': 0, 'change': 0, 'player_num': 1}
2025-10-27 06:54:58,720 : INFO : EventManager : Event: ======'player_number'====== Args={'value': 1, 'prev_value': 1, 'change': 0, 'player_num': 1}
2025-10-27 06:54:58,720 : INFO : EventManager : Event: ======'player_score'====== Args={'value': 0, 'prev_value': 0, 'change': 0, 'player_num': 1}
2025-10-27 06:54:58,721 : INFO : EventManager : Unordered handler for class <Auditor> on event game_ended with priority 1. Handlers: [RegisteredHandler(callback=<bound method Auditor.disable of <Auditor>>, priority=1, kwargs={}, key=UUID('fe053cb4-9427-4dfc-8b6f-d38405e3c58c'), condition=None, blocking_facility=None), RegisteredHandler(callback=<bound method Auditor._save_audits of <Auditor>>, priority=1, kwargs={}, key=UUID('c32bd11d-3303-4d2d-9680-9c60f1d5dc47'), condition=None, blocking_facility=None)]. The order of those handlers is not defined and they will be executed in random order. This might lead to race conditions and potential bugs.
2025-10-27 06:54:58,737 : INFO : EventManager : Event: ======'game_started'====== Args={}
2025-10-27 06:54:58,738 : INFO : EventManager : Event: ======'player_turn_will_start'====== Args={'player': <Player 1>, 'number': 1}
2025-10-27 06:54:58,742 : INFO : EventManager : Event: ======'player_turn_starting'====== Args={'player': <Player 1>, 'number': 1}
2025-10-27 06:54:58,742 : INFO : EventManager : Event: ======'player_ball'====== Args={'value': 1, 'prev_value': 0, 'change': 1, 'player_num': 1}
2025-10-27 06:54:58,742 : INFO : EventManager : Event: ======'player_turn_started'====== Args={'player': <Player 1>, 'number': 1}
2025-10-27 06:54:58,743 : INFO : EventManager : Event: ======'ball_will_start'====== Args={'player': 1, 'ball': 1, 'balls_remaining': 2, 'is_extra_ball': False}
2025-10-27 06:54:58,747 : INFO : EventManager : Event: ======'ball_starting'====== Args={'player': 1, 'ball': 1, 'balls_remaining': 2, 'is_extra_ball': False}
2025-10-27 06:54:58,748 : INFO : drop_target_bank.right_bank : All targets are already up. Will not reset bank.
2025-10-27 06:54:58,748 : INFO : drop_target_bank.left_bank : All targets are already up. Will not reset bank.
2025-10-27 06:54:58,748 : INFO : EventManager : Event: ======'balls_in_play'====== Args={'balls': 1}
2025-10-27 06:54:58,748 : INFO : EventManager : Event: ======'ball_started'====== Args={'player': 1, 'ball': 1, 'balls_remaining': 2, 'is_extra_ball': False}
2025-10-27 06:54:58,748 : INFO : EventManager : Event: ======'mode_base_will_start'====== Args={'player': 1, 'ball': 1, 'balls_remaining': 2, 'is_extra_ball': False}
2025-10-27 06:54:58,748 : INFO : EventManager : Unordered handler for class <Auditor> on event game_ended with priority 1. Handlers: [RegisteredHandler(callback=<bound method Auditor.disable of <Auditor>>, priority=1, kwargs={}, key=UUID('fe053cb4-9427-4dfc-8b6f-d38405e3c58c'), condition=None, blocking_facility=None), RegisteredHandler(callback=<bound method Auditor._save_audits of <Auditor>>, priority=1, kwargs={}, key=UUID('c32bd11d-3303-4d2d-9680-9c60f1d5dc47'), condition=None, blocking_facility=None)]. The order of those handlers is not defined and they will be executed in random order. This might lead to race conditions and potential bugs.
2025-10-27 06:54:58,752 : INFO : EventManager : Event: ======'mode_base_starting'====== Args={'player': 1, 'ball': 1, 'balls_remaining': 2, 'is_extra_ball': False}
2025-10-27 06:54:58,753 : INFO : Mode.base : Started. Priority: 50
2025-10-27 06:54:58,753 : INFO : EventManager : Event: ======'modes_active_modes_changed'====== Args={}
2025-10-27 06:54:58,753 : INFO : EventManager : Event: ======'mode_base_started'====== Args={'player': 1, 'ball': 1, 'balls_remaining': 2, 'is_extra_ball': False}
2025-10-27 06:54:58,753 : INFO : EventManager : Event: ======'start_firstball_intro'====== Args={'priority': 0}
2025-10-27 06:54:58,753 : INFO : EventManager : Event: ======'godot_attract_off'====== Args={'priority': 0}
2025-10-27 06:54:58,754 : INFO : EventManager : Event: ======'single_player_ball_started'====== Args={}
2025-10-27 06:54:58,766 : INFO : EventManager : Event: ======'ball_start_target'====== Args={'target': 'playfield'}
2025-10-27 06:54:58,766 : INFO : ball_device.bd_trough : Setting up player-controlled eject. Balls: 1, Target: <playfield.playfield>, player_controlled_eject_event: None
2025-10-27 06:54:58,766 : INFO : ball_device.bd_trough : Adding 1 ball(s) to the eject_queue with target <playfield.playfield>.
2025-10-27 06:54:58,766 : INFO : EventManager : Event: ======'balldevice_balls_available'====== Args={}
2025-10-27 06:54:58,767 : INFO : ball_device.bd_trough : State: waiting_for_target_ready
2025-10-27 06:54:58,767 : INFO : EventManager : Event: ======'balldevice_bd_trough_ball_eject_attempt'====== Args={'balls': 1, 'target': <playfield.playfield>, 'source': <ball_device.bd_trough>, 'mechanical_eject': False, 'num_attempts': 0}
2025-10-27 06:54:58,767 : INFO : ball_device.bd_trough : State: ejecting
2025-10-27 06:54:58,767 : INFO : ball_device.bd_trough : Ejecting ball to <playfield.playfield>
2025-10-27 06:54:58,767 : INFO : EventManager : Event: ======'balldevice_bd_trough_ejecting_ball'====== Args={'balls': 1, 'target': <playfield.playfield>, 'source': <ball_device.bd_trough>, 'mechanical_eject': False, 'num_attempts': 0}
2025-10-27 06:54:58,768 : INFO : ball_device.bd_trough : Wait for ball to leave device
2025-10-27 06:54:58,768 : INFO : coil.c_trough_eject : Pulsing Driver for 40ms (1.0 pulse_power)
2025-10-27 06:54:58,833 : INFO : SwitchController : <<<<<<< 's_trough' inactive >>>>>>>
2025-10-27 06:54:58,840 : INFO : SwitchController : <<<<<<< 's_trough' active >>>>>>>
2025-10-27 06:54:58,840 : INFO : EventManager : Event: ======'machine_var_audits_switches_s_trough'====== Args={'value': 298, 'prev_value': 297, 'change': 1}
2025-10-27 06:54:58,845 : INFO : ball_device.bd_trough : State: ball_left
2025-10-27 06:54:58,845 : INFO : ball_device.bd_trough : Ball left
2025-10-27 06:54:58,846 : INFO : ball_device.bd_trough : Wait for confirm with timeout 10.0
2025-10-27 06:54:58,846 : INFO : SwitchController : <<<<<<< 's_trough' inactive >>>>>>>
2025-10-27 06:55:08,847 : INFO : ball_device.bd_trough : State: failed_confirm
2025-10-27 06:55:08,847 : INFO : ball_device.bd_trough : Got timeout (10.0s) before confirm from <playfield.playfield>
2025-10-27 06:55:08,942 : INFO : ball_device.bd_trough : Confirming eject because target is playfield and ball did not return.
2025-10-27 06:55:08,942 : INFO : ball_device.bd_trough : Eject successful
2025-10-27 06:55:08,942 : INFO : EventManager : Event: ======'balldevice_bd_trough_ball_eject_success'====== Args={'balls': 1, 'target': <playfield.playfield>}
2025-10-27 06:55:08,942 : INFO : EventManager : Event: ======'balldevice_playfield_ball_enter'====== Args={'new_balls': 1, 'unclaimed_balls': 1, 'device': <playfield.playfield>}
2025-10-27 06:55:08,942 : INFO : EventManager : Event: ======'playfield_ball_count_change'====== Args={'balls': 1, 'change': 1}
2025-10-27 06:55:08,943 : INFO : EventManager : Event: ======'balldevice_bd_trough_ball_count_changed'====== Args={'balls': 0}
2025-10-27 06:55:08,943 : INFO : ball_device.bd_trough : State: idle
2025-10-27 06:55:17,645 : INFO : SwitchController : <<<<<<< 's_start_button' active >>>>>>>
2025-10-27 06:55:17,645 : INFO : EventManager : Event: ======'sw_start'====== Args={}
2025-10-27 06:55:17,645 : INFO : EventManager : Event: ======'machine_var_audits_switches_s_start_button'====== Args={'value': 23, 'prev_value': 22, 'change': 1}
2025-10-27 06:55:17,646 : INFO : EventManager : Event: ======'player_add_request'====== Args={}
2025-10-27 06:55:17,646 : INFO : EventManager : Event: ======'player_will_add'====== Args={'number': 2}
2025-10-27 06:55:17,646 : INFO : EventManager : Event: ======'player_adding'====== Args={'player': <Player 2>, 'number': 2}
2025-10-27 06:55:17,646 : INFO : EventManager : Event: ======'player_added'====== Args={'player': <Player 2>, 'num': 2}
2025-10-27 06:55:17,646 : INFO : Mode.game : Player added successfully. Total players: 2
2025-10-27 06:55:17,646 : INFO : EventManager : Event: ======'multiplayer_game'====== Args={}
2025-10-27 06:55:17,646 : INFO : EventManager : Event: ======'player_index'====== Args={'value': 1, 'prev_value': 1, 'change': 0, 'player_num': 2}
2025-10-27 06:55:17,647 : INFO : EventManager : Event: ======'player_number'====== Args={'value': 2, 'prev_value': 2, 'change': 0, 'player_num': 2}
2025-10-27 06:55:17,647 : INFO : EventManager : Event: ======'player_score'====== Args={'value': 0, 'prev_value': 0, 'change': 0, 'player_num': 2}
2025-10-27 06:55:17,648 : INFO : EventManager : Unordered handler for class <Auditor> on event game_ended with priority 1. Handlers: [RegisteredHandler(callback=<bound method Auditor.disable of <Auditor>>, priority=1, kwargs={}, key=UUID('fe053cb4-9427-4dfc-8b6f-d38405e3c58c'), condition=None, blocking_facility=None), RegisteredHandler(callback=<bound method Auditor._save_audits of <Auditor>>, priority=1, kwargs={}, key=UUID('c32bd11d-3303-4d2d-9680-9c60f1d5dc47'), condition=None, blocking_facility=None)]. The order of those handlers is not defined and they will be executed in random order. This might lead to race conditions and potential bugs.
2025-10-27 06:55:17,660 : INFO : EventManager : Unordered handler for class <Auditor> on event game_ended with priority 1. Handlers: [RegisteredHandler(callback=<bound method Auditor.disable of <Auditor>>, priority=1, kwargs={}, key=UUID('fe053cb4-9427-4dfc-8b6f-d38405e3c58c'), condition=None, blocking_facility=None), RegisteredHandler(callback=<bound method Auditor._save_audits of <Auditor>>, priority=1, kwargs={}, key=UUID('c32bd11d-3303-4d2d-9680-9c60f1d5dc47'), condition=None, blocking_facility=None)]. The order of those handlers is not defined and they will be executed in random order. This might lead to race conditions and potential bugs.
2025-10-27 06:55:17,802 : INFO : SwitchController : <<<<<<< 's_start_button' inactive >>>>>>>
2025-10-27 06:55:21,248 : INFO : SwitchController : <<<<<<< 's_inlanes' active >>>>>>>
2025-10-27 06:55:21,248 : INFO : EventManager : Event: ======'s_inlanes_active'====== Args={}
2025-10-27 06:55:21,248 : INFO : EventManager : Event: ======'sw_playfield_active'====== Args={}
2025-10-27 06:55:21,248 : INFO : EventManager : Event: ======'machine_var_audits_switches_s_inlanes'====== Args={'value': 89, 'prev_value': 88, 'change': 1}
2025-10-27 06:55:21,248 : INFO : EventManager : Event: ======'player_score'====== Args={'value': 100, 'prev_value': 0, 'change': 100, 'player_num': 1, 'source': 'base'}
2025-10-27 06:55:21,250 : INFO : EventManager : Unordered handler for class <Auditor> on event game_ended with priority 1. Handlers: [RegisteredHandler(callback=<bound method Auditor.disable of <Auditor>>, priority=1, kwargs={}, key=UUID('fe053cb4-9427-4dfc-8b6f-d38405e3c58c'), condition=None, blocking_facility=None), RegisteredHandler(callback=<bound method Auditor._save_audits of <Auditor>>, priority=1, kwargs={}, key=UUID('c32bd11d-3303-4d2d-9680-9c60f1d5dc47'), condition=None, blocking_facility=None)]. The order of those handlers is not defined and they will be executed in random order. This might lead to race conditions and potential bugs.
2025-10-27 06:55:21,261 : INFO : EventManager : Unordered handler for class <Auditor> on event game_ended with priority 1. Handlers: [RegisteredHandler(callback=<bound method Auditor.disable of <Auditor>>, priority=1, kwargs={}, key=UUID('fe053cb4-9427-4dfc-8b6f-d38405e3c58c'), condition=None, blocking_facility=None), RegisteredHandler(callback=<bound method Auditor._save_audits of <Auditor>>, priority=1, kwargs={}, key=UUID('c32bd11d-3303-4d2d-9680-9c60f1d5dc47'), condition=None, blocking_facility=None)]. The order of those handlers is not defined and they will be executed in random order. This might lead to race conditions and potential bugs.
2025-10-27 06:55:21,261 : INFO : EventManager : Unordered handler for class <Auditor> on event game_ended with priority 1. Handlers: [RegisteredHandler(callback=<bound method Auditor.disable of <Auditor>>, priority=1, kwargs={}, key=UUID('fe053cb4-9427-4dfc-8b6f-d38405e3c58c'), condition=None, blocking_facility=None), RegisteredHandler(callback=<bound method Auditor._save_audits of <Auditor>>, priority=1, kwargs={}, key=UUID('c32bd11d-3303-4d2d-9680-9c60f1d5dc47'), condition=None, blocking_facility=None)]. The order of those handlers is not defined and they will be executed in random order. This might lead to race conditions and potential bugs.
2025-10-27 06:55:21,311 : INFO : SwitchController : <<<<<<< 's_inlanes' inactive >>>>>>>
2025-10-27 06:55:23,246 : INFO : SwitchController : <<<<<<< 's_trough' active >>>>>>>
2025-10-27 06:55:23,246 : INFO : EventManager : Event: ======'machine_var_audits_switches_s_trough'====== Args={'value': 299, 'prev_value': 298, 'change': 1}
2025-10-27 06:55:23,262 : INFO : SwitchController : <<<<<<< 's_trough' inactive >>>>>>>
2025-10-27 06:55:23,310 : INFO : SwitchController : <<<<<<< 's_trough' active >>>>>>>
2025-10-27 06:55:23,310 : INFO : EventManager : Event: ======'machine_var_audits_switches_s_trough'====== Args={'value': 300, 'prev_value': 299, 'change': 1}
2025-10-27 06:55:23,325 : INFO : SwitchController : <<<<<<< 's_trough' inactive >>>>>>>
2025-10-27 06:55:23,341 : INFO : SwitchController : <<<<<<< 's_trough' active >>>>>>>
2025-10-27 06:55:23,341 : INFO : EventManager : Event: ======'machine_var_audits_switches_s_trough'====== Args={'value': 301, 'prev_value': 300, 'change': 1}
2025-10-27 06:55:23,840 : INFO : EventManager : Event: ======'balldevice_bd_trough_ball_count_changed'====== Args={'balls': 1}
2025-10-27 06:55:23,840 : INFO : ball_device.bd_trough : Received unexpected ball
2025-10-27 06:55:23,840 : INFO : EventManager : Event: ======'balldevice_captured_from_playfield'====== Args={'balls': 1}
2025-10-27 06:55:23,840 : INFO : EventManager : Event: ======'sw_playfield_active'====== Args={'balls': 1}
2025-10-27 06:55:23,840 : INFO : EventManager : Event: ======'playfield_ball_count_change'====== Args={'balls': 0, 'change': -1}
2025-10-27 06:55:23,841 : INFO : EventManager : Event: ======'balldevice_bd_trough_ball_enter'====== Args={'new_balls': 1, 'unclaimed_balls': 1, 'new_available_balls': 1, 'device': <ball_device.bd_trough>}
2025-10-27 06:55:23,841 : INFO : EventManager : Event: ======'ball_drain'====== Args={'device': <ball_device.bd_trough>, 'balls': 1}
2025-10-27 06:55:23,841 : INFO : EventManager : Event: ======'ball_will_end'====== Args={}
2025-10-27 06:55:23,841 : INFO : EventManager : Event: ======'balldevice_balls_available'====== Args={}
2025-10-27 06:55:23,843 : INFO : EventManager : Event: ======'balldevice_bd_trough_ball_entered'====== Args={'new_balls': 1, 'device': <ball_device.bd_trough>}
2025-10-27 06:55:23,843 : INFO : EventManager : Event: ======'ball_ending'====== Args={}
2025-10-27 06:55:23,844 : INFO : EventManager : Event: ======'mode_base_will_stop'====== Args={}
2025-10-27 06:55:23,844 : INFO : EventManager : Event: ======'mode_base_stopping'====== Args={}
2025-10-27 06:55:23,844 : INFO : EventManager : Event: ======'stop_base_music'====== Args={'priority': 0}
2025-10-27 06:55:23,844 : INFO : Mode.base : Stopped.
2025-10-27 06:55:23,844 : INFO : EventManager : Event: ======'modes_active_modes_changed'====== Args={}
2025-10-27 06:55:23,845 : INFO : EventManager : Event: ======'mode_base_stopped'====== Args={}
2025-10-27 06:55:23,845 : INFO : EventManager : Event: ======'clear'====== Args={'key': 'base'}
2025-10-27 06:55:23,857 : INFO : EventManager : Event: ======'ball_ended'====== Args={}
2025-10-27 06:55:23,858 : INFO : EventManager : Event: ======'player_turn_will_end'====== Args={'player': <Player 1>, 'number': 1}
2025-10-27 06:55:23,863 : INFO : EventManager : Event: ======'player_turn_ending'====== Args={'player': <Player 1>, 'number': 1}
2025-10-27 06:55:23,863 : INFO : EventManager : Event: ======'player_turn_ended'====== Args={'player': <Player 1>, 'number': 1}
2025-10-27 06:55:23,863 : INFO : EventManager : Event: ======'player_turn_will_start'====== Args={'player': <Player 2>, 'number': 2}
2025-10-27 06:55:23,863 : INFO : EventManager : Event: ======'player_turn_starting'====== Args={'player': <Player 2>, 'number': 2}
2025-10-27 06:55:23,864 : INFO : EventManager : Event: ======'player_ball'====== Args={'value': 1, 'prev_value': 0, 'change': 1, 'player_num': 2}
2025-10-27 06:55:23,864 : INFO : EventManager : Event: ======'player_turn_started'====== Args={'player': <Player 2>, 'number': 2}
2025-10-27 06:55:23,864 : INFO : EventManager : Event: ======'ball_will_start'====== Args={'player': 2, 'ball': 1, 'balls_remaining': 2, 'is_extra_ball': False}
2025-10-27 06:55:23,868 : INFO : EventManager : Event: ======'ball_starting'====== Args={'player': 2, 'ball': 1, 'balls_remaining': 2, 'is_extra_ball': False}
2025-10-27 06:55:23,868 : INFO : drop_target_bank.right_bank : All targets are already up. Will not reset bank.
2025-10-27 06:55:23,868 : INFO : drop_target_bank.left_bank : All targets are already up. Will not reset bank.
2025-10-27 06:55:23,868 : INFO : EventManager : Event: ======'balls_in_play'====== Args={'balls': 1}
2025-10-27 06:55:23,868 : INFO : EventManager : Event: ======'ball_started'====== Args={'player': 2, 'ball': 1, 'balls_remaining': 2, 'is_extra_ball': False}
2025-10-27 06:55:23,870 : INFO : EventManager : Event: ======'mode_base_will_start'====== Args={'player': 2, 'ball': 1, 'balls_remaining': 2, 'is_extra_ball': False}
2025-10-27 06:55:23,870 : INFO : EventManager : Unordered handler for class <Auditor> on event game_ended with priority 1. Handlers: [RegisteredHandler(callback=<bound method Auditor.disable of <Auditor>>, priority=1, kwargs={}, key=UUID('fe053cb4-9427-4dfc-8b6f-d38405e3c58c'), condition=None, blocking_facility=None), RegisteredHandler(callback=<bound method Auditor._save_audits of <Auditor>>, priority=1, kwargs={}, key=UUID('c32bd11d-3303-4d2d-9680-9c60f1d5dc47'), condition=None, blocking_facility=None)]. The order of those handlers is not defined and they will be executed in random order. This might lead to race conditions and potential bugs.
2025-10-27 06:55:23,871 : INFO : EventManager : Event: ======'mode_base_starting'====== Args={'player': 2, 'ball': 1, 'balls_remaining': 2, 'is_extra_ball': False}
2025-10-27 06:55:23,872 : INFO : Mode.base : Started. Priority: 50
2025-10-27 06:55:23,872 : INFO : EventManager : Event: ======'modes_active_modes_changed'====== Args={}
2025-10-27 06:55:23,872 : INFO : EventManager : Event: ======'mode_base_started'====== Args={'player': 2, 'ball': 1, 'balls_remaining': 2, 'is_extra_ball': False}
2025-10-27 06:55:23,872 : INFO : EventManager : Event: ======'start_firstball_intro'====== Args={'priority': 0}
2025-10-27 06:55:23,873 : INFO : EventManager : Event: ======'godot_attract_off'====== Args={'priority': 0}
2025-10-27 06:55:23,873 : INFO : EventManager : Event: ======'multi_player_ball_started'====== Args={}
2025-10-27 06:55:23,886 : INFO : EventManager : Event: ======'player_2_ball_started'====== Args={}
2025-10-27 06:55:23,887 : INFO : EventManager : Event: ======'ball_start_target'====== Args={'target': 'playfield'}
2025-10-27 06:55:23,887 : INFO : ball_device.bd_trough : Setting up player-controlled eject. Balls: 1, Target: <playfield.playfield>, player_controlled_eject_event: None
2025-10-27 06:55:23,887 : INFO : ball_device.bd_trough : Adding 1 ball(s) to the eject_queue with target <playfield.playfield>.
2025-10-27 06:55:23,887 : INFO : EventManager : Event: ======'balldevice_balls_available'====== Args={}
2025-10-27 06:55:23,888 : INFO : ball_device.bd_trough : State: waiting_for_target_ready
2025-10-27 06:55:23,888 : INFO : EventManager : Event: ======'balldevice_bd_trough_ball_eject_attempt'====== Args={'balls': 1, 'target': <playfield.playfield>, 'source': <ball_device.bd_trough>, 'mechanical_eject': False, 'num_attempts': 0}
2025-10-27 06:55:23,888 : INFO : ball_device.bd_trough : State: ejecting
2025-10-27 06:55:23,888 : INFO : ball_device.bd_trough : Ejecting ball to <playfield.playfield>
2025-10-27 06:55:23,888 : INFO : EventManager : Event: ======'balldevice_bd_trough_ejecting_ball'====== Args={'balls': 1, 'target': <playfield.playfield>, 'source': <ball_device.bd_trough>, 'mechanical_eject': False, 'num_attempts': 0}
2025-10-27 06:55:23,888 : INFO : ball_device.bd_trough : Wait for ball to leave device
2025-10-27 06:55:23,888 : INFO : coil.c_trough_eject : Pulsing Driver for 40ms (1.0 pulse_power)
2025-10-27 06:55:23,934 : INFO : SwitchController : <<<<<<< 's_trough' inactive >>>>>>>
2025-10-27 06:55:23,940 : INFO : ball_device.bd_trough : State: ball_left
2025-10-27 06:55:23,940 : INFO : ball_device.bd_trough : Ball left
2025-10-27 06:55:23,941 : INFO : ball_device.bd_trough : Wait for confirm with timeout 10.0
2025-10-27 06:55:32,917 : INFO : SwitchController : <<<<<<< 's_inlanes' active >>>>>>>
2025-10-27 06:55:32,917 : INFO : EventManager : Event: ======'s_inlanes_active'====== Args={}
2025-10-27 06:55:32,917 : INFO : EventManager : Event: ======'sw_playfield_active'====== Args={}
2025-10-27 06:55:32,917 : INFO : EventManager : Event: ======'machine_var_audits_switches_s_inlanes'====== Args={'value': 90, 'prev_value': 89, 'change': 1}
2025-10-27 06:55:32,918 : INFO : EventManager : Event: ======'player_score'====== Args={'value': 100, 'prev_value': 0, 'change': 100, 'player_num': 2, 'source': 'base'}
2025-10-27 06:55:32,918 : INFO : EventManager : Unordered handler for class <Auditor> on event game_ended with priority 1. Handlers: [RegisteredHandler(callback=<bound method Auditor.disable of <Auditor>>, priority=1, kwargs={}, key=UUID('fe053cb4-9427-4dfc-8b6f-d38405e3c58c'), condition=None, blocking_facility=None), RegisteredHandler(callback=<bound method Auditor._save_audits of <Auditor>>, priority=1, kwargs={}, key=UUID('c32bd11d-3303-4d2d-9680-9c60f1d5dc47'), condition=None, blocking_facility=None)]. The order of those handlers is not defined and they will be executed in random order. This might lead to race conditions and potential bugs.
2025-10-27 06:55:32,920 : INFO : EventManager : Event: ======'playfield_active'====== Args={'source': None}
2025-10-27 06:55:32,931 : INFO : EventManager : Unordered handler for class <Auditor> on event game_ended with priority 1. Handlers: [RegisteredHandler(callback=<bound method Auditor.disable of <Auditor>>, priority=1, kwargs={}, key=UUID('fe053cb4-9427-4dfc-8b6f-d38405e3c58c'), condition=None, blocking_facility=None), RegisteredHandler(callback=<bound method Auditor._save_audits of <Auditor>>, priority=1, kwargs={}, key=UUID('c32bd11d-3303-4d2d-9680-9c60f1d5dc47'), condition=None, blocking_facility=None)]. The order of those handlers is not defined and they will be executed in random order. This might lead to race conditions and potential bugs.
2025-10-27 06:55:32,931 : INFO : EventManager : Unordered handler for class <Auditor> on event game_ended with priority 1. Handlers: [RegisteredHandler(callback=<bound method Auditor.disable of <Auditor>>, priority=1, kwargs={}, key=UUID('fe053cb4-9427-4dfc-8b6f-d38405e3c58c'), condition=None, blocking_facility=None), RegisteredHandler(callback=<bound method Auditor._save_audits of <Auditor>>, priority=1, kwargs={}, key=UUID('c32bd11d-3303-4d2d-9680-9c60f1d5dc47'), condition=None, blocking_facility=None)]. The order of those handlers is not defined and they will be executed in random order. This might lead to race conditions and potential bugs.
2025-10-27 06:55:32,932 : INFO : ball_device.bd_trough : Got eject confirm
2025-10-27 06:55:32,932 : INFO : ball_device.bd_trough : Eject successful
2025-10-27 06:55:32,932 : INFO : EventManager : Event: ======'balldevice_bd_trough_ball_eject_success'====== Args={'balls': 1, 'target': <playfield.playfield>}
2025-10-27 06:55:32,932 : INFO : EventManager : Event: ======'balldevice_playfield_ball_enter'====== Args={'new_balls': 1, 'unclaimed_balls': 1, 'device': <playfield.playfield>}
2025-10-27 06:55:32,932 : INFO : EventManager : Event: ======'playfield_ball_count_change'====== Args={'balls': 1, 'change': 1}
2025-10-27 06:55:32,933 : INFO : EventManager : Event: ======'balldevice_bd_trough_ball_count_changed'====== Args={'balls': 0}
2025-10-27 06:55:32,933 : INFO : ball_device.bd_trough : State: idle
2025-10-27 06:55:33,042 : INFO : SwitchController : <<<<<<< 's_inlanes' inactive >>>>>>>
2025-10-27 06:55:37,574 : INFO : Machine : Shutting down...
2025-10-27 06:55:37,574 : INFO : EventManager : Event: ======'shutdown'====== Args={}
2025-10-27 06:55:37,576 : INFO : EventManager : Event: ======'mode_game_will_stop'====== Args={}
2025-10-27 06:55:37,576 : INFO : EventManager : Event: ======'mode_game_stopping'====== Args={}
2025-10-27 06:55:37,578 : ERROR : asyncio : Exception in callback SegmentDisplay._current_placeholder_changed(<Task finishe...d interrupt'>>)
handle: <Handle SegmentDisplay._current_placeholder_changed(<Task finishe...d interrupt'>>)>
Traceback (most recent call last):
  File "C:\Users\antho\mpf\Lib\site-packages\mpf\core\placeholder_manager.py", line 250, in format_field
    return super().format_field(value, format_spec)
           ^^^^^^^^^^^^^^^^^^^^^^^^^^^^^^^^^^^^^^^^
  File "C:\Users\antho\AppData\Local\Programs\Python\Python312\Lib\string.py", line 264, in format_field
    return format(value, format_spec)
           ^^^^^^^^^^^^^^^^^^^^^^^^^^
TypeError: unsupported format string passed to NoneType.__format__

The above exception was the direct cause of the following exception:

Traceback (most recent call last):
  File "C:\Users\antho\AppData\Local\Programs\Python\Python312\Lib\asyncio\events.py", line 88, in _run
    self._context.run(self._callback, *self._args)
  File "C:\Users\antho\mpf\Lib\site-packages\mpf\devices\segment_display\segment_display.py", line 318, in _current_placeholder_changed
    new_text, self._current_placeholder_future = self._current_placeholder.evaluate_and_subscribe({})
                                                 ^^^^^^^^^^^^^^^^^^^^^^^^^^^^^^^^^^^^^^^^^^^^^^^^^^^^
  File "C:\Users\antho\mpf\Lib\site-packages\mpf\core\placeholder_manager.py", line 278, in evaluate_and_subscribe
    value = f.format(self.text)
            ^^^^^^^^^^^^^^^^^^^
  File "C:\Users\antho\AppData\Local\Programs\Python\Python312\Lib\string.py", line 190, in format
    return self.vformat(format_string, args, kwargs)
           ^^^^^^^^^^^^^^^^^^^^^^^^^^^^^^^^^^^^^^^^^
  File "C:\Users\antho\AppData\Local\Programs\Python\Python312\Lib\string.py", line 194, in vformat
    result, _ = self._vformat(format_string, args, kwargs, used_args, 2)
                ^^^^^^^^^^^^^^^^^^^^^^^^^^^^^^^^^^^^^^^^^^^^^^^^^^^^^^^^
  File "C:\Users\antho\AppData\Local\Programs\Python\Python312\Lib\string.py", line 247, in _vformat
    result.append(self.format_field(obj, format_spec))
                  ^^^^^^^^^^^^^^^^^^^^^^^^^^^^^^^^^^^
  File "C:\Users\antho\mpf\Lib\site-packages\mpf\core\placeholder_manager.py", line 252, in format_field
    raise AssertionError("Could not format {} with {}".format(format_spec, value)) from e
AssertionError: Could not format 0>7 with None
2025-10-27 06:55:37,581 : ERROR : asyncio : Exception in callback SegmentDisplay._current_placeholder_changed(<Task finishe...d interrupt'>>)
handle: <Handle SegmentDisplay._current_placeholder_changed(<Task finishe...d interrupt'>>)>
Traceback (most recent call last):
  File "C:\Users\antho\mpf\Lib\site-packages\mpf\core\placeholder_manager.py", line 250, in format_field
    return super().format_field(value, format_spec)
           ^^^^^^^^^^^^^^^^^^^^^^^^^^^^^^^^^^^^^^^^
  File "C:\Users\antho\AppData\Local\Programs\Python\Python312\Lib\string.py", line 264, in format_field
    return format(value, format_spec)
           ^^^^^^^^^^^^^^^^^^^^^^^^^^
TypeError: unsupported format string passed to NoneType.__format__

The above exception was the direct cause of the following exception:

Traceback (most recent call last):
  File "C:\Users\antho\AppData\Local\Programs\Python\Python312\Lib\asyncio\events.py", line 88, in _run
    self._context.run(self._callback, *self._args)
  File "C:\Users\antho\mpf\Lib\site-packages\mpf\devices\segment_display\segment_display.py", line 318, in _current_placeholder_changed
    new_text, self._current_placeholder_future = self._current_placeholder.evaluate_and_subscribe({})
                                                 ^^^^^^^^^^^^^^^^^^^^^^^^^^^^^^^^^^^^^^^^^^^^^^^^^^^^
  File "C:\Users\antho\mpf\Lib\site-packages\mpf\core\placeholder_manager.py", line 278, in evaluate_and_subscribe
    value = f.format(self.text)
            ^^^^^^^^^^^^^^^^^^^
  File "C:\Users\antho\AppData\Local\Programs\Python\Python312\Lib\string.py", line 190, in format
    return self.vformat(format_string, args, kwargs)
           ^^^^^^^^^^^^^^^^^^^^^^^^^^^^^^^^^^^^^^^^^
  File "C:\Users\antho\AppData\Local\Programs\Python\Python312\Lib\string.py", line 194, in vformat
    result, _ = self._vformat(format_string, args, kwargs, used_args, 2)
                ^^^^^^^^^^^^^^^^^^^^^^^^^^^^^^^^^^^^^^^^^^^^^^^^^^^^^^^^
  File "C:\Users\antho\AppData\Local\Programs\Python\Python312\Lib\string.py", line 247, in _vformat
    result.append(self.format_field(obj, format_spec))
                  ^^^^^^^^^^^^^^^^^^^^^^^^^^^^^^^^^^^
  File "C:\Users\antho\mpf\Lib\site-packages\mpf\core\placeholder_manager.py", line 252, in format_field
    raise AssertionError("Could not format {} with {}".format(format_spec, value)) from e
AssertionError: Could not format 0>7 with None
2025-10-27 06:55:37,582 : INFO : EventManager : Event: ======'mode_base_will_stop'====== Args={}
2025-10-27 06:55:37,582 : INFO : EventManager : Event: ======'mode_base_stopping'====== Args={}
2025-10-27 06:55:37,583 : INFO : EventManager : Event: ======'stop_base_music'====== Args={'priority': 0}
2025-10-27 06:55:37,583 : INFO : Mode.base : Stopped.
2025-10-27 06:55:37,583 : INFO : EventManager : Event: ======'modes_active_modes_changed'====== Args={}
2025-10-27 06:55:37,583 : INFO : EventManager : Event: ======'mode_base_stopped'====== Args={}
2025-10-27 06:55:37,583 : INFO : EventManager : Event: ======'clear'====== Args={'key': 'base'}
2025-10-27 06:55:37,584 : INFO : Mode.game : Stopped.
2025-10-27 06:55:37,584 : INFO : EventManager : Event: ======'modes_active_modes_changed'====== Args={}
2025-10-27 06:55:37,584 : INFO : EventManager : Event: ======'mode_game_stopped'====== Args={}
2025-10-27 06:55:37,584 : INFO : EventManager : Event: ======'clear'====== Args={'key': 'game'}
2025-10-27 06:55:37,689 : INFO : root : MPF run loop ended.
