2025-11-05 16:47:34,133 : INFO : root : Loading config.
2025-11-05 16:47:34,140 : INFO : YamlMultifileConfigLoader : Machine config file #1: config.yaml
2025-11-05 16:47:34,140 : INFO : ConfigProcessor : Loading config from cache: C:\Users\antho\AppData\Local\Temp\fdca14d0c9d658ab8200d57120800af5.mpf_cache
2025-11-05 16:47:34,272 : INFO : ConfigProcessor : Loading config from cache: C:\Users\antho\AppData\Local\Temp\5dec96b1547c4adf5bdd3d1715e74bc0.mpf_cache
2025-11-05 16:47:34,273 : INFO : ConfigProcessor : Loading config from cache: C:\Users\antho\AppData\Local\Temp\202a5840610e95051f9f473dfa660cc0.mpf_cache
2025-11-05 16:47:34,274 : INFO : ConfigProcessor : Loading config from cache: C:\Users\antho\AppData\Local\Temp\5dec96b1547c4adf5bdd3d1715e74bc0.mpf_cache
2025-11-05 16:47:34,274 : WARNING : ConfigProcessor : Config file in cache changed: C:\Users\antho\nightpin\modes\base\config\base.yaml
2025-11-05 16:47:34,274 : INFO : ConfigProcessor : Loading config from file C:\Users\antho\nightpin\modes\base\config\base.yaml.
2025-11-05 16:47:34,295 : INFO : ConfigProcessor : Loading config: C:\Users\antho\nightpin\modes\base\config\base.yaml
2025-11-05 16:47:34,295 : ERROR : ConfigProcessor : Config section 'slides' is removed in MPF 0.80 and will be ignored.
2025-11-05 16:47:34,296 : INFO : ConfigProcessor : Config file cache created: C:\Users\antho\AppData\Local\Temp\2cd13a2d3f375e00ab01d6d09a85d8e7.mpf_cache
2025-11-05 16:47:34,296 : INFO : ConfigProcessor : Loading config from cache: C:\Users\antho\AppData\Local\Temp\9220b44b97b91972524500b81035d790.mpf_cache
2025-11-05 16:47:34,297 : INFO : ConfigProcessor : Loading config from cache: C:\Users\antho\AppData\Local\Temp\aa919e501ed8450b10d3bb8e37574ac5.mpf_cache
2025-11-05 16:47:34,298 : INFO : ConfigProcessor : Loading config from cache: C:\Users\antho\AppData\Local\Temp\31ee881584fa6fce665a672a4f3f633a.mpf_cache
2025-11-05 16:47:34,298 : INFO : ConfigProcessor : Loading config from cache: C:\Users\antho\AppData\Local\Temp\5e841763ec73085bbf92358fe6afda21.mpf_cache
2025-11-05 16:47:34,299 : INFO : ConfigProcessor : Loading config from cache: C:\Users\antho\AppData\Local\Temp\7f73d12aa9beccac1cbd8c265ccda72e.mpf_cache
2025-11-05 16:47:34,299 : INFO : ConfigProcessor : Loading config from cache: C:\Users\antho\AppData\Local\Temp\a03ebaa9d6d5676c418deb142cb34911.mpf_cache
2025-11-05 16:47:34,300 : INFO : ConfigProcessor : Loading config from cache: C:\Users\antho\AppData\Local\Temp\b17152efa55a24f0424602723f8d3921.mpf_cache
2025-11-05 16:47:34,300 : INFO : ConfigProcessor : Loading config from cache: C:\Users\antho\AppData\Local\Temp\e87fc0e7d2f8a851b5fa3f604e0d0c6e.mpf_cache
2025-11-05 16:47:34,301 : INFO : ConfigProcessor : Loading config from cache: C:\Users\antho\AppData\Local\Temp\196ac76b6cab3a9880804c826cfbcb5c.mpf_cache
2025-11-05 16:47:34,301 : INFO : ConfigProcessor : Loading config from cache: C:\Users\antho\AppData\Local\Temp\55437eb303afaa980597ff60f339a871.mpf_cache
2025-11-05 16:47:34,302 : INFO : ConfigProcessor : Loading config from cache: C:\Users\antho\AppData\Local\Temp\fddc1006228d3387e6d1e46051a3638d.mpf_cache
2025-11-05 16:47:34,302 : INFO : ConfigProcessor : Loading config from cache: C:\Users\antho\AppData\Local\Temp\834292dd7853e12a66732dc89828c828.mpf_cache
2025-11-05 16:47:34,302 : INFO : ConfigProcessor : Loading config from cache: C:\Users\antho\AppData\Local\Temp\46f8fa3e41dfeeb8232af2f03a13b6c4.mpf_cache
2025-11-05 16:47:34,304 : INFO : ConfigProcessor : Loading config from cache: C:\Users\antho\AppData\Local\Temp\c67e9c175da6c060302945929b27b878.mpf_cache
2025-11-05 16:47:34,305 : INFO : Machine : Mission Pinball Framework Core Engine v0.80.0.dev11
2025-11-05 16:47:34,305 : INFO : Machine : Command line arguments: {'no_load_cache': False, 'create_config_cache': True, 'bcp': True, 'configfile': ['config.yaml'], 'force_assets_load': False, 'platform_integration_test': False, 'jsonlogging': False, 'logfile': 'logs\\2025-11-05-16-47-34-mpf-LAPTOP-MPGP6R69.log', 'pause': False, 'production': False, 'text_ui': True, 'loglevel': 15, 'consoleloglevel': 20, 'force_platform': None, 'syslog_address': None, 'full_logfile_path': 'C:\\Users\\antho\\nightpin\\logs\\2025-11-05-16-47-34-mpf-LAPTOP-MPGP6R69.log'}
2025-11-05 16:47:34,305 : INFO : Machine : MPF path: C:\Users\antho\mpf\Lib\site-packages\mpf
2025-11-05 16:47:34,305 : INFO : Machine : Machine path: C:\Users\antho\nightpin
2025-11-05 16:47:34,305 : INFO : Machine : Platform: win32
2025-11-05 16:47:34,305 : INFO : Machine : Python executable location: C:\Users\antho\mpf\Scripts\python.exe
2025-11-05 16:47:34,305 : INFO : Machine : Python version: 3.12.7 (64-bit)
2025-11-05 16:47:34,307 : INFO : Machine : Initializing MPF...
2025-11-05 16:47:34,573 : INFO : lisy : Connecting to com3 at 115200bps
2025-11-05 16:47:34,574 : WARNING : lisy : Could not import terminos (this is ok on windows).
2025-11-05 16:47:34,731 : INFO : EventManager : Event: ======'machine_var_lisy_hardware'====== Args={'value': 'LISY35', 'prev_value': None, 'change': True}
2025-11-05 16:47:34,731 : INFO : EventManager : Event: ======'machine_var_lisy_version'====== Args={'value': '5.26 ', 'prev_value': None, 'change': True}
2025-11-05 16:47:34,731 : INFO : EventManager : Event: ======'machine_var_lisy_api_version'====== Args={'value': b'0.09', 'prev_value': None, 'change': True}
2025-11-05 16:47:36,055 : INFO : EventManager : Event: ======'machine_var_credits_string'====== Args={'value': 'FREE PLAY', 'prev_value': None, 'change': True}
2025-11-05 16:47:36,086 : INFO : EventManager : Event: ======'machine_var_master_volume'====== Args={'value': 0.5, 'prev_value': None, 'change': True}
2025-11-05 16:47:36,086 : INFO : EventManager : Event: ======'machine_var_player1_score'====== Args={'value': 2200, 'prev_value': None, 'change': True}
2025-11-05 16:47:36,086 : INFO : EventManager : Event: ======'machine_var_player2_score'====== Args={'value': 1200, 'prev_value': None, 'change': True}
2025-11-05 16:47:36,086 : INFO : EventManager : Event: ======'machine_var_mpf_version'====== Args={'value': 'Mission Pinball Framework v0.80.0.dev11', 'prev_value': None, 'change': True}
2025-11-05 16:47:36,086 : INFO : EventManager : Event: ======'machine_var_mpf_extended_version'====== Args={'value': 'Mission Pinball Framework v0.80.0.dev11, Config version:6, Show version: 6, BCP version:1.1', 'prev_value': None, 'change': True}
2025-11-05 16:47:36,087 : INFO : EventManager : Event: ======'machine_var_python_version'====== Args={'value': '3.12.7', 'prev_value': None, 'change': True}
2025-11-05 16:47:36,266 : INFO : EventManager : Event: ======'machine_var_platform'====== Args={'value': 'Windows-11-10.0.26100-SP0', 'prev_value': None, 'change': True}
2025-11-05 16:47:36,266 : INFO : EventManager : Event: ======'machine_var_platform_system'====== Args={'value': 'Windows', 'prev_value': None, 'change': True}
2025-11-05 16:47:36,267 : INFO : EventManager : Event: ======'machine_var_platform_release'====== Args={'value': '11', 'prev_value': None, 'change': True}
2025-11-05 16:47:36,267 : INFO : EventManager : Event: ======'machine_var_platform_version'====== Args={'value': '10.0.26100', 'prev_value': None, 'change': True}
2025-11-05 16:47:36,267 : INFO : EventManager : Event: ======'machine_var_platform_machine'====== Args={'value': 'AMD64', 'prev_value': None, 'change': True}
2025-11-05 16:47:36,267 : INFO : EventManager : Event: ======'machine_var_log_file_path'====== Args={'value': 'C:\\Users\\antho\\nightpin\\logs\\2025-11-05-16-47-34-mpf-LAPTOP-MPGP6R69.log', 'prev_value': None, 'change': True}
2025-11-05 16:47:36,267 : INFO : EventManager : Event: ======'init_phase_1'====== Args={}
2025-11-05 16:47:36,303 : INFO : EventManager : Event: ======'drop_target_bank_right_bank_up'====== Args={}
2025-11-05 16:47:36,303 : INFO : EventManager : Event: ======'drop_target_bank_left_bank_up'====== Args={}
2025-11-05 16:47:36,386 : INFO : EventManager : Event: ======'init_phase_2'====== Args={}
2025-11-05 16:47:36,390 : INFO : SwitchController : Found active switch: ('24', <mpf.platforms.lisy.lisy.LisyHardwarePlatform object at 0x0000013A50D296D0>) <switch.s_saucer>
2025-11-05 16:47:36,397 : INFO : EventManager : Event: ======'bcp_connection_attempt'====== Args={'name': 'local_display', 'host': 'localhost', 'port': 5050}
2025-11-05 16:47:36,400 : INFO : BCPClientSocket : Connecting BCP to 'local_display' at localhost:5050...
2025-11-05 16:47:36,418 : INFO : BCPClientSocket : Connected BCP to 'local_display' localhost:5050
2025-11-05 16:47:36,419 : INFO : EventManager : Event: ======'bcp_clients_connected'====== Args={}
2025-11-05 16:47:36,521 : INFO : ball_device.bd_trough : BCH: Initial count: 0
2025-11-05 16:47:36,522 : INFO : ball_device.bd_trough : State: idle
2025-11-05 16:47:36,523 : INFO : ball_device.bd_saucer : BCH: Initial count: 1
2025-11-05 16:47:36,523 : INFO : ball_device.bd_saucer : State: idle
2025-11-05 16:47:36,550 : INFO : EventManager : Event: ======'init_phase_3'====== Args={}
2025-11-05 16:47:36,556 : INFO : EventManager : Event: ======'init_phase_4'====== Args={}
2025-11-05 16:47:36,557 : INFO : BallController : Initial balls found: 1
2025-11-05 16:47:36,558 : INFO : EventManager : Event: ======'machine_var_audits_events_game_ended'====== Args={'value': 17, 'prev_value': None, 'change': True}
2025-11-05 16:47:36,558 : INFO : EventManager : Event: ======'machine_var_audits_events_game_started'====== Args={'value': 92, 'prev_value': None, 'change': True}
2025-11-05 16:47:36,559 : INFO : EventManager : Event: ======'machine_var_audits_missing_switches_s_coin_right'====== Args={'value': 91, 'prev_value': None, 'change': True}
2025-11-05 16:47:36,559 : INFO : EventManager : Event: ======'machine_var_audits_missing_switches_s_credit_button'====== Args={'value': 64, 'prev_value': None, 'change': True}
2025-11-05 16:47:36,559 : INFO : EventManager : Event: ======'machine_var_audits_missing_switches_s_inlanes'====== Args={'value': 12, 'prev_value': None, 'change': True}
2025-11-05 16:47:36,559 : INFO : EventManager : Event: ======'machine_var_audits_missing_switches_s_left_bank_target_left'====== Args={'value': 12, 'prev_value': None, 'change': True}
2025-11-05 16:47:36,559 : INFO : EventManager : Event: ======'machine_var_audits_missing_switches_s_left_bank_target_middle'====== Args={'value': 15, 'prev_value': None, 'change': True}
2025-11-05 16:47:36,559 : INFO : EventManager : Event: ======'machine_var_audits_missing_switches_s_left_bank_target_right'====== Args={'value': 12, 'prev_value': None, 'change': True}
2025-11-05 16:47:36,559 : INFO : EventManager : Event: ======'machine_var_audits_missing_switches_s_left_inlane'====== Args={'value': 7, 'prev_value': None, 'change': True}
2025-11-05 16:47:36,559 : INFO : EventManager : Event: ======'machine_var_audits_missing_switches_s_left_outlane'====== Args={'value': 7, 'prev_value': None, 'change': True}
2025-11-05 16:47:36,559 : INFO : EventManager : Event: ======'machine_var_audits_missing_switches_s_left_outlane_rollover'====== Args={'value': 23, 'prev_value': None, 'change': True}
2025-11-05 16:47:36,559 : INFO : EventManager : Event: ======'machine_var_audits_missing_switches_s_left_pop_bumper'====== Args={'value': 5, 'prev_value': None, 'change': True}
2025-11-05 16:47:36,559 : INFO : EventManager : Event: ======'machine_var_audits_missing_switches_s_left_rollover'====== Args={'value': 5, 'prev_value': None, 'change': True}
2025-11-05 16:47:36,559 : INFO : EventManager : Event: ======'machine_var_audits_missing_switches_s_left_skill_lane'====== Args={'value': 6, 'prev_value': None, 'change': True}
2025-11-05 16:47:36,560 : INFO : EventManager : Event: ======'machine_var_audits_missing_switches_s_left_sling'====== Args={'value': 30, 'prev_value': None, 'change': True}
2025-11-05 16:47:36,560 : INFO : EventManager : Event: ======'machine_var_audits_missing_switches_s_left_upper_bumper'====== Args={'value': 5, 'prev_value': None, 'change': True}
2025-11-05 16:47:36,560 : INFO : EventManager : Event: ======'machine_var_audits_missing_switches_s_middle_skill_lane'====== Args={'value': 5, 'prev_value': None, 'change': True}
2025-11-05 16:47:36,560 : INFO : EventManager : Event: ======'machine_var_audits_missing_switches_s_middle_upper_rollovers'====== Args={'value': 5, 'prev_value': None, 'change': True}
2025-11-05 16:47:36,560 : INFO : EventManager : Event: ======'machine_var_audits_missing_switches_s_outer_skill_lanes'====== Args={'value': 1, 'prev_value': None, 'change': True}
2025-11-05 16:47:36,560 : INFO : EventManager : Event: ======'machine_var_audits_missing_switches_s_right_bank_target_left'====== Args={'value': 5, 'prev_value': None, 'change': True}
2025-11-05 16:47:36,560 : INFO : EventManager : Event: ======'machine_var_audits_missing_switches_s_right_bank_target_middle'====== Args={'value': 5, 'prev_value': None, 'change': True}
2025-11-05 16:47:36,560 : INFO : EventManager : Event: ======'machine_var_audits_missing_switches_s_right_bank_target_right'====== Args={'value': 5, 'prev_value': None, 'change': True}
2025-11-05 16:47:36,561 : INFO : EventManager : Event: ======'machine_var_audits_missing_switches_s_right_outlane'====== Args={'value': 7, 'prev_value': None, 'change': True}
2025-11-05 16:47:36,561 : INFO : EventManager : Event: ======'machine_var_audits_missing_switches_s_right_outlane_rollover'====== Args={'value': 40, 'prev_value': None, 'change': True}
2025-11-05 16:47:36,561 : INFO : EventManager : Event: ======'machine_var_audits_missing_switches_s_right_pop_bumper'====== Args={'value': 5, 'prev_value': None, 'change': True}
2025-11-05 16:47:36,561 : INFO : EventManager : Event: ======'machine_var_audits_missing_switches_s_right_rollover'====== Args={'value': 7, 'prev_value': None, 'change': True}
2025-11-05 16:47:36,562 : INFO : EventManager : Event: ======'machine_var_audits_missing_switches_s_right_skill_lane'====== Args={'value': 5, 'prev_value': None, 'change': True}
2025-11-05 16:47:36,562 : INFO : EventManager : Event: ======'machine_var_audits_missing_switches_s_right_sling'====== Args={'value': 13, 'prev_value': None, 'change': True}
2025-11-05 16:47:36,562 : INFO : EventManager : Event: ======'machine_var_audits_missing_switches_s_rollover_upper'====== Args={'value': 5, 'prev_value': None, 'change': True}
2025-11-05 16:47:36,562 : INFO : EventManager : Event: ======'machine_var_audits_missing_switches_s_slam_tilt'====== Args={'value': 30, 'prev_value': None, 'change': True}
2025-11-05 16:47:36,562 : INFO : EventManager : Event: ======'machine_var_audits_missing_switches_s_spinner'====== Args={'value': 5, 'prev_value': None, 'change': True}
2025-11-05 16:47:36,562 : INFO : EventManager : Event: ======'machine_var_audits_missing_switches_s_stand_up'====== Args={'value': 64, 'prev_value': None, 'change': True}
2025-11-05 16:47:36,562 : INFO : EventManager : Event: ======'machine_var_audits_missing_switches_s_start_button'====== Args={'value': 1, 'prev_value': None, 'change': True}
2025-11-05 16:47:36,562 : INFO : EventManager : Event: ======'machine_var_audits_missing_switches_s_tilt'====== Args={'value': 62, 'prev_value': None, 'change': True}
2025-11-05 16:47:36,562 : INFO : EventManager : Event: ======'machine_var_audits_player_score'====== Args={'value': {'average': 1435, 'top': [5110, 5070, 4300, 4230, 3980, 3410, 2200, 1300, 1200, 500], 'total': 25}, 'prev_value': None, 'change': True}
2025-11-05 16:47:36,563 : INFO : EventManager : Event: ======'machine_var_audits_shots_my_first_shot'====== Args={'value': 3, 'prev_value': None, 'change': True}
2025-11-05 16:47:36,563 : INFO : EventManager : Event: ======'machine_var_audits_shots_sh_eg_pop_left'====== Args={'value': 8, 'prev_value': None, 'change': True}
2025-11-05 16:47:36,563 : INFO : EventManager : Event: ======'machine_var_audits_shots_sh_eg_pop_middle'====== Args={'value': 8, 'prev_value': None, 'change': True}
2025-11-05 16:47:36,563 : INFO : EventManager : Event: ======'machine_var_audits_shots_sh_eg_pop_right'====== Args={'value': 13, 'prev_value': None, 'change': True}
2025-11-05 16:47:36,563 : INFO : EventManager : Event: ======'machine_var_audits_shots_sh_eg_right_drop_left'====== Args={'value': 4, 'prev_value': None, 'change': True}
2025-11-05 16:47:36,563 : INFO : EventManager : Event: ======'machine_var_audits_shots_sh_eg_right_drop_middle'====== Args={'value': 3, 'prev_value': None, 'change': True}
2025-11-05 16:47:36,563 : INFO : EventManager : Event: ======'machine_var_audits_shots_sh_eg_right_drop_right'====== Args={'value': 3, 'prev_value': None, 'change': True}
2025-11-05 16:47:36,563 : INFO : EventManager : Event: ======'machine_var_audits_shots_sh_eg_spinner'====== Args={'value': 2, 'prev_value': None, 'change': True}
2025-11-05 16:47:36,563 : INFO : EventManager : Event: ======'machine_var_audits_shots_sh_escape_graveyard_start'====== Args={'value': 6, 'prev_value': None, 'change': True}
2025-11-05 16:47:36,563 : INFO : EventManager : Event: ======'machine_var_audits_switches_s_coin_right'====== Args={'value': 1, 'prev_value': None, 'change': True}
2025-11-05 16:47:36,563 : INFO : EventManager : Event: ======'machine_var_audits_switches_s_credit_button'====== Args={'value': 5, 'prev_value': None, 'change': True}
2025-11-05 16:47:36,564 : INFO : EventManager : Event: ======'machine_var_audits_switches_s_inlanes'====== Args={'value': 159, 'prev_value': None, 'change': True}
2025-11-05 16:47:36,564 : INFO : EventManager : Event: ======'machine_var_audits_switches_s_left_bank_target_left'====== Args={'value': 36, 'prev_value': None, 'change': True}
2025-11-05 16:47:36,564 : INFO : EventManager : Event: ======'machine_var_audits_switches_s_left_bank_target_middle'====== Args={'value': 27, 'prev_value': None, 'change': True}
2025-11-05 16:47:36,564 : INFO : EventManager : Event: ======'machine_var_audits_switches_s_left_bank_target_right'====== Args={'value': 27, 'prev_value': None, 'change': True}
2025-11-05 16:47:36,564 : INFO : EventManager : Event: ======'machine_var_audits_switches_s_left_inlane'====== Args={'value': 0, 'prev_value': None, 'change': True}
2025-11-05 16:47:36,564 : INFO : EventManager : Event: ======'machine_var_audits_switches_s_left_lower_bumper'====== Args={'value': 34, 'prev_value': None, 'change': True}
2025-11-05 16:47:36,564 : INFO : EventManager : Event: ======'machine_var_audits_switches_s_left_outlane'====== Args={'value': 0, 'prev_value': None, 'change': True}
2025-11-05 16:47:36,564 : INFO : EventManager : Event: ======'machine_var_audits_switches_s_left_outlane_rollover'====== Args={'value': 23, 'prev_value': None, 'change': True}
2025-11-05 16:47:36,564 : INFO : EventManager : Event: ======'machine_var_audits_switches_s_left_pop_bumper'====== Args={'value': 127, 'prev_value': None, 'change': True}
2025-11-05 16:47:36,564 : INFO : EventManager : Event: ======'machine_var_audits_switches_s_left_rollover'====== Args={'value': 1, 'prev_value': None, 'change': True}
2025-11-05 16:47:36,564 : INFO : EventManager : Event: ======'machine_var_audits_switches_s_left_skill_lane'====== Args={'value': 1, 'prev_value': None, 'change': True}
2025-11-05 16:47:36,565 : INFO : EventManager : Event: ======'machine_var_audits_switches_s_left_sling'====== Args={'value': 93, 'prev_value': None, 'change': True}
2025-11-05 16:47:36,565 : INFO : EventManager : Event: ======'machine_var_audits_switches_s_left_upper_bumper'====== Args={'value': 44, 'prev_value': None, 'change': True}
2025-11-05 16:47:36,565 : INFO : EventManager : Event: ======'machine_var_audits_switches_s_middle_pop_bumper'====== Args={'value': 126, 'prev_value': None, 'change': True}
2025-11-05 16:47:36,565 : INFO : EventManager : Event: ======'machine_var_audits_switches_s_middle_rollover'====== Args={'value': 6, 'prev_value': None, 'change': True}
2025-11-05 16:47:36,565 : INFO : EventManager : Event: ======'machine_var_audits_switches_s_middle_skill_lane'====== Args={'value': 81, 'prev_value': None, 'change': True}
2025-11-05 16:47:36,565 : INFO : EventManager : Event: ======'machine_var_audits_switches_s_middle_upper_rollovers'====== Args={'value': 97, 'prev_value': None, 'change': True}
2025-11-05 16:47:36,565 : INFO : EventManager : Event: ======'machine_var_audits_switches_s_outer_skill_lanes'====== Args={'value': 133, 'prev_value': None, 'change': True}
2025-11-05 16:47:36,565 : INFO : EventManager : Event: ======'machine_var_audits_switches_s_pop_bumper_bottom'====== Args={'value': 6, 'prev_value': None, 'change': True}
2025-11-05 16:47:36,565 : INFO : EventManager : Event: ======'machine_var_audits_switches_s_pop_bumper_left'====== Args={'value': 2, 'prev_value': None, 'change': True}
2025-11-05 16:47:36,565 : INFO : EventManager : Event: ======'machine_var_audits_switches_s_pop_bumper_right'====== Args={'value': 1, 'prev_value': None, 'change': True}
2025-11-05 16:47:36,566 : INFO : EventManager : Event: ======'machine_var_audits_switches_s_right_bank_target_left'====== Args={'value': 55, 'prev_value': None, 'change': True}
2025-11-05 16:47:36,566 : INFO : EventManager : Event: ======'machine_var_audits_switches_s_right_bank_target_middle'====== Args={'value': 43, 'prev_value': None, 'change': True}
2025-11-05 16:47:36,566 : INFO : EventManager : Event: ======'machine_var_audits_switches_s_right_bank_target_right'====== Args={'value': 40, 'prev_value': None, 'change': True}
2025-11-05 16:47:36,566 : INFO : EventManager : Event: ======'machine_var_audits_switches_s_right_inlane'====== Args={'value': 3, 'prev_value': None, 'change': True}
2025-11-05 16:47:36,566 : INFO : EventManager : Event: ======'machine_var_audits_switches_s_right_outlane'====== Args={'value': 0, 'prev_value': None, 'change': True}
2025-11-05 16:47:36,566 : INFO : EventManager : Event: ======'machine_var_audits_switches_s_right_outlane_rollover'====== Args={'value': 6, 'prev_value': None, 'change': True}
2025-11-05 16:47:36,566 : INFO : EventManager : Event: ======'machine_var_audits_switches_s_right_pop_bumper'====== Args={'value': 181, 'prev_value': None, 'change': True}
2025-11-05 16:47:36,566 : INFO : EventManager : Event: ======'machine_var_audits_switches_s_right_rollover'====== Args={'value': 0, 'prev_value': None, 'change': True}
2025-11-05 16:47:36,566 : INFO : EventManager : Event: ======'machine_var_audits_switches_s_right_skill_lane'====== Args={'value': 1, 'prev_value': None, 'change': True}
2025-11-05 16:47:36,566 : INFO : EventManager : Event: ======'machine_var_audits_switches_s_right_sling'====== Args={'value': 72, 'prev_value': None, 'change': True}
2025-11-05 16:47:36,566 : INFO : EventManager : Event: ======'machine_var_audits_switches_s_rollover_upper'====== Args={'value': 1, 'prev_value': None, 'change': True}
2025-11-05 16:47:36,567 : INFO : EventManager : Event: ======'machine_var_audits_switches_s_saucer'====== Args={'value': 97, 'prev_value': None, 'change': True}
2025-11-05 16:47:36,567 : INFO : EventManager : Event: ======'machine_var_audits_switches_s_slam_tilt'====== Args={'value': 6, 'prev_value': None, 'change': True}
2025-11-05 16:47:36,567 : INFO : EventManager : Event: ======'machine_var_audits_switches_s_spinner'====== Args={'value': 430, 'prev_value': None, 'change': True}
2025-11-05 16:47:36,567 : INFO : EventManager : Event: ======'machine_var_audits_switches_s_stand_up'====== Args={'value': 8, 'prev_value': None, 'change': True}
2025-11-05 16:47:36,567 : INFO : EventManager : Event: ======'machine_var_audits_switches_s_start_button'====== Args={'value': 37, 'prev_value': None, 'change': True}
2025-11-05 16:47:36,568 : INFO : EventManager : Event: ======'machine_var_audits_switches_s_tilt'====== Args={'value': 1, 'prev_value': None, 'change': True}
2025-11-05 16:47:36,568 : INFO : EventManager : Event: ======'machine_var_audits_switches_s_trough'====== Args={'value': 457, 'prev_value': None, 'change': True}
2025-11-05 16:47:36,568 : INFO : EventManager : Event: ======'init_phase_5'====== Args={}
2025-11-05 16:47:36,606 : INFO : EventManager : Event: ======'init_done'====== Args={}
2025-11-05 16:47:36,606 : INFO : EventManager : Event: ======'machine_reset_phase_1'====== Args={}
2025-11-05 16:47:36,612 : INFO : EventManager : Event: ======'machine_reset_phase_2'====== Args={}
2025-11-05 16:47:36,614 : INFO : EventManager : Event: ======'machine_reset_phase_3'====== Args={}
2025-11-05 16:47:36,614 : INFO : EventManager : Event: ======'mode_attract_will_start'====== Args={'queue': <QueuedEvent>}
2025-11-05 16:47:36,615 : INFO : EventManager : Event: ======'mode_attract_starting'====== Args={'queue': <QueuedEvent>}
2025-11-05 16:47:36,616 : INFO : Mode.attract : Started. Priority: 10
2025-11-05 16:47:36,616 : INFO : EventManager : Event: ======'modes_active_modes_changed'====== Args={}
2025-11-05 16:47:36,616 : INFO : EventManager : Event: ======'mode_attract_started'====== Args={'queue': <QueuedEvent>}
2025-11-05 16:47:36,616 : INFO : EventManager : Event: ======'godot_attract_on'====== Args={'priority': 0}
2025-11-05 16:47:36,617 : INFO : EventManager : Event: ======'collecting_balls_complete'====== Args={}
2025-11-05 16:47:36,617 : INFO : EventManager : Event: ======'reset_complete'====== Args={}
2025-11-05 16:47:36,632 : INFO : Machine : Starting the main run loop with active modes: [<Mode.attract>]
2025-11-05 16:47:36,660 : INFO : EventManager : Event: ======'slide_attract_created'====== Args={'_from_bcp': True}
2025-11-05 16:47:36,661 : INFO : EventManager : Event: ======'slide__removed'====== Args={'_from_bcp': True}
2025-11-05 16:47:36,661 : INFO : EventManager : Event: ======'slide_attract_active'====== Args={'original_context': 'attract', 'original_calling_context': 'mode_attract_started', 'priority': 10.0, 'queue': '<QueuedEvent>', 'cmd': 'slides_play', '_from_bcp': True}
2025-11-05 16:47:38,613 : INFO : EventManager : Event: ======'attract_wave_complete'====== Args={'priority': 0}
2025-11-05 16:47:39,003 : INFO : EventManager : Event: ======'attract_pulse_complete'====== Args={'priority': 0}
2025-11-05 16:47:39,397 : INFO : EventManager : Event: ======'attract_pulse_complete'====== Args={'priority': 0}
2025-11-05 16:47:40,929 : INFO : SwitchController : <<<<<<< 's_start_button' active >>>>>>>
2025-11-05 16:47:41,133 : INFO : SwitchController : <<<<<<< 's_start_button' inactive >>>>>>>
2025-11-05 16:47:41,133 : INFO : EventManager : Event: ======'request_to_start_game'====== Args={}
2025-11-05 16:47:41,133 : INFO : EventManager : Event: ======'game_start'====== Args={'buttons': [], 'hold_time': 0.2029999999795109}
2025-11-05 16:47:41,133 : INFO : EventManager : Event: ======'mode_game_will_start'====== Args={'buttons': [], 'hold_time': 0.2029999999795109}
2025-11-05 16:47:41,134 : INFO : EventManager : Event: ======'mode_game_starting'====== Args={'buttons': [], 'hold_time': 0.2029999999795109}
2025-11-05 16:47:41,134 : INFO : Mode.game : Started. Priority: 20
2025-11-05 16:47:41,134 : INFO : EventManager : Event: ======'modes_active_modes_changed'====== Args={}
2025-11-05 16:47:41,134 : INFO : EventManager : Event: ======'mode_game_started'====== Args={'buttons': [], 'hold_time': 0.2029999999795109}
2025-11-05 16:47:41,150 : INFO : EventManager : Event: ======'game_will_start'====== Args={}
2025-11-05 16:47:41,150 : INFO : EventManager : Event: ======'game_starting'====== Args={'game': <Mode.game>}
2025-11-05 16:47:41,151 : INFO : EventManager : Event: ======'mode_attract_will_stop'====== Args={}
2025-11-05 16:47:41,151 : INFO : EventManager : Event: ======'mode_attract_stopping'====== Args={}
2025-11-05 16:47:41,151 : INFO : EventManager : Event: ======'godot_attract_off'====== Args={'priority': 0}
2025-11-05 16:47:41,151 : INFO : EventManager : Unordered handler for class <Auditor> on event game_ended with priority 1. Handlers: [RegisteredHandler(callback=<bound method Auditor.disable of <Auditor>>, priority=1, kwargs={}, key=UUID('f81e7394-19cf-4ad9-bef5-b90555ff4b68'), condition=None, blocking_facility=None), RegisteredHandler(callback=<bound method Auditor._save_audits of <Auditor>>, priority=1, kwargs={}, key=UUID('91d35fa8-d06d-44fc-bac5-0e2d9e542518'), condition=None, blocking_facility=None)]. The order of those handlers is not defined and they will be executed in random order. This might lead to race conditions and potential bugs.
2025-11-05 16:47:41,152 : INFO : EventManager : Event: ======'godot_attract_off'====== Args={'priority': 0}
2025-11-05 16:47:41,152 : INFO : Mode.attract : Stopped.
2025-11-05 16:47:41,153 : INFO : EventManager : Event: ======'modes_active_modes_changed'====== Args={}
2025-11-05 16:47:41,153 : INFO : EventManager : Event: ======'mode_attract_stopped'====== Args={}
2025-11-05 16:47:41,153 : INFO : EventManager : Event: ======'clear'====== Args={'key': 'attract'}
2025-11-05 16:47:41,153 : INFO : EventManager : Event: ======'player_add_request'====== Args={}
2025-11-05 16:47:41,153 : INFO : EventManager : Event: ======'player_will_add'====== Args={'number': 1}
2025-11-05 16:47:41,153 : INFO : EventManager : Event: ======'player_adding'====== Args={'player': <Player 1>, 'number': 1}
2025-11-05 16:47:41,154 : INFO : EventManager : Event: ======'player_added'====== Args={'player': <Player 1>, 'num': 1}
2025-11-05 16:47:41,154 : INFO : Mode.game : Player added successfully. Total players: 1
2025-11-05 16:47:41,154 : INFO : EventManager : Event: ======'player_index'====== Args={'value': 0, 'prev_value': 0, 'change': 0, 'player_num': 1}
2025-11-05 16:47:41,154 : INFO : EventManager : Event: ======'player_number'====== Args={'value': 1, 'prev_value': 1, 'change': 0, 'player_num': 1}
2025-11-05 16:47:41,154 : INFO : EventManager : Event: ======'player_score'====== Args={'value': 0, 'prev_value': 0, 'change': 0, 'player_num': 1}
2025-11-05 16:47:41,155 : INFO : EventManager : Unordered handler for class <Auditor> on event game_ended with priority 1. Handlers: [RegisteredHandler(callback=<bound method Auditor.disable of <Auditor>>, priority=1, kwargs={}, key=UUID('f81e7394-19cf-4ad9-bef5-b90555ff4b68'), condition=None, blocking_facility=None), RegisteredHandler(callback=<bound method Auditor._save_audits of <Auditor>>, priority=1, kwargs={}, key=UUID('91d35fa8-d06d-44fc-bac5-0e2d9e542518'), condition=None, blocking_facility=None)]. The order of those handlers is not defined and they will be executed in random order. This might lead to race conditions and potential bugs.
2025-11-05 16:47:41,172 : INFO : EventManager : Event: ======'game_started'====== Args={}
2025-11-05 16:47:41,172 : INFO : EventManager : Event: ======'blink_on'====== Args={'priority': 0}
2025-11-05 16:47:41,173 : INFO : EventManager : Event: ======'player_turn_will_start'====== Args={'player': <Player 1>, 'number': 1}
2025-11-05 16:47:41,177 : INFO : EventManager : Event: ======'player_turn_starting'====== Args={'player': <Player 1>, 'number': 1}
2025-11-05 16:47:41,179 : INFO : EventManager : Event: ======'player_ball'====== Args={'value': 1, 'prev_value': 0, 'change': 1, 'player_num': 1}
2025-11-05 16:47:41,179 : INFO : EventManager : Event: ======'player_turn_started'====== Args={'player': <Player 1>, 'number': 1}
2025-11-05 16:47:41,180 : INFO : EventManager : Event: ======'ball_will_start'====== Args={'player': 1, 'ball': 1, 'balls_remaining': 2, 'is_extra_ball': False}
2025-11-05 16:47:41,184 : INFO : EventManager : Event: ======'ball_starting'====== Args={'player': 1, 'ball': 1, 'balls_remaining': 2, 'is_extra_ball': False}
2025-11-05 16:47:41,185 : INFO : drop_target_bank.right_bank : All targets are already up. Will not reset bank.
2025-11-05 16:47:41,185 : INFO : drop_target_bank.left_bank : All targets are already up. Will not reset bank.
2025-11-05 16:47:41,185 : INFO : EventManager : Event: ======'balls_in_play'====== Args={'balls': 1}
2025-11-05 16:47:41,185 : INFO : EventManager : Event: ======'ball_started'====== Args={'player': 1, 'ball': 1, 'balls_remaining': 2, 'is_extra_ball': False}
2025-11-05 16:47:41,185 : INFO : EventManager : Event: ======'mode_base_will_start'====== Args={'player': 1, 'ball': 1, 'balls_remaining': 2, 'is_extra_ball': False}
2025-11-05 16:47:41,186 : INFO : EventManager : Event: ======'player_shot_sh_escape_graveyard_start_enabled'====== Args={'value': False, 'prev_value': 0, 'change': 0, 'player_num': 1}
2025-11-05 16:47:41,186 : INFO : EventManager : Unordered handler for class <Auditor> on event game_ended with priority 1. Handlers: [RegisteredHandler(callback=<bound method Auditor.disable of <Auditor>>, priority=1, kwargs={}, key=UUID('f81e7394-19cf-4ad9-bef5-b90555ff4b68'), condition=None, blocking_facility=None), RegisteredHandler(callback=<bound method Auditor._save_audits of <Auditor>>, priority=1, kwargs={}, key=UUID('91d35fa8-d06d-44fc-bac5-0e2d9e542518'), condition=None, blocking_facility=None)]. The order of those handlers is not defined and they will be executed in random order. This might lead to race conditions and potential bugs.
2025-11-05 16:47:41,187 : INFO : EventManager : Unordered handler for class <Auditor> on event game_ended with priority 1. Handlers: [RegisteredHandler(callback=<bound method Auditor.disable of <Auditor>>, priority=1, kwargs={}, key=UUID('f81e7394-19cf-4ad9-bef5-b90555ff4b68'), condition=None, blocking_facility=None), RegisteredHandler(callback=<bound method Auditor._save_audits of <Auditor>>, priority=1, kwargs={}, key=UUID('91d35fa8-d06d-44fc-bac5-0e2d9e542518'), condition=None, blocking_facility=None)]. The order of those handlers is not defined and they will be executed in random order. This might lead to race conditions and potential bugs.
2025-11-05 16:47:41,190 : INFO : EventManager : Event: ======'mode_base_starting'====== Args={'player': 1, 'ball': 1, 'balls_remaining': 2, 'is_extra_ball': False}
2025-11-05 16:47:41,191 : INFO : EventManager : Unordered handler for class <Auditor> on event game_ended with priority 1. Handlers: [RegisteredHandler(callback=<bound method Auditor.disable of <Auditor>>, priority=1, kwargs={}, key=UUID('f81e7394-19cf-4ad9-bef5-b90555ff4b68'), condition=None, blocking_facility=None), RegisteredHandler(callback=<bound method Auditor._save_audits of <Auditor>>, priority=1, kwargs={}, key=UUID('91d35fa8-d06d-44fc-bac5-0e2d9e542518'), condition=None, blocking_facility=None)]. The order of those handlers is not defined and they will be executed in random order. This might lead to race conditions and potential bugs.
2025-11-05 16:47:41,192 : INFO : EventManager : Event: ======'logicblock_eg_pop_counter_updated'====== Args={'value': 0, 'enabled': True}
2025-11-05 16:47:41,192 : INFO : EventManager : Event: ======'logicblock_eg_pop_counter_updated'====== Args={'value': 0, 'enabled': True}
2025-11-05 16:47:41,192 : INFO : Mode.base : Started. Priority: 50
2025-11-05 16:47:41,192 : INFO : EventManager : Event: ======'modes_active_modes_changed'====== Args={}
2025-11-05 16:47:41,192 : INFO : EventManager : Event: ======'mode_base_started'====== Args={'player': 1, 'ball': 1, 'balls_remaining': 2, 'is_extra_ball': False}
2025-11-05 16:47:41,192 : INFO : EventManager : Event: ======'single_player_ball_started'====== Args={}
2025-11-05 16:47:41,193 : INFO : EventManager : Event: ======'stop_mode_attract'====== Args={'priority': 0}
2025-11-05 16:47:41,193 : INFO : EventManager : Event: ======'godot_attract_off'====== Args={'priority': 0}
2025-11-05 16:47:41,193 : INFO : EventManager : Event: ======'godot_play_base'====== Args={'priority': 0}
2025-11-05 16:47:41,193 : INFO : EventManager : Event: ======'start_firstball_intro'====== Args={'priority': 0}
2025-11-05 16:47:41,193 : ERROR : asyncio : Exception in callback EventManager.process_event_queue()
handle: <Handle EventManager.process_event_queue()>
Traceback (most recent call last):
  File "C:\Users\antho\mpf\Lib\site-packages\mpf\core\show_controller.py", line 130, in replace_or_advance_show
    show_obj = self.machine.shows[config.name]
               ~~~~~~~~~~~~~~~~~~^^^^^^^^^^^^^
KeyError: 'zombie_moan_1'

During handling of the above exception, another exception occurred:

Traceback (most recent call last):
  File "C:\Users\antho\mpf\Lib\site-packages\mpf\core\events.py", line 755, in _run_handlers
    result = handler.callback(**merged_kwargs)
             ^^^^^^^^^^^^^^^^^^^^^^^^^^^^^^^^^
  File "C:\Users\antho\mpf\Lib\site-packages\mpf\core\config_player.py", line 348, in config_play_callback
    return self.play(settings=settings, context=context, calling_context=calling_context, priority=priority,
           ^^^^^^^^^^^^^^^^^^^^^^^^^^^^^^^^^^^^^^^^^^^^^^^^^^^^^^^^^^^^^^^^^^^^^^^^^^^^^^^^^^^^^^^^^^^^^^^^^
  File "C:\Users\antho\mpf\Lib\site-packages\mpf\config_players\show_player.py", line 60, in play
    self._update_show(show.name, show_settings, context, queue, start_time, show_tokens)
  File "C:\Users\antho\mpf\Lib\site-packages\mpf\config_players\show_player.py", line 225, in _update_show
    action(key, instance_dict, show_name, show_settings, queue, start_time, placeholder_args)
  File "C:\Users\antho\mpf\Lib\site-packages\mpf\config_players\show_player.py", line 117, in _play
    instance_dict[key] = self.machine.show_controller.replace_or_advance_show(previous_show, show_config,
                         ^^^^^^^^^^^^^^^^^^^^^^^^^^^^^^^^^^^^^^^^^^^^^^^^^^^^^^^^^^^^^^^^^^^^^^^^^^^^^^^^
  File "C:\Users\antho\mpf\Lib\site-packages\mpf\core\show_controller.py", line 132, in replace_or_advance_show
    raise KeyError("Cannot play show '{}'. No show with that "
KeyError: "Cannot play show 'zombie_moan_1'. No show with that name."

The above exception was the direct cause of the following exception:

Traceback (most recent call last):
  File "C:\Users\antho\AppData\Local\Programs\Python\Python312\Lib\asyncio\events.py", line 88, in _run
    self._context.run(self._callback, *self._args)
  File "C:\Users\antho\mpf\Lib\site-packages\mpf\core\events.py", line 846, in process_event_queue
    self._process_event(event=event[0],
  File "C:\Users\antho\mpf\Lib\site-packages\mpf\core\events.py", line 808, in _process_event
    result = self._run_handlers(event, ev_type, kwargs)
             ^^^^^^^^^^^^^^^^^^^^^^^^^^^^^^^^^^^^^^^^^^
  File "C:\Users\antho\mpf\Lib\site-packages\mpf\core\events.py", line 757, in _run_handlers
    raise EventHandlerException(
mpf.core.events.EventHandlerException: Exception while processing RegisteredHandler(callback=<bound method ConfigPlayer.config_play_callback of ConfigPlayer.show_player/shows>, priority=50, kwargs={'calling_context': 'mode_base_started', 'mode': <Mode.base>, 'settings': {attract_wave-None-None: {'action': 'stop', 'priority': 0, 'show': None, 'speed': <NativeTemplate 1.0>, 'block_queue': False, 'start_step': <NativeTemplate 1>, 'start_running': <Template True>, 'loops': -1, 'sync_ms': None, 'manual_advance': False, 'show_queue': None, 'key': None, 'show_tokens': {}, 'events_when_played': [], 'events_when_stopped': [], 'events_when_looped': [], 'events_when_paused': [], 'events_when_resumed': [], 'events_when_advanced': [], 'events_when_stepped_back': [], 'events_when_updated': [], 'events_when_completed': []}, attract_pulse-None-None: {'action': 'stop', 'priority': 0, 'show': None, 'speed': <NativeTemplate 1.0>, 'block_queue': False, 'start_step': <NativeTemplate 1>, 'start_running': <Template True>, 'loops': -1, 'sync_ms': None, 'manual_advance': False, 'show_queue': None, 'key': None, 'show_tokens': {}, 'events_when_played': [], 'events_when_stopped': [], 'events_when_looped': [], 'events_when_paused': [], 'events_when_resumed': [], 'events_when_advanced': [], 'events_when_stepped_back': [], 'events_when_updated': [], 'events_when_completed': []}, zombie_moan_1-None-None: {'action': 'play', 'priority': 0, 'show': None, 'speed': <NativeTemplate 1.0>, 'block_queue': False, 'start_step': <NativeTemplate 1>, 'start_running': <Template True>, 'loops': -1, 'sync_ms': None, 'manual_advance': False, 'show_queue': None, 'key': None, 'show_tokens': {}, 'events_when_played': [], 'events_when_stopped': [], 'events_when_looped': [], 'events_when_paused': [], 'events_when_resumed': [], 'events_when_advanced': [], 'events_when_stepped_back': [], 'events_when_updated': [], 'events_when_completed': []}}}, key=UUID('c2c2dbcf-7ec2-4d01-b7ab-d6ff94912e25'), condition=None, blocking_facility=None) for event mode_base_started. "Cannot play show 'zombie_moan_1'. No show with that name."
2025-11-05 16:47:41,198 : INFO : Machine : Shutting down...
2025-11-05 16:47:41,198 : INFO : EventManager : Event: ======'shutdown'====== Args={}
2025-11-05 16:47:41,200 : INFO : EventManager : Event: ======'mode_game_will_stop'====== Args={}
2025-11-05 16:47:41,200 : INFO : EventManager : Event: ======'mode_game_stopping'====== Args={}
2025-11-05 16:47:41,200 : INFO : EventManager : Event: ======'mode_base_will_stop'====== Args={}
2025-11-05 16:47:41,200 : INFO : EventManager : Event: ======'mode_base_stopping'====== Args={}
2025-11-05 16:47:41,201 : INFO : EventManager : Event: ======'godot_stop_base'====== Args={'priority': 0}
2025-11-05 16:47:41,201 : INFO : Mode.base : Stopped.
2025-11-05 16:47:41,201 : INFO : EventManager : Event: ======'modes_active_modes_changed'====== Args={}
2025-11-05 16:47:41,202 : INFO : EventManager : Event: ======'mode_base_stopped'====== Args={}
2025-11-05 16:47:41,202 : INFO : EventManager : Event: ======'clear'====== Args={'key': 'base'}
2025-11-05 16:47:41,202 : INFO : Mode.game : Stopped.
2025-11-05 16:47:41,202 : INFO : EventManager : Event: ======'modes_active_modes_changed'====== Args={}
2025-11-05 16:47:41,202 : INFO : EventManager : Event: ======'mode_game_stopped'====== Args={}
2025-11-05 16:47:41,204 : INFO : EventManager : Event: ======'clear'====== Args={'key': 'game'}
2025-11-05 16:47:41,317 : ERROR : Machine : Runtime Exception
Traceback (most recent call last):
  File "C:\Users\antho\mpf\Lib\site-packages\mpf\core\show_controller.py", line 130, in replace_or_advance_show
    show_obj = self.machine.shows[config.name]
               ~~~~~~~~~~~~~~~~~~^^^^^^^^^^^^^
KeyError: 'zombie_moan_1'

During handling of the above exception, another exception occurred:

Traceback (most recent call last):
  File "C:\Users\antho\mpf\Lib\site-packages\mpf\core\events.py", line 755, in _run_handlers
    result = handler.callback(**merged_kwargs)
             ^^^^^^^^^^^^^^^^^^^^^^^^^^^^^^^^^
  File "C:\Users\antho\mpf\Lib\site-packages\mpf\core\config_player.py", line 348, in config_play_callback
    return self.play(settings=settings, context=context, calling_context=calling_context, priority=priority,
           ^^^^^^^^^^^^^^^^^^^^^^^^^^^^^^^^^^^^^^^^^^^^^^^^^^^^^^^^^^^^^^^^^^^^^^^^^^^^^^^^^^^^^^^^^^^^^^^^^
  File "C:\Users\antho\mpf\Lib\site-packages\mpf\config_players\show_player.py", line 60, in play
    self._update_show(show.name, show_settings, context, queue, start_time, show_tokens)
  File "C:\Users\antho\mpf\Lib\site-packages\mpf\config_players\show_player.py", line 225, in _update_show
    action(key, instance_dict, show_name, show_settings, queue, start_time, placeholder_args)
  File "C:\Users\antho\mpf\Lib\site-packages\mpf\config_players\show_player.py", line 117, in _play
    instance_dict[key] = self.machine.show_controller.replace_or_advance_show(previous_show, show_config,
                         ^^^^^^^^^^^^^^^^^^^^^^^^^^^^^^^^^^^^^^^^^^^^^^^^^^^^^^^^^^^^^^^^^^^^^^^^^^^^^^^^
  File "C:\Users\antho\mpf\Lib\site-packages\mpf\core\show_controller.py", line 132, in replace_or_advance_show
    raise KeyError("Cannot play show '{}'. No show with that "
KeyError: "Cannot play show 'zombie_moan_1'. No show with that name."

The above exception was the direct cause of the following exception:

Traceback (most recent call last):
  File "C:\Users\antho\mpf\Lib\site-packages\mpf\core\machine.py", line 810, in _run_loop
    raise self._exception['exception']
  File "C:\Users\antho\AppData\Local\Programs\Python\Python312\Lib\asyncio\events.py", line 88, in _run
    self._context.run(self._callback, *self._args)
  File "C:\Users\antho\mpf\Lib\site-packages\mpf\core\events.py", line 846, in process_event_queue
    self._process_event(event=event[0],
  File "C:\Users\antho\mpf\Lib\site-packages\mpf\core\events.py", line 808, in _process_event
    result = self._run_handlers(event, ev_type, kwargs)
             ^^^^^^^^^^^^^^^^^^^^^^^^^^^^^^^^^^^^^^^^^^
  File "C:\Users\antho\mpf\Lib\site-packages\mpf\core\events.py", line 757, in _run_handlers
    raise EventHandlerException(
mpf.core.events.EventHandlerException: Exception while processing RegisteredHandler(callback=<bound method ConfigPlayer.config_play_callback of ConfigPlayer.show_player/shows>, priority=50, kwargs={'calling_context': 'mode_base_started', 'mode': <Mode.base>, 'settings': {attract_wave-None-None: {'action': 'stop', 'priority': 0, 'show': None, 'speed': <NativeTemplate 1.0>, 'block_queue': False, 'start_step': <NativeTemplate 1>, 'start_running': <Template True>, 'loops': -1, 'sync_ms': None, 'manual_advance': False, 'show_queue': None, 'key': None, 'show_tokens': {}, 'events_when_played': [], 'events_when_stopped': [], 'events_when_looped': [], 'events_when_paused': [], 'events_when_resumed': [], 'events_when_advanced': [], 'events_when_stepped_back': [], 'events_when_updated': [], 'events_when_completed': []}, attract_pulse-None-None: {'action': 'stop', 'priority': 0, 'show': None, 'speed': <NativeTemplate 1.0>, 'block_queue': False, 'start_step': <NativeTemplate 1>, 'start_running': <Template True>, 'loops': -1, 'sync_ms': None, 'manual_advance': False, 'show_queue': None, 'key': None, 'show_tokens': {}, 'events_when_played': [], 'events_when_stopped': [], 'events_when_looped': [], 'events_when_paused': [], 'events_when_resumed': [], 'events_when_advanced': [], 'events_when_stepped_back': [], 'events_when_updated': [], 'events_when_completed': []}, zombie_moan_1-None-None: {'action': 'play', 'priority': 0, 'show': None, 'speed': <NativeTemplate 1.0>, 'block_queue': False, 'start_step': <NativeTemplate 1>, 'start_running': <Template True>, 'loops': -1, 'sync_ms': None, 'manual_advance': False, 'show_queue': None, 'key': None, 'show_tokens': {}, 'events_when_played': [], 'events_when_stopped': [], 'events_when_looped': [], 'events_when_paused': [], 'events_when_resumed': [], 'events_when_advanced': [], 'events_when_stepped_back': [], 'events_when_updated': [], 'events_when_completed': []}}}, key=UUID('c2c2dbcf-7ec2-4d01-b7ab-d6ff94912e25'), condition=None, blocking_facility=None) for event mode_base_started. "Cannot play show 'zombie_moan_1'. No show with that name."
2025-11-05 16:47:41,320 : INFO : root : MPF run loop ended.
