2025-10-25 20:03:36,727 : INFO : root : Loading config.
2025-10-25 20:03:36,733 : INFO : YamlMultifileConfigLoader : Machine config file #1: config.yaml
2025-10-25 20:03:36,735 : INFO : ConfigProcessor : Loading config from cache: C:\Users\antho\AppData\Local\Temp\fdca14d0c9d658ab8200d57120800af5.mpf_cache
2025-10-25 20:03:36,863 : INFO : ConfigProcessor : Loading config from cache: C:\Users\antho\AppData\Local\Temp\5dec96b1547c4adf5bdd3d1715e74bc0.mpf_cache
2025-10-25 20:03:36,863 : INFO : ConfigProcessor : Loading config from cache: C:\Users\antho\AppData\Local\Temp\202a5840610e95051f9f473dfa660cc0.mpf_cache
2025-10-25 20:03:36,864 : INFO : ConfigProcessor : Loading config from cache: C:\Users\antho\AppData\Local\Temp\5dec96b1547c4adf5bdd3d1715e74bc0.mpf_cache
2025-10-25 20:03:36,865 : INFO : ConfigProcessor : Loading config from cache: C:\Users\antho\AppData\Local\Temp\2cd13a2d3f375e00ab01d6d09a85d8e7.mpf_cache
2025-10-25 20:03:36,865 : INFO : ConfigProcessor : Loading config from cache: C:\Users\antho\AppData\Local\Temp\9220b44b97b91972524500b81035d790.mpf_cache
2025-10-25 20:03:36,866 : INFO : ConfigProcessor : Loading config from cache: C:\Users\antho\AppData\Local\Temp\31ee881584fa6fce665a672a4f3f633a.mpf_cache
2025-10-25 20:03:36,867 : INFO : ConfigProcessor : Loading config from cache: C:\Users\antho\AppData\Local\Temp\5e841763ec73085bbf92358fe6afda21.mpf_cache
2025-10-25 20:03:36,867 : INFO : ConfigProcessor : Loading config from cache: C:\Users\antho\AppData\Local\Temp\b17152efa55a24f0424602723f8d3921.mpf_cache
2025-10-25 20:03:36,868 : INFO : ConfigProcessor : Loading config from cache: C:\Users\antho\AppData\Local\Temp\e87fc0e7d2f8a851b5fa3f604e0d0c6e.mpf_cache
2025-10-25 20:03:36,868 : INFO : ConfigProcessor : Loading config from cache: C:\Users\antho\AppData\Local\Temp\196ac76b6cab3a9880804c826cfbcb5c.mpf_cache
2025-10-25 20:03:36,869 : INFO : ConfigProcessor : Loading config from cache: C:\Users\antho\AppData\Local\Temp\834292dd7853e12a66732dc89828c828.mpf_cache
2025-10-25 20:03:36,869 : INFO : ConfigProcessor : Loading config from cache: C:\Users\antho\AppData\Local\Temp\ae2be9c5579852c305357e207df97e8b.mpf_cache
2025-10-25 20:03:36,870 : INFO : ConfigProcessor : Loading config from cache: C:\Users\antho\AppData\Local\Temp\46f8fa3e41dfeeb8232af2f03a13b6c4.mpf_cache
2025-10-25 20:03:36,870 : INFO : ConfigProcessor : Loading config from cache: C:\Users\antho\AppData\Local\Temp\c67e9c175da6c060302945929b27b878.mpf_cache
2025-10-25 20:03:36,871 : INFO : ConfigProcessor : Loading config from cache: C:\Users\antho\AppData\Local\Temp\1c965aadbb61a7e709e8884fad17ac0b.mpf_cache
2025-10-25 20:03:36,871 : INFO : ConfigProcessor : Loading config from cache: C:\Users\antho\AppData\Local\Temp\60ca9d662df3e70e96f6d7ec0f4491aa.mpf_cache
2025-10-25 20:03:36,872 : INFO : Machine : Mission Pinball Framework Core Engine v0.80.0.dev11
2025-10-25 20:03:36,872 : INFO : Machine : Command line arguments: {'no_load_cache': False, 'create_config_cache': True, 'bcp': True, 'configfile': ['config.yaml'], 'force_assets_load': False, 'platform_integration_test': False, 'jsonlogging': False, 'logfile': 'logs\\2025-10-25-20-03-36-mpf-LAPTOP-MPGP6R69.log', 'pause': False, 'production': False, 'text_ui': True, 'loglevel': 15, 'consoleloglevel': 20, 'force_platform': None, 'syslog_address': None, 'full_logfile_path': 'C:\\Users\\antho\\nightpin\\logs\\2025-10-25-20-03-36-mpf-LAPTOP-MPGP6R69.log'}
2025-10-25 20:03:36,872 : INFO : Machine : MPF path: C:\Users\antho\mpf\Lib\site-packages\mpf
2025-10-25 20:03:36,872 : INFO : Machine : Machine path: C:\Users\antho\nightpin
2025-10-25 20:03:36,872 : INFO : Machine : Platform: win32
2025-10-25 20:03:36,872 : INFO : Machine : Python executable location: C:\Users\antho\mpf\Scripts\python.exe
2025-10-25 20:03:36,872 : INFO : Machine : Python version: 3.12.7 (64-bit)
2025-10-25 20:03:36,874 : INFO : Machine : Initializing MPF...
2025-10-25 20:03:37,123 : INFO : lisy : Connecting to com3 at 115200bps
2025-10-25 20:03:37,124 : WARNING : lisy : Could not import terminos (this is ok on windows).
2025-10-25 20:03:37,282 : INFO : EventManager : Event: ======'machine_var_lisy_hardware'====== Args={'value': 'LISY35', 'prev_value': None, 'change': True}
2025-10-25 20:03:37,282 : INFO : EventManager : Event: ======'machine_var_lisy_version'====== Args={'value': '5.26 ', 'prev_value': None, 'change': True}
2025-10-25 20:03:37,282 : INFO : EventManager : Event: ======'machine_var_lisy_api_version'====== Args={'value': b'0.09', 'prev_value': None, 'change': True}
2025-10-25 20:03:38,611 : INFO : EventManager : Event: ======'machine_var_credits_string'====== Args={'value': 'FREE PLAY', 'prev_value': None, 'change': True}
2025-10-25 20:03:38,642 : INFO : EventManager : Event: ======'machine_var_master_volume'====== Args={'value': 0.5, 'prev_value': None, 'change': True}
2025-10-25 20:03:38,642 : INFO : EventManager : Event: ======'machine_var_player1_score'====== Args={'value': 3980, 'prev_value': None, 'change': True}
2025-10-25 20:03:38,642 : INFO : EventManager : Event: ======'machine_var_player2_score'====== Args={'value': 5110, 'prev_value': None, 'change': True}
2025-10-25 20:03:38,642 : INFO : EventManager : Event: ======'machine_var_mpf_version'====== Args={'value': 'Mission Pinball Framework v0.80.0.dev11', 'prev_value': None, 'change': True}
2025-10-25 20:03:38,642 : INFO : EventManager : Event: ======'machine_var_mpf_extended_version'====== Args={'value': 'Mission Pinball Framework v0.80.0.dev11, Config version:6, Show version: 6, BCP version:1.1', 'prev_value': None, 'change': True}
2025-10-25 20:03:38,643 : INFO : EventManager : Event: ======'machine_var_python_version'====== Args={'value': '3.12.7', 'prev_value': None, 'change': True}
2025-10-25 20:03:38,737 : INFO : EventManager : Event: ======'machine_var_platform'====== Args={'value': 'Windows-11-10.0.26100-SP0', 'prev_value': None, 'change': True}
2025-10-25 20:03:38,737 : INFO : EventManager : Event: ======'machine_var_platform_system'====== Args={'value': 'Windows', 'prev_value': None, 'change': True}
2025-10-25 20:03:38,737 : INFO : EventManager : Event: ======'machine_var_platform_release'====== Args={'value': '11', 'prev_value': None, 'change': True}
2025-10-25 20:03:38,737 : INFO : EventManager : Event: ======'machine_var_platform_version'====== Args={'value': '10.0.26100', 'prev_value': None, 'change': True}
2025-10-25 20:03:38,737 : INFO : EventManager : Event: ======'machine_var_platform_machine'====== Args={'value': 'AMD64', 'prev_value': None, 'change': True}
2025-10-25 20:03:38,737 : INFO : EventManager : Event: ======'machine_var_log_file_path'====== Args={'value': 'C:\\Users\\antho\\nightpin\\logs\\2025-10-25-20-03-36-mpf-LAPTOP-MPGP6R69.log', 'prev_value': None, 'change': True}
2025-10-25 20:03:38,738 : INFO : EventManager : Event: ======'init_phase_1'====== Args={}
2025-10-25 20:03:38,769 : INFO : EventManager : Event: ======'drop_target_bank_right_bank_up'====== Args={}
2025-10-25 20:03:38,769 : INFO : EventManager : Event: ======'drop_target_bank_left_bank_up'====== Args={}
2025-10-25 20:03:38,848 : INFO : EventManager : Event: ======'init_phase_2'====== Args={}
2025-10-25 20:03:38,856 : INFO : EventManager : Event: ======'bcp_connection_attempt'====== Args={'name': 'local_display', 'host': 'localhost', 'port': 5050}
2025-10-25 20:03:38,860 : INFO : BCPClientSocket : Connecting BCP to 'local_display' at localhost:5050...
2025-10-25 20:03:38,879 : INFO : BCPClientSocket : Connected BCP to 'local_display' localhost:5050
2025-10-25 20:03:38,879 : INFO : EventManager : Event: ======'bcp_clients_connected'====== Args={}
2025-10-25 20:03:38,990 : INFO : ball_device.bd_trough : BCH: Initial count: 0
2025-10-25 20:03:39,023 : INFO : ball_device.bd_trough : State: idle
2025-10-25 20:03:39,023 : INFO : ball_device.bd_saucer : BCH: Initial count: 0
2025-10-25 20:03:39,024 : INFO : ball_device.bd_saucer : State: idle
2025-10-25 20:03:39,037 : INFO : EventManager : Event: ======'init_phase_3'====== Args={}
2025-10-25 20:03:39,043 : INFO : EventManager : Event: ======'init_phase_4'====== Args={}
2025-10-25 20:03:39,044 : INFO : BallController : Initial balls found: 0
2025-10-25 20:03:39,044 : INFO : EventManager : Event: ======'machine_var_audits_events_game_ended'====== Args={'value': 5, 'prev_value': None, 'change': True}
2025-10-25 20:03:39,046 : INFO : EventManager : Event: ======'machine_var_audits_events_game_started'====== Args={'value': 23, 'prev_value': None, 'change': True}
2025-10-25 20:03:39,046 : INFO : EventManager : Event: ======'machine_var_audits_missing_switches_s_coin_right'====== Args={'value': 22, 'prev_value': None, 'change': True}
2025-10-25 20:03:39,046 : INFO : EventManager : Event: ======'machine_var_audits_missing_switches_s_credit_button'====== Args={'value': 1, 'prev_value': None, 'change': True}
2025-10-25 20:03:39,046 : INFO : EventManager : Event: ======'machine_var_audits_missing_switches_s_left_bank_target_right'====== Args={'value': 1, 'prev_value': None, 'change': True}
2025-10-25 20:03:39,046 : INFO : EventManager : Event: ======'machine_var_audits_missing_switches_s_left_outlane_rollover'====== Args={'value': 1, 'prev_value': None, 'change': True}
2025-10-25 20:03:39,046 : INFO : EventManager : Event: ======'machine_var_audits_missing_switches_s_right_outlane_rollover'====== Args={'value': 5, 'prev_value': None, 'change': True}
2025-10-25 20:03:39,046 : INFO : EventManager : Event: ======'machine_var_audits_missing_switches_s_spinner'====== Args={'value': 1, 'prev_value': None, 'change': True}
2025-10-25 20:03:39,046 : INFO : EventManager : Event: ======'machine_var_audits_missing_switches_s_tilt'====== Args={'value': 23, 'prev_value': None, 'change': True}
2025-10-25 20:03:39,046 : INFO : EventManager : Event: ======'machine_var_audits_player_score'====== Args={'value': {'average': 4349, 'top': [5110, 5070, 4300, 4230, 3980, 3410], 'total': 6}, 'prev_value': None, 'change': True}
2025-10-25 20:03:39,046 : INFO : EventManager : Event: ======'machine_var_audits_switches_s_coin_right'====== Args={'value': 1, 'prev_value': None, 'change': True}
2025-10-25 20:03:39,047 : INFO : EventManager : Event: ======'machine_var_audits_switches_s_credit_button'====== Args={'value': 4, 'prev_value': None, 'change': True}
2025-10-25 20:03:39,047 : INFO : EventManager : Event: ======'machine_var_audits_switches_s_inlanes'====== Args={'value': 25, 'prev_value': None, 'change': True}
2025-10-25 20:03:39,047 : INFO : EventManager : Event: ======'machine_var_audits_switches_s_left_bank_target_left'====== Args={'value': 32, 'prev_value': None, 'change': True}
2025-10-25 20:03:39,047 : INFO : EventManager : Event: ======'machine_var_audits_switches_s_left_bank_target_middle'====== Args={'value': 22, 'prev_value': None, 'change': True}
2025-10-25 20:03:39,047 : INFO : EventManager : Event: ======'machine_var_audits_switches_s_left_bank_target_right'====== Args={'value': 24, 'prev_value': None, 'change': True}
2025-10-25 20:03:39,047 : INFO : EventManager : Event: ======'machine_var_audits_switches_s_left_lower_bumper'====== Args={'value': 28, 'prev_value': None, 'change': True}
2025-10-25 20:03:39,047 : INFO : EventManager : Event: ======'machine_var_audits_switches_s_left_outlane_rollover'====== Args={'value': 20, 'prev_value': None, 'change': True}
2025-10-25 20:03:39,047 : INFO : EventManager : Event: ======'machine_var_audits_switches_s_left_pop_bumper'====== Args={'value': 95, 'prev_value': None, 'change': True}
2025-10-25 20:03:39,047 : INFO : EventManager : Event: ======'machine_var_audits_switches_s_left_sling'====== Args={'value': 89, 'prev_value': None, 'change': True}
2025-10-25 20:03:39,047 : INFO : EventManager : Event: ======'machine_var_audits_switches_s_left_upper_bumper'====== Args={'value': 33, 'prev_value': None, 'change': True}
2025-10-25 20:03:39,047 : INFO : EventManager : Event: ======'machine_var_audits_switches_s_middle_pop_bumper'====== Args={'value': 88, 'prev_value': None, 'change': True}
2025-10-25 20:03:39,047 : INFO : EventManager : Event: ======'machine_var_audits_switches_s_middle_skill_lane'====== Args={'value': 28, 'prev_value': None, 'change': True}
2025-10-25 20:03:39,047 : INFO : EventManager : Event: ======'machine_var_audits_switches_s_middle_upper_rollovers'====== Args={'value': 65, 'prev_value': None, 'change': True}
2025-10-25 20:03:39,047 : INFO : EventManager : Event: ======'machine_var_audits_switches_s_outer_skill_lanes'====== Args={'value': 47, 'prev_value': None, 'change': True}
2025-10-25 20:03:39,047 : INFO : EventManager : Event: ======'machine_var_audits_switches_s_pop_bumper_bottom'====== Args={'value': 6, 'prev_value': None, 'change': True}
2025-10-25 20:03:39,047 : INFO : EventManager : Event: ======'machine_var_audits_switches_s_pop_bumper_left'====== Args={'value': 2, 'prev_value': None, 'change': True}
2025-10-25 20:03:39,047 : INFO : EventManager : Event: ======'machine_var_audits_switches_s_pop_bumper_right'====== Args={'value': 1, 'prev_value': None, 'change': True}
2025-10-25 20:03:39,048 : INFO : EventManager : Event: ======'machine_var_audits_switches_s_right_bank_target_left'====== Args={'value': 40, 'prev_value': None, 'change': True}
2025-10-25 20:03:39,048 : INFO : EventManager : Event: ======'machine_var_audits_switches_s_right_bank_target_middle'====== Args={'value': 28, 'prev_value': None, 'change': True}
2025-10-25 20:03:39,048 : INFO : EventManager : Event: ======'machine_var_audits_switches_s_right_bank_target_right'====== Args={'value': 27, 'prev_value': None, 'change': True}
2025-10-25 20:03:39,048 : INFO : EventManager : Event: ======'machine_var_audits_switches_s_right_outlane_rollover'====== Args={'value': 3, 'prev_value': None, 'change': True}
2025-10-25 20:03:39,048 : INFO : EventManager : Event: ======'machine_var_audits_switches_s_right_pop_bumper'====== Args={'value': 131, 'prev_value': None, 'change': True}
2025-10-25 20:03:39,048 : INFO : EventManager : Event: ======'machine_var_audits_switches_s_right_sling'====== Args={'value': 67, 'prev_value': None, 'change': True}
2025-10-25 20:03:39,048 : INFO : EventManager : Event: ======'machine_var_audits_switches_s_saucer'====== Args={'value': 39, 'prev_value': None, 'change': True}
2025-10-25 20:03:39,048 : INFO : EventManager : Event: ======'machine_var_audits_switches_s_slam_tilt'====== Args={'value': 4, 'prev_value': None, 'change': True}
2025-10-25 20:03:39,048 : INFO : EventManager : Event: ======'machine_var_audits_switches_s_spinner'====== Args={'value': 311, 'prev_value': None, 'change': True}
2025-10-25 20:03:39,048 : INFO : EventManager : Event: ======'machine_var_audits_switches_s_stand_up'====== Args={'value': 7, 'prev_value': None, 'change': True}
2025-10-25 20:03:39,048 : INFO : EventManager : Event: ======'machine_var_audits_switches_s_start_button'====== Args={'value': 9, 'prev_value': None, 'change': True}
2025-10-25 20:03:39,048 : INFO : EventManager : Event: ======'machine_var_audits_switches_s_tilt'====== Args={'value': 0, 'prev_value': None, 'change': True}
2025-10-25 20:03:39,050 : INFO : EventManager : Event: ======'machine_var_audits_switches_s_trough'====== Args={'value': 128, 'prev_value': None, 'change': True}
2025-10-25 20:03:39,050 : INFO : EventManager : Event: ======'init_phase_5'====== Args={}
2025-10-25 20:03:39,062 : INFO : EventManager : Event: ======'init_done'====== Args={}
2025-10-25 20:03:39,062 : INFO : EventManager : Event: ======'machine_reset_phase_1'====== Args={}
2025-10-25 20:03:39,067 : INFO : EventManager : Event: ======'machine_reset_phase_2'====== Args={}
2025-10-25 20:03:39,068 : INFO : EventManager : Event: ======'machine_reset_phase_3'====== Args={}
2025-10-25 20:03:39,068 : INFO : EventManager : Event: ======'mode_attract_will_start'====== Args={'queue': <QueuedEvent>}
2025-10-25 20:03:39,069 : INFO : EventManager : Event: ======'mode_attract_starting'====== Args={'queue': <QueuedEvent>}
2025-10-25 20:03:39,069 : INFO : Mode.attract : Started. Priority: 10
2025-10-25 20:03:39,069 : INFO : EventManager : Event: ======'modes_active_modes_changed'====== Args={}
2025-10-25 20:03:39,069 : INFO : EventManager : Event: ======'mode_attract_started'====== Args={'queue': <QueuedEvent>}
2025-10-25 20:03:39,070 : INFO : EventManager : Event: ======'godot_attract_on'====== Args={'priority': 0}
2025-10-25 20:03:39,070 : INFO : EventManager : Event: ======'collecting_balls_complete'====== Args={}
2025-10-25 20:03:39,070 : INFO : EventManager : Event: ======'reset_complete'====== Args={}
2025-10-25 20:03:39,086 : INFO : Machine : Starting the main run loop with active modes: [<Mode.attract>]
2025-10-25 20:03:39,098 : INFO : EventManager : Event: ======'slide_attract_created'====== Args={'_from_bcp': True}
2025-10-25 20:03:39,099 : INFO : EventManager : Event: ======'slide__removed'====== Args={'_from_bcp': True}
2025-10-25 20:03:39,099 : INFO : EventManager : Event: ======'slide_attract_active'====== Args={'original_context': 'attract', 'original_calling_context': 'mode_attract_started', 'priority': 10.0, 'queue': '<QueuedEvent>', 'cmd': 'slides_play', '_from_bcp': True}
2025-10-25 20:03:41,059 : INFO : EventManager : Event: ======'attract_wave_complete'====== Args={'priority': 0}
2025-10-25 20:03:41,448 : INFO : EventManager : Event: ======'attract_pulse_complete'====== Args={'priority': 0}
2025-10-25 20:03:41,589 : INFO : SwitchController : <<<<<<< 's_start_button' active >>>>>>>
2025-10-25 20:03:41,854 : INFO : EventManager : Event: ======'attract_pulse_complete'====== Args={'priority': 0}
2025-10-25 20:03:41,901 : INFO : SwitchController : <<<<<<< 's_start_button' inactive >>>>>>>
2025-10-25 20:03:41,901 : INFO : EventManager : Event: ======'request_to_start_game'====== Args={}
2025-10-25 20:03:41,901 : INFO : BallController : Known balls: 0
2025-10-25 20:03:41,902 : INFO : BallController : bd_trough contains 0 balls. Tags ['trough', 'home', 'drain']
2025-10-25 20:03:41,902 : INFO : BallController : bd_saucer contains 0 balls. Tags ['saucer', 'home', 'eject']
2025-10-25 20:03:41,902 : INFO : BallController : playfield contains 0 balls. Tags ['default']
2025-10-25 20:03:41,902 : WARNING : BallController : BallController denies game start. Not enough balls. 0 found. 1 required
2025-10-25 20:03:41,902 : INFO : BallController : Triggering ball search.
2025-10-25 20:03:42,852 : INFO : SwitchController : <<<<<<< 's_start_button' active >>>>>>>
2025-10-25 20:03:43,579 : INFO : SwitchController : <<<<<<< 's_start_button' inactive >>>>>>>
2025-10-25 20:03:43,579 : INFO : EventManager : Event: ======'request_to_start_game'====== Args={}
2025-10-25 20:03:43,579 : INFO : BallController : Known balls: 0
2025-10-25 20:03:43,579 : INFO : BallController : bd_trough contains 0 balls. Tags ['trough', 'home', 'drain']
2025-10-25 20:03:43,580 : INFO : BallController : bd_saucer contains 0 balls. Tags ['saucer', 'home', 'eject']
2025-10-25 20:03:43,580 : INFO : BallController : playfield contains 0 balls. Tags ['default']
2025-10-25 20:03:43,580 : WARNING : BallController : BallController denies game start. Not enough balls. 0 found. 1 required
2025-10-25 20:03:43,580 : INFO : BallController : Triggering ball search.
2025-10-25 20:03:43,859 : INFO : EventManager : Event: ======'attract_wave_complete'====== Args={'priority': 0}
2025-10-25 20:03:44,248 : INFO : EventManager : Event: ======'attract_pulse_complete'====== Args={'priority': 0}
2025-10-25 20:03:44,655 : INFO : EventManager : Event: ======'attract_pulse_complete'====== Args={'priority': 0}
2025-10-25 20:03:46,641 : INFO : EventManager : Event: ======'attract_wave_complete'====== Args={'priority': 0}
2025-10-25 20:03:47,032 : INFO : EventManager : Event: ======'attract_pulse_complete'====== Args={'priority': 0}
2025-10-25 20:03:47,431 : INFO : EventManager : Event: ======'attract_pulse_complete'====== Args={'priority': 0}
2025-10-25 20:03:49,438 : INFO : EventManager : Event: ======'attract_wave_complete'====== Args={'priority': 0}
2025-10-25 20:03:49,828 : INFO : EventManager : Event: ======'attract_pulse_complete'====== Args={'priority': 0}
2025-10-25 20:03:50,234 : INFO : EventManager : Event: ======'attract_pulse_complete'====== Args={'priority': 0}
2025-10-25 20:03:52,236 : INFO : EventManager : Event: ======'attract_wave_complete'====== Args={'priority': 0}
2025-10-25 20:03:52,627 : INFO : EventManager : Event: ======'attract_pulse_complete'====== Args={'priority': 0}
2025-10-25 20:03:53,030 : INFO : EventManager : Event: ======'attract_pulse_complete'====== Args={'priority': 0}
2025-10-25 20:03:55,013 : INFO : EventManager : Event: ======'attract_wave_complete'====== Args={'priority': 0}
2025-10-25 20:03:55,244 : INFO : SwitchController : <<<<<<< 's_trough' active >>>>>>>
2025-10-25 20:03:55,291 : INFO : SwitchController : <<<<<<< 's_trough' inactive >>>>>>>
2025-10-25 20:03:55,307 : INFO : SwitchController : <<<<<<< 's_trough' active >>>>>>>
2025-10-25 20:03:55,354 : INFO : SwitchController : <<<<<<< 's_trough' inactive >>>>>>>
2025-10-25 20:03:55,401 : INFO : EventManager : Event: ======'attract_pulse_complete'====== Args={'priority': 0}
2025-10-25 20:03:55,401 : INFO : SwitchController : <<<<<<< 's_trough' active >>>>>>>
2025-10-25 20:03:55,807 : INFO : EventManager : Event: ======'attract_pulse_complete'====== Args={'priority': 0}
2025-10-25 20:03:55,900 : INFO : EventManager : Event: ======'balldevice_bd_trough_ball_count_changed'====== Args={'balls': 1}
2025-10-25 20:03:55,900 : INFO : ball_device.bd_trough : Received unexpected ball
2025-10-25 20:03:55,900 : INFO : EventManager : Event: ======'balldevice_captured_from_playfield'====== Args={'balls': 1}
2025-10-25 20:03:55,900 : INFO : EventManager : Event: ======'sw_playfield_active'====== Args={'balls': 1}
2025-10-25 20:03:55,900 : INFO : EventManager : Event: ======'playfield_active'====== Args={'source': None}
2025-10-25 20:03:55,900 : INFO : EventManager : Event: ======'unexpected_ball_on_playfield'====== Args={}
2025-10-25 20:03:55,900 : INFO : EventManager : Event: ======'playfield_ball_count_change'====== Args={'balls': -1, 'change': -1}
2025-10-25 20:03:55,901 : INFO : EventManager : Event: ======'balldevice_playfield_ball_enter'====== Args={'new_balls': 1, 'unclaimed_balls': 1, 'device': <playfield.playfield>}
2025-10-25 20:03:55,901 : INFO : EventManager : Event: ======'playfield_ball_count_change'====== Args={'balls': 0, 'change': 1}
2025-10-25 20:03:55,901 : INFO : BallController : Found a new ball which was captured from playfield. Known balls: 1
2025-10-25 20:03:55,901 : INFO : EventManager : Event: ======'found_new_ball'====== Args={}
2025-10-25 20:03:55,901 : INFO : EventManager : Event: ======'balldevice_bd_trough_ball_enter'====== Args={'new_balls': 1, 'unclaimed_balls': 1, 'new_available_balls': 1, 'device': <ball_device.bd_trough>}
2025-10-25 20:03:55,901 : INFO : EventManager : Event: ======'ball_drain'====== Args={'device': <ball_device.bd_trough>, 'balls': 1}
2025-10-25 20:03:55,902 : INFO : EventManager : Event: ======'balldevice_balls_available'====== Args={}
2025-10-25 20:03:55,902 : INFO : EventManager : Event: ======'balldevice_bd_trough_ball_entered'====== Args={'new_balls': 1, 'device': <ball_device.bd_trough>}
2025-10-25 20:03:57,816 : INFO : EventManager : Event: ======'attract_wave_complete'====== Args={'priority': 0}
2025-10-25 20:03:58,205 : INFO : EventManager : Event: ======'attract_pulse_complete'====== Args={'priority': 0}
2025-10-25 20:03:58,611 : INFO : EventManager : Event: ======'attract_pulse_complete'====== Args={'priority': 0}
2025-10-25 20:04:00,609 : INFO : EventManager : Event: ======'attract_wave_complete'====== Args={'priority': 0}
2025-10-25 20:04:00,999 : INFO : EventManager : Event: ======'attract_pulse_complete'====== Args={'priority': 0}
2025-10-25 20:04:01,140 : INFO : SwitchController : <<<<<<< 's_trough' inactive >>>>>>>
2025-10-25 20:04:01,155 : INFO : SwitchController : <<<<<<< 's_trough' active >>>>>>>
2025-10-25 20:04:01,339 : INFO : SwitchController : <<<<<<< 's_trough' inactive >>>>>>>
2025-10-25 20:04:01,354 : INFO : SwitchController : <<<<<<< 's_trough' active >>>>>>>
2025-10-25 20:04:01,401 : INFO : EventManager : Event: ======'attract_pulse_complete'====== Args={'priority': 0}
2025-10-25 20:04:02,660 : INFO : SwitchController : <<<<<<< 's_start_button' active >>>>>>>
2025-10-25 20:04:03,020 : INFO : SwitchController : <<<<<<< 's_start_button' inactive >>>>>>>
2025-10-25 20:04:03,020 : INFO : EventManager : Event: ======'request_to_start_game'====== Args={}
2025-10-25 20:04:03,020 : INFO : EventManager : Event: ======'game_start'====== Args={'buttons': [], 'hold_time': 0.35999999998603016}
2025-10-25 20:04:03,020 : INFO : EventManager : Event: ======'mode_game_will_start'====== Args={'buttons': [], 'hold_time': 0.35999999998603016}
2025-10-25 20:04:03,021 : INFO : EventManager : Event: ======'mode_game_starting'====== Args={'buttons': [], 'hold_time': 0.35999999998603016}
2025-10-25 20:04:03,021 : INFO : Mode.game : Started. Priority: 20
2025-10-25 20:04:03,021 : INFO : EventManager : Event: ======'modes_active_modes_changed'====== Args={}
2025-10-25 20:04:03,021 : INFO : EventManager : Event: ======'mode_game_started'====== Args={'buttons': [], 'hold_time': 0.35999999998603016}
2025-10-25 20:04:03,035 : INFO : EventManager : Event: ======'game_will_start'====== Args={}
2025-10-25 20:04:03,036 : INFO : EventManager : Event: ======'game_starting'====== Args={'game': <Mode.game>}
2025-10-25 20:04:03,036 : INFO : EventManager : Event: ======'mode_attract_will_stop'====== Args={}
2025-10-25 20:04:03,036 : INFO : EventManager : Event: ======'mode_attract_stopping'====== Args={}
2025-10-25 20:04:03,036 : INFO : EventManager : Unordered handler for class <Auditor> on event game_ended with priority 1. Handlers: [RegisteredHandler(callback=<bound method Auditor.disable of <Auditor>>, priority=1, kwargs={}, key=UUID('5c08d582-d484-4e78-8e3b-be7ecdb9018a'), condition=None, blocking_facility=None), RegisteredHandler(callback=<bound method Auditor._save_audits of <Auditor>>, priority=1, kwargs={}, key=UUID('d0db11f7-18e2-4348-90fa-48279739cc89'), condition=None, blocking_facility=None)]. The order of those handlers is not defined and they will be executed in random order. This might lead to race conditions and potential bugs.
2025-10-25 20:04:03,036 : INFO : EventManager : Event: ======'godot_attract_off'====== Args={'priority': 0}
2025-10-25 20:04:03,037 : INFO : Mode.attract : Stopped.
2025-10-25 20:04:03,037 : INFO : EventManager : Event: ======'modes_active_modes_changed'====== Args={}
2025-10-25 20:04:03,037 : INFO : EventManager : Event: ======'mode_attract_stopped'====== Args={}
2025-10-25 20:04:03,037 : INFO : EventManager : Event: ======'clear'====== Args={'key': 'attract'}
2025-10-25 20:04:03,037 : INFO : EventManager : Event: ======'player_add_request'====== Args={}
2025-10-25 20:04:03,038 : INFO : EventManager : Event: ======'player_will_add'====== Args={'number': 1}
2025-10-25 20:04:03,038 : INFO : EventManager : Event: ======'player_adding'====== Args={'player': <Player 1>, 'number': 1}
2025-10-25 20:04:03,038 : INFO : EventManager : Event: ======'player_added'====== Args={'player': <Player 1>, 'num': 1}
2025-10-25 20:04:03,038 : INFO : Mode.game : Player added successfully. Total players: 1
2025-10-25 20:04:03,038 : INFO : EventManager : Event: ======'player_index'====== Args={'value': 0, 'prev_value': 0, 'change': 0, 'player_num': 1}
2025-10-25 20:04:03,038 : INFO : EventManager : Event: ======'player_number'====== Args={'value': 1, 'prev_value': 1, 'change': 0, 'player_num': 1}
2025-10-25 20:04:03,039 : INFO : EventManager : Event: ======'player_score'====== Args={'value': 0, 'prev_value': 0, 'change': 0, 'player_num': 1}
2025-10-25 20:04:03,039 : INFO : EventManager : Unordered handler for class <Auditor> on event game_ended with priority 1. Handlers: [RegisteredHandler(callback=<bound method Auditor.disable of <Auditor>>, priority=1, kwargs={}, key=UUID('5c08d582-d484-4e78-8e3b-be7ecdb9018a'), condition=None, blocking_facility=None), RegisteredHandler(callback=<bound method Auditor._save_audits of <Auditor>>, priority=1, kwargs={}, key=UUID('d0db11f7-18e2-4348-90fa-48279739cc89'), condition=None, blocking_facility=None)]. The order of those handlers is not defined and they will be executed in random order. This might lead to race conditions and potential bugs.
2025-10-25 20:04:03,056 : INFO : EventManager : Event: ======'game_started'====== Args={}
2025-10-25 20:04:03,058 : INFO : EventManager : Event: ======'player_turn_will_start'====== Args={'player': <Player 1>, 'number': 1}
2025-10-25 20:04:03,062 : INFO : EventManager : Event: ======'player_turn_starting'====== Args={'player': <Player 1>, 'number': 1}
2025-10-25 20:04:03,062 : INFO : EventManager : Event: ======'player_ball'====== Args={'value': 1, 'prev_value': 0, 'change': 1, 'player_num': 1}
2025-10-25 20:04:03,062 : INFO : EventManager : Event: ======'player_turn_started'====== Args={'player': <Player 1>, 'number': 1}
2025-10-25 20:04:03,063 : INFO : EventManager : Event: ======'ball_will_start'====== Args={'player': 1, 'ball': 1, 'balls_remaining': 2, 'is_extra_ball': False}
2025-10-25 20:04:03,067 : INFO : EventManager : Event: ======'ball_starting'====== Args={'player': 1, 'ball': 1, 'balls_remaining': 2, 'is_extra_ball': False}
2025-10-25 20:04:03,067 : INFO : drop_target_bank.right_bank : All targets are already up. Will not reset bank.
2025-10-25 20:04:03,067 : INFO : drop_target_bank.left_bank : All targets are already up. Will not reset bank.
2025-10-25 20:04:03,068 : INFO : EventManager : Event: ======'balls_in_play'====== Args={'balls': 1}
2025-10-25 20:04:03,068 : INFO : EventManager : Event: ======'ball_started'====== Args={'player': 1, 'ball': 1, 'balls_remaining': 2, 'is_extra_ball': False}
2025-10-25 20:04:03,068 : INFO : EventManager : Event: ======'mode_base_will_start'====== Args={'player': 1, 'ball': 1, 'balls_remaining': 2, 'is_extra_ball': False}
2025-10-25 20:04:03,068 : INFO : EventManager : Unordered handler for class <Auditor> on event game_ended with priority 1. Handlers: [RegisteredHandler(callback=<bound method Auditor.disable of <Auditor>>, priority=1, kwargs={}, key=UUID('5c08d582-d484-4e78-8e3b-be7ecdb9018a'), condition=None, blocking_facility=None), RegisteredHandler(callback=<bound method Auditor._save_audits of <Auditor>>, priority=1, kwargs={}, key=UUID('d0db11f7-18e2-4348-90fa-48279739cc89'), condition=None, blocking_facility=None)]. The order of those handlers is not defined and they will be executed in random order. This might lead to race conditions and potential bugs.
2025-10-25 20:04:03,071 : INFO : EventManager : Event: ======'mode_base_starting'====== Args={'player': 1, 'ball': 1, 'balls_remaining': 2, 'is_extra_ball': False}
2025-10-25 20:04:03,071 : INFO : EventManager : Event: ======'info_flip_back_now'====== Args={'priority': 0, 'delay': '2s'}
2025-10-25 20:04:03,072 : INFO : Mode.base : Started. Priority: 50
2025-10-25 20:04:03,072 : INFO : EventManager : Event: ======'modes_active_modes_changed'====== Args={}
2025-10-25 20:04:03,072 : INFO : EventManager : Event: ======'mode_base_started'====== Args={'player': 1, 'ball': 1, 'balls_remaining': 2, 'is_extra_ball': False}
2025-10-25 20:04:03,072 : INFO : EventManager : Event: ======'single_player_ball_started'====== Args={}
2025-10-25 20:04:03,084 : INFO : EventManager : Event: ======'ball_start_target'====== Args={'target': 'playfield'}
2025-10-25 20:04:03,086 : INFO : ball_device.bd_trough : Setting up player-controlled eject. Balls: 1, Target: <playfield.playfield>, player_controlled_eject_event: None
2025-10-25 20:04:03,086 : INFO : ball_device.bd_trough : Adding 1 ball(s) to the eject_queue with target <playfield.playfield>.
2025-10-25 20:04:03,086 : INFO : EventManager : Event: ======'balldevice_balls_available'====== Args={}
2025-10-25 20:04:03,087 : INFO : ball_device.bd_trough : State: waiting_for_target_ready
2025-10-25 20:04:03,087 : INFO : EventManager : Event: ======'balldevice_bd_trough_ball_eject_attempt'====== Args={'balls': 1, 'target': <playfield.playfield>, 'source': <ball_device.bd_trough>, 'mechanical_eject': False, 'num_attempts': 0}
2025-10-25 20:04:03,087 : INFO : ball_device.bd_trough : State: ejecting
2025-10-25 20:04:03,087 : INFO : ball_device.bd_trough : Ejecting ball to <playfield.playfield>
2025-10-25 20:04:03,087 : INFO : EventManager : Event: ======'balldevice_bd_trough_ejecting_ball'====== Args={'balls': 1, 'target': <playfield.playfield>, 'source': <ball_device.bd_trough>, 'mechanical_eject': False, 'num_attempts': 0}
2025-10-25 20:04:03,088 : INFO : ball_device.bd_trough : Wait for ball to leave device
2025-10-25 20:04:03,088 : INFO : coil.c_trough_eject : Pulsing Driver for 40ms (1.0 pulse_power)
2025-10-25 20:04:03,161 : INFO : SwitchController : <<<<<<< 's_trough' inactive >>>>>>>
2025-10-25 20:04:03,167 : INFO : ball_device.bd_trough : State: ball_left
2025-10-25 20:04:03,167 : INFO : ball_device.bd_trough : Ball left
2025-10-25 20:04:03,167 : INFO : ball_device.bd_trough : Wait for confirm with timeout 10.0
2025-10-25 20:04:04,451 : INFO : SwitchController : <<<<<<< 's_start_button' active >>>>>>>
2025-10-25 20:04:04,451 : INFO : EventManager : Event: ======'sw_start'====== Args={}
2025-10-25 20:04:04,451 : INFO : EventManager : Event: ======'machine_var_audits_switches_s_start_button'====== Args={'value': 10, 'prev_value': 9, 'change': 1}
2025-10-25 20:04:04,452 : INFO : EventManager : Event: ======'player_add_request'====== Args={}
2025-10-25 20:04:04,452 : INFO : EventManager : Event: ======'player_will_add'====== Args={'number': 2}
2025-10-25 20:04:04,452 : INFO : EventManager : Event: ======'player_adding'====== Args={'player': <Player 2>, 'number': 2}
2025-10-25 20:04:04,452 : INFO : EventManager : Event: ======'player_added'====== Args={'player': <Player 2>, 'num': 2}
2025-10-25 20:04:04,452 : INFO : Mode.game : Player added successfully. Total players: 2
2025-10-25 20:04:04,452 : INFO : EventManager : Event: ======'multiplayer_game'====== Args={}
2025-10-25 20:04:04,452 : INFO : EventManager : Event: ======'player_index'====== Args={'value': 1, 'prev_value': 1, 'change': 0, 'player_num': 2}
2025-10-25 20:04:04,454 : INFO : EventManager : Event: ======'player_number'====== Args={'value': 2, 'prev_value': 2, 'change': 0, 'player_num': 2}
2025-10-25 20:04:04,454 : INFO : EventManager : Event: ======'player_score'====== Args={'value': 0, 'prev_value': 0, 'change': 0, 'player_num': 2}
2025-10-25 20:04:04,455 : INFO : EventManager : Unordered handler for class <Auditor> on event game_ended with priority 1. Handlers: [RegisteredHandler(callback=<bound method Auditor.disable of <Auditor>>, priority=1, kwargs={}, key=UUID('5c08d582-d484-4e78-8e3b-be7ecdb9018a'), condition=None, blocking_facility=None), RegisteredHandler(callback=<bound method Auditor._save_audits of <Auditor>>, priority=1, kwargs={}, key=UUID('d0db11f7-18e2-4348-90fa-48279739cc89'), condition=None, blocking_facility=None)]. The order of those handlers is not defined and they will be executed in random order. This might lead to race conditions and potential bugs.
2025-10-25 20:04:04,464 : INFO : EventManager : Unordered handler for class <Auditor> on event game_ended with priority 1. Handlers: [RegisteredHandler(callback=<bound method Auditor.disable of <Auditor>>, priority=1, kwargs={}, key=UUID('5c08d582-d484-4e78-8e3b-be7ecdb9018a'), condition=None, blocking_facility=None), RegisteredHandler(callback=<bound method Auditor._save_audits of <Auditor>>, priority=1, kwargs={}, key=UUID('d0db11f7-18e2-4348-90fa-48279739cc89'), condition=None, blocking_facility=None)]. The order of those handlers is not defined and they will be executed in random order. This might lead to race conditions and potential bugs.
2025-10-25 20:04:04,730 : INFO : SwitchController : <<<<<<< 's_start_button' inactive >>>>>>>
2025-10-25 20:04:05,902 : INFO : SwitchController : <<<<<<< 's_start_button' active >>>>>>>
2025-10-25 20:04:05,902 : INFO : EventManager : Event: ======'sw_start'====== Args={}
2025-10-25 20:04:05,902 : INFO : EventManager : Event: ======'machine_var_audits_switches_s_start_button'====== Args={'value': 11, 'prev_value': 10, 'change': 1}
2025-10-25 20:04:05,903 : INFO : EventManager : Event: ======'player_add_request'====== Args={}
2025-10-25 20:04:05,903 : INFO : EventManager : Event: ======'player_will_add'====== Args={'number': 3}
2025-10-25 20:04:05,903 : INFO : EventManager : Event: ======'player_adding'====== Args={'player': <Player 3>, 'number': 3}
2025-10-25 20:04:05,903 : INFO : EventManager : Event: ======'player_added'====== Args={'player': <Player 3>, 'num': 3}
2025-10-25 20:04:05,903 : INFO : Mode.game : Player added successfully. Total players: 3
2025-10-25 20:04:05,903 : INFO : EventManager : Event: ======'player_index'====== Args={'value': 2, 'prev_value': 2, 'change': 0, 'player_num': 3}
2025-10-25 20:04:05,903 : INFO : EventManager : Event: ======'player_number'====== Args={'value': 3, 'prev_value': 3, 'change': 0, 'player_num': 3}
2025-10-25 20:04:05,904 : INFO : EventManager : Event: ======'player_score'====== Args={'value': 0, 'prev_value': 0, 'change': 0, 'player_num': 3}
2025-10-25 20:04:05,904 : INFO : EventManager : Unordered handler for class <Auditor> on event game_ended with priority 1. Handlers: [RegisteredHandler(callback=<bound method Auditor.disable of <Auditor>>, priority=1, kwargs={}, key=UUID('5c08d582-d484-4e78-8e3b-be7ecdb9018a'), condition=None, blocking_facility=None), RegisteredHandler(callback=<bound method Auditor._save_audits of <Auditor>>, priority=1, kwargs={}, key=UUID('d0db11f7-18e2-4348-90fa-48279739cc89'), condition=None, blocking_facility=None)]. The order of those handlers is not defined and they will be executed in random order. This might lead to race conditions and potential bugs.
2025-10-25 20:04:05,915 : INFO : EventManager : Unordered handler for class <Auditor> on event game_ended with priority 1. Handlers: [RegisteredHandler(callback=<bound method Auditor.disable of <Auditor>>, priority=1, kwargs={}, key=UUID('5c08d582-d484-4e78-8e3b-be7ecdb9018a'), condition=None, blocking_facility=None), RegisteredHandler(callback=<bound method Auditor._save_audits of <Auditor>>, priority=1, kwargs={}, key=UUID('d0db11f7-18e2-4348-90fa-48279739cc89'), condition=None, blocking_facility=None)]. The order of those handlers is not defined and they will be executed in random order. This might lead to race conditions and potential bugs.
2025-10-25 20:04:05,915 : INFO : EventManager : Unordered handler for class <Auditor> on event game_ended with priority 1. Handlers: [RegisteredHandler(callback=<bound method Auditor.disable of <Auditor>>, priority=1, kwargs={}, key=UUID('5c08d582-d484-4e78-8e3b-be7ecdb9018a'), condition=None, blocking_facility=None), RegisteredHandler(callback=<bound method Auditor._save_audits of <Auditor>>, priority=1, kwargs={}, key=UUID('d0db11f7-18e2-4348-90fa-48279739cc89'), condition=None, blocking_facility=None)]. The order of those handlers is not defined and they will be executed in random order. This might lead to race conditions and potential bugs.
2025-10-25 20:04:06,227 : INFO : SwitchController : <<<<<<< 's_start_button' inactive >>>>>>>
2025-10-25 20:04:07,486 : INFO : SwitchController : <<<<<<< 's_start_button' active >>>>>>>
2025-10-25 20:04:07,486 : INFO : EventManager : Event: ======'sw_start'====== Args={}
2025-10-25 20:04:07,486 : INFO : EventManager : Event: ======'machine_var_audits_switches_s_start_button'====== Args={'value': 12, 'prev_value': 11, 'change': 1}
2025-10-25 20:04:07,486 : INFO : EventManager : Event: ======'player_add_request'====== Args={}
2025-10-25 20:04:07,487 : INFO : EventManager : Event: ======'player_will_add'====== Args={'number': 4}
2025-10-25 20:04:07,487 : INFO : EventManager : Event: ======'player_adding'====== Args={'player': <Player 4>, 'number': 4}
2025-10-25 20:04:07,487 : INFO : EventManager : Event: ======'player_added'====== Args={'player': <Player 4>, 'num': 4}
2025-10-25 20:04:07,487 : INFO : Mode.game : Player added successfully. Total players: 4
2025-10-25 20:04:07,487 : INFO : EventManager : Event: ======'player_index'====== Args={'value': 3, 'prev_value': 3, 'change': 0, 'player_num': 4}
2025-10-25 20:04:07,487 : INFO : EventManager : Event: ======'player_number'====== Args={'value': 4, 'prev_value': 4, 'change': 0, 'player_num': 4}
2025-10-25 20:04:07,487 : INFO : EventManager : Event: ======'player_score'====== Args={'value': 0, 'prev_value': 0, 'change': 0, 'player_num': 4}
2025-10-25 20:04:07,488 : INFO : EventManager : Unordered handler for class <Auditor> on event game_ended with priority 1. Handlers: [RegisteredHandler(callback=<bound method Auditor.disable of <Auditor>>, priority=1, kwargs={}, key=UUID('5c08d582-d484-4e78-8e3b-be7ecdb9018a'), condition=None, blocking_facility=None), RegisteredHandler(callback=<bound method Auditor._save_audits of <Auditor>>, priority=1, kwargs={}, key=UUID('d0db11f7-18e2-4348-90fa-48279739cc89'), condition=None, blocking_facility=None)]. The order of those handlers is not defined and they will be executed in random order. This might lead to race conditions and potential bugs.
2025-10-25 20:04:07,499 : INFO : EventManager : Unordered handler for class <Auditor> on event game_ended with priority 1. Handlers: [RegisteredHandler(callback=<bound method Auditor.disable of <Auditor>>, priority=1, kwargs={}, key=UUID('5c08d582-d484-4e78-8e3b-be7ecdb9018a'), condition=None, blocking_facility=None), RegisteredHandler(callback=<bound method Auditor._save_audits of <Auditor>>, priority=1, kwargs={}, key=UUID('d0db11f7-18e2-4348-90fa-48279739cc89'), condition=None, blocking_facility=None)]. The order of those handlers is not defined and they will be executed in random order. This might lead to race conditions and potential bugs.
2025-10-25 20:04:07,500 : INFO : EventManager : Unordered handler for class <Auditor> on event game_ended with priority 1. Handlers: [RegisteredHandler(callback=<bound method Auditor.disable of <Auditor>>, priority=1, kwargs={}, key=UUID('5c08d582-d484-4e78-8e3b-be7ecdb9018a'), condition=None, blocking_facility=None), RegisteredHandler(callback=<bound method Auditor._save_audits of <Auditor>>, priority=1, kwargs={}, key=UUID('d0db11f7-18e2-4348-90fa-48279739cc89'), condition=None, blocking_facility=None)]. The order of those handlers is not defined and they will be executed in random order. This might lead to race conditions and potential bugs.
2025-10-25 20:04:07,765 : INFO : SwitchController : <<<<<<< 's_start_button' inactive >>>>>>>
2025-10-25 20:04:11,183 : INFO : SwitchController : <<<<<<< 's_middle_upper_rollovers' active >>>>>>>
2025-10-25 20:04:11,183 : INFO : EventManager : Event: ======'machine_var_audits_switches_s_middle_upper_rollovers'====== Args={'value': 66, 'prev_value': 65, 'change': 1}
2025-10-25 20:04:11,230 : INFO : SwitchController : <<<<<<< 's_middle_upper_rollovers' inactive >>>>>>>
2025-10-25 20:04:13,173 : INFO : ball_device.bd_trough : State: failed_confirm
2025-10-25 20:04:13,173 : INFO : ball_device.bd_trough : Got timeout (10.0s) before confirm from <playfield.playfield>
2025-10-25 20:04:13,267 : INFO : ball_device.bd_trough : Confirming eject because target is playfield and ball did not return.
2025-10-25 20:04:13,267 : INFO : ball_device.bd_trough : Eject successful
2025-10-25 20:04:13,267 : INFO : EventManager : Event: ======'balldevice_bd_trough_ball_eject_success'====== Args={'balls': 1, 'target': <playfield.playfield>}
2025-10-25 20:04:13,267 : INFO : EventManager : Event: ======'balldevice_playfield_ball_enter'====== Args={'new_balls': 1, 'unclaimed_balls': 1, 'device': <playfield.playfield>}
2025-10-25 20:04:13,267 : INFO : EventManager : Event: ======'playfield_ball_count_change'====== Args={'balls': 1, 'change': 1}
2025-10-25 20:04:13,268 : INFO : EventManager : Event: ======'balldevice_bd_trough_ball_count_changed'====== Args={'balls': 0}
2025-10-25 20:04:13,268 : INFO : ball_device.bd_trough : State: idle
2025-10-25 20:04:14,426 : INFO : SwitchController : <<<<<<< 's_outer_skill_lanes' active >>>>>>>
2025-10-25 20:04:14,426 : INFO : EventManager : Event: ======'s_outer_skill_lanes_active'====== Args={}
2025-10-25 20:04:14,426 : INFO : EventManager : Event: ======'machine_var_audits_switches_s_outer_skill_lanes'====== Args={'value': 48, 'prev_value': 47, 'change': 1}
2025-10-25 20:04:14,427 : INFO : EventManager : Event: ======'play_skilllane_quote_5'====== Args={}
2025-10-25 20:04:14,427 : INFO : EventManager : Event: ======'player_score'====== Args={'value': 500, 'prev_value': 0, 'change': 500, 'player_num': 1, 'source': 'base'}
2025-10-25 20:04:14,428 : INFO : EventManager : Unordered handler for class <Auditor> on event game_ended with priority 1. Handlers: [RegisteredHandler(callback=<bound method Auditor.disable of <Auditor>>, priority=1, kwargs={}, key=UUID('5c08d582-d484-4e78-8e3b-be7ecdb9018a'), condition=None, blocking_facility=None), RegisteredHandler(callback=<bound method Auditor._save_audits of <Auditor>>, priority=1, kwargs={}, key=UUID('d0db11f7-18e2-4348-90fa-48279739cc89'), condition=None, blocking_facility=None)]. The order of those handlers is not defined and they will be executed in random order. This might lead to race conditions and potential bugs.
2025-10-25 20:04:14,440 : INFO : EventManager : Unordered handler for class <Auditor> on event game_ended with priority 1. Handlers: [RegisteredHandler(callback=<bound method Auditor.disable of <Auditor>>, priority=1, kwargs={}, key=UUID('5c08d582-d484-4e78-8e3b-be7ecdb9018a'), condition=None, blocking_facility=None), RegisteredHandler(callback=<bound method Auditor._save_audits of <Auditor>>, priority=1, kwargs={}, key=UUID('d0db11f7-18e2-4348-90fa-48279739cc89'), condition=None, blocking_facility=None)]. The order of those handlers is not defined and they will be executed in random order. This might lead to race conditions and potential bugs.
2025-10-25 20:04:14,441 : INFO : EventManager : Unordered handler for class <Auditor> on event game_ended with priority 1. Handlers: [RegisteredHandler(callback=<bound method Auditor.disable of <Auditor>>, priority=1, kwargs={}, key=UUID('5c08d582-d484-4e78-8e3b-be7ecdb9018a'), condition=None, blocking_facility=None), RegisteredHandler(callback=<bound method Auditor._save_audits of <Auditor>>, priority=1, kwargs={}, key=UUID('d0db11f7-18e2-4348-90fa-48279739cc89'), condition=None, blocking_facility=None)]. The order of those handlers is not defined and they will be executed in random order. This might lead to race conditions and potential bugs.
2025-10-25 20:04:14,582 : INFO : SwitchController : <<<<<<< 's_outer_skill_lanes' inactive >>>>>>>
2025-10-25 20:04:15,002 : INFO : SwitchController : <<<<<<< 's_right_pop_bumper' active >>>>>>>
2025-10-25 20:04:15,002 : INFO : EventManager : Event: ======'machine_var_audits_switches_s_right_pop_bumper'====== Args={'value': 132, 'prev_value': 131, 'change': 1}
2025-10-25 20:04:15,008 : INFO : SwitchController : <<<<<<< 's_right_pop_bumper' inactive >>>>>>>
2025-10-25 20:04:15,142 : INFO : SwitchController : <<<<<<< 's_right_bank_target_right' active >>>>>>>
2025-10-25 20:04:15,142 : INFO : EventManager : Event: ======'s_right_bank_target_right_active'====== Args={}
2025-10-25 20:04:15,142 : INFO : EventManager : Event: ======'drop_target_s_right_bank_target_right_down'====== Args={'device': <drop_target.s_right_bank_target_right>}
2025-10-25 20:04:15,142 : INFO : EventManager : Event: ======'drop_target_bank_right_bank_mixed'====== Args={'prev_value': <DropTargetBankState.UP: 'up'>, 'down': 1}
2025-10-25 20:04:15,142 : INFO : EventManager : Event: ======'machine_var_audits_switches_s_right_bank_target_right'====== Args={'value': 28, 'prev_value': 27, 'change': 1}
2025-10-25 20:04:15,143 : INFO : EventManager : Event: ======'player_score'====== Args={'value': 600, 'prev_value': 500, 'change': 100, 'player_num': 1, 'source': 'base'}
2025-10-25 20:04:15,144 : INFO : EventManager : Unordered handler for class <Auditor> on event game_ended with priority 1. Handlers: [RegisteredHandler(callback=<bound method Auditor.disable of <Auditor>>, priority=1, kwargs={}, key=UUID('5c08d582-d484-4e78-8e3b-be7ecdb9018a'), condition=None, blocking_facility=None), RegisteredHandler(callback=<bound method Auditor._save_audits of <Auditor>>, priority=1, kwargs={}, key=UUID('d0db11f7-18e2-4348-90fa-48279739cc89'), condition=None, blocking_facility=None)]. The order of those handlers is not defined and they will be executed in random order. This might lead to race conditions and potential bugs.
2025-10-25 20:04:15,151 : INFO : SwitchController : <<<<<<< 's_right_bank_target_middle' active >>>>>>>
2025-10-25 20:04:15,151 : INFO : EventManager : Event: ======'s_right_bank_target_middle_active'====== Args={}
2025-10-25 20:04:15,151 : INFO : EventManager : Event: ======'drop_target_s_right_bank_target_middle_down'====== Args={'device': <drop_target.s_right_bank_target_middle>}
2025-10-25 20:04:15,151 : INFO : EventManager : Event: ======'drop_target_bank_right_bank_mixed'====== Args={'prev_value': <DropTargetBankState.MIXED: 'mixed'>, 'down': 2}
2025-10-25 20:04:15,151 : INFO : EventManager : Event: ======'machine_var_audits_switches_s_right_bank_target_middle'====== Args={'value': 29, 'prev_value': 28, 'change': 1}
2025-10-25 20:04:15,152 : INFO : EventManager : Unordered handler for class <Auditor> on event game_ended with priority 1. Handlers: [RegisteredHandler(callback=<bound method Auditor.disable of <Auditor>>, priority=1, kwargs={}, key=UUID('5c08d582-d484-4e78-8e3b-be7ecdb9018a'), condition=None, blocking_facility=None), RegisteredHandler(callback=<bound method Auditor._save_audits of <Auditor>>, priority=1, kwargs={}, key=UUID('d0db11f7-18e2-4348-90fa-48279739cc89'), condition=None, blocking_facility=None)]. The order of those handlers is not defined and they will be executed in random order. This might lead to race conditions and potential bugs.
2025-10-25 20:04:15,153 : INFO : EventManager : Unordered handler for class <Auditor> on event game_ended with priority 1. Handlers: [RegisteredHandler(callback=<bound method Auditor.disable of <Auditor>>, priority=1, kwargs={}, key=UUID('5c08d582-d484-4e78-8e3b-be7ecdb9018a'), condition=None, blocking_facility=None), RegisteredHandler(callback=<bound method Auditor._save_audits of <Auditor>>, priority=1, kwargs={}, key=UUID('d0db11f7-18e2-4348-90fa-48279739cc89'), condition=None, blocking_facility=None)]. The order of those handlers is not defined and they will be executed in random order. This might lead to race conditions and potential bugs.
2025-10-25 20:04:15,153 : INFO : EventManager : Event: ======'player_score'====== Args={'value': 700, 'prev_value': 600, 'change': 100, 'player_num': 1, 'source': 'base'}
2025-10-25 20:04:15,153 : INFO : EventManager : Unordered handler for class <Auditor> on event game_ended with priority 1. Handlers: [RegisteredHandler(callback=<bound method Auditor.disable of <Auditor>>, priority=1, kwargs={}, key=UUID('5c08d582-d484-4e78-8e3b-be7ecdb9018a'), condition=None, blocking_facility=None), RegisteredHandler(callback=<bound method Auditor._save_audits of <Auditor>>, priority=1, kwargs={}, key=UUID('d0db11f7-18e2-4348-90fa-48279739cc89'), condition=None, blocking_facility=None)]. The order of those handlers is not defined and they will be executed in random order. This might lead to race conditions and potential bugs.
2025-10-25 20:04:15,159 : INFO : EventManager : Unordered handler for class <Auditor> on event game_ended with priority 1. Handlers: [RegisteredHandler(callback=<bound method Auditor.disable of <Auditor>>, priority=1, kwargs={}, key=UUID('5c08d582-d484-4e78-8e3b-be7ecdb9018a'), condition=None, blocking_facility=None), RegisteredHandler(callback=<bound method Auditor._save_audits of <Auditor>>, priority=1, kwargs={}, key=UUID('d0db11f7-18e2-4348-90fa-48279739cc89'), condition=None, blocking_facility=None)]. The order of those handlers is not defined and they will be executed in random order. This might lead to race conditions and potential bugs.
2025-10-25 20:04:15,160 : INFO : EventManager : Unordered handler for class <Auditor> on event game_ended with priority 1. Handlers: [RegisteredHandler(callback=<bound method Auditor.disable of <Auditor>>, priority=1, kwargs={}, key=UUID('5c08d582-d484-4e78-8e3b-be7ecdb9018a'), condition=None, blocking_facility=None), RegisteredHandler(callback=<bound method Auditor._save_audits of <Auditor>>, priority=1, kwargs={}, key=UUID('d0db11f7-18e2-4348-90fa-48279739cc89'), condition=None, blocking_facility=None)]. The order of those handlers is not defined and they will be executed in random order. This might lead to race conditions and potential bugs.
2025-10-25 20:04:20,303 : INFO : SwitchController : <<<<<<< 's_trough' active >>>>>>>
2025-10-25 20:04:20,303 : INFO : EventManager : Event: ======'machine_var_audits_switches_s_trough'====== Args={'value': 129, 'prev_value': 128, 'change': 1}
2025-10-25 20:04:20,318 : INFO : SwitchController : <<<<<<< 's_trough' inactive >>>>>>>
2025-10-25 20:04:20,334 : INFO : SwitchController : <<<<<<< 's_trough' active >>>>>>>
2025-10-25 20:04:20,334 : INFO : EventManager : Event: ======'machine_var_audits_switches_s_trough'====== Args={'value': 130, 'prev_value': 129, 'change': 1}
2025-10-25 20:04:20,848 : INFO : EventManager : Event: ======'balldevice_bd_trough_ball_count_changed'====== Args={'balls': 1}
2025-10-25 20:04:20,848 : INFO : ball_device.bd_trough : Received unexpected ball
2025-10-25 20:04:20,848 : INFO : EventManager : Event: ======'balldevice_captured_from_playfield'====== Args={'balls': 1}
2025-10-25 20:04:20,849 : INFO : EventManager : Event: ======'sw_playfield_active'====== Args={'balls': 1}
2025-10-25 20:04:20,849 : INFO : EventManager : Event: ======'playfield_ball_count_change'====== Args={'balls': 0, 'change': -1}
2025-10-25 20:04:20,849 : INFO : EventManager : Event: ======'balldevice_bd_trough_ball_enter'====== Args={'new_balls': 1, 'unclaimed_balls': 1, 'new_available_balls': 1, 'device': <ball_device.bd_trough>}
2025-10-25 20:04:20,850 : INFO : EventManager : Event: ======'ball_drain'====== Args={'device': <ball_device.bd_trough>, 'balls': 1}
2025-10-25 20:04:20,850 : INFO : EventManager : Event: ======'ball_will_end'====== Args={}
2025-10-25 20:04:20,850 : INFO : EventManager : Event: ======'balldevice_balls_available'====== Args={}
2025-10-25 20:04:20,850 : INFO : EventManager : Event: ======'balldevice_bd_trough_ball_entered'====== Args={'new_balls': 1, 'device': <ball_device.bd_trough>}
2025-10-25 20:04:20,851 : INFO : EventManager : Event: ======'ball_ending'====== Args={}
2025-10-25 20:04:20,852 : INFO : EventManager : Event: ======'mode_base_will_stop'====== Args={}
2025-10-25 20:04:20,852 : INFO : EventManager : Event: ======'mode_base_stopping'====== Args={}
2025-10-25 20:04:20,852 : INFO : EventManager : Event: ======'stop_base_music'====== Args={'priority': 0}
2025-10-25 20:04:20,852 : INFO : Mode.base : Stopped.
2025-10-25 20:04:20,852 : INFO : EventManager : Event: ======'modes_active_modes_changed'====== Args={}
2025-10-25 20:04:20,853 : INFO : EventManager : Event: ======'mode_base_stopped'====== Args={}
2025-10-25 20:04:20,853 : INFO : EventManager : Event: ======'clear'====== Args={'key': 'base'}
2025-10-25 20:04:20,866 : INFO : EventManager : Event: ======'ball_ended'====== Args={}
2025-10-25 20:04:20,867 : INFO : EventManager : Event: ======'player_turn_will_end'====== Args={'player': <Player 1>, 'number': 1}
2025-10-25 20:04:20,870 : INFO : EventManager : Event: ======'player_turn_ending'====== Args={'player': <Player 1>, 'number': 1}
2025-10-25 20:04:20,870 : INFO : EventManager : Event: ======'player_turn_ended'====== Args={'player': <Player 1>, 'number': 1}
2025-10-25 20:04:20,871 : INFO : EventManager : Event: ======'player_turn_will_start'====== Args={'player': <Player 2>, 'number': 2}
2025-10-25 20:04:20,871 : INFO : EventManager : Event: ======'player_turn_starting'====== Args={'player': <Player 2>, 'number': 2}
2025-10-25 20:04:20,871 : INFO : EventManager : Event: ======'player_ball'====== Args={'value': 1, 'prev_value': 0, 'change': 1, 'player_num': 2}
2025-10-25 20:04:20,871 : INFO : EventManager : Event: ======'player_turn_started'====== Args={'player': <Player 2>, 'number': 2}
2025-10-25 20:04:20,872 : INFO : EventManager : Event: ======'ball_will_start'====== Args={'player': 2, 'ball': 1, 'balls_remaining': 2, 'is_extra_ball': False}
2025-10-25 20:04:20,878 : INFO : EventManager : Event: ======'ball_starting'====== Args={'player': 2, 'ball': 1, 'balls_remaining': 2, 'is_extra_ball': False}
2025-10-25 20:04:20,878 : INFO : drop_target_bank.right_bank : 2 targets are down. Will reset those.
2025-10-25 20:04:20,878 : INFO : coil.c_drop_target_right : Pulsing Driver for 50ms (1.0 pulse_power)
2025-10-25 20:04:20,878 : INFO : drop_target_bank.left_bank : All targets are already up. Will not reset bank.
2025-10-25 20:04:20,879 : INFO : EventManager : Event: ======'balls_in_play'====== Args={'balls': 1}
2025-10-25 20:04:20,879 : INFO : EventManager : Event: ======'ball_started'====== Args={'player': 2, 'ball': 1, 'balls_remaining': 2, 'is_extra_ball': False}
2025-10-25 20:04:20,879 : INFO : EventManager : Event: ======'mode_base_will_start'====== Args={'player': 2, 'ball': 1, 'balls_remaining': 2, 'is_extra_ball': False}
2025-10-25 20:04:20,879 : INFO : EventManager : Unordered handler for class <Auditor> on event game_ended with priority 1. Handlers: [RegisteredHandler(callback=<bound method Auditor.disable of <Auditor>>, priority=1, kwargs={}, key=UUID('5c08d582-d484-4e78-8e3b-be7ecdb9018a'), condition=None, blocking_facility=None), RegisteredHandler(callback=<bound method Auditor._save_audits of <Auditor>>, priority=1, kwargs={}, key=UUID('d0db11f7-18e2-4348-90fa-48279739cc89'), condition=None, blocking_facility=None)]. The order of those handlers is not defined and they will be executed in random order. This might lead to race conditions and potential bugs.
2025-10-25 20:04:20,881 : INFO : EventManager : Event: ======'mode_base_starting'====== Args={'player': 2, 'ball': 1, 'balls_remaining': 2, 'is_extra_ball': False}
2025-10-25 20:04:20,882 : INFO : EventManager : Event: ======'info_flip_back_now'====== Args={'priority': 0, 'delay': '2s'}
2025-10-25 20:04:20,882 : INFO : Mode.base : Started. Priority: 50
2025-10-25 20:04:20,882 : INFO : EventManager : Event: ======'modes_active_modes_changed'====== Args={}
2025-10-25 20:04:20,882 : INFO : EventManager : Event: ======'mode_base_started'====== Args={'player': 2, 'ball': 1, 'balls_remaining': 2, 'is_extra_ball': False}
2025-10-25 20:04:20,883 : INFO : EventManager : Event: ======'multi_player_ball_started'====== Args={}
2025-10-25 20:04:20,896 : INFO : EventManager : Event: ======'player_2_ball_started'====== Args={}
2025-10-25 20:04:20,896 : INFO : EventManager : Event: ======'ball_start_target'====== Args={'target': 'playfield'}
2025-10-25 20:04:20,896 : INFO : ball_device.bd_trough : Setting up player-controlled eject. Balls: 1, Target: <playfield.playfield>, player_controlled_eject_event: None
2025-10-25 20:04:20,897 : INFO : ball_device.bd_trough : Adding 1 ball(s) to the eject_queue with target <playfield.playfield>.
2025-10-25 20:04:20,897 : INFO : EventManager : Event: ======'balldevice_balls_available'====== Args={}
2025-10-25 20:04:20,897 : INFO : ball_device.bd_trough : State: waiting_for_target_ready
2025-10-25 20:04:20,897 : INFO : EventManager : Event: ======'balldevice_bd_trough_ball_eject_attempt'====== Args={'balls': 1, 'target': <playfield.playfield>, 'source': <ball_device.bd_trough>, 'mechanical_eject': False, 'num_attempts': 0}
2025-10-25 20:04:20,898 : INFO : ball_device.bd_trough : State: ejecting
2025-10-25 20:04:20,898 : INFO : ball_device.bd_trough : Ejecting ball to <playfield.playfield>
2025-10-25 20:04:20,898 : INFO : EventManager : Event: ======'balldevice_bd_trough_ejecting_ball'====== Args={'balls': 1, 'target': <playfield.playfield>, 'source': <ball_device.bd_trough>, 'mechanical_eject': False, 'num_attempts': 0}
2025-10-25 20:04:20,898 : INFO : ball_device.bd_trough : Wait for ball to leave device
2025-10-25 20:04:20,912 : INFO : coil.c_trough_eject : Pulsing Driver for 40ms (1.0 pulse_power)
2025-10-25 20:04:20,959 : INFO : SwitchController : <<<<<<< 's_right_bank_target_right' inactive (muted) >>>>>>>
2025-10-25 20:04:21,006 : INFO : SwitchController : <<<<<<< 's_right_bank_target_middle' inactive (muted) >>>>>>>
2025-10-25 20:04:21,022 : INFO : SwitchController : <<<<<<< 's_trough' inactive >>>>>>>
2025-10-25 20:04:21,027 : INFO : ball_device.bd_trough : State: ball_left
2025-10-25 20:04:21,027 : INFO : ball_device.bd_trough : Ball left
2025-10-25 20:04:21,028 : INFO : ball_device.bd_trough : Wait for confirm with timeout 10.0
2025-10-25 20:04:21,352 : INFO : EventManager : Event: ======'drop_target_s_right_bank_target_middle_up'====== Args={'device': <drop_target.s_right_bank_target_middle>}
2025-10-25 20:04:21,352 : INFO : EventManager : Event: ======'drop_target_s_right_bank_target_right_up'====== Args={'device': <drop_target.s_right_bank_target_right>}
2025-10-25 20:04:21,352 : INFO : EventManager : Event: ======'drop_target_bank_right_bank_up'====== Args={}
2025-10-25 20:04:23,847 : INFO : SwitchController : <<<<<<< 's_inlanes' active >>>>>>>
2025-10-25 20:04:23,847 : INFO : EventManager : Event: ======'s_inlanes_active'====== Args={}
2025-10-25 20:04:23,847 : INFO : EventManager : Event: ======'sw_playfield_active'====== Args={}
2025-10-25 20:04:23,847 : INFO : EventManager : Event: ======'machine_var_audits_switches_s_inlanes'====== Args={'value': 26, 'prev_value': 25, 'change': 1}
2025-10-25 20:04:23,848 : INFO : EventManager : Event: ======'player_score'====== Args={'value': 100, 'prev_value': 0, 'change': 100, 'player_num': 2, 'source': 'base'}
2025-10-25 20:04:23,849 : INFO : EventManager : Unordered handler for class <Auditor> on event game_ended with priority 1. Handlers: [RegisteredHandler(callback=<bound method Auditor.disable of <Auditor>>, priority=1, kwargs={}, key=UUID('5c08d582-d484-4e78-8e3b-be7ecdb9018a'), condition=None, blocking_facility=None), RegisteredHandler(callback=<bound method Auditor._save_audits of <Auditor>>, priority=1, kwargs={}, key=UUID('d0db11f7-18e2-4348-90fa-48279739cc89'), condition=None, blocking_facility=None)]. The order of those handlers is not defined and they will be executed in random order. This might lead to race conditions and potential bugs.
2025-10-25 20:04:23,849 : INFO : EventManager : Event: ======'playfield_active'====== Args={'source': None}
2025-10-25 20:04:23,858 : INFO : SwitchController : <<<<<<< 's_inlanes' inactive >>>>>>>
2025-10-25 20:04:23,864 : INFO : EventManager : Unordered handler for class <Auditor> on event game_ended with priority 1. Handlers: [RegisteredHandler(callback=<bound method Auditor.disable of <Auditor>>, priority=1, kwargs={}, key=UUID('5c08d582-d484-4e78-8e3b-be7ecdb9018a'), condition=None, blocking_facility=None), RegisteredHandler(callback=<bound method Auditor._save_audits of <Auditor>>, priority=1, kwargs={}, key=UUID('d0db11f7-18e2-4348-90fa-48279739cc89'), condition=None, blocking_facility=None)]. The order of those handlers is not defined and they will be executed in random order. This might lead to race conditions and potential bugs.
2025-10-25 20:04:23,866 : INFO : EventManager : Unordered handler for class <Auditor> on event game_ended with priority 1. Handlers: [RegisteredHandler(callback=<bound method Auditor.disable of <Auditor>>, priority=1, kwargs={}, key=UUID('5c08d582-d484-4e78-8e3b-be7ecdb9018a'), condition=None, blocking_facility=None), RegisteredHandler(callback=<bound method Auditor._save_audits of <Auditor>>, priority=1, kwargs={}, key=UUID('d0db11f7-18e2-4348-90fa-48279739cc89'), condition=None, blocking_facility=None)]. The order of those handlers is not defined and they will be executed in random order. This might lead to race conditions and potential bugs.
2025-10-25 20:04:23,866 : INFO : ball_device.bd_trough : Got eject confirm
2025-10-25 20:04:23,866 : INFO : ball_device.bd_trough : Eject successful
2025-10-25 20:04:23,866 : INFO : EventManager : Event: ======'balldevice_bd_trough_ball_eject_success'====== Args={'balls': 1, 'target': <playfield.playfield>}
2025-10-25 20:04:23,867 : INFO : EventManager : Event: ======'balldevice_playfield_ball_enter'====== Args={'new_balls': 1, 'unclaimed_balls': 1, 'device': <playfield.playfield>}
2025-10-25 20:04:23,867 : INFO : EventManager : Event: ======'playfield_ball_count_change'====== Args={'balls': 1, 'change': 1}
2025-10-25 20:04:23,867 : INFO : EventManager : Event: ======'balldevice_bd_trough_ball_count_changed'====== Args={'balls': 0}
2025-10-25 20:04:23,867 : INFO : ball_device.bd_trough : State: idle
2025-10-25 20:04:25,639 : INFO : SwitchController : <<<<<<< 's_trough' active >>>>>>>
2025-10-25 20:04:25,639 : INFO : EventManager : Event: ======'machine_var_audits_switches_s_trough'====== Args={'value': 131, 'prev_value': 130, 'change': 1}
2025-10-25 20:04:25,667 : INFO : SwitchController : <<<<<<< 's_trough' inactive >>>>>>>
2025-10-25 20:04:25,717 : INFO : SwitchController : <<<<<<< 's_trough' active >>>>>>>
2025-10-25 20:04:25,717 : INFO : EventManager : Event: ======'machine_var_audits_switches_s_trough'====== Args={'value': 132, 'prev_value': 131, 'change': 1}
2025-10-25 20:04:26,213 : INFO : EventManager : Event: ======'balldevice_bd_trough_ball_count_changed'====== Args={'balls': 1}
2025-10-25 20:04:26,213 : INFO : ball_device.bd_trough : Received unexpected ball
2025-10-25 20:04:26,213 : INFO : EventManager : Event: ======'balldevice_captured_from_playfield'====== Args={'balls': 1}
2025-10-25 20:04:26,214 : INFO : EventManager : Event: ======'sw_playfield_active'====== Args={'balls': 1}
2025-10-25 20:04:26,214 : INFO : EventManager : Event: ======'playfield_ball_count_change'====== Args={'balls': 0, 'change': -1}
2025-10-25 20:04:26,214 : INFO : EventManager : Event: ======'balldevice_bd_trough_ball_enter'====== Args={'new_balls': 1, 'unclaimed_balls': 1, 'new_available_balls': 1, 'device': <ball_device.bd_trough>}
2025-10-25 20:04:26,214 : INFO : EventManager : Event: ======'ball_drain'====== Args={'device': <ball_device.bd_trough>, 'balls': 1}
2025-10-25 20:04:26,214 : INFO : EventManager : Event: ======'ball_will_end'====== Args={}
2025-10-25 20:04:26,214 : INFO : EventManager : Event: ======'balldevice_balls_available'====== Args={}
2025-10-25 20:04:26,214 : INFO : EventManager : Event: ======'balldevice_bd_trough_ball_entered'====== Args={'new_balls': 1, 'device': <ball_device.bd_trough>}
2025-10-25 20:04:26,216 : INFO : EventManager : Event: ======'ball_ending'====== Args={}
2025-10-25 20:04:26,217 : INFO : EventManager : Event: ======'mode_base_will_stop'====== Args={}
2025-10-25 20:04:26,217 : INFO : EventManager : Event: ======'mode_base_stopping'====== Args={}
2025-10-25 20:04:26,217 : INFO : EventManager : Event: ======'stop_base_music'====== Args={'priority': 0}
2025-10-25 20:04:26,218 : INFO : Mode.base : Stopped.
2025-10-25 20:04:26,218 : INFO : EventManager : Event: ======'modes_active_modes_changed'====== Args={}
2025-10-25 20:04:26,218 : INFO : EventManager : Event: ======'mode_base_stopped'====== Args={}
2025-10-25 20:04:26,218 : INFO : EventManager : Event: ======'clear'====== Args={'key': 'base'}
2025-10-25 20:04:26,232 : INFO : EventManager : Event: ======'ball_ended'====== Args={}
2025-10-25 20:04:26,233 : INFO : EventManager : Event: ======'player_turn_will_end'====== Args={'player': <Player 2>, 'number': 2}
2025-10-25 20:04:26,238 : INFO : EventManager : Event: ======'player_turn_ending'====== Args={'player': <Player 2>, 'number': 2}
2025-10-25 20:04:26,238 : INFO : EventManager : Event: ======'player_turn_ended'====== Args={'player': <Player 2>, 'number': 2}
2025-10-25 20:04:26,239 : INFO : EventManager : Event: ======'player_turn_will_start'====== Args={'player': <Player 3>, 'number': 3}
2025-10-25 20:04:26,239 : INFO : EventManager : Event: ======'player_turn_starting'====== Args={'player': <Player 3>, 'number': 3}
2025-10-25 20:04:26,240 : INFO : EventManager : Event: ======'player_ball'====== Args={'value': 1, 'prev_value': 0, 'change': 1, 'player_num': 3}
2025-10-25 20:04:26,240 : INFO : EventManager : Event: ======'player_turn_started'====== Args={'player': <Player 3>, 'number': 3}
2025-10-25 20:04:26,241 : INFO : EventManager : Event: ======'ball_will_start'====== Args={'player': 3, 'ball': 1, 'balls_remaining': 2, 'is_extra_ball': False}
2025-10-25 20:04:26,246 : INFO : EventManager : Event: ======'ball_starting'====== Args={'player': 3, 'ball': 1, 'balls_remaining': 2, 'is_extra_ball': False}
2025-10-25 20:04:26,246 : INFO : drop_target_bank.right_bank : All targets are already up. Will not reset bank.
2025-10-25 20:04:26,246 : INFO : drop_target_bank.left_bank : All targets are already up. Will not reset bank.
2025-10-25 20:04:26,247 : INFO : EventManager : Event: ======'balls_in_play'====== Args={'balls': 1}
2025-10-25 20:04:26,247 : INFO : EventManager : Event: ======'ball_started'====== Args={'player': 3, 'ball': 1, 'balls_remaining': 2, 'is_extra_ball': False}
2025-10-25 20:04:26,247 : INFO : EventManager : Event: ======'mode_base_will_start'====== Args={'player': 3, 'ball': 1, 'balls_remaining': 2, 'is_extra_ball': False}
2025-10-25 20:04:26,248 : INFO : EventManager : Unordered handler for class <Auditor> on event game_ended with priority 1. Handlers: [RegisteredHandler(callback=<bound method Auditor.disable of <Auditor>>, priority=1, kwargs={}, key=UUID('5c08d582-d484-4e78-8e3b-be7ecdb9018a'), condition=None, blocking_facility=None), RegisteredHandler(callback=<bound method Auditor._save_audits of <Auditor>>, priority=1, kwargs={}, key=UUID('d0db11f7-18e2-4348-90fa-48279739cc89'), condition=None, blocking_facility=None)]. The order of those handlers is not defined and they will be executed in random order. This might lead to race conditions and potential bugs.
2025-10-25 20:04:26,250 : INFO : EventManager : Event: ======'mode_base_starting'====== Args={'player': 3, 'ball': 1, 'balls_remaining': 2, 'is_extra_ball': False}
2025-10-25 20:04:26,252 : INFO : EventManager : Event: ======'info_flip_back_now'====== Args={'priority': 0, 'delay': '2s'}
2025-10-25 20:04:26,252 : INFO : Mode.base : Started. Priority: 50
2025-10-25 20:04:26,252 : INFO : EventManager : Event: ======'modes_active_modes_changed'====== Args={}
2025-10-25 20:04:26,252 : INFO : EventManager : Event: ======'mode_base_started'====== Args={'player': 3, 'ball': 1, 'balls_remaining': 2, 'is_extra_ball': False}
2025-10-25 20:04:26,253 : INFO : EventManager : Event: ======'multi_player_ball_started'====== Args={}
2025-10-25 20:04:26,266 : INFO : EventManager : Event: ======'player_3_ball_started'====== Args={}
2025-10-25 20:04:26,266 : INFO : EventManager : Event: ======'ball_start_target'====== Args={'target': 'playfield'}
2025-10-25 20:04:26,267 : INFO : ball_device.bd_trough : Setting up player-controlled eject. Balls: 1, Target: <playfield.playfield>, player_controlled_eject_event: None
2025-10-25 20:04:26,267 : INFO : ball_device.bd_trough : Adding 1 ball(s) to the eject_queue with target <playfield.playfield>.
2025-10-25 20:04:26,267 : INFO : EventManager : Event: ======'balldevice_balls_available'====== Args={}
2025-10-25 20:04:26,268 : INFO : ball_device.bd_trough : State: waiting_for_target_ready
2025-10-25 20:04:26,268 : INFO : EventManager : Event: ======'balldevice_bd_trough_ball_eject_attempt'====== Args={'balls': 1, 'target': <playfield.playfield>, 'source': <ball_device.bd_trough>, 'mechanical_eject': False, 'num_attempts': 0}
2025-10-25 20:04:26,269 : INFO : ball_device.bd_trough : State: ejecting
2025-10-25 20:04:26,269 : INFO : ball_device.bd_trough : Ejecting ball to <playfield.playfield>
2025-10-25 20:04:26,269 : INFO : EventManager : Event: ======'balldevice_bd_trough_ejecting_ball'====== Args={'balls': 1, 'target': <playfield.playfield>, 'source': <ball_device.bd_trough>, 'mechanical_eject': False, 'num_attempts': 0}
2025-10-25 20:04:26,269 : INFO : ball_device.bd_trough : Wait for ball to leave device
2025-10-25 20:04:26,269 : INFO : coil.c_trough_eject : Pulsing Driver for 40ms (1.0 pulse_power)
2025-10-25 20:04:26,323 : INFO : SwitchController : <<<<<<< 's_trough' inactive >>>>>>>
2025-10-25 20:04:26,329 : INFO : SwitchController : <<<<<<< 's_trough' active >>>>>>>
2025-10-25 20:04:26,329 : INFO : EventManager : Event: ======'machine_var_audits_switches_s_trough'====== Args={'value': 133, 'prev_value': 132, 'change': 1}
2025-10-25 20:04:26,334 : INFO : ball_device.bd_trough : State: ball_left
2025-10-25 20:04:26,334 : INFO : ball_device.bd_trough : Ball left
2025-10-25 20:04:26,334 : INFO : ball_device.bd_trough : Wait for confirm with timeout 10.0
2025-10-25 20:04:26,334 : INFO : SwitchController : <<<<<<< 's_trough' inactive >>>>>>>
2025-10-25 20:04:29,020 : INFO : SwitchController : <<<<<<< 's_inlanes' active >>>>>>>
2025-10-25 20:04:29,020 : INFO : EventManager : Event: ======'s_inlanes_active'====== Args={}
2025-10-25 20:04:29,020 : INFO : EventManager : Event: ======'sw_playfield_active'====== Args={}
2025-10-25 20:04:29,020 : INFO : EventManager : Event: ======'machine_var_audits_switches_s_inlanes'====== Args={'value': 27, 'prev_value': 26, 'change': 1}
2025-10-25 20:04:29,021 : INFO : EventManager : Event: ======'player_score'====== Args={'value': 100, 'prev_value': 0, 'change': 100, 'player_num': 3, 'source': 'base'}
2025-10-25 20:04:29,022 : INFO : EventManager : Unordered handler for class <Auditor> on event game_ended with priority 1. Handlers: [RegisteredHandler(callback=<bound method Auditor.disable of <Auditor>>, priority=1, kwargs={}, key=UUID('5c08d582-d484-4e78-8e3b-be7ecdb9018a'), condition=None, blocking_facility=None), RegisteredHandler(callback=<bound method Auditor._save_audits of <Auditor>>, priority=1, kwargs={}, key=UUID('d0db11f7-18e2-4348-90fa-48279739cc89'), condition=None, blocking_facility=None)]. The order of those handlers is not defined and they will be executed in random order. This might lead to race conditions and potential bugs.
2025-10-25 20:04:29,022 : INFO : EventManager : Event: ======'playfield_active'====== Args={'source': None}
2025-10-25 20:04:29,033 : INFO : EventManager : Unordered handler for class <Auditor> on event game_ended with priority 1. Handlers: [RegisteredHandler(callback=<bound method Auditor.disable of <Auditor>>, priority=1, kwargs={}, key=UUID('5c08d582-d484-4e78-8e3b-be7ecdb9018a'), condition=None, blocking_facility=None), RegisteredHandler(callback=<bound method Auditor._save_audits of <Auditor>>, priority=1, kwargs={}, key=UUID('d0db11f7-18e2-4348-90fa-48279739cc89'), condition=None, blocking_facility=None)]. The order of those handlers is not defined and they will be executed in random order. This might lead to race conditions and potential bugs.
2025-10-25 20:04:29,034 : INFO : EventManager : Unordered handler for class <Auditor> on event game_ended with priority 1. Handlers: [RegisteredHandler(callback=<bound method Auditor.disable of <Auditor>>, priority=1, kwargs={}, key=UUID('5c08d582-d484-4e78-8e3b-be7ecdb9018a'), condition=None, blocking_facility=None), RegisteredHandler(callback=<bound method Auditor._save_audits of <Auditor>>, priority=1, kwargs={}, key=UUID('d0db11f7-18e2-4348-90fa-48279739cc89'), condition=None, blocking_facility=None)]. The order of those handlers is not defined and they will be executed in random order. This might lead to race conditions and potential bugs.
2025-10-25 20:04:29,034 : INFO : ball_device.bd_trough : Got eject confirm
2025-10-25 20:04:29,034 : INFO : ball_device.bd_trough : Eject successful
2025-10-25 20:04:29,034 : INFO : EventManager : Event: ======'balldevice_bd_trough_ball_eject_success'====== Args={'balls': 1, 'target': <playfield.playfield>}
2025-10-25 20:04:29,035 : INFO : EventManager : Event: ======'balldevice_playfield_ball_enter'====== Args={'new_balls': 1, 'unclaimed_balls': 1, 'device': <playfield.playfield>}
2025-10-25 20:04:29,035 : INFO : EventManager : Event: ======'playfield_ball_count_change'====== Args={'balls': 1, 'change': 1}
2025-10-25 20:04:29,035 : INFO : EventManager : Event: ======'balldevice_bd_trough_ball_count_changed'====== Args={'balls': 0}
2025-10-25 20:04:29,035 : INFO : ball_device.bd_trough : State: idle
2025-10-25 20:04:29,082 : INFO : SwitchController : <<<<<<< 's_inlanes' inactive >>>>>>>
2025-10-25 20:04:31,519 : INFO : SwitchController : <<<<<<< 's_trough' active >>>>>>>
2025-10-25 20:04:31,519 : INFO : EventManager : Event: ======'machine_var_audits_switches_s_trough'====== Args={'value': 134, 'prev_value': 133, 'change': 1}
2025-10-25 20:04:31,529 : INFO : SwitchController : <<<<<<< 's_trough' inactive >>>>>>>
2025-10-25 20:04:31,582 : INFO : SwitchController : <<<<<<< 's_trough' active >>>>>>>
2025-10-25 20:04:31,582 : INFO : EventManager : Event: ======'machine_var_audits_switches_s_trough'====== Args={'value': 135, 'prev_value': 134, 'change': 1}
2025-10-25 20:04:32,081 : INFO : EventManager : Event: ======'balldevice_bd_trough_ball_count_changed'====== Args={'balls': 1}
2025-10-25 20:04:32,081 : INFO : ball_device.bd_trough : Received unexpected ball
2025-10-25 20:04:32,081 : INFO : EventManager : Event: ======'balldevice_captured_from_playfield'====== Args={'balls': 1}
2025-10-25 20:04:32,082 : INFO : EventManager : Event: ======'sw_playfield_active'====== Args={'balls': 1}
2025-10-25 20:04:32,082 : INFO : EventManager : Event: ======'playfield_ball_count_change'====== Args={'balls': 0, 'change': -1}
2025-10-25 20:04:32,082 : INFO : EventManager : Event: ======'balldevice_bd_trough_ball_enter'====== Args={'new_balls': 1, 'unclaimed_balls': 1, 'new_available_balls': 1, 'device': <ball_device.bd_trough>}
2025-10-25 20:04:32,082 : INFO : EventManager : Event: ======'ball_drain'====== Args={'device': <ball_device.bd_trough>, 'balls': 1}
2025-10-25 20:04:32,083 : INFO : EventManager : Event: ======'ball_will_end'====== Args={}
2025-10-25 20:04:32,083 : INFO : EventManager : Event: ======'balldevice_balls_available'====== Args={}
2025-10-25 20:04:32,083 : INFO : EventManager : Event: ======'balldevice_bd_trough_ball_entered'====== Args={'new_balls': 1, 'device': <ball_device.bd_trough>}
2025-10-25 20:04:32,084 : INFO : EventManager : Event: ======'ball_ending'====== Args={}
2025-10-25 20:04:32,084 : INFO : EventManager : Event: ======'mode_base_will_stop'====== Args={}
2025-10-25 20:04:32,084 : INFO : EventManager : Event: ======'mode_base_stopping'====== Args={}
2025-10-25 20:04:32,084 : INFO : EventManager : Event: ======'stop_base_music'====== Args={'priority': 0}
2025-10-25 20:04:32,084 : INFO : Mode.base : Stopped.
2025-10-25 20:04:32,084 : INFO : EventManager : Event: ======'modes_active_modes_changed'====== Args={}
2025-10-25 20:04:32,084 : INFO : EventManager : Event: ======'mode_base_stopped'====== Args={}
2025-10-25 20:04:32,084 : INFO : EventManager : Event: ======'clear'====== Args={'key': 'base'}
2025-10-25 20:04:32,097 : INFO : EventManager : Event: ======'ball_ended'====== Args={}
2025-10-25 20:04:32,098 : INFO : EventManager : Event: ======'player_turn_will_end'====== Args={'player': <Player 3>, 'number': 3}
2025-10-25 20:04:32,102 : INFO : EventManager : Event: ======'player_turn_ending'====== Args={'player': <Player 3>, 'number': 3}
2025-10-25 20:04:32,102 : INFO : EventManager : Event: ======'player_turn_ended'====== Args={'player': <Player 3>, 'number': 3}
2025-10-25 20:04:32,102 : INFO : EventManager : Event: ======'player_turn_will_start'====== Args={'player': <Player 4>, 'number': 4}
2025-10-25 20:04:32,104 : INFO : EventManager : Event: ======'player_turn_starting'====== Args={'player': <Player 4>, 'number': 4}
2025-10-25 20:04:32,104 : INFO : EventManager : Event: ======'player_ball'====== Args={'value': 1, 'prev_value': 0, 'change': 1, 'player_num': 4}
2025-10-25 20:04:32,104 : INFO : EventManager : Event: ======'player_turn_started'====== Args={'player': <Player 4>, 'number': 4}
2025-10-25 20:04:32,105 : INFO : EventManager : Event: ======'ball_will_start'====== Args={'player': 4, 'ball': 1, 'balls_remaining': 2, 'is_extra_ball': False}
2025-10-25 20:04:32,109 : INFO : EventManager : Event: ======'ball_starting'====== Args={'player': 4, 'ball': 1, 'balls_remaining': 2, 'is_extra_ball': False}
2025-10-25 20:04:32,110 : INFO : drop_target_bank.right_bank : All targets are already up. Will not reset bank.
2025-10-25 20:04:32,110 : INFO : drop_target_bank.left_bank : All targets are already up. Will not reset bank.
2025-10-25 20:04:32,110 : INFO : EventManager : Event: ======'balls_in_play'====== Args={'balls': 1}
2025-10-25 20:04:32,110 : INFO : EventManager : Event: ======'ball_started'====== Args={'player': 4, 'ball': 1, 'balls_remaining': 2, 'is_extra_ball': False}
2025-10-25 20:04:32,110 : INFO : EventManager : Event: ======'mode_base_will_start'====== Args={'player': 4, 'ball': 1, 'balls_remaining': 2, 'is_extra_ball': False}
2025-10-25 20:04:32,111 : INFO : EventManager : Unordered handler for class <Auditor> on event game_ended with priority 1. Handlers: [RegisteredHandler(callback=<bound method Auditor.disable of <Auditor>>, priority=1, kwargs={}, key=UUID('5c08d582-d484-4e78-8e3b-be7ecdb9018a'), condition=None, blocking_facility=None), RegisteredHandler(callback=<bound method Auditor._save_audits of <Auditor>>, priority=1, kwargs={}, key=UUID('d0db11f7-18e2-4348-90fa-48279739cc89'), condition=None, blocking_facility=None)]. The order of those handlers is not defined and they will be executed in random order. This might lead to race conditions and potential bugs.
2025-10-25 20:04:32,112 : INFO : EventManager : Event: ======'mode_base_starting'====== Args={'player': 4, 'ball': 1, 'balls_remaining': 2, 'is_extra_ball': False}
2025-10-25 20:04:32,113 : INFO : EventManager : Event: ======'info_flip_back_now'====== Args={'priority': 0, 'delay': '2s'}
2025-10-25 20:04:32,113 : INFO : Mode.base : Started. Priority: 50
2025-10-25 20:04:32,113 : INFO : EventManager : Event: ======'modes_active_modes_changed'====== Args={}
2025-10-25 20:04:32,113 : INFO : EventManager : Event: ======'mode_base_started'====== Args={'player': 4, 'ball': 1, 'balls_remaining': 2, 'is_extra_ball': False}
2025-10-25 20:04:32,114 : INFO : EventManager : Event: ======'multi_player_ball_started'====== Args={}
2025-10-25 20:04:32,128 : INFO : EventManager : Event: ======'player_4_ball_started'====== Args={}
2025-10-25 20:04:32,128 : INFO : EventManager : Event: ======'ball_start_target'====== Args={'target': 'playfield'}
2025-10-25 20:04:32,128 : INFO : ball_device.bd_trough : Setting up player-controlled eject. Balls: 1, Target: <playfield.playfield>, player_controlled_eject_event: None
2025-10-25 20:04:32,128 : INFO : ball_device.bd_trough : Adding 1 ball(s) to the eject_queue with target <playfield.playfield>.
2025-10-25 20:04:32,128 : INFO : EventManager : Event: ======'balldevice_balls_available'====== Args={}
2025-10-25 20:04:32,129 : INFO : ball_device.bd_trough : State: waiting_for_target_ready
2025-10-25 20:04:32,129 : INFO : EventManager : Event: ======'balldevice_bd_trough_ball_eject_attempt'====== Args={'balls': 1, 'target': <playfield.playfield>, 'source': <ball_device.bd_trough>, 'mechanical_eject': False, 'num_attempts': 0}
2025-10-25 20:04:32,130 : INFO : ball_device.bd_trough : State: ejecting
2025-10-25 20:04:32,130 : INFO : ball_device.bd_trough : Ejecting ball to <playfield.playfield>
2025-10-25 20:04:32,130 : INFO : EventManager : Event: ======'balldevice_bd_trough_ejecting_ball'====== Args={'balls': 1, 'target': <playfield.playfield>, 'source': <ball_device.bd_trough>, 'mechanical_eject': False, 'num_attempts': 0}
2025-10-25 20:04:32,131 : INFO : ball_device.bd_trough : Wait for ball to leave device
2025-10-25 20:04:32,131 : INFO : coil.c_trough_eject : Pulsing Driver for 40ms (1.0 pulse_power)
2025-10-25 20:04:32,188 : INFO : SwitchController : <<<<<<< 's_trough' inactive >>>>>>>
2025-10-25 20:04:32,193 : INFO : ball_device.bd_trough : State: ball_left
2025-10-25 20:04:32,194 : INFO : ball_device.bd_trough : Ball left
2025-10-25 20:04:32,194 : INFO : ball_device.bd_trough : Wait for confirm with timeout 10.0
2025-10-25 20:04:34,172 : INFO : SwitchController : <<<<<<< 's_inlanes' active >>>>>>>
2025-10-25 20:04:34,172 : INFO : EventManager : Event: ======'s_inlanes_active'====== Args={}
2025-10-25 20:04:34,172 : INFO : EventManager : Event: ======'sw_playfield_active'====== Args={}
2025-10-25 20:04:34,172 : INFO : EventManager : Event: ======'machine_var_audits_switches_s_inlanes'====== Args={'value': 28, 'prev_value': 27, 'change': 1}
2025-10-25 20:04:34,172 : INFO : EventManager : Event: ======'player_score'====== Args={'value': 100, 'prev_value': 0, 'change': 100, 'player_num': 4, 'source': 'base'}
2025-10-25 20:04:34,174 : INFO : EventManager : Unordered handler for class <Auditor> on event game_ended with priority 1. Handlers: [RegisteredHandler(callback=<bound method Auditor.disable of <Auditor>>, priority=1, kwargs={}, key=UUID('5c08d582-d484-4e78-8e3b-be7ecdb9018a'), condition=None, blocking_facility=None), RegisteredHandler(callback=<bound method Auditor._save_audits of <Auditor>>, priority=1, kwargs={}, key=UUID('d0db11f7-18e2-4348-90fa-48279739cc89'), condition=None, blocking_facility=None)]. The order of those handlers is not defined and they will be executed in random order. This might lead to race conditions and potential bugs.
2025-10-25 20:04:34,174 : INFO : EventManager : Event: ======'playfield_active'====== Args={'source': None}
2025-10-25 20:04:34,183 : INFO : EventManager : Unordered handler for class <Auditor> on event game_ended with priority 1. Handlers: [RegisteredHandler(callback=<bound method Auditor.disable of <Auditor>>, priority=1, kwargs={}, key=UUID('5c08d582-d484-4e78-8e3b-be7ecdb9018a'), condition=None, blocking_facility=None), RegisteredHandler(callback=<bound method Auditor._save_audits of <Auditor>>, priority=1, kwargs={}, key=UUID('d0db11f7-18e2-4348-90fa-48279739cc89'), condition=None, blocking_facility=None)]. The order of those handlers is not defined and they will be executed in random order. This might lead to race conditions and potential bugs.
2025-10-25 20:04:34,184 : INFO : EventManager : Unordered handler for class <Auditor> on event game_ended with priority 1. Handlers: [RegisteredHandler(callback=<bound method Auditor.disable of <Auditor>>, priority=1, kwargs={}, key=UUID('5c08d582-d484-4e78-8e3b-be7ecdb9018a'), condition=None, blocking_facility=None), RegisteredHandler(callback=<bound method Auditor._save_audits of <Auditor>>, priority=1, kwargs={}, key=UUID('d0db11f7-18e2-4348-90fa-48279739cc89'), condition=None, blocking_facility=None)]. The order of those handlers is not defined and they will be executed in random order. This might lead to race conditions and potential bugs.
2025-10-25 20:04:34,184 : INFO : EventManager : Unordered handler for class <Auditor> on event game_ended with priority 1. Handlers: [RegisteredHandler(callback=<bound method Auditor.disable of <Auditor>>, priority=1, kwargs={}, key=UUID('5c08d582-d484-4e78-8e3b-be7ecdb9018a'), condition=None, blocking_facility=None), RegisteredHandler(callback=<bound method Auditor._save_audits of <Auditor>>, priority=1, kwargs={}, key=UUID('d0db11f7-18e2-4348-90fa-48279739cc89'), condition=None, blocking_facility=None)]. The order of those handlers is not defined and they will be executed in random order. This might lead to race conditions and potential bugs.
2025-10-25 20:04:34,184 : INFO : ball_device.bd_trough : Got eject confirm
2025-10-25 20:04:34,184 : INFO : ball_device.bd_trough : Eject successful
2025-10-25 20:04:34,184 : INFO : EventManager : Event: ======'balldevice_bd_trough_ball_eject_success'====== Args={'balls': 1, 'target': <playfield.playfield>}
2025-10-25 20:04:34,184 : INFO : EventManager : Event: ======'balldevice_playfield_ball_enter'====== Args={'new_balls': 1, 'unclaimed_balls': 1, 'device': <playfield.playfield>}
2025-10-25 20:04:34,184 : INFO : EventManager : Event: ======'playfield_ball_count_change'====== Args={'balls': 1, 'change': 1}
2025-10-25 20:04:34,186 : INFO : EventManager : Event: ======'balldevice_bd_trough_ball_count_changed'====== Args={'balls': 0}
2025-10-25 20:04:34,186 : INFO : ball_device.bd_trough : State: idle
2025-10-25 20:04:34,250 : INFO : SwitchController : <<<<<<< 's_inlanes' inactive >>>>>>>
2025-10-25 20:04:36,771 : INFO : SwitchController : <<<<<<< 's_trough' active >>>>>>>
2025-10-25 20:04:36,771 : INFO : EventManager : Event: ======'machine_var_audits_switches_s_trough'====== Args={'value': 136, 'prev_value': 135, 'change': 1}
2025-10-25 20:04:36,786 : INFO : SwitchController : <<<<<<< 's_trough' inactive >>>>>>>
2025-10-25 20:04:36,790 : INFO : SwitchController : <<<<<<< 's_trough' active >>>>>>>
2025-10-25 20:04:36,790 : INFO : EventManager : Event: ======'machine_var_audits_switches_s_trough'====== Args={'value': 137, 'prev_value': 136, 'change': 1}
2025-10-25 20:04:37,302 : INFO : EventManager : Event: ======'balldevice_bd_trough_ball_count_changed'====== Args={'balls': 1}
2025-10-25 20:04:37,302 : INFO : ball_device.bd_trough : Received unexpected ball
2025-10-25 20:04:37,302 : INFO : EventManager : Event: ======'balldevice_captured_from_playfield'====== Args={'balls': 1}
2025-10-25 20:04:37,303 : INFO : EventManager : Event: ======'sw_playfield_active'====== Args={'balls': 1}
2025-10-25 20:04:37,303 : INFO : EventManager : Event: ======'playfield_ball_count_change'====== Args={'balls': 0, 'change': -1}
2025-10-25 20:04:37,303 : INFO : EventManager : Event: ======'balldevice_bd_trough_ball_enter'====== Args={'new_balls': 1, 'unclaimed_balls': 1, 'new_available_balls': 1, 'device': <ball_device.bd_trough>}
2025-10-25 20:04:37,304 : INFO : EventManager : Event: ======'ball_drain'====== Args={'device': <ball_device.bd_trough>, 'balls': 1}
2025-10-25 20:04:37,304 : INFO : EventManager : Event: ======'ball_will_end'====== Args={}
2025-10-25 20:04:37,304 : INFO : EventManager : Event: ======'balldevice_balls_available'====== Args={}
2025-10-25 20:04:37,304 : INFO : EventManager : Event: ======'balldevice_bd_trough_ball_entered'====== Args={'new_balls': 1, 'device': <ball_device.bd_trough>}
2025-10-25 20:04:37,304 : INFO : EventManager : Event: ======'ball_ending'====== Args={}
2025-10-25 20:04:37,306 : INFO : EventManager : Event: ======'mode_base_will_stop'====== Args={}
2025-10-25 20:04:37,306 : INFO : EventManager : Event: ======'mode_base_stopping'====== Args={}
2025-10-25 20:04:37,306 : INFO : EventManager : Event: ======'stop_base_music'====== Args={'priority': 0}
2025-10-25 20:04:37,306 : INFO : Mode.base : Stopped.
2025-10-25 20:04:37,307 : INFO : EventManager : Event: ======'modes_active_modes_changed'====== Args={}
2025-10-25 20:04:37,307 : INFO : EventManager : Event: ======'mode_base_stopped'====== Args={}
2025-10-25 20:04:37,307 : INFO : EventManager : Event: ======'clear'====== Args={'key': 'base'}
2025-10-25 20:04:37,319 : INFO : EventManager : Event: ======'ball_ended'====== Args={}
2025-10-25 20:04:37,319 : INFO : EventManager : Event: ======'player_turn_will_end'====== Args={'player': <Player 4>, 'number': 4}
2025-10-25 20:04:37,323 : INFO : EventManager : Event: ======'player_turn_ending'====== Args={'player': <Player 4>, 'number': 4}
2025-10-25 20:04:37,324 : INFO : EventManager : Event: ======'player_turn_ended'====== Args={'player': <Player 4>, 'number': 4}
2025-10-25 20:04:37,324 : INFO : EventManager : Event: ======'player_turn_will_start'====== Args={'player': <Player 1>, 'number': 1}
2025-10-25 20:04:37,325 : INFO : EventManager : Event: ======'player_turn_starting'====== Args={'player': <Player 1>, 'number': 1}
2025-10-25 20:04:37,325 : INFO : EventManager : Event: ======'player_ball'====== Args={'value': 2, 'prev_value': 1, 'change': 1, 'player_num': 1}
2025-10-25 20:04:37,325 : INFO : EventManager : Event: ======'player_turn_started'====== Args={'player': <Player 1>, 'number': 1}
2025-10-25 20:04:37,326 : INFO : EventManager : Event: ======'ball_will_start'====== Args={'player': 1, 'ball': 2, 'balls_remaining': 1, 'is_extra_ball': False}
2025-10-25 20:04:37,331 : INFO : EventManager : Event: ======'ball_starting'====== Args={'player': 1, 'ball': 2, 'balls_remaining': 1, 'is_extra_ball': False}
2025-10-25 20:04:37,332 : INFO : drop_target_bank.right_bank : All targets are already up. Will not reset bank.
2025-10-25 20:04:37,332 : INFO : drop_target_bank.left_bank : All targets are already up. Will not reset bank.
2025-10-25 20:04:37,332 : INFO : EventManager : Event: ======'balls_in_play'====== Args={'balls': 1}
2025-10-25 20:04:37,332 : INFO : EventManager : Event: ======'ball_started'====== Args={'player': 1, 'ball': 2, 'balls_remaining': 1, 'is_extra_ball': False}
2025-10-25 20:04:37,332 : INFO : EventManager : Event: ======'mode_base_will_start'====== Args={'player': 1, 'ball': 2, 'balls_remaining': 1, 'is_extra_ball': False}
2025-10-25 20:04:37,333 : INFO : EventManager : Unordered handler for class <Auditor> on event game_ended with priority 1. Handlers: [RegisteredHandler(callback=<bound method Auditor.disable of <Auditor>>, priority=1, kwargs={}, key=UUID('5c08d582-d484-4e78-8e3b-be7ecdb9018a'), condition=None, blocking_facility=None), RegisteredHandler(callback=<bound method Auditor._save_audits of <Auditor>>, priority=1, kwargs={}, key=UUID('d0db11f7-18e2-4348-90fa-48279739cc89'), condition=None, blocking_facility=None)]. The order of those handlers is not defined and they will be executed in random order. This might lead to race conditions and potential bugs.
2025-10-25 20:04:37,335 : INFO : EventManager : Event: ======'mode_base_starting'====== Args={'player': 1, 'ball': 2, 'balls_remaining': 1, 'is_extra_ball': False}
2025-10-25 20:04:37,336 : INFO : EventManager : Event: ======'info_flip_back_now'====== Args={'priority': 0, 'delay': '2s'}
2025-10-25 20:04:37,336 : INFO : Mode.base : Started. Priority: 50
2025-10-25 20:04:37,336 : INFO : EventManager : Event: ======'modes_active_modes_changed'====== Args={}
2025-10-25 20:04:37,336 : INFO : EventManager : Event: ======'mode_base_started'====== Args={'player': 1, 'ball': 2, 'balls_remaining': 1, 'is_extra_ball': False}
2025-10-25 20:04:37,336 : INFO : EventManager : Event: ======'multi_player_ball_started'====== Args={}
2025-10-25 20:04:37,349 : INFO : EventManager : Event: ======'player_1_ball_started'====== Args={}
2025-10-25 20:04:37,350 : INFO : EventManager : Event: ======'ball_start_target'====== Args={'target': 'playfield'}
2025-10-25 20:04:37,350 : INFO : ball_device.bd_trough : Setting up player-controlled eject. Balls: 1, Target: <playfield.playfield>, player_controlled_eject_event: None
2025-10-25 20:04:37,350 : INFO : ball_device.bd_trough : Adding 1 ball(s) to the eject_queue with target <playfield.playfield>.
2025-10-25 20:04:37,351 : INFO : EventManager : Event: ======'balldevice_balls_available'====== Args={}
2025-10-25 20:04:37,351 : INFO : ball_device.bd_trough : State: waiting_for_target_ready
2025-10-25 20:04:37,351 : INFO : EventManager : Event: ======'balldevice_bd_trough_ball_eject_attempt'====== Args={'balls': 1, 'target': <playfield.playfield>, 'source': <ball_device.bd_trough>, 'mechanical_eject': False, 'num_attempts': 0}
2025-10-25 20:04:37,352 : INFO : ball_device.bd_trough : State: ejecting
2025-10-25 20:04:37,352 : INFO : ball_device.bd_trough : Ejecting ball to <playfield.playfield>
2025-10-25 20:04:37,352 : INFO : EventManager : Event: ======'balldevice_bd_trough_ejecting_ball'====== Args={'balls': 1, 'target': <playfield.playfield>, 'source': <ball_device.bd_trough>, 'mechanical_eject': False, 'num_attempts': 0}
2025-10-25 20:04:37,353 : INFO : ball_device.bd_trough : Wait for ball to leave device
2025-10-25 20:04:37,353 : INFO : coil.c_trough_eject : Pulsing Driver for 40ms (1.0 pulse_power)
2025-10-25 20:04:37,411 : INFO : SwitchController : <<<<<<< 's_trough' inactive >>>>>>>
2025-10-25 20:04:37,417 : INFO : ball_device.bd_trough : State: ball_left
2025-10-25 20:04:37,417 : INFO : ball_device.bd_trough : Ball left
2025-10-25 20:04:37,417 : INFO : ball_device.bd_trough : Wait for confirm with timeout 10.0
2025-10-25 20:04:47,418 : INFO : ball_device.bd_trough : State: failed_confirm
2025-10-25 20:04:47,418 : INFO : ball_device.bd_trough : Got timeout (10.0s) before confirm from <playfield.playfield>
2025-10-25 20:04:47,509 : INFO : ball_device.bd_trough : Confirming eject because target is playfield and ball did not return.
2025-10-25 20:04:47,509 : INFO : ball_device.bd_trough : Eject successful
2025-10-25 20:04:47,509 : INFO : EventManager : Event: ======'balldevice_bd_trough_ball_eject_success'====== Args={'balls': 1, 'target': <playfield.playfield>}
2025-10-25 20:04:47,509 : INFO : EventManager : Event: ======'balldevice_playfield_ball_enter'====== Args={'new_balls': 1, 'unclaimed_balls': 1, 'device': <playfield.playfield>}
2025-10-25 20:04:47,509 : INFO : EventManager : Event: ======'playfield_ball_count_change'====== Args={'balls': 1, 'change': 1}
2025-10-25 20:04:47,510 : INFO : EventManager : Event: ======'balldevice_bd_trough_ball_count_changed'====== Args={'balls': 0}
2025-10-25 20:04:47,510 : INFO : ball_device.bd_trough : State: idle
2025-10-25 20:05:15,210 : INFO : Machine : Shutting down...
2025-10-25 20:05:15,210 : INFO : EventManager : Event: ======'shutdown'====== Args={}
2025-10-25 20:05:15,212 : INFO : EventManager : Event: ======'mode_game_will_stop'====== Args={}
2025-10-25 20:05:15,212 : INFO : EventManager : Event: ======'mode_game_stopping'====== Args={}
2025-10-25 20:05:15,213 : ERROR : asyncio : Exception in callback SegmentDisplay._current_placeholder_changed(<Task finishe...d interrupt'>>)
handle: <Handle SegmentDisplay._current_placeholder_changed(<Task finishe...d interrupt'>>)>
Traceback (most recent call last):
  File "C:\Users\antho\mpf\Lib\site-packages\mpf\core\placeholder_manager.py", line 250, in format_field
    return super().format_field(value, format_spec)
           ^^^^^^^^^^^^^^^^^^^^^^^^^^^^^^^^^^^^^^^^
  File "C:\Users\antho\AppData\Local\Programs\Python\Python312\Lib\string.py", line 264, in format_field
    return format(value, format_spec)
           ^^^^^^^^^^^^^^^^^^^^^^^^^^
TypeError: unsupported format string passed to NoneType.__format__

The above exception was the direct cause of the following exception:

Traceback (most recent call last):
  File "C:\Users\antho\AppData\Local\Programs\Python\Python312\Lib\asyncio\events.py", line 88, in _run
    self._context.run(self._callback, *self._args)
  File "C:\Users\antho\mpf\Lib\site-packages\mpf\devices\segment_display\segment_display.py", line 318, in _current_placeholder_changed
    new_text, self._current_placeholder_future = self._current_placeholder.evaluate_and_subscribe({})
                                                 ^^^^^^^^^^^^^^^^^^^^^^^^^^^^^^^^^^^^^^^^^^^^^^^^^^^^
  File "C:\Users\antho\mpf\Lib\site-packages\mpf\core\placeholder_manager.py", line 278, in evaluate_and_subscribe
    value = f.format(self.text)
            ^^^^^^^^^^^^^^^^^^^
  File "C:\Users\antho\AppData\Local\Programs\Python\Python312\Lib\string.py", line 190, in format
    return self.vformat(format_string, args, kwargs)
           ^^^^^^^^^^^^^^^^^^^^^^^^^^^^^^^^^^^^^^^^^
  File "C:\Users\antho\AppData\Local\Programs\Python\Python312\Lib\string.py", line 194, in vformat
    result, _ = self._vformat(format_string, args, kwargs, used_args, 2)
                ^^^^^^^^^^^^^^^^^^^^^^^^^^^^^^^^^^^^^^^^^^^^^^^^^^^^^^^^
  File "C:\Users\antho\AppData\Local\Programs\Python\Python312\Lib\string.py", line 247, in _vformat
    result.append(self.format_field(obj, format_spec))
                  ^^^^^^^^^^^^^^^^^^^^^^^^^^^^^^^^^^^
  File "C:\Users\antho\mpf\Lib\site-packages\mpf\core\placeholder_manager.py", line 252, in format_field
    raise AssertionError("Could not format {} with {}".format(format_spec, value)) from e
AssertionError: Could not format 0>7 with None
2025-10-25 20:05:15,216 : ERROR : asyncio : Exception in callback SegmentDisplay._current_placeholder_changed(<Task finishe...d interrupt'>>)
handle: <Handle SegmentDisplay._current_placeholder_changed(<Task finishe...d interrupt'>>)>
Traceback (most recent call last):
  File "C:\Users\antho\mpf\Lib\site-packages\mpf\core\placeholder_manager.py", line 250, in format_field
    return super().format_field(value, format_spec)
           ^^^^^^^^^^^^^^^^^^^^^^^^^^^^^^^^^^^^^^^^
  File "C:\Users\antho\AppData\Local\Programs\Python\Python312\Lib\string.py", line 264, in format_field
    return format(value, format_spec)
           ^^^^^^^^^^^^^^^^^^^^^^^^^^
TypeError: unsupported format string passed to NoneType.__format__

The above exception was the direct cause of the following exception:

Traceback (most recent call last):
  File "C:\Users\antho\AppData\Local\Programs\Python\Python312\Lib\asyncio\events.py", line 88, in _run
    self._context.run(self._callback, *self._args)
  File "C:\Users\antho\mpf\Lib\site-packages\mpf\devices\segment_display\segment_display.py", line 318, in _current_placeholder_changed
    new_text, self._current_placeholder_future = self._current_placeholder.evaluate_and_subscribe({})
                                                 ^^^^^^^^^^^^^^^^^^^^^^^^^^^^^^^^^^^^^^^^^^^^^^^^^^^^
  File "C:\Users\antho\mpf\Lib\site-packages\mpf\core\placeholder_manager.py", line 278, in evaluate_and_subscribe
    value = f.format(self.text)
            ^^^^^^^^^^^^^^^^^^^
  File "C:\Users\antho\AppData\Local\Programs\Python\Python312\Lib\string.py", line 190, in format
    return self.vformat(format_string, args, kwargs)
           ^^^^^^^^^^^^^^^^^^^^^^^^^^^^^^^^^^^^^^^^^
  File "C:\Users\antho\AppData\Local\Programs\Python\Python312\Lib\string.py", line 194, in vformat
    result, _ = self._vformat(format_string, args, kwargs, used_args, 2)
                ^^^^^^^^^^^^^^^^^^^^^^^^^^^^^^^^^^^^^^^^^^^^^^^^^^^^^^^^
  File "C:\Users\antho\AppData\Local\Programs\Python\Python312\Lib\string.py", line 247, in _vformat
    result.append(self.format_field(obj, format_spec))
                  ^^^^^^^^^^^^^^^^^^^^^^^^^^^^^^^^^^^
  File "C:\Users\antho\mpf\Lib\site-packages\mpf\core\placeholder_manager.py", line 252, in format_field
    raise AssertionError("Could not format {} with {}".format(format_spec, value)) from e
AssertionError: Could not format 0>7 with None
2025-10-25 20:05:15,217 : ERROR : asyncio : Exception in callback SegmentDisplay._current_placeholder_changed(<Task finishe...d interrupt'>>)
handle: <Handle SegmentDisplay._current_placeholder_changed(<Task finishe...d interrupt'>>)>
Traceback (most recent call last):
  File "C:\Users\antho\mpf\Lib\site-packages\mpf\core\placeholder_manager.py", line 250, in format_field
    return super().format_field(value, format_spec)
           ^^^^^^^^^^^^^^^^^^^^^^^^^^^^^^^^^^^^^^^^
  File "C:\Users\antho\AppData\Local\Programs\Python\Python312\Lib\string.py", line 264, in format_field
    return format(value, format_spec)
           ^^^^^^^^^^^^^^^^^^^^^^^^^^
TypeError: unsupported format string passed to NoneType.__format__

The above exception was the direct cause of the following exception:

Traceback (most recent call last):
  File "C:\Users\antho\AppData\Local\Programs\Python\Python312\Lib\asyncio\events.py", line 88, in _run
    self._context.run(self._callback, *self._args)
  File "C:\Users\antho\mpf\Lib\site-packages\mpf\devices\segment_display\segment_display.py", line 318, in _current_placeholder_changed
    new_text, self._current_placeholder_future = self._current_placeholder.evaluate_and_subscribe({})
                                                 ^^^^^^^^^^^^^^^^^^^^^^^^^^^^^^^^^^^^^^^^^^^^^^^^^^^^
  File "C:\Users\antho\mpf\Lib\site-packages\mpf\core\placeholder_manager.py", line 278, in evaluate_and_subscribe
    value = f.format(self.text)
            ^^^^^^^^^^^^^^^^^^^
  File "C:\Users\antho\AppData\Local\Programs\Python\Python312\Lib\string.py", line 190, in format
    return self.vformat(format_string, args, kwargs)
           ^^^^^^^^^^^^^^^^^^^^^^^^^^^^^^^^^^^^^^^^^
  File "C:\Users\antho\AppData\Local\Programs\Python\Python312\Lib\string.py", line 194, in vformat
    result, _ = self._vformat(format_string, args, kwargs, used_args, 2)
                ^^^^^^^^^^^^^^^^^^^^^^^^^^^^^^^^^^^^^^^^^^^^^^^^^^^^^^^^
  File "C:\Users\antho\AppData\Local\Programs\Python\Python312\Lib\string.py", line 247, in _vformat
    result.append(self.format_field(obj, format_spec))
                  ^^^^^^^^^^^^^^^^^^^^^^^^^^^^^^^^^^^
  File "C:\Users\antho\mpf\Lib\site-packages\mpf\core\placeholder_manager.py", line 252, in format_field
    raise AssertionError("Could not format {} with {}".format(format_spec, value)) from e
AssertionError: Could not format 0>7 with None
2025-10-25 20:05:15,218 : ERROR : asyncio : Exception in callback SegmentDisplay._current_placeholder_changed(<Task finishe...d interrupt'>>)
handle: <Handle SegmentDisplay._current_placeholder_changed(<Task finishe...d interrupt'>>)>
Traceback (most recent call last):
  File "C:\Users\antho\mpf\Lib\site-packages\mpf\core\placeholder_manager.py", line 250, in format_field
    return super().format_field(value, format_spec)
           ^^^^^^^^^^^^^^^^^^^^^^^^^^^^^^^^^^^^^^^^
  File "C:\Users\antho\AppData\Local\Programs\Python\Python312\Lib\string.py", line 264, in format_field
    return format(value, format_spec)
           ^^^^^^^^^^^^^^^^^^^^^^^^^^
TypeError: unsupported format string passed to NoneType.__format__

The above exception was the direct cause of the following exception:

Traceback (most recent call last):
  File "C:\Users\antho\AppData\Local\Programs\Python\Python312\Lib\asyncio\events.py", line 88, in _run
    self._context.run(self._callback, *self._args)
  File "C:\Users\antho\mpf\Lib\site-packages\mpf\devices\segment_display\segment_display.py", line 318, in _current_placeholder_changed
    new_text, self._current_placeholder_future = self._current_placeholder.evaluate_and_subscribe({})
                                                 ^^^^^^^^^^^^^^^^^^^^^^^^^^^^^^^^^^^^^^^^^^^^^^^^^^^^
  File "C:\Users\antho\mpf\Lib\site-packages\mpf\core\placeholder_manager.py", line 278, in evaluate_and_subscribe
    value = f.format(self.text)
            ^^^^^^^^^^^^^^^^^^^
  File "C:\Users\antho\AppData\Local\Programs\Python\Python312\Lib\string.py", line 190, in format
    return self.vformat(format_string, args, kwargs)
           ^^^^^^^^^^^^^^^^^^^^^^^^^^^^^^^^^^^^^^^^^
  File "C:\Users\antho\AppData\Local\Programs\Python\Python312\Lib\string.py", line 194, in vformat
    result, _ = self._vformat(format_string, args, kwargs, used_args, 2)
                ^^^^^^^^^^^^^^^^^^^^^^^^^^^^^^^^^^^^^^^^^^^^^^^^^^^^^^^^
  File "C:\Users\antho\AppData\Local\Programs\Python\Python312\Lib\string.py", line 247, in _vformat
    result.append(self.format_field(obj, format_spec))
                  ^^^^^^^^^^^^^^^^^^^^^^^^^^^^^^^^^^^
  File "C:\Users\antho\mpf\Lib\site-packages\mpf\core\placeholder_manager.py", line 252, in format_field
    raise AssertionError("Could not format {} with {}".format(format_spec, value)) from e
AssertionError: Could not format 0>7 with None
2025-10-25 20:05:15,220 : INFO : EventManager : Event: ======'mode_base_will_stop'====== Args={}
2025-10-25 20:05:15,220 : INFO : EventManager : Event: ======'mode_base_stopping'====== Args={}
2025-10-25 20:05:15,220 : INFO : EventManager : Event: ======'stop_base_music'====== Args={'priority': 0}
2025-10-25 20:05:15,220 : INFO : Mode.base : Stopped.
2025-10-25 20:05:15,220 : INFO : EventManager : Event: ======'modes_active_modes_changed'====== Args={}
2025-10-25 20:05:15,220 : INFO : EventManager : Event: ======'mode_base_stopped'====== Args={}
2025-10-25 20:05:15,221 : INFO : EventManager : Event: ======'clear'====== Args={'key': 'base'}
2025-10-25 20:05:15,221 : INFO : Mode.game : Stopped.
2025-10-25 20:05:15,221 : INFO : EventManager : Event: ======'modes_active_modes_changed'====== Args={}
2025-10-25 20:05:15,221 : INFO : EventManager : Event: ======'mode_game_stopped'====== Args={}
2025-10-25 20:05:15,221 : INFO : EventManager : Event: ======'clear'====== Args={'key': 'game'}
2025-10-25 20:05:15,310 : INFO : root : MPF run loop ended.
