2025-11-07 16:59:34,579 : INFO : root : Loading config.
2025-11-07 16:59:34,594 : INFO : YamlMultifileConfigLoader : Machine config file #1: config.yaml
2025-11-07 16:59:34,595 : INFO : ConfigProcessor : Loading config from cache: C:\Users\antho\AppData\Local\Temp\fdca14d0c9d658ab8200d57120800af5.mpf_cache
2025-11-07 16:59:34,856 : INFO : ConfigProcessor : Loading config from cache: C:\Users\antho\AppData\Local\Temp\5dec96b1547c4adf5bdd3d1715e74bc0.mpf_cache
2025-11-07 16:59:34,857 : INFO : ConfigProcessor : Loading config from cache: C:\Users\antho\AppData\Local\Temp\202a5840610e95051f9f473dfa660cc0.mpf_cache
2025-11-07 16:59:34,859 : INFO : ConfigProcessor : Loading config from cache: C:\Users\antho\AppData\Local\Temp\5dec96b1547c4adf5bdd3d1715e74bc0.mpf_cache
2025-11-07 16:59:34,860 : WARNING : ConfigProcessor : Config file in cache changed: C:\Users\antho\nightpin\modes\base\config\base.yaml
2025-11-07 16:59:34,860 : INFO : ConfigProcessor : Loading config from file C:\Users\antho\nightpin\modes\base\config\base.yaml.
2025-11-07 16:59:34,904 : INFO : ConfigProcessor : Loading config: C:\Users\antho\nightpin\modes\base\config\base.yaml
2025-11-07 16:59:34,904 : ERROR : ConfigProcessor : Config section 'slides' is removed in MPF 0.80 and will be ignored.
2025-11-07 16:59:34,906 : INFO : ConfigProcessor : Config file cache created: C:\Users\antho\AppData\Local\Temp\2cd13a2d3f375e00ab01d6d09a85d8e7.mpf_cache
2025-11-07 16:59:34,908 : INFO : ConfigProcessor : Loading config from cache: C:\Users\antho\AppData\Local\Temp\9220b44b97b91972524500b81035d790.mpf_cache
2025-11-07 16:59:34,933 : INFO : ConfigProcessor : Loading config from cache: C:\Users\antho\AppData\Local\Temp\aa919e501ed8450b10d3bb8e37574ac5.mpf_cache
2025-11-07 16:59:34,935 : INFO : ConfigProcessor : Loading config from cache: C:\Users\antho\AppData\Local\Temp\31ee881584fa6fce665a672a4f3f633a.mpf_cache
2025-11-07 16:59:34,936 : INFO : ConfigProcessor : Loading config from cache: C:\Users\antho\AppData\Local\Temp\5e841763ec73085bbf92358fe6afda21.mpf_cache
2025-11-07 16:59:34,938 : INFO : ConfigProcessor : Loading config from cache: C:\Users\antho\AppData\Local\Temp\7f73d12aa9beccac1cbd8c265ccda72e.mpf_cache
2025-11-07 16:59:34,939 : INFO : ConfigProcessor : Loading config from cache: C:\Users\antho\AppData\Local\Temp\a03ebaa9d6d5676c418deb142cb34911.mpf_cache
2025-11-07 16:59:34,940 : INFO : ConfigProcessor : Loading config from cache: C:\Users\antho\AppData\Local\Temp\b17152efa55a24f0424602723f8d3921.mpf_cache
2025-11-07 16:59:34,942 : INFO : ConfigProcessor : Loading config from cache: C:\Users\antho\AppData\Local\Temp\e87fc0e7d2f8a851b5fa3f604e0d0c6e.mpf_cache
2025-11-07 16:59:34,943 : INFO : ConfigProcessor : Loading config from cache: C:\Users\antho\AppData\Local\Temp\196ac76b6cab3a9880804c826cfbcb5c.mpf_cache
2025-11-07 16:59:34,944 : INFO : ConfigProcessor : Loading config from cache: C:\Users\antho\AppData\Local\Temp\55437eb303afaa980597ff60f339a871.mpf_cache
2025-11-07 16:59:34,945 : INFO : ConfigProcessor : Loading config from cache: C:\Users\antho\AppData\Local\Temp\fddc1006228d3387e6d1e46051a3638d.mpf_cache
2025-11-07 16:59:34,946 : INFO : ConfigProcessor : Loading config from cache: C:\Users\antho\AppData\Local\Temp\834292dd7853e12a66732dc89828c828.mpf_cache
2025-11-07 16:59:34,947 : INFO : ConfigProcessor : Loading config from cache: C:\Users\antho\AppData\Local\Temp\46f8fa3e41dfeeb8232af2f03a13b6c4.mpf_cache
2025-11-07 16:59:34,949 : INFO : ConfigProcessor : Loading config from cache: C:\Users\antho\AppData\Local\Temp\c67e9c175da6c060302945929b27b878.mpf_cache
2025-11-07 16:59:34,950 : INFO : ConfigProcessor : Loading config from cache: C:\Users\antho\AppData\Local\Temp\03987edb382fe443ccf68b3f49f06933.mpf_cache
2025-11-07 16:59:34,952 : INFO : Machine : Mission Pinball Framework Core Engine v0.80.0.dev11
2025-11-07 16:59:34,952 : INFO : Machine : Command line arguments: {'no_load_cache': False, 'create_config_cache': True, 'bcp': True, 'configfile': ['config.yaml'], 'force_assets_load': False, 'platform_integration_test': False, 'jsonlogging': False, 'logfile': 'logs\\2025-11-07-16-59-34-mpf-LAPTOP-MPGP6R69.log', 'pause': False, 'production': False, 'text_ui': True, 'loglevel': 15, 'consoleloglevel': 20, 'force_platform': None, 'syslog_address': None, 'full_logfile_path': 'C:\\Users\\antho\\nightpin\\logs\\2025-11-07-16-59-34-mpf-LAPTOP-MPGP6R69.log'}
2025-11-07 16:59:34,953 : INFO : Machine : MPF path: C:\Users\antho\mpf\Lib\site-packages\mpf
2025-11-07 16:59:34,953 : INFO : Machine : Machine path: C:\Users\antho\nightpin
2025-11-07 16:59:34,953 : INFO : Machine : Platform: win32
2025-11-07 16:59:34,953 : INFO : Machine : Python executable location: C:\Users\antho\mpf\Scripts\python.exe
2025-11-07 16:59:34,953 : INFO : Machine : Python version: 3.12.7 (64-bit)
2025-11-07 16:59:34,957 : INFO : Machine : Initializing MPF...
2025-11-07 16:59:35,621 : INFO : lisy : Connecting to com3 at 115200bps
2025-11-07 16:59:35,624 : WARNING : lisy : Could not import terminos (this is ok on windows).
2025-11-07 16:59:35,795 : INFO : EventManager : Event: ======'machine_var_lisy_hardware'====== Args={'value': 'LISY35', 'prev_value': None, 'change': True}
2025-11-07 16:59:35,795 : INFO : EventManager : Event: ======'machine_var_lisy_version'====== Args={'value': '5.26 ', 'prev_value': None, 'change': True}
2025-11-07 16:59:35,797 : INFO : EventManager : Event: ======'machine_var_lisy_api_version'====== Args={'value': b'0.09', 'prev_value': None, 'change': True}
2025-11-07 16:59:37,136 : INFO : EventManager : Event: ======'machine_var_credits_string'====== Args={'value': 'FREE PLAY', 'prev_value': None, 'change': True}
2025-11-07 16:59:37,196 : INFO : EventManager : Event: ======'machine_var_master_volume'====== Args={'value': 0.5, 'prev_value': None, 'change': True}
2025-11-07 16:59:37,196 : INFO : EventManager : Event: ======'machine_var_player1_score'====== Args={'value': 200, 'prev_value': None, 'change': True}
2025-11-07 16:59:37,197 : INFO : EventManager : Event: ======'machine_var_mpf_version'====== Args={'value': 'Mission Pinball Framework v0.80.0.dev11', 'prev_value': None, 'change': True}
2025-11-07 16:59:37,197 : INFO : EventManager : Event: ======'machine_var_mpf_extended_version'====== Args={'value': 'Mission Pinball Framework v0.80.0.dev11, Config version:6, Show version: 6, BCP version:1.1', 'prev_value': None, 'change': True}
2025-11-07 16:59:37,197 : INFO : EventManager : Event: ======'machine_var_python_version'====== Args={'value': '3.12.7', 'prev_value': None, 'change': True}
2025-11-07 16:59:37,498 : INFO : EventManager : Event: ======'machine_var_platform'====== Args={'value': 'Windows-11-10.0.26100-SP0', 'prev_value': None, 'change': True}
2025-11-07 16:59:37,498 : INFO : EventManager : Event: ======'machine_var_platform_system'====== Args={'value': 'Windows', 'prev_value': None, 'change': True}
2025-11-07 16:59:37,498 : INFO : EventManager : Event: ======'machine_var_platform_release'====== Args={'value': '11', 'prev_value': None, 'change': True}
2025-11-07 16:59:37,498 : INFO : EventManager : Event: ======'machine_var_platform_version'====== Args={'value': '10.0.26100', 'prev_value': None, 'change': True}
2025-11-07 16:59:37,498 : INFO : EventManager : Event: ======'machine_var_platform_machine'====== Args={'value': 'AMD64', 'prev_value': None, 'change': True}
2025-11-07 16:59:37,499 : INFO : EventManager : Event: ======'machine_var_log_file_path'====== Args={'value': 'C:\\Users\\antho\\nightpin\\logs\\2025-11-07-16-59-34-mpf-LAPTOP-MPGP6R69.log', 'prev_value': None, 'change': True}
2025-11-07 16:59:37,499 : INFO : EventManager : Event: ======'init_phase_1'====== Args={}
2025-11-07 16:59:37,593 : INFO : EventManager : Event: ======'drop_target_bank_right_bank_up'====== Args={}
2025-11-07 16:59:37,594 : INFO : EventManager : Event: ======'drop_target_bank_left_bank_up'====== Args={}
2025-11-07 16:59:37,682 : INFO : EventManager : Event: ======'init_phase_2'====== Args={}
2025-11-07 16:59:37,702 : INFO : EventManager : Event: ======'bcp_connection_attempt'====== Args={'name': 'local_display', 'host': 'localhost', 'port': 5050}
2025-11-07 16:59:37,706 : INFO : BCPClientSocket : Connecting BCP to 'local_display' at localhost:5050...
2025-11-07 16:59:38,265 : INFO : BCPClientSocket : Connected BCP to 'local_display' localhost:5050
2025-11-07 16:59:38,267 : INFO : EventManager : Event: ======'bcp_clients_connected'====== Args={}
2025-11-07 16:59:38,539 : INFO : ball_device.bd_trough : BCH: Initial count: 0
2025-11-07 16:59:38,540 : INFO : ball_device.bd_trough : State: idle
2025-11-07 16:59:38,542 : INFO : ball_device.bd_saucer : BCH: Initial count: 0
2025-11-07 16:59:38,543 : INFO : ball_device.bd_saucer : State: idle
2025-11-07 16:59:38,571 : INFO : EventManager : Event: ======'init_phase_3'====== Args={}
2025-11-07 16:59:38,587 : INFO : EventManager : Event: ======'init_phase_4'====== Args={}
2025-11-07 16:59:38,588 : INFO : BallController : Initial balls found: 0
2025-11-07 16:59:38,591 : INFO : EventManager : Event: ======'machine_var_audits_events_game_ended'====== Args={'value': 20, 'prev_value': None, 'change': True}
2025-11-07 16:59:38,592 : INFO : EventManager : Event: ======'machine_var_audits_events_game_started'====== Args={'value': 134, 'prev_value': None, 'change': True}
2025-11-07 16:59:38,592 : INFO : EventManager : Event: ======'machine_var_audits_missing_switches_s_coin_right'====== Args={'value': 133, 'prev_value': None, 'change': True}
2025-11-07 16:59:38,592 : INFO : EventManager : Event: ======'machine_var_audits_missing_switches_s_credit_button'====== Args={'value': 106, 'prev_value': None, 'change': True}
2025-11-07 16:59:38,592 : INFO : EventManager : Event: ======'machine_var_audits_missing_switches_s_inlanes'====== Args={'value': 12, 'prev_value': None, 'change': True}
2025-11-07 16:59:38,592 : INFO : EventManager : Event: ======'machine_var_audits_missing_switches_s_left_bank_target_left'====== Args={'value': 4, 'prev_value': None, 'change': True}
2025-11-07 16:59:38,593 : INFO : EventManager : Event: ======'machine_var_audits_missing_switches_s_left_bank_target_middle'====== Args={'value': 4, 'prev_value': None, 'change': True}
2025-11-07 16:59:38,593 : INFO : EventManager : Event: ======'machine_var_audits_missing_switches_s_left_bank_target_right'====== Args={'value': 4, 'prev_value': None, 'change': True}
2025-11-07 16:59:38,593 : INFO : EventManager : Event: ======'machine_var_audits_missing_switches_s_left_inlane'====== Args={'value': 16, 'prev_value': None, 'change': True}
2025-11-07 16:59:38,593 : INFO : EventManager : Event: ======'machine_var_audits_missing_switches_s_left_lower_bumper'====== Args={'value': 4, 'prev_value': None, 'change': True}
2025-11-07 16:59:38,593 : INFO : EventManager : Event: ======'machine_var_audits_missing_switches_s_left_outlane'====== Args={'value': 37, 'prev_value': None, 'change': True}
2025-11-07 16:59:38,593 : INFO : EventManager : Event: ======'machine_var_audits_missing_switches_s_left_outlane_rollover'====== Args={'value': 23, 'prev_value': None, 'change': True}
2025-11-07 16:59:38,594 : INFO : EventManager : Event: ======'machine_var_audits_missing_switches_s_left_pop_bumper'====== Args={'value': 3, 'prev_value': None, 'change': True}
2025-11-07 16:59:38,594 : INFO : EventManager : Event: ======'machine_var_audits_missing_switches_s_left_rollover'====== Args={'value': 40, 'prev_value': None, 'change': True}
2025-11-07 16:59:38,594 : INFO : EventManager : Event: ======'machine_var_audits_missing_switches_s_left_skill_lane'====== Args={'value': 2, 'prev_value': None, 'change': True}
2025-11-07 16:59:38,594 : INFO : EventManager : Event: ======'machine_var_audits_missing_switches_s_left_sling'====== Args={'value': 4, 'prev_value': None, 'change': True}
2025-11-07 16:59:38,594 : INFO : EventManager : Event: ======'machine_var_audits_missing_switches_s_left_upper_bumper'====== Args={'value': 4, 'prev_value': None, 'change': True}
2025-11-07 16:59:38,595 : INFO : EventManager : Event: ======'machine_var_audits_missing_switches_s_middle_pop_bumper'====== Args={'value': 2, 'prev_value': None, 'change': True}
2025-11-07 16:59:38,595 : INFO : EventManager : Event: ======'machine_var_audits_missing_switches_s_middle_rollover'====== Args={'value': 2, 'prev_value': None, 'change': True}
2025-11-07 16:59:38,595 : INFO : EventManager : Event: ======'machine_var_audits_missing_switches_s_middle_skill_lane'====== Args={'value': 2, 'prev_value': None, 'change': True}
2025-11-07 16:59:38,595 : INFO : EventManager : Event: ======'machine_var_audits_missing_switches_s_middle_upper_rollovers'====== Args={'value': 5, 'prev_value': None, 'change': True}
2025-11-07 16:59:38,595 : INFO : EventManager : Event: ======'machine_var_audits_missing_switches_s_outer_skill_lanes'====== Args={'value': 1, 'prev_value': None, 'change': True}
2025-11-07 16:59:38,595 : INFO : EventManager : Event: ======'machine_var_audits_missing_switches_s_right_bank_target_left'====== Args={'value': 2, 'prev_value': None, 'change': True}
2025-11-07 16:59:38,595 : INFO : EventManager : Event: ======'machine_var_audits_missing_switches_s_right_bank_target_middle'====== Args={'value': 2, 'prev_value': None, 'change': True}
2025-11-07 16:59:38,595 : INFO : EventManager : Event: ======'machine_var_audits_missing_switches_s_right_bank_target_right'====== Args={'value': 2, 'prev_value': None, 'change': True}
2025-11-07 16:59:38,596 : INFO : EventManager : Event: ======'machine_var_audits_missing_switches_s_right_outlane'====== Args={'value': 37, 'prev_value': None, 'change': True}
2025-11-07 16:59:38,596 : INFO : EventManager : Event: ======'machine_var_audits_missing_switches_s_right_outlane_rollover'====== Args={'value': 40, 'prev_value': None, 'change': True}
2025-11-07 16:59:38,596 : INFO : EventManager : Event: ======'machine_var_audits_missing_switches_s_right_pop_bumper'====== Args={'value': 2, 'prev_value': None, 'change': True}
2025-11-07 16:59:38,596 : INFO : EventManager : Event: ======'machine_var_audits_missing_switches_s_right_rollover'====== Args={'value': 49, 'prev_value': None, 'change': True}
2025-11-07 16:59:38,596 : INFO : EventManager : Event: ======'machine_var_audits_missing_switches_s_right_skill_lane'====== Args={'value': 2, 'prev_value': None, 'change': True}
2025-11-07 16:59:38,598 : INFO : EventManager : Event: ======'machine_var_audits_missing_switches_s_right_sling'====== Args={'value': 2, 'prev_value': None, 'change': True}
2025-11-07 16:59:38,598 : INFO : EventManager : Event: ======'machine_var_audits_missing_switches_s_rollover_upper'====== Args={'value': 3, 'prev_value': None, 'change': True}
2025-11-07 16:59:38,598 : INFO : EventManager : Event: ======'machine_var_audits_missing_switches_s_saucer'====== Args={'value': 2, 'prev_value': None, 'change': True}
2025-11-07 16:59:38,598 : INFO : EventManager : Event: ======'machine_var_audits_missing_switches_s_slam_tilt'====== Args={'value': 72, 'prev_value': None, 'change': True}
2025-11-07 16:59:38,598 : INFO : EventManager : Event: ======'machine_var_audits_missing_switches_s_spinner'====== Args={'value': 47, 'prev_value': None, 'change': True}
2025-11-07 16:59:38,599 : INFO : EventManager : Event: ======'machine_var_audits_missing_switches_s_stand_up'====== Args={'value': 106, 'prev_value': None, 'change': True}
2025-11-07 16:59:38,599 : INFO : EventManager : Event: ======'machine_var_audits_missing_switches_s_start_button'====== Args={'value': 3, 'prev_value': None, 'change': True}
2025-11-07 16:59:38,599 : INFO : EventManager : Event: ======'machine_var_audits_missing_switches_s_tilt'====== Args={'value': 40, 'prev_value': None, 'change': True}
2025-11-07 16:59:38,599 : INFO : EventManager : Event: ======'machine_var_audits_player_score'====== Args={'value': {'average': 1377, 'top': [5110, 5070, 4300, 4230, 3980, 3410, 2200, 2100, 1300, 1200], 'total': 28}, 'prev_value': None, 'change': True}
2025-11-07 16:59:38,599 : INFO : EventManager : Event: ======'machine_var_audits_shots_my_first_shot'====== Args={'value': 3, 'prev_value': None, 'change': True}
2025-11-07 16:59:38,599 : INFO : EventManager : Event: ======'machine_var_audits_shots_sh_eg_pop_left'====== Args={'value': 8, 'prev_value': None, 'change': True}
2025-11-07 16:59:38,600 : INFO : EventManager : Event: ======'machine_var_audits_shots_sh_eg_pop_middle'====== Args={'value': 8, 'prev_value': None, 'change': True}
2025-11-07 16:59:38,600 : INFO : EventManager : Event: ======'machine_var_audits_shots_sh_eg_pop_right'====== Args={'value': 13, 'prev_value': None, 'change': True}
2025-11-07 16:59:38,600 : INFO : EventManager : Event: ======'machine_var_audits_shots_sh_eg_right_drop_left'====== Args={'value': 4, 'prev_value': None, 'change': True}
2025-11-07 16:59:38,600 : INFO : EventManager : Event: ======'machine_var_audits_shots_sh_eg_right_drop_middle'====== Args={'value': 3, 'prev_value': None, 'change': True}
2025-11-07 16:59:38,600 : INFO : EventManager : Event: ======'machine_var_audits_shots_sh_eg_right_drop_right'====== Args={'value': 3, 'prev_value': None, 'change': True}
2025-11-07 16:59:38,601 : INFO : EventManager : Event: ======'machine_var_audits_shots_sh_eg_spinner'====== Args={'value': 2, 'prev_value': None, 'change': True}
2025-11-07 16:59:38,601 : INFO : EventManager : Event: ======'machine_var_audits_shots_sh_escape_graveyard_start'====== Args={'value': 10, 'prev_value': None, 'change': True}
2025-11-07 16:59:38,601 : INFO : EventManager : Event: ======'machine_var_audits_switches_s_coin_right'====== Args={'value': 1, 'prev_value': None, 'change': True}
2025-11-07 16:59:38,601 : INFO : EventManager : Event: ======'machine_var_audits_switches_s_credit_button'====== Args={'value': 5, 'prev_value': None, 'change': True}
2025-11-07 16:59:38,602 : INFO : EventManager : Event: ======'machine_var_audits_switches_s_inlanes'====== Args={'value': 159, 'prev_value': None, 'change': True}
2025-11-07 16:59:38,602 : INFO : EventManager : Event: ======'machine_var_audits_switches_s_left_bank_target_left'====== Args={'value': 38, 'prev_value': None, 'change': True}
2025-11-07 16:59:38,603 : INFO : EventManager : Event: ======'machine_var_audits_switches_s_left_bank_target_middle'====== Args={'value': 28, 'prev_value': None, 'change': True}
2025-11-07 16:59:38,603 : INFO : EventManager : Event: ======'machine_var_audits_switches_s_left_bank_target_right'====== Args={'value': 28, 'prev_value': None, 'change': True}
2025-11-07 16:59:38,603 : INFO : EventManager : Event: ======'machine_var_audits_switches_s_left_inlane'====== Args={'value': 2, 'prev_value': None, 'change': True}
2025-11-07 16:59:38,603 : INFO : EventManager : Event: ======'machine_var_audits_switches_s_left_lower_bumper'====== Args={'value': 36, 'prev_value': None, 'change': True}
2025-11-07 16:59:38,603 : INFO : EventManager : Event: ======'machine_var_audits_switches_s_left_outlane'====== Args={'value': 1, 'prev_value': None, 'change': True}
2025-11-07 16:59:38,604 : INFO : EventManager : Event: ======'machine_var_audits_switches_s_left_outlane_rollover'====== Args={'value': 23, 'prev_value': None, 'change': True}
2025-11-07 16:59:38,604 : INFO : EventManager : Event: ======'machine_var_audits_switches_s_left_pop_bumper'====== Args={'value': 134, 'prev_value': None, 'change': True}
2025-11-07 16:59:38,604 : INFO : EventManager : Event: ======'machine_var_audits_switches_s_left_rollover'====== Args={'value': 2, 'prev_value': None, 'change': True}
2025-11-07 16:59:38,604 : INFO : EventManager : Event: ======'machine_var_audits_switches_s_left_skill_lane'====== Args={'value': 14, 'prev_value': None, 'change': True}
2025-11-07 16:59:38,604 : INFO : EventManager : Event: ======'machine_var_audits_switches_s_left_sling'====== Args={'value': 113, 'prev_value': None, 'change': True}
2025-11-07 16:59:38,605 : INFO : EventManager : Event: ======'machine_var_audits_switches_s_left_upper_bumper'====== Args={'value': 45, 'prev_value': None, 'change': True}
2025-11-07 16:59:38,605 : INFO : EventManager : Event: ======'machine_var_audits_switches_s_middle_pop_bumper'====== Args={'value': 147, 'prev_value': None, 'change': True}
2025-11-07 16:59:38,605 : INFO : EventManager : Event: ======'machine_var_audits_switches_s_middle_rollover'====== Args={'value': 20, 'prev_value': None, 'change': True}
2025-11-07 16:59:38,605 : INFO : EventManager : Event: ======'machine_var_audits_switches_s_middle_skill_lane'====== Args={'value': 91, 'prev_value': None, 'change': True}
2025-11-07 16:59:38,605 : INFO : EventManager : Event: ======'machine_var_audits_switches_s_middle_upper_rollovers'====== Args={'value': 97, 'prev_value': None, 'change': True}
2025-11-07 16:59:38,606 : INFO : EventManager : Event: ======'machine_var_audits_switches_s_outer_skill_lanes'====== Args={'value': 133, 'prev_value': None, 'change': True}
2025-11-07 16:59:38,606 : INFO : EventManager : Event: ======'machine_var_audits_switches_s_pop_bumper_bottom'====== Args={'value': 6, 'prev_value': None, 'change': True}
2025-11-07 16:59:38,606 : INFO : EventManager : Event: ======'machine_var_audits_switches_s_pop_bumper_left'====== Args={'value': 2, 'prev_value': None, 'change': True}
2025-11-07 16:59:38,606 : INFO : EventManager : Event: ======'machine_var_audits_switches_s_pop_bumper_right'====== Args={'value': 1, 'prev_value': None, 'change': True}
2025-11-07 16:59:38,606 : INFO : EventManager : Event: ======'machine_var_audits_switches_s_right_bank_target_left'====== Args={'value': 60, 'prev_value': None, 'change': True}
2025-11-07 16:59:38,607 : INFO : EventManager : Event: ======'machine_var_audits_switches_s_right_bank_target_middle'====== Args={'value': 46, 'prev_value': None, 'change': True}
2025-11-07 16:59:38,607 : INFO : EventManager : Event: ======'machine_var_audits_switches_s_right_bank_target_right'====== Args={'value': 42, 'prev_value': None, 'change': True}
2025-11-07 16:59:38,607 : INFO : EventManager : Event: ======'machine_var_audits_switches_s_right_inlane'====== Args={'value': 47, 'prev_value': None, 'change': True}
2025-11-07 16:59:38,607 : INFO : EventManager : Event: ======'machine_var_audits_switches_s_right_outlane'====== Args={'value': 1, 'prev_value': None, 'change': True}
2025-11-07 16:59:38,607 : INFO : EventManager : Event: ======'machine_var_audits_switches_s_right_outlane_rollover'====== Args={'value': 6, 'prev_value': None, 'change': True}
2025-11-07 16:59:38,608 : INFO : EventManager : Event: ======'machine_var_audits_switches_s_right_pop_bumper'====== Args={'value': 188, 'prev_value': None, 'change': True}
2025-11-07 16:59:38,608 : INFO : EventManager : Event: ======'machine_var_audits_switches_s_right_rollover'====== Args={'value': 0, 'prev_value': None, 'change': True}
2025-11-07 16:59:38,608 : INFO : EventManager : Event: ======'machine_var_audits_switches_s_right_skill_lane'====== Args={'value': 14, 'prev_value': None, 'change': True}
2025-11-07 16:59:38,608 : INFO : EventManager : Event: ======'machine_var_audits_switches_s_right_sling'====== Args={'value': 89, 'prev_value': None, 'change': True}
2025-11-07 16:59:38,608 : INFO : EventManager : Event: ======'machine_var_audits_switches_s_rollover_upper'====== Args={'value': 4, 'prev_value': None, 'change': True}
2025-11-07 16:59:38,609 : INFO : EventManager : Event: ======'machine_var_audits_switches_s_saucer'====== Args={'value': 112, 'prev_value': None, 'change': True}
2025-11-07 16:59:38,609 : INFO : EventManager : Event: ======'machine_var_audits_switches_s_slam_tilt'====== Args={'value': 6, 'prev_value': None, 'change': True}
2025-11-07 16:59:38,609 : INFO : EventManager : Event: ======'machine_var_audits_switches_s_spinner'====== Args={'value': 430, 'prev_value': None, 'change': True}
2025-11-07 16:59:38,609 : INFO : EventManager : Event: ======'machine_var_audits_switches_s_stand_up'====== Args={'value': 8, 'prev_value': None, 'change': True}
2025-11-07 16:59:38,609 : INFO : EventManager : Event: ======'machine_var_audits_switches_s_start_button'====== Args={'value': 39, 'prev_value': None, 'change': True}
2025-11-07 16:59:38,609 : INFO : EventManager : Event: ======'machine_var_audits_switches_s_tilt'====== Args={'value': 2, 'prev_value': None, 'change': True}
2025-11-07 16:59:38,609 : INFO : EventManager : Event: ======'machine_var_audits_switches_s_trough'====== Args={'value': 583, 'prev_value': None, 'change': True}
2025-11-07 16:59:38,611 : INFO : EventManager : Event: ======'init_phase_5'====== Args={}
2025-11-07 16:59:38,704 : INFO : EventManager : Event: ======'init_done'====== Args={}
2025-11-07 16:59:38,705 : INFO : EventManager : Event: ======'machine_reset_phase_1'====== Args={}
2025-11-07 16:59:38,722 : INFO : EventManager : Event: ======'machine_reset_phase_2'====== Args={}
2025-11-07 16:59:38,723 : INFO : EventManager : Event: ======'machine_reset_phase_3'====== Args={}
2025-11-07 16:59:38,724 : INFO : EventManager : Event: ======'mode_attract_will_start'====== Args={'queue': <QueuedEvent>}
2025-11-07 16:59:38,727 : INFO : EventManager : Event: ======'mode_attract_starting'====== Args={'queue': <QueuedEvent>}
2025-11-07 16:59:38,729 : INFO : Mode.attract : Started. Priority: 10
2025-11-07 16:59:38,729 : INFO : EventManager : Event: ======'modes_active_modes_changed'====== Args={}
2025-11-07 16:59:38,729 : INFO : EventManager : Event: ======'mode_attract_started'====== Args={'queue': <QueuedEvent>}
2025-11-07 16:59:38,730 : INFO : EventManager : Event: ======'godot_attract_on'====== Args={'priority': 0}
2025-11-07 16:59:38,731 : INFO : EventManager : Event: ======'collecting_balls_complete'====== Args={}
2025-11-07 16:59:38,731 : INFO : EventManager : Event: ======'reset_complete'====== Args={}
2025-11-07 16:59:38,794 : INFO : Machine : Starting the main run loop with active modes: [<Mode.attract>]
2025-11-07 16:59:38,883 : INFO : EventManager : Event: ======'slide_attract_created'====== Args={'_from_bcp': True}
2025-11-07 16:59:38,884 : INFO : EventManager : Event: ======'slide__removed'====== Args={'_from_bcp': True}
2025-11-07 16:59:38,885 : INFO : EventManager : Event: ======'slide_attract_active'====== Args={'original_context': 'attract', 'original_calling_context': 'mode_attract_started', 'priority': 10.0, 'queue': '<QueuedEvent>', 'cmd': 'slides_play', '_from_bcp': True}
2025-11-07 16:59:40,735 : INFO : EventManager : Event: ======'attract_wave_complete'====== Args={'priority': 0}
2025-11-07 16:59:41,122 : INFO : EventManager : Event: ======'attract_pulse_complete'====== Args={'priority': 0}
2025-11-07 16:59:41,529 : INFO : EventManager : Event: ======'attract_pulse_complete'====== Args={'priority': 0}
2025-11-07 16:59:43,532 : INFO : EventManager : Event: ======'attract_wave_complete'====== Args={'priority': 0}
2025-11-07 16:59:43,921 : INFO : EventManager : Event: ======'attract_pulse_complete'====== Args={'priority': 0}
2025-11-07 16:59:44,181 : INFO : SwitchController : <<<<<<< 's_trough' active >>>>>>>
2025-11-07 16:59:44,200 : INFO : SwitchController : <<<<<<< 's_trough' inactive >>>>>>>
2025-11-07 16:59:44,217 : INFO : SwitchController : <<<<<<< 's_trough' active >>>>>>>
2025-11-07 16:59:44,325 : INFO : EventManager : Event: ======'attract_pulse_complete'====== Args={'priority': 0}
2025-11-07 16:59:44,716 : INFO : EventManager : Event: ======'balldevice_bd_trough_ball_count_changed'====== Args={'balls': 1}
2025-11-07 16:59:44,716 : INFO : ball_device.bd_trough : Received unexpected ball
2025-11-07 16:59:44,716 : INFO : EventManager : Event: ======'balldevice_captured_from_playfield'====== Args={'balls': 1}
2025-11-07 16:59:44,716 : INFO : EventManager : Event: ======'sw_playfield_active'====== Args={'balls': 1}
2025-11-07 16:59:44,717 : INFO : EventManager : Event: ======'playfield_active'====== Args={'source': None}
2025-11-07 16:59:44,717 : INFO : EventManager : Event: ======'unexpected_ball_on_playfield'====== Args={}
2025-11-07 16:59:44,717 : INFO : EventManager : Event: ======'playfield_ball_count_change'====== Args={'balls': -1, 'change': -1}
2025-11-07 16:59:44,718 : INFO : EventManager : Event: ======'balldevice_playfield_ball_enter'====== Args={'new_balls': 1, 'unclaimed_balls': 1, 'device': <playfield.playfield>}
2025-11-07 16:59:44,718 : INFO : EventManager : Event: ======'playfield_ball_count_change'====== Args={'balls': 0, 'change': 1}
2025-11-07 16:59:44,718 : INFO : BallController : Found a new ball which was captured from playfield. Known balls: 1
2025-11-07 16:59:44,718 : INFO : EventManager : Event: ======'found_new_ball'====== Args={}
2025-11-07 16:59:44,718 : INFO : EventManager : Event: ======'balldevice_bd_trough_ball_enter'====== Args={'new_balls': 1, 'unclaimed_balls': 1, 'new_available_balls': 1, 'device': <ball_device.bd_trough>}
2025-11-07 16:59:44,720 : INFO : EventManager : Event: ======'ball_drain'====== Args={'device': <ball_device.bd_trough>, 'balls': 1}
2025-11-07 16:59:44,721 : INFO : EventManager : Event: ======'balldevice_balls_available'====== Args={}
2025-11-07 16:59:44,721 : INFO : EventManager : Event: ======'balldevice_bd_trough_ball_entered'====== Args={'new_balls': 1, 'device': <ball_device.bd_trough>}
2025-11-07 16:59:46,304 : INFO : EventManager : Event: ======'attract_wave_complete'====== Args={'priority': 0}
2025-11-07 16:59:46,693 : INFO : EventManager : Event: ======'attract_pulse_complete'====== Args={'priority': 0}
2025-11-07 16:59:47,100 : INFO : EventManager : Event: ======'attract_pulse_complete'====== Args={'priority': 0}
2025-11-07 16:59:47,568 : INFO : SwitchController : <<<<<<< 's_start_button' active >>>>>>>
2025-11-07 16:59:47,692 : INFO : SwitchController : <<<<<<< 's_start_button' inactive >>>>>>>
2025-11-07 16:59:47,693 : INFO : EventManager : Event: ======'request_to_start_game'====== Args={}
2025-11-07 16:59:47,694 : INFO : EventManager : Event: ======'game_start'====== Args={'buttons': [], 'hold_time': 0.125}
2025-11-07 16:59:47,694 : INFO : EventManager : Event: ======'mode_game_will_start'====== Args={'buttons': [], 'hold_time': 0.125}
2025-11-07 16:59:47,695 : INFO : EventManager : Event: ======'mode_game_starting'====== Args={'buttons': [], 'hold_time': 0.125}
2025-11-07 16:59:47,695 : INFO : Mode.game : Started. Priority: 20
2025-11-07 16:59:47,695 : INFO : EventManager : Event: ======'modes_active_modes_changed'====== Args={}
2025-11-07 16:59:47,695 : INFO : EventManager : Event: ======'mode_game_started'====== Args={'buttons': [], 'hold_time': 0.125}
2025-11-07 16:59:47,732 : INFO : EventManager : Event: ======'game_will_start'====== Args={}
2025-11-07 16:59:47,733 : INFO : EventManager : Event: ======'game_starting'====== Args={'game': <Mode.game>}
2025-11-07 16:59:47,734 : INFO : EventManager : Event: ======'mode_attract_will_stop'====== Args={}
2025-11-07 16:59:47,734 : INFO : EventManager : Event: ======'mode_attract_stopping'====== Args={}
2025-11-07 16:59:47,735 : INFO : EventManager : Event: ======'godot_attract_off'====== Args={'priority': 0}
2025-11-07 16:59:47,736 : INFO : EventManager : Unordered handler for class <Auditor> on event game_ended with priority 1. Handlers: [RegisteredHandler(callback=<bound method Auditor.disable of <Auditor>>, priority=1, kwargs={}, key=UUID('1829e272-2fc5-4d35-a30f-7ccbecbf1186'), condition=None, blocking_facility=None), RegisteredHandler(callback=<bound method Auditor._save_audits of <Auditor>>, priority=1, kwargs={}, key=UUID('5cf01c6b-f4b4-4605-a93b-da4128eb6896'), condition=None, blocking_facility=None)]. The order of those handlers is not defined and they will be executed in random order. This might lead to race conditions and potential bugs.
2025-11-07 16:59:47,737 : INFO : EventManager : Event: ======'godot_attract_off'====== Args={'priority': 0}
2025-11-07 16:59:47,739 : INFO : Mode.attract : Stopped.
2025-11-07 16:59:47,740 : INFO : EventManager : Event: ======'modes_active_modes_changed'====== Args={}
2025-11-07 16:59:47,740 : INFO : EventManager : Event: ======'mode_attract_stopped'====== Args={}
2025-11-07 16:59:47,740 : INFO : EventManager : Event: ======'clear'====== Args={'key': 'attract'}
2025-11-07 16:59:47,741 : INFO : EventManager : Event: ======'player_add_request'====== Args={}
2025-11-07 16:59:47,742 : INFO : EventManager : Event: ======'player_will_add'====== Args={'number': 1}
2025-11-07 16:59:47,742 : INFO : EventManager : Event: ======'player_adding'====== Args={'player': <Player 1>, 'number': 1}
2025-11-07 16:59:47,742 : INFO : EventManager : Event: ======'player_added'====== Args={'player': <Player 1>, 'num': 1}
2025-11-07 16:59:47,742 : INFO : Mode.game : Player added successfully. Total players: 1
2025-11-07 16:59:47,744 : INFO : EventManager : Event: ======'player_index'====== Args={'value': 0, 'prev_value': 0, 'change': 0, 'player_num': 1}
2025-11-07 16:59:47,744 : INFO : EventManager : Event: ======'player_number'====== Args={'value': 1, 'prev_value': 1, 'change': 0, 'player_num': 1}
2025-11-07 16:59:47,745 : INFO : EventManager : Event: ======'player_score'====== Args={'value': 0, 'prev_value': 0, 'change': 0, 'player_num': 1}
2025-11-07 16:59:47,746 : INFO : EventManager : Unordered handler for class <Auditor> on event game_ended with priority 1. Handlers: [RegisteredHandler(callback=<bound method Auditor.disable of <Auditor>>, priority=1, kwargs={}, key=UUID('1829e272-2fc5-4d35-a30f-7ccbecbf1186'), condition=None, blocking_facility=None), RegisteredHandler(callback=<bound method Auditor._save_audits of <Auditor>>, priority=1, kwargs={}, key=UUID('5cf01c6b-f4b4-4605-a93b-da4128eb6896'), condition=None, blocking_facility=None)]. The order of those handlers is not defined and they will be executed in random order. This might lead to race conditions and potential bugs.
2025-11-07 16:59:47,790 : INFO : EventManager : Event: ======'game_started'====== Args={}
2025-11-07 16:59:47,790 : INFO : EventManager : Event: ======'blink_on'====== Args={'priority': 0}
2025-11-07 16:59:47,794 : INFO : EventManager : Event: ======'player_turn_will_start'====== Args={'player': <Player 1>, 'number': 1}
2025-11-07 16:59:47,795 : INFO : EventManager : Event: ======'player_turn_starting'====== Args={'player': <Player 1>, 'number': 1}
2025-11-07 16:59:47,802 : INFO : EventManager : Event: ======'player_ball'====== Args={'value': 1, 'prev_value': 0, 'change': 1, 'player_num': 1}
2025-11-07 16:59:47,808 : INFO : EventManager : Event: ======'player_turn_started'====== Args={'player': <Player 1>, 'number': 1}
2025-11-07 16:59:47,811 : INFO : EventManager : Event: ======'ball_will_start'====== Args={'player': 1, 'ball': 1, 'balls_remaining': 2, 'is_extra_ball': False}
2025-11-07 16:59:47,823 : INFO : EventManager : Event: ======'ball_starting'====== Args={'player': 1, 'ball': 1, 'balls_remaining': 2, 'is_extra_ball': False}
2025-11-07 16:59:47,824 : INFO : EventManager : Event: ======'mode_base_will_start'====== Args={'queue': <QueuedEvent>, 'player': 1, 'ball': 1, 'balls_remaining': 2, 'is_extra_ball': False}
2025-11-07 16:59:47,825 : INFO : EventManager : Event: ======'player_shot_sh_escape_graveyard_start_enabled'====== Args={'value': False, 'prev_value': 0, 'change': 0, 'player_num': 1}
2025-11-07 16:59:47,826 : INFO : EventManager : Unordered handler for class <Auditor> on event game_ended with priority 1. Handlers: [RegisteredHandler(callback=<bound method Auditor.disable of <Auditor>>, priority=1, kwargs={}, key=UUID('1829e272-2fc5-4d35-a30f-7ccbecbf1186'), condition=None, blocking_facility=None), RegisteredHandler(callback=<bound method Auditor._save_audits of <Auditor>>, priority=1, kwargs={}, key=UUID('5cf01c6b-f4b4-4605-a93b-da4128eb6896'), condition=None, blocking_facility=None)]. The order of those handlers is not defined and they will be executed in random order. This might lead to race conditions and potential bugs.
2025-11-07 16:59:47,827 : INFO : EventManager : Unordered handler for class <Auditor> on event game_ended with priority 1. Handlers: [RegisteredHandler(callback=<bound method Auditor.disable of <Auditor>>, priority=1, kwargs={}, key=UUID('1829e272-2fc5-4d35-a30f-7ccbecbf1186'), condition=None, blocking_facility=None), RegisteredHandler(callback=<bound method Auditor._save_audits of <Auditor>>, priority=1, kwargs={}, key=UUID('5cf01c6b-f4b4-4605-a93b-da4128eb6896'), condition=None, blocking_facility=None)]. The order of those handlers is not defined and they will be executed in random order. This might lead to race conditions and potential bugs.
2025-11-07 16:59:47,835 : INFO : EventManager : Event: ======'mode_base_starting'====== Args={'queue': <QueuedEvent>, 'player': 1, 'ball': 1, 'balls_remaining': 2, 'is_extra_ball': False}
2025-11-07 16:59:47,835 : INFO : drop_target_bank.right_bank : All targets are already up. Will not reset bank.
2025-11-07 16:59:47,835 : INFO : drop_target_bank.left_bank : All targets are already up. Will not reset bank.
2025-11-07 16:59:47,837 : INFO : EventManager : Event: ======'balls_in_play'====== Args={'balls': 1}
2025-11-07 16:59:47,837 : INFO : EventManager : Event: ======'ball_started'====== Args={'player': 1, 'ball': 1, 'balls_remaining': 2, 'is_extra_ball': False}
2025-11-07 16:59:47,837 : INFO : EventManager : Event: ======'logicblock_eg_pop_counter_updated'====== Args={'value': 0, 'enabled': True}
2025-11-07 16:59:47,837 : INFO : EventManager : Event: ======'logicblock_eg_pop_counter_updated'====== Args={'value': 0, 'enabled': True}
2025-11-07 16:59:47,838 : INFO : Mode.base : Started. Priority: 50
2025-11-07 16:59:47,838 : INFO : EventManager : Event: ======'modes_active_modes_changed'====== Args={}
2025-11-07 16:59:47,838 : INFO : EventManager : Event: ======'mode_base_started'====== Args={'queue': <QueuedEvent>, 'player': 1, 'ball': 1, 'balls_remaining': 2, 'is_extra_ball': False}
2025-11-07 16:59:47,838 : INFO : EventManager : Event: ======'logicblock_eg_pop_counter_updated'====== Args={'value': 0, 'enabled': True}
2025-11-07 16:59:47,842 : INFO : EventManager : Unordered handler for class <Auditor> on event game_ended with priority 1. Handlers: [RegisteredHandler(callback=<bound method Auditor.disable of <Auditor>>, priority=1, kwargs={}, key=UUID('1829e272-2fc5-4d35-a30f-7ccbecbf1186'), condition=None, blocking_facility=None), RegisteredHandler(callback=<bound method Auditor._save_audits of <Auditor>>, priority=1, kwargs={}, key=UUID('5cf01c6b-f4b4-4605-a93b-da4128eb6896'), condition=None, blocking_facility=None)]. The order of those handlers is not defined and they will be executed in random order. This might lead to race conditions and potential bugs.
2025-11-07 16:59:47,843 : INFO : EventManager : Event: ======'stop_mode_attract'====== Args={'priority': 0}
2025-11-07 16:59:47,843 : INFO : EventManager : Event: ======'mode_attract_will_stop'====== Args={'priority': 0}
2025-11-07 16:59:47,844 : INFO : EventManager : Event: ======'godot_attract_off'====== Args={'priority': 0}
2025-11-07 16:59:47,844 : INFO : EventManager : Event: ======'godot_play_base'====== Args={'priority': 0}
2025-11-07 16:59:47,845 : INFO : EventManager : Event: ======'single_player_ball_started'====== Args={}
2025-11-07 16:59:47,884 : INFO : EventManager : Event: ======'ball_start_target'====== Args={'target': 'playfield'}
2025-11-07 16:59:47,885 : INFO : ball_device.bd_trough : Setting up player-controlled eject. Balls: 1, Target: <playfield.playfield>, player_controlled_eject_event: None
2025-11-07 16:59:47,885 : INFO : ball_device.bd_trough : Adding 1 ball(s) to the eject_queue with target <playfield.playfield>.
2025-11-07 16:59:47,886 : INFO : EventManager : Event: ======'balldevice_balls_available'====== Args={}
2025-11-07 16:59:47,889 : INFO : ball_device.bd_trough : State: waiting_for_target_ready
2025-11-07 16:59:47,890 : INFO : EventManager : Event: ======'balldevice_bd_trough_ball_eject_attempt'====== Args={'balls': 1, 'target': <playfield.playfield>, 'source': <ball_device.bd_trough>, 'mechanical_eject': False, 'num_attempts': 0}
2025-11-07 16:59:47,891 : INFO : ball_device.bd_trough : State: ejecting
2025-11-07 16:59:47,892 : INFO : ball_device.bd_trough : Ejecting ball to <playfield.playfield>
2025-11-07 16:59:47,892 : INFO : EventManager : Event: ======'balldevice_bd_trough_ejecting_ball'====== Args={'balls': 1, 'target': <playfield.playfield>, 'source': <ball_device.bd_trough>, 'mechanical_eject': False, 'num_attempts': 0}
2025-11-07 16:59:47,894 : INFO : ball_device.bd_trough : Wait for ball to leave device
2025-11-07 16:59:47,894 : INFO : coil.c_trough_eject : Pulsing Driver for 40ms (1.0 pulse_power)
2025-11-07 16:59:47,942 : INFO : SwitchController : <<<<<<< 's_trough' inactive >>>>>>>
2025-11-07 16:59:47,961 : INFO : ball_device.bd_trough : State: ball_left
2025-11-07 16:59:47,961 : INFO : ball_device.bd_trough : Ball left
2025-11-07 16:59:47,961 : INFO : ball_device.bd_trough : Wait for confirm with timeout 10.0
2025-11-07 16:59:48,019 : INFO : EventManager : Event: ======'slide_base_created'====== Args={'_from_bcp': True}
2025-11-07 16:59:48,020 : INFO : EventManager : Event: ======'slide_attract_inactive'====== Args={'is_removing': True, '_from_bcp': True}
2025-11-07 16:59:48,021 : INFO : EventManager : Event: ======'slide_base_active'====== Args={'original_context': 'base', 'original_calling_context': 'mode_base_started', 'priority': 50.0, 'queue': '<QueuedEvent>', 'player': 1.0, 'ball': 1.0, 'balls_remaining': 2.0, 'is_extra_ball': False, 'cmd': 'slides_play', '_from_bcp': True}
2025-11-07 16:59:48,021 : INFO : EventManager : Event: ======'slide_attract_removed'====== Args={'_from_bcp': True}
2025-11-07 16:59:48,381 : INFO : EventManager : Event: ======'blink_off'====== Args={'priority': 0}
2025-11-07 16:59:48,972 : INFO : EventManager : Event: ======'blink_on'====== Args={'priority': 0}
2025-11-07 16:59:49,580 : INFO : EventManager : Event: ======'blink_off'====== Args={'priority': 0}
2025-11-07 16:59:49,581 : INFO : EventManager : Unordered handler for class <Auditor> on event game_ended with priority 1. Handlers: [RegisteredHandler(callback=<bound method Auditor.disable of <Auditor>>, priority=1, kwargs={}, key=UUID('1829e272-2fc5-4d35-a30f-7ccbecbf1186'), condition=None, blocking_facility=None), RegisteredHandler(callback=<bound method Auditor._save_audits of <Auditor>>, priority=1, kwargs={}, key=UUID('5cf01c6b-f4b4-4605-a93b-da4128eb6896'), condition=None, blocking_facility=None)]. The order of those handlers is not defined and they will be executed in random order. This might lead to race conditions and potential bugs.
2025-11-07 16:59:50,188 : INFO : EventManager : Event: ======'blink_on'====== Args={'priority': 0}
2025-11-07 16:59:50,779 : INFO : EventManager : Event: ======'blink_off'====== Args={'priority': 0}
2025-11-07 16:59:50,781 : INFO : EventManager : Unordered handler for class <Auditor> on event game_ended with priority 1. Handlers: [RegisteredHandler(callback=<bound method Auditor.disable of <Auditor>>, priority=1, kwargs={}, key=UUID('1829e272-2fc5-4d35-a30f-7ccbecbf1186'), condition=None, blocking_facility=None), RegisteredHandler(callback=<bound method Auditor._save_audits of <Auditor>>, priority=1, kwargs={}, key=UUID('5cf01c6b-f4b4-4605-a93b-da4128eb6896'), condition=None, blocking_facility=None)]. The order of those handlers is not defined and they will be executed in random order. This might lead to race conditions and potential bugs.
2025-11-07 16:59:51,025 : INFO : SwitchController : <<<<<<< 's_middle_rollover' active >>>>>>>
2025-11-07 16:59:51,026 : INFO : EventManager : Event: ======'machine_var_audits_switches_s_middle_rollover'====== Args={'value': 21, 'prev_value': 20, 'change': 1}
2025-11-07 16:59:51,072 : INFO : SwitchController : <<<<<<< 's_middle_rollover' inactive >>>>>>>
2025-11-07 16:59:51,337 : INFO : SwitchController : <<<<<<< 's_middle_pop_bumper' active >>>>>>>
2025-11-07 16:59:51,337 : INFO : EventManager : Event: ======'playfield_active'====== Args={'source': 'sh_eg_pop_middle'}
2025-11-07 16:59:51,337 : INFO : EventManager : Event: ======'s_middle_pop_bumper_active'====== Args={}
2025-11-07 16:59:51,337 : INFO : EventManager : Event: ======'playfield_active'====== Args={'source': 'ac_middle_pop_bumper'}
2025-11-07 16:59:51,338 : INFO : EventManager : Event: ======'machine_var_audits_switches_s_middle_pop_bumper'====== Args={'value': 148, 'prev_value': 147, 'change': 1}
2025-11-07 16:59:51,339 : INFO : EventManager : Event: ======'logicblock_eg_pop_counter_updated'====== Args={'value': 1, 'enabled': True}
2025-11-07 16:59:51,339 : INFO : EventManager : Event: ======'counter_eg_pop_counter_hit'====== Args={'count': 1, 'hits': 1, 'remaining': 2}
2025-11-07 16:59:51,339 : INFO : EventManager : Event: ======'logicblock_eg_pop_counter_hit'====== Args={'count': 1, 'hits': 1, 'remaining': 2}
2025-11-07 16:59:51,355 : INFO : ball_device.bd_trough : Got eject confirm
2025-11-07 16:59:51,355 : INFO : ball_device.bd_trough : Eject successful
2025-11-07 16:59:51,355 : INFO : EventManager : Event: ======'balldevice_bd_trough_ball_eject_success'====== Args={'balls': 1, 'target': <playfield.playfield>}
2025-11-07 16:59:51,355 : INFO : SwitchController : <<<<<<< 's_middle_pop_bumper' inactive >>>>>>>
2025-11-07 16:59:51,356 : INFO : EventManager : Event: ======'balldevice_playfield_ball_enter'====== Args={'new_balls': 1, 'unclaimed_balls': 1, 'device': <playfield.playfield>}
2025-11-07 16:59:51,356 : INFO : EventManager : Event: ======'playfield_ball_count_change'====== Args={'balls': 1, 'change': 1}
2025-11-07 16:59:51,372 : INFO : EventManager : Event: ======'balldevice_bd_trough_ball_count_changed'====== Args={'balls': 0}
2025-11-07 16:59:51,372 : INFO : ball_device.bd_trough : State: idle
2025-11-07 16:59:51,383 : INFO : EventManager : Event: ======'blink_on'====== Args={'priority': 0}
2025-11-07 16:59:51,977 : INFO : EventManager : Event: ======'blink_off'====== Args={'priority': 0}
2025-11-07 16:59:51,978 : INFO : EventManager : Unordered handler for class <Auditor> on event game_ended with priority 1. Handlers: [RegisteredHandler(callback=<bound method Auditor.disable of <Auditor>>, priority=1, kwargs={}, key=UUID('1829e272-2fc5-4d35-a30f-7ccbecbf1186'), condition=None, blocking_facility=None), RegisteredHandler(callback=<bound method Auditor._save_audits of <Auditor>>, priority=1, kwargs={}, key=UUID('5cf01c6b-f4b4-4605-a93b-da4128eb6896'), condition=None, blocking_facility=None)]. The order of those handlers is not defined and they will be executed in random order. This might lead to race conditions and potential bugs.
2025-11-07 16:59:52,349 : INFO : SwitchController : <<<<<<< 's_middle_rollover' active >>>>>>>
2025-11-07 16:59:52,349 : INFO : EventManager : Event: ======'machine_var_audits_switches_s_middle_rollover'====== Args={'value': 22, 'prev_value': 21, 'change': 1}
2025-11-07 16:59:52,427 : INFO : SwitchController : <<<<<<< 's_middle_rollover' inactive >>>>>>>
2025-11-07 16:59:52,585 : INFO : EventManager : Event: ======'blink_on'====== Args={'priority': 0}
2025-11-07 16:59:52,632 : INFO : SwitchController : <<<<<<< 's_middle_pop_bumper' active >>>>>>>
2025-11-07 16:59:52,633 : INFO : EventManager : Event: ======'s_middle_pop_bumper_active'====== Args={}
2025-11-07 16:59:52,633 : INFO : EventManager : Event: ======'machine_var_audits_switches_s_middle_pop_bumper'====== Args={'value': 149, 'prev_value': 148, 'change': 1}
2025-11-07 16:59:52,634 : INFO : EventManager : Event: ======'logicblock_eg_pop_counter_updated'====== Args={'value': 2, 'enabled': True}
2025-11-07 16:59:52,634 : INFO : EventManager : Event: ======'counter_eg_pop_counter_hit'====== Args={'count': 2, 'hits': 2, 'remaining': 1}
2025-11-07 16:59:52,634 : INFO : EventManager : Event: ======'logicblock_eg_pop_counter_hit'====== Args={'count': 2, 'hits': 2, 'remaining': 1}
2025-11-07 16:59:52,647 : INFO : SwitchController : <<<<<<< 's_middle_pop_bumper' inactive >>>>>>>
2025-11-07 16:59:53,177 : INFO : EventManager : Event: ======'blink_off'====== Args={'priority': 0}
2025-11-07 16:59:53,178 : INFO : EventManager : Unordered handler for class <Auditor> on event game_ended with priority 1. Handlers: [RegisteredHandler(callback=<bound method Auditor.disable of <Auditor>>, priority=1, kwargs={}, key=UUID('1829e272-2fc5-4d35-a30f-7ccbecbf1186'), condition=None, blocking_facility=None), RegisteredHandler(callback=<bound method Auditor._save_audits of <Auditor>>, priority=1, kwargs={}, key=UUID('5cf01c6b-f4b4-4605-a93b-da4128eb6896'), condition=None, blocking_facility=None)]. The order of those handlers is not defined and they will be executed in random order. This might lead to race conditions and potential bugs.
2025-11-07 16:59:53,598 : INFO : SwitchController : <<<<<<< 's_middle_rollover' active >>>>>>>
2025-11-07 16:59:53,599 : INFO : EventManager : Event: ======'machine_var_audits_switches_s_middle_rollover'====== Args={'value': 23, 'prev_value': 22, 'change': 1}
2025-11-07 16:59:53,629 : INFO : SwitchController : <<<<<<< 's_middle_rollover' inactive >>>>>>>
2025-11-07 16:59:53,771 : INFO : EventManager : Event: ======'blink_on'====== Args={'priority': 0}
2025-11-07 16:59:53,895 : INFO : SwitchController : <<<<<<< 's_middle_pop_bumper' active >>>>>>>
2025-11-07 16:59:53,895 : INFO : EventManager : Event: ======'s_middle_pop_bumper_active'====== Args={}
2025-11-07 16:59:53,895 : INFO : EventManager : Event: ======'machine_var_audits_switches_s_middle_pop_bumper'====== Args={'value': 150, 'prev_value': 149, 'change': 1}
2025-11-07 16:59:53,896 : INFO : EventManager : Event: ======'logicblock_eg_pop_counter_updated'====== Args={'value': 3, 'enabled': True}
2025-11-07 16:59:53,898 : INFO : EventManager : Event: ======'counter_eg_pop_counter_hit'====== Args={'count': 3, 'hits': 3, 'remaining': 0}
2025-11-07 16:59:53,898 : INFO : EventManager : Event: ======'logicblock_eg_pop_counter_hit'====== Args={'count': 3, 'hits': 3, 'remaining': 0}
2025-11-07 16:59:53,898 : INFO : EventManager : Event: ======'eg_lit'====== Args={}
2025-11-07 16:59:53,898 : INFO : EventManager : Event: ======'logicblock_eg_pop_counter_updated'====== Args={'value': 0, 'enabled': True}
2025-11-07 16:59:53,898 : INFO : EventManager : Event: ======'logicblock_eg_pop_counter_updated'====== Args={'value': 0, 'enabled': False}
2025-11-07 16:59:53,898 : INFO : EventManager : Event: ======'player_shot_sh_escape_graveyard_start_enabled'====== Args={'value': True, 'prev_value': False, 'change': 1, 'player_num': 1}
2025-11-07 16:59:53,912 : INFO : SwitchController : <<<<<<< 's_middle_pop_bumper' inactive >>>>>>>
2025-11-07 16:59:54,377 : INFO : EventManager : Event: ======'blink_off'====== Args={'priority': 0}
2025-11-07 16:59:54,378 : INFO : EventManager : Unordered handler for class <Auditor> on event game_ended with priority 1. Handlers: [RegisteredHandler(callback=<bound method Auditor.disable of <Auditor>>, priority=1, kwargs={}, key=UUID('1829e272-2fc5-4d35-a30f-7ccbecbf1186'), condition=None, blocking_facility=None), RegisteredHandler(callback=<bound method Auditor._save_audits of <Auditor>>, priority=1, kwargs={}, key=UUID('5cf01c6b-f4b4-4605-a93b-da4128eb6896'), condition=None, blocking_facility=None)]. The order of those handlers is not defined and they will be executed in random order. This might lead to race conditions and potential bugs.
2025-11-07 16:59:54,982 : INFO : EventManager : Event: ======'blink_on'====== Args={'priority': 0}
2025-11-07 16:59:55,588 : INFO : EventManager : Event: ======'blink_off'====== Args={'priority': 0}
2025-11-07 16:59:55,589 : INFO : EventManager : Unordered handler for class <Auditor> on event game_ended with priority 1. Handlers: [RegisteredHandler(callback=<bound method Auditor.disable of <Auditor>>, priority=1, kwargs={}, key=UUID('1829e272-2fc5-4d35-a30f-7ccbecbf1186'), condition=None, blocking_facility=None), RegisteredHandler(callback=<bound method Auditor._save_audits of <Auditor>>, priority=1, kwargs={}, key=UUID('5cf01c6b-f4b4-4605-a93b-da4128eb6896'), condition=None, blocking_facility=None)]. The order of those handlers is not defined and they will be executed in random order. This might lead to race conditions and potential bugs.
2025-11-07 16:59:56,182 : INFO : EventManager : Event: ======'blink_on'====== Args={'priority': 0}
2025-11-07 16:59:56,768 : INFO : EventManager : Event: ======'blink_off'====== Args={'priority': 0}
2025-11-07 16:59:56,770 : INFO : EventManager : Unordered handler for class <Auditor> on event game_ended with priority 1. Handlers: [RegisteredHandler(callback=<bound method Auditor.disable of <Auditor>>, priority=1, kwargs={}, key=UUID('1829e272-2fc5-4d35-a30f-7ccbecbf1186'), condition=None, blocking_facility=None), RegisteredHandler(callback=<bound method Auditor._save_audits of <Auditor>>, priority=1, kwargs={}, key=UUID('5cf01c6b-f4b4-4605-a93b-da4128eb6896'), condition=None, blocking_facility=None)]. The order of those handlers is not defined and they will be executed in random order. This might lead to race conditions and potential bugs.
2025-11-07 16:59:57,392 : INFO : EventManager : Event: ======'blink_on'====== Args={'priority': 0}
2025-11-07 16:59:57,983 : INFO : EventManager : Event: ======'blink_off'====== Args={'priority': 0}
2025-11-07 16:59:57,984 : INFO : EventManager : Unordered handler for class <Auditor> on event game_ended with priority 1. Handlers: [RegisteredHandler(callback=<bound method Auditor.disable of <Auditor>>, priority=1, kwargs={}, key=UUID('1829e272-2fc5-4d35-a30f-7ccbecbf1186'), condition=None, blocking_facility=None), RegisteredHandler(callback=<bound method Auditor._save_audits of <Auditor>>, priority=1, kwargs={}, key=UUID('5cf01c6b-f4b4-4605-a93b-da4128eb6896'), condition=None, blocking_facility=None)]. The order of those handlers is not defined and they will be executed in random order. This might lead to race conditions and potential bugs.
2025-11-07 16:59:58,590 : INFO : EventManager : Event: ======'blink_on'====== Args={'priority': 0}
2025-11-07 16:59:59,182 : INFO : EventManager : Event: ======'blink_off'====== Args={'priority': 0}
2025-11-07 16:59:59,183 : INFO : EventManager : Unordered handler for class <Auditor> on event game_ended with priority 1. Handlers: [RegisteredHandler(callback=<bound method Auditor.disable of <Auditor>>, priority=1, kwargs={}, key=UUID('1829e272-2fc5-4d35-a30f-7ccbecbf1186'), condition=None, blocking_facility=None), RegisteredHandler(callback=<bound method Auditor._save_audits of <Auditor>>, priority=1, kwargs={}, key=UUID('5cf01c6b-f4b4-4605-a93b-da4128eb6896'), condition=None, blocking_facility=None)]. The order of those handlers is not defined and they will be executed in random order. This might lead to race conditions and potential bugs.
2025-11-07 16:59:59,776 : INFO : EventManager : Event: ======'blink_on'====== Args={'priority': 0}
2025-11-07 17:00:00,382 : INFO : EventManager : Event: ======'blink_off'====== Args={'priority': 0}
2025-11-07 17:00:00,383 : INFO : EventManager : Unordered handler for class <Auditor> on event game_ended with priority 1. Handlers: [RegisteredHandler(callback=<bound method Auditor.disable of <Auditor>>, priority=1, kwargs={}, key=UUID('1829e272-2fc5-4d35-a30f-7ccbecbf1186'), condition=None, blocking_facility=None), RegisteredHandler(callback=<bound method Auditor._save_audits of <Auditor>>, priority=1, kwargs={}, key=UUID('5cf01c6b-f4b4-4605-a93b-da4128eb6896'), condition=None, blocking_facility=None)]. The order of those handlers is not defined and they will be executed in random order. This might lead to race conditions and potential bugs.
2025-11-07 17:00:00,982 : INFO : EventManager : Event: ======'blink_on'====== Args={'priority': 0}
2025-11-07 17:00:01,595 : INFO : EventManager : Event: ======'blink_off'====== Args={'priority': 0}
2025-11-07 17:00:01,596 : INFO : EventManager : Unordered handler for class <Auditor> on event game_ended with priority 1. Handlers: [RegisteredHandler(callback=<bound method Auditor.disable of <Auditor>>, priority=1, kwargs={}, key=UUID('1829e272-2fc5-4d35-a30f-7ccbecbf1186'), condition=None, blocking_facility=None), RegisteredHandler(callback=<bound method Auditor._save_audits of <Auditor>>, priority=1, kwargs={}, key=UUID('5cf01c6b-f4b4-4605-a93b-da4128eb6896'), condition=None, blocking_facility=None)]. The order of those handlers is not defined and they will be executed in random order. This might lead to race conditions and potential bugs.
2025-11-07 17:00:02,177 : INFO : EventManager : Event: ======'blink_on'====== Args={'priority': 0}
2025-11-07 17:00:02,773 : INFO : EventManager : Event: ======'blink_off'====== Args={'priority': 0}
2025-11-07 17:00:02,775 : INFO : EventManager : Unordered handler for class <Auditor> on event game_ended with priority 1. Handlers: [RegisteredHandler(callback=<bound method Auditor.disable of <Auditor>>, priority=1, kwargs={}, key=UUID('1829e272-2fc5-4d35-a30f-7ccbecbf1186'), condition=None, blocking_facility=None), RegisteredHandler(callback=<bound method Auditor._save_audits of <Auditor>>, priority=1, kwargs={}, key=UUID('5cf01c6b-f4b4-4605-a93b-da4128eb6896'), condition=None, blocking_facility=None)]. The order of those handlers is not defined and they will be executed in random order. This might lead to race conditions and potential bugs.
2025-11-07 17:00:03,383 : INFO : EventManager : Event: ======'blink_on'====== Args={'priority': 0}
2025-11-07 17:00:03,582 : INFO : SwitchController : <<<<<<< 's_saucer' active >>>>>>>
2025-11-07 17:00:03,582 : INFO : EventManager : Event: ======'s_saucer_active'====== Args={}
2025-11-07 17:00:03,583 : INFO : EventManager : Event: ======'machine_var_audits_switches_s_saucer'====== Args={'value': 113, 'prev_value': 112, 'change': 1}
2025-11-07 17:00:03,585 : INFO : EventManager : Event: ======'player_shot_sh_escape_graveyard_start'====== Args={'value': 1, 'prev_value': 0, 'change': 1, 'player_num': 1}
2025-11-07 17:00:03,585 : INFO : EventManager : Event: ======'machine_var_audits_shots_sh_escape_graveyard_start'====== Args={'value': 11, 'prev_value': 10, 'change': 1}
2025-11-07 17:00:03,586 : INFO : EventManager : Event: ======'sh_escape_graveyard_start_hit'====== Args={'profile': 'default', 'state': 'unlit', 'advancing': True}
2025-11-07 17:00:03,586 : INFO : EventManager : Event: ======'sh_escape_graveyard_start_default_hit'====== Args={'profile': 'default', 'state': 'unlit', 'advancing': True}
2025-11-07 17:00:03,586 : INFO : EventManager : Event: ======'sh_escape_graveyard_start_default_unlit_hit'====== Args={'profile': 'default', 'state': 'unlit', 'advancing': True}
2025-11-07 17:00:03,586 : INFO : EventManager : Event: ======'sh_escape_graveyard_start_unlit_hit'====== Args={'profile': 'default', 'state': 'unlit', 'advancing': True}
2025-11-07 17:00:03,588 : INFO : EventManager : Event: ======'start_mode_escape_graveyard'====== Args={'priority': 0}
2025-11-07 17:00:03,588 : INFO : EventManager : Event: ======'godot_play_graveyard_intro'====== Args={'priority': 0}
2025-11-07 17:00:03,588 : INFO : EventManager : Event: ======'mode_escape_graveyard_will_start'====== Args={'priority': 0}
2025-11-07 17:00:03,588 : INFO : EventManager : Event: ======'player_escape_graveyard_eg_intro_delay_tick'====== Args={'value': 11, 'prev_value': 0, 'change': 11, 'player_num': 1}
2025-11-07 17:00:03,589 : INFO : EventManager : Event: ======'player_escape_graveyard_eg_timer_tick'====== Args={'value': 60, 'prev_value': 0, 'change': 60, 'player_num': 1}
2025-11-07 17:00:03,590 : INFO : EventManager : Event: ======'player_shot_sh_eg_right_drop_left_enabled'====== Args={'value': False, 'prev_value': 0, 'change': 0, 'player_num': 1}
2025-11-07 17:00:03,591 : INFO : EventManager : Event: ======'player_shot_sh_eg_right_drop_middle_enabled'====== Args={'value': False, 'prev_value': 0, 'change': 0, 'player_num': 1}
2025-11-07 17:00:03,591 : INFO : EventManager : Event: ======'player_shot_sh_eg_right_drop_right_enabled'====== Args={'value': False, 'prev_value': 0, 'change': 0, 'player_num': 1}
2025-11-07 17:00:03,591 : INFO : EventManager : Event: ======'player_shot_sh_eg_pop_left_enabled'====== Args={'value': False, 'prev_value': 0, 'change': 0, 'player_num': 1}
2025-11-07 17:00:03,592 : INFO : EventManager : Event: ======'player_shot_sh_eg_pop_middle_enabled'====== Args={'value': False, 'prev_value': 0, 'change': 0, 'player_num': 1}
2025-11-07 17:00:03,592 : INFO : EventManager : Event: ======'player_shot_sh_eg_pop_right_enabled'====== Args={'value': False, 'prev_value': 0, 'change': 0, 'player_num': 1}
2025-11-07 17:00:03,593 : INFO : EventManager : Event: ======'player_shot_sh_eg_spinner_enabled'====== Args={'value': False, 'prev_value': 0, 'change': 0, 'player_num': 1}
2025-11-07 17:00:03,593 : INFO : EventManager : Event: ======'player_shot_sh_eg_left_drop_left_enabled'====== Args={'value': False, 'prev_value': 0, 'change': 0, 'player_num': 1}
2025-11-07 17:00:03,593 : INFO : EventManager : Event: ======'player_shot_sh_eg_left_drop_middle_enabled'====== Args={'value': False, 'prev_value': 0, 'change': 0, 'player_num': 1}
2025-11-07 17:00:03,594 : INFO : EventManager : Event: ======'player_shot_sh_eg_left_drop_right_enabled'====== Args={'value': False, 'prev_value': 0, 'change': 0, 'player_num': 1}
2025-11-07 17:00:03,604 : INFO : EventManager : Event: ======'mode_escape_graveyard_starting'====== Args={'priority': 0}
2025-11-07 17:00:03,633 : INFO : EventManager : Event: ======'logicblock_eg_phase1_updated'====== Args={'value': [False, False, False, False, False, False], 'enabled': True}
2025-11-07 17:00:03,633 : INFO : EventManager : Event: ======'logicblock_eg_phase2_updated'====== Args={'value': [False, False, False], 'enabled': True}
2025-11-07 17:00:03,634 : INFO : EventManager : Event: ======'logicblock_eg_phase1_updated'====== Args={'value': [False, False, False, False, False, False], 'enabled': True}
2025-11-07 17:00:03,634 : INFO : EventManager : Event: ======'logicblock_eg_phase2_updated'====== Args={'value': [False, False, False], 'enabled': True}
2025-11-07 17:00:03,634 : INFO : Mode.escape_graveyard : Started. Priority: 220
2025-11-07 17:00:03,634 : INFO : EventManager : Event: ======'modes_active_modes_changed'====== Args={}
2025-11-07 17:00:03,635 : INFO : EventManager : Event: ======'mode_escape_graveyard_started'====== Args={'priority': 0}
2025-11-07 17:00:03,636 : INFO : EventManager : Event: ======'godot_play_graveyard_intro'====== Args={'priority': 0}
2025-11-07 17:00:03,636 : INFO : EventManager : Event: ======'mode_base_will_stop'====== Args={}
2025-11-07 17:00:03,636 : INFO : EventManager : Event: ======'mode_base_stopping'====== Args={}
2025-11-07 17:00:03,637 : INFO : EventManager : Event: ======'godot_stop_base'====== Args={'priority': 0}
2025-11-07 17:00:03,637 : INFO : EventManager : Event: ======'player_shot_sh_escape_graveyard_start_enabled'====== Args={'value': False, 'prev_value': True, 'change': -1, 'player_num': 1}
2025-11-07 17:00:03,637 : INFO : Timer.eg_intro_delay : Starting Timer.
2025-11-07 17:00:03,638 : INFO : EventManager : Event: ======'timer_eg_intro_delay_started'====== Args={'ticks': 11, 'ticks_remaining': 11}
2025-11-07 17:00:03,638 : INFO : EventManager : Event: ======'timer_eg_intro_delay_tick'====== Args={'ticks': 11, 'ticks_remaining': 11}
2025-11-07 17:00:03,638 : INFO : EventManager : Event: ======'godot_stop_base'====== Args={'priority': 0}
2025-11-07 17:00:03,638 : INFO : Mode.base : Stopped.
2025-11-07 17:00:03,639 : INFO : EventManager : Event: ======'modes_active_modes_changed'====== Args={}
2025-11-07 17:00:03,639 : INFO : EventManager : Event: ======'mode_base_stopped'====== Args={}
2025-11-07 17:00:03,639 : INFO : EventManager : Event: ======'clear'====== Args={'key': 'base'}
2025-11-07 17:00:03,640 : INFO : SwitchController : <<<<<<< 's_saucer' inactive >>>>>>>
2025-11-07 17:00:03,659 : INFO : SwitchController : <<<<<<< 's_saucer' active >>>>>>>
2025-11-07 17:00:03,659 : INFO : EventManager : Event: ======'machine_var_audits_switches_s_saucer'====== Args={'value': 114, 'prev_value': 113, 'change': 1}
2025-11-07 17:00:03,983 : INFO : EventManager : Event: ======'blink_off'====== Args={'priority': 0}
2025-11-07 17:00:03,985 : INFO : EventManager : Unordered handler for class <Auditor> on event game_ended with priority 1. Handlers: [RegisteredHandler(callback=<bound method Auditor.disable of <Auditor>>, priority=1, kwargs={}, key=UUID('1829e272-2fc5-4d35-a30f-7ccbecbf1186'), condition=None, blocking_facility=None), RegisteredHandler(callback=<bound method Auditor._save_audits of <Auditor>>, priority=1, kwargs={}, key=UUID('5cf01c6b-f4b4-4605-a93b-da4128eb6896'), condition=None, blocking_facility=None)]. The order of those handlers is not defined and they will be executed in random order. This might lead to race conditions and potential bugs.
2025-11-07 17:00:04,170 : INFO : EventManager : Event: ======'balldevice_bd_saucer_ball_count_changed'====== Args={'balls': 1}
2025-11-07 17:00:04,170 : INFO : ball_device.bd_saucer : Received unexpected ball
2025-11-07 17:00:04,171 : INFO : EventManager : Event: ======'balldevice_captured_from_playfield'====== Args={'balls': 1}
2025-11-07 17:00:04,172 : INFO : EventManager : Event: ======'sw_playfield_active'====== Args={'balls': 1}
2025-11-07 17:00:04,172 : INFO : EventManager : Event: ======'playfield_ball_count_change'====== Args={'balls': 0, 'change': -1}
2025-11-07 17:00:04,173 : INFO : EventManager : Event: ======'balldevice_bd_saucer_ball_enter'====== Args={'new_balls': 1, 'unclaimed_balls': 1, 'new_available_balls': 1, 'device': <ball_device.bd_saucer>}
2025-11-07 17:00:04,174 : INFO : ball_device.bd_saucer : Ejecting 1 unexpected balls using path deque([<ball_device.bd_saucer>, <playfield.playfield>])
2025-11-07 17:00:04,174 : INFO : EventManager : Event: ======'balldevice_balls_available'====== Args={}
2025-11-07 17:00:04,175 : INFO : EventManager : Event: ======'balldevice_balls_available'====== Args={}
2025-11-07 17:00:04,175 : INFO : EventManager : Event: ======'balldevice_bd_saucer_ball_entered'====== Args={'new_balls': 1, 'device': <ball_device.bd_saucer>}
2025-11-07 17:00:04,178 : INFO : ball_device.bd_saucer : State: waiting_for_target_ready
2025-11-07 17:00:04,178 : INFO : EventManager : Event: ======'balldevice_bd_saucer_ball_eject_attempt'====== Args={'balls': 1, 'target': <playfield.playfield>, 'source': <ball_device.bd_saucer>, 'mechanical_eject': False, 'num_attempts': 0}
2025-11-07 17:00:04,179 : INFO : ball_device.bd_saucer : State: ejecting
2025-11-07 17:00:04,179 : INFO : ball_device.bd_saucer : Ejecting ball to <playfield.playfield>
2025-11-07 17:00:04,179 : INFO : EventManager : Event: ======'balldevice_bd_saucer_ejecting_ball'====== Args={'balls': 1, 'target': <playfield.playfield>, 'source': <ball_device.bd_saucer>, 'mechanical_eject': False, 'num_attempts': 0}
2025-11-07 17:00:04,181 : INFO : ball_device.bd_saucer : Wait for ball to leave device
2025-11-07 17:00:04,181 : INFO : coil.c_saucer : Pulsing Driver for 50ms (1.0 pulse_power)
2025-11-07 17:00:04,248 : INFO : SwitchController : <<<<<<< 's_saucer' inactive >>>>>>>
2025-11-07 17:00:04,267 : INFO : ball_device.bd_saucer : State: ball_left
2025-11-07 17:00:04,267 : INFO : ball_device.bd_saucer : Ball left
2025-11-07 17:00:04,268 : INFO : ball_device.bd_saucer : Wait for confirm with timeout 2.0
2025-11-07 17:00:04,588 : INFO : EventManager : Event: ======'blink_on'====== Args={'priority': 0}
2025-11-07 17:00:04,634 : INFO : EventManager : Event: ======'player_escape_graveyard_eg_intro_delay_tick'====== Args={'value': 10, 'prev_value': 11, 'change': -1, 'player_num': 1}
2025-11-07 17:00:04,636 : INFO : EventManager : Event: ======'timer_eg_intro_delay_tick'====== Args={'ticks': 10, 'ticks_remaining': 10}
2025-11-07 17:00:04,868 : INFO : SwitchController : <<<<<<< 's_right_pop_bumper' active >>>>>>>
2025-11-07 17:00:04,868 : INFO : EventManager : Event: ======'playfield_active'====== Args={'source': 'sh_eg_pop_right'}
2025-11-07 17:00:04,869 : INFO : EventManager : Event: ======'playfield_active'====== Args={'source': 'ac_right_pop_bumper'}
2025-11-07 17:00:04,869 : INFO : EventManager : Event: ======'machine_var_audits_switches_s_right_pop_bumper'====== Args={'value': 189, 'prev_value': 188, 'change': 1}
2025-11-07 17:00:04,886 : INFO : ball_device.bd_saucer : Got eject confirm
2025-11-07 17:00:04,886 : INFO : ball_device.bd_saucer : Eject successful
2025-11-07 17:00:04,886 : INFO : EventManager : Event: ======'balldevice_bd_saucer_ball_eject_success'====== Args={'balls': 1, 'target': <playfield.playfield>}
2025-11-07 17:00:04,886 : INFO : SwitchController : <<<<<<< 's_right_pop_bumper' inactive >>>>>>>
2025-11-07 17:00:04,887 : INFO : EventManager : Event: ======'balldevice_playfield_ball_enter'====== Args={'new_balls': 1, 'unclaimed_balls': 1, 'device': <playfield.playfield>}
2025-11-07 17:00:04,887 : INFO : EventManager : Event: ======'playfield_ball_count_change'====== Args={'balls': 1, 'change': 1}
2025-11-07 17:00:04,902 : INFO : EventManager : Event: ======'balldevice_bd_saucer_ball_count_changed'====== Args={'balls': 0}
2025-11-07 17:00:04,902 : INFO : ball_device.bd_saucer : State: idle
2025-11-07 17:00:04,977 : INFO : SwitchController : <<<<<<< 's_right_bank_target_middle' active >>>>>>>
2025-11-07 17:00:04,978 : INFO : EventManager : Event: ======'drop_target_s_right_bank_target_middle_down'====== Args={'device': <drop_target.s_right_bank_target_middle>}
2025-11-07 17:00:04,978 : INFO : EventManager : Event: ======'drop_target_bank_right_bank_mixed'====== Args={'prev_value': <DropTargetBankState.UP: 'up'>, 'down': 1}
2025-11-07 17:00:04,978 : INFO : EventManager : Event: ======'machine_var_audits_switches_s_right_bank_target_middle'====== Args={'value': 47, 'prev_value': 46, 'change': 1}
2025-11-07 17:00:04,996 : INFO : SwitchController : <<<<<<< 's_right_bank_target_left' active >>>>>>>
2025-11-07 17:00:04,996 : INFO : EventManager : Event: ======'drop_target_s_right_bank_target_left_down'====== Args={'device': <drop_target.s_right_bank_target_left>}
2025-11-07 17:00:04,996 : INFO : EventManager : Event: ======'drop_target_bank_right_bank_mixed'====== Args={'prev_value': <DropTargetBankState.MIXED: 'mixed'>, 'down': 2}
2025-11-07 17:00:04,997 : INFO : EventManager : Event: ======'machine_var_audits_switches_s_right_bank_target_left'====== Args={'value': 61, 'prev_value': 60, 'change': 1}
2025-11-07 17:00:05,149 : INFO : SwitchController : <<<<<<< 's_right_pop_bumper' active >>>>>>>
2025-11-07 17:00:05,149 : INFO : EventManager : Event: ======'machine_var_audits_switches_s_right_pop_bumper'====== Args={'value': 190, 'prev_value': 189, 'change': 1}
2025-11-07 17:00:05,178 : INFO : EventManager : Event: ======'blink_off'====== Args={'priority': 0}
2025-11-07 17:00:05,178 : INFO : SwitchController : <<<<<<< 's_right_pop_bumper' inactive >>>>>>>
2025-11-07 17:00:05,180 : INFO : EventManager : Unordered handler for class <Auditor> on event game_ended with priority 1. Handlers: [RegisteredHandler(callback=<bound method Auditor.disable of <Auditor>>, priority=1, kwargs={}, key=UUID('1829e272-2fc5-4d35-a30f-7ccbecbf1186'), condition=None, blocking_facility=None), RegisteredHandler(callback=<bound method Auditor._save_audits of <Auditor>>, priority=1, kwargs={}, key=UUID('5cf01c6b-f4b4-4605-a93b-da4128eb6896'), condition=None, blocking_facility=None)]. The order of those handlers is not defined and they will be executed in random order. This might lead to race conditions and potential bugs.
2025-11-07 17:00:05,628 : INFO : EventManager : Event: ======'player_escape_graveyard_eg_intro_delay_tick'====== Args={'value': 9, 'prev_value': 10, 'change': -1, 'player_num': 1}
2025-11-07 17:00:05,629 : INFO : EventManager : Event: ======'timer_eg_intro_delay_tick'====== Args={'ticks': 9, 'ticks_remaining': 9}
2025-11-07 17:00:05,768 : INFO : EventManager : Event: ======'blink_on'====== Args={'priority': 0}
2025-11-07 17:00:06,323 : INFO : SwitchController : <<<<<<< 's_saucer' active >>>>>>>
2025-11-07 17:00:06,324 : INFO : EventManager : Event: ======'machine_var_audits_switches_s_saucer'====== Args={'value': 115, 'prev_value': 114, 'change': 1}
2025-11-07 17:00:06,342 : INFO : SwitchController : <<<<<<< 's_saucer' inactive >>>>>>>
2025-11-07 17:00:06,369 : INFO : SwitchController : <<<<<<< 's_saucer' active >>>>>>>
2025-11-07 17:00:06,369 : INFO : EventManager : Event: ======'machine_var_audits_switches_s_saucer'====== Args={'value': 116, 'prev_value': 115, 'change': 1}
2025-11-07 17:00:06,385 : INFO : EventManager : Event: ======'blink_off'====== Args={'priority': 0}
2025-11-07 17:00:06,386 : INFO : EventManager : Unordered handler for class <Auditor> on event game_ended with priority 1. Handlers: [RegisteredHandler(callback=<bound method Auditor.disable of <Auditor>>, priority=1, kwargs={}, key=UUID('1829e272-2fc5-4d35-a30f-7ccbecbf1186'), condition=None, blocking_facility=None), RegisteredHandler(callback=<bound method Auditor._save_audits of <Auditor>>, priority=1, kwargs={}, key=UUID('5cf01c6b-f4b4-4605-a93b-da4128eb6896'), condition=None, blocking_facility=None)]. The order of those handlers is not defined and they will be executed in random order. This might lead to race conditions and potential bugs.
2025-11-07 17:00:06,633 : INFO : EventManager : Event: ======'player_escape_graveyard_eg_intro_delay_tick'====== Args={'value': 8, 'prev_value': 9, 'change': -1, 'player_num': 1}
2025-11-07 17:00:06,634 : INFO : EventManager : Event: ======'timer_eg_intro_delay_tick'====== Args={'ticks': 8, 'ticks_remaining': 8}
2025-11-07 17:00:06,869 : INFO : EventManager : Event: ======'balldevice_bd_saucer_ball_count_changed'====== Args={'balls': 1}
2025-11-07 17:00:06,869 : INFO : ball_device.bd_saucer : Received unexpected ball
2025-11-07 17:00:06,869 : INFO : EventManager : Event: ======'balldevice_captured_from_playfield'====== Args={'balls': 1}
2025-11-07 17:00:06,869 : INFO : EventManager : Event: ======'sw_playfield_active'====== Args={'balls': 1}
2025-11-07 17:00:06,869 : INFO : EventManager : Event: ======'playfield_ball_count_change'====== Args={'balls': 0, 'change': -1}
2025-11-07 17:00:06,871 : INFO : EventManager : Event: ======'balldevice_bd_saucer_ball_enter'====== Args={'new_balls': 1, 'unclaimed_balls': 1, 'new_available_balls': 1, 'device': <ball_device.bd_saucer>}
2025-11-07 17:00:06,872 : INFO : ball_device.bd_saucer : Ejecting 1 unexpected balls using path deque([<ball_device.bd_saucer>, <playfield.playfield>])
2025-11-07 17:00:06,872 : INFO : EventManager : Event: ======'balldevice_balls_available'====== Args={}
2025-11-07 17:00:06,872 : INFO : EventManager : Event: ======'balldevice_balls_available'====== Args={}
2025-11-07 17:00:06,873 : INFO : EventManager : Event: ======'balldevice_bd_saucer_ball_entered'====== Args={'new_balls': 1, 'device': <ball_device.bd_saucer>}
2025-11-07 17:00:06,876 : INFO : ball_device.bd_saucer : State: waiting_for_target_ready
2025-11-07 17:00:06,876 : INFO : EventManager : Event: ======'balldevice_bd_saucer_ball_eject_attempt'====== Args={'balls': 1, 'target': <playfield.playfield>, 'source': <ball_device.bd_saucer>, 'mechanical_eject': False, 'num_attempts': 0}
2025-11-07 17:00:06,877 : INFO : ball_device.bd_saucer : State: ejecting
2025-11-07 17:00:06,877 : INFO : ball_device.bd_saucer : Ejecting ball to <playfield.playfield>
2025-11-07 17:00:06,877 : INFO : EventManager : Event: ======'balldevice_bd_saucer_ejecting_ball'====== Args={'balls': 1, 'target': <playfield.playfield>, 'source': <ball_device.bd_saucer>, 'mechanical_eject': False, 'num_attempts': 0}
2025-11-07 17:00:06,879 : INFO : ball_device.bd_saucer : Wait for ball to leave device
2025-11-07 17:00:06,879 : INFO : coil.c_saucer : Pulsing Driver for 50ms (1.0 pulse_power)
2025-11-07 17:00:06,946 : INFO : SwitchController : <<<<<<< 's_saucer' inactive >>>>>>>
2025-11-07 17:00:06,959 : INFO : ball_device.bd_saucer : State: ball_left
2025-11-07 17:00:06,959 : INFO : ball_device.bd_saucer : Ball left
2025-11-07 17:00:06,961 : INFO : ball_device.bd_saucer : Wait for confirm with timeout 2.0
2025-11-07 17:00:06,976 : INFO : EventManager : Event: ======'blink_on'====== Args={'priority': 0}
2025-11-07 17:00:07,548 : INFO : SwitchController : <<<<<<< 's_right_pop_bumper' active >>>>>>>
2025-11-07 17:00:07,548 : INFO : EventManager : Event: ======'playfield_active'====== Args={'source': 'sh_eg_pop_right'}
2025-11-07 17:00:07,548 : INFO : EventManager : Event: ======'playfield_active'====== Args={'source': 'ac_right_pop_bumper'}
2025-11-07 17:00:07,549 : INFO : EventManager : Event: ======'machine_var_audits_switches_s_right_pop_bumper'====== Args={'value': 191, 'prev_value': 190, 'change': 1}
2025-11-07 17:00:07,565 : INFO : SwitchController : <<<<<<< 's_right_pop_bumper' inactive >>>>>>>
2025-11-07 17:00:07,565 : INFO : ball_device.bd_saucer : Got eject confirm
2025-11-07 17:00:07,565 : INFO : ball_device.bd_saucer : Eject successful
2025-11-07 17:00:07,565 : INFO : EventManager : Event: ======'balldevice_bd_saucer_ball_eject_success'====== Args={'balls': 1, 'target': <playfield.playfield>}
2025-11-07 17:00:07,578 : INFO : EventManager : Event: ======'balldevice_playfield_ball_enter'====== Args={'new_balls': 1, 'unclaimed_balls': 1, 'device': <playfield.playfield>}
2025-11-07 17:00:07,578 : INFO : EventManager : Event: ======'playfield_ball_count_change'====== Args={'balls': 1, 'change': 1}
2025-11-07 17:00:07,579 : INFO : EventManager : Event: ======'balldevice_bd_saucer_ball_count_changed'====== Args={'balls': 0}
2025-11-07 17:00:07,579 : INFO : ball_device.bd_saucer : State: idle
2025-11-07 17:00:07,581 : INFO : EventManager : Event: ======'blink_off'====== Args={'priority': 0}
2025-11-07 17:00:07,582 : INFO : EventManager : Unordered handler for class <Auditor> on event game_ended with priority 1. Handlers: [RegisteredHandler(callback=<bound method Auditor.disable of <Auditor>>, priority=1, kwargs={}, key=UUID('1829e272-2fc5-4d35-a30f-7ccbecbf1186'), condition=None, blocking_facility=None), RegisteredHandler(callback=<bound method Auditor._save_audits of <Auditor>>, priority=1, kwargs={}, key=UUID('5cf01c6b-f4b4-4605-a93b-da4128eb6896'), condition=None, blocking_facility=None)]. The order of those handlers is not defined and they will be executed in random order. This might lead to race conditions and potential bugs.
2025-11-07 17:00:07,641 : INFO : EventManager : Event: ======'player_escape_graveyard_eg_intro_delay_tick'====== Args={'value': 7, 'prev_value': 8, 'change': -1, 'player_num': 1}
2025-11-07 17:00:07,641 : INFO : EventManager : Event: ======'timer_eg_intro_delay_tick'====== Args={'ticks': 7, 'ticks_remaining': 7}
2025-11-07 17:00:07,876 : INFO : SwitchController : <<<<<<< 's_right_pop_bumper' active >>>>>>>
2025-11-07 17:00:07,878 : INFO : EventManager : Event: ======'machine_var_audits_switches_s_right_pop_bumper'====== Args={'value': 192, 'prev_value': 191, 'change': 1}
2025-11-07 17:00:07,907 : INFO : SwitchController : <<<<<<< 's_right_pop_bumper' inactive >>>>>>>
2025-11-07 17:00:08,174 : INFO : EventManager : Event: ======'blink_on'====== Args={'priority': 0}
2025-11-07 17:00:08,639 : INFO : EventManager : Event: ======'player_escape_graveyard_eg_intro_delay_tick'====== Args={'value': 6, 'prev_value': 7, 'change': -1, 'player_num': 1}
2025-11-07 17:00:08,640 : INFO : EventManager : Event: ======'timer_eg_intro_delay_tick'====== Args={'ticks': 6, 'ticks_remaining': 6}
2025-11-07 17:00:08,779 : INFO : EventManager : Event: ======'blink_off'====== Args={'priority': 0}
2025-11-07 17:00:08,780 : INFO : EventManager : Unordered handler for class <Auditor> on event game_ended with priority 1. Handlers: [RegisteredHandler(callback=<bound method Auditor.disable of <Auditor>>, priority=1, kwargs={}, key=UUID('1829e272-2fc5-4d35-a30f-7ccbecbf1186'), condition=None, blocking_facility=None), RegisteredHandler(callback=<bound method Auditor._save_audits of <Auditor>>, priority=1, kwargs={}, key=UUID('5cf01c6b-f4b4-4605-a93b-da4128eb6896'), condition=None, blocking_facility=None)]. The order of those handlers is not defined and they will be executed in random order. This might lead to race conditions and potential bugs.
2025-11-07 17:00:09,387 : INFO : EventManager : Event: ======'blink_on'====== Args={'priority': 0}
2025-11-07 17:00:09,635 : INFO : EventManager : Event: ======'player_escape_graveyard_eg_intro_delay_tick'====== Args={'value': 5, 'prev_value': 6, 'change': -1, 'player_num': 1}
2025-11-07 17:00:09,635 : INFO : EventManager : Event: ======'timer_eg_intro_delay_tick'====== Args={'ticks': 5, 'ticks_remaining': 5}
2025-11-07 17:00:09,974 : INFO : EventManager : Event: ======'blink_off'====== Args={'priority': 0}
2025-11-07 17:00:09,976 : INFO : EventManager : Unordered handler for class <Auditor> on event game_ended with priority 1. Handlers: [RegisteredHandler(callback=<bound method Auditor.disable of <Auditor>>, priority=1, kwargs={}, key=UUID('1829e272-2fc5-4d35-a30f-7ccbecbf1186'), condition=None, blocking_facility=None), RegisteredHandler(callback=<bound method Auditor._save_audits of <Auditor>>, priority=1, kwargs={}, key=UUID('5cf01c6b-f4b4-4605-a93b-da4128eb6896'), condition=None, blocking_facility=None)]. The order of those handlers is not defined and they will be executed in random order. This might lead to race conditions and potential bugs.
2025-11-07 17:00:10,581 : INFO : EventManager : Event: ======'blink_on'====== Args={'priority': 0}
2025-11-07 17:00:10,627 : INFO : EventManager : Event: ======'player_escape_graveyard_eg_intro_delay_tick'====== Args={'value': 4, 'prev_value': 5, 'change': -1, 'player_num': 1}
2025-11-07 17:00:10,627 : INFO : EventManager : Event: ======'timer_eg_intro_delay_tick'====== Args={'ticks': 4, 'ticks_remaining': 4}
2025-11-07 17:00:11,187 : INFO : EventManager : Event: ======'blink_off'====== Args={'priority': 0}
2025-11-07 17:00:11,188 : INFO : EventManager : Unordered handler for class <Auditor> on event game_ended with priority 1. Handlers: [RegisteredHandler(callback=<bound method Auditor.disable of <Auditor>>, priority=1, kwargs={}, key=UUID('1829e272-2fc5-4d35-a30f-7ccbecbf1186'), condition=None, blocking_facility=None), RegisteredHandler(callback=<bound method Auditor._save_audits of <Auditor>>, priority=1, kwargs={}, key=UUID('5cf01c6b-f4b4-4605-a93b-da4128eb6896'), condition=None, blocking_facility=None)]. The order of those handlers is not defined and they will be executed in random order. This might lead to race conditions and potential bugs.
2025-11-07 17:00:11,636 : INFO : EventManager : Event: ======'player_escape_graveyard_eg_intro_delay_tick'====== Args={'value': 3, 'prev_value': 4, 'change': -1, 'player_num': 1}
2025-11-07 17:00:11,638 : INFO : EventManager : Event: ======'timer_eg_intro_delay_tick'====== Args={'ticks': 3, 'ticks_remaining': 3}
2025-11-07 17:00:11,776 : INFO : EventManager : Event: ======'blink_on'====== Args={'priority': 0}
2025-11-07 17:00:12,381 : INFO : EventManager : Event: ======'blink_off'====== Args={'priority': 0}
2025-11-07 17:00:12,382 : INFO : EventManager : Unordered handler for class <Auditor> on event game_ended with priority 1. Handlers: [RegisteredHandler(callback=<bound method Auditor.disable of <Auditor>>, priority=1, kwargs={}, key=UUID('1829e272-2fc5-4d35-a30f-7ccbecbf1186'), condition=None, blocking_facility=None), RegisteredHandler(callback=<bound method Auditor._save_audits of <Auditor>>, priority=1, kwargs={}, key=UUID('5cf01c6b-f4b4-4605-a93b-da4128eb6896'), condition=None, blocking_facility=None)]. The order of those handlers is not defined and they will be executed in random order. This might lead to race conditions and potential bugs.
2025-11-07 17:00:12,630 : INFO : EventManager : Event: ======'player_escape_graveyard_eg_intro_delay_tick'====== Args={'value': 2, 'prev_value': 3, 'change': -1, 'player_num': 1}
2025-11-07 17:00:12,632 : INFO : EventManager : Event: ======'timer_eg_intro_delay_tick'====== Args={'ticks': 2, 'ticks_remaining': 2}
2025-11-07 17:00:12,972 : INFO : EventManager : Event: ======'blink_on'====== Args={'priority': 0}
2025-11-07 17:00:13,580 : INFO : EventManager : Event: ======'blink_off'====== Args={'priority': 0}
2025-11-07 17:00:13,582 : INFO : EventManager : Unordered handler for class <Auditor> on event game_ended with priority 1. Handlers: [RegisteredHandler(callback=<bound method Auditor.disable of <Auditor>>, priority=1, kwargs={}, key=UUID('1829e272-2fc5-4d35-a30f-7ccbecbf1186'), condition=None, blocking_facility=None), RegisteredHandler(callback=<bound method Auditor._save_audits of <Auditor>>, priority=1, kwargs={}, key=UUID('5cf01c6b-f4b4-4605-a93b-da4128eb6896'), condition=None, blocking_facility=None)]. The order of those handlers is not defined and they will be executed in random order. This might lead to race conditions and potential bugs.
2025-11-07 17:00:13,628 : INFO : EventManager : Event: ======'player_escape_graveyard_eg_intro_delay_tick'====== Args={'value': 1, 'prev_value': 2, 'change': -1, 'player_num': 1}
2025-11-07 17:00:13,629 : INFO : EventManager : Event: ======'timer_eg_intro_delay_tick'====== Args={'ticks': 1, 'ticks_remaining': 1}
2025-11-07 17:00:14,188 : INFO : EventManager : Event: ======'blink_on'====== Args={'priority': 0}
2025-11-07 17:00:14,640 : INFO : EventManager : Event: ======'player_escape_graveyard_eg_intro_delay_tick'====== Args={'value': 0, 'prev_value': 1, 'change': -1, 'player_num': 1}
2025-11-07 17:00:14,640 : INFO : Timer.eg_intro_delay : Timer Complete
2025-11-07 17:00:14,641 : INFO : Timer.eg_intro_delay : Stopping Timer
2025-11-07 17:00:14,641 : INFO : EventManager : Event: ======'timer_eg_intro_delay_stopped'====== Args={'ticks': 0, 'ticks_remaining': 1}
2025-11-07 17:00:14,641 : INFO : EventManager : Event: ======'timer_eg_intro_delay_complete'====== Args={'ticks': 0, 'ticks_remaining': 1}
2025-11-07 17:00:14,641 : INFO : EventManager : Event: ======'eg_intro_release'====== Args={'priority': 0}
2025-11-07 17:00:14,641 : INFO : EventManager : Event: ======'godot_stop_graveyard_intro'====== Args={'priority': 0}
2025-11-07 17:00:14,643 : INFO : EventManager : Event: ======'eg_phase1_begin'====== Args={'priority': 0}
2025-11-07 17:00:14,643 : INFO : Timer.eg_timer : Starting Timer.
2025-11-07 17:00:14,643 : INFO : EventManager : Event: ======'timer_eg_timer_started'====== Args={'ticks': 60, 'ticks_remaining': 60}
2025-11-07 17:00:14,643 : INFO : EventManager : Event: ======'timer_eg_timer_tick'====== Args={'ticks': 60, 'ticks_remaining': 60}
2025-11-07 17:00:14,643 : INFO : EventManager : Event: ======'player_shot_sh_eg_right_drop_left_enabled'====== Args={'value': True, 'prev_value': False, 'change': 1, 'player_num': 1}
2025-11-07 17:00:14,644 : INFO : EventManager : Event: ======'player_shot_sh_eg_right_drop_middle_enabled'====== Args={'value': True, 'prev_value': False, 'change': 1, 'player_num': 1}
2025-11-07 17:00:14,645 : INFO : EventManager : Event: ======'player_shot_sh_eg_right_drop_right_enabled'====== Args={'value': True, 'prev_value': False, 'change': 1, 'player_num': 1}
2025-11-07 17:00:14,646 : INFO : EventManager : Event: ======'player_shot_sh_eg_pop_left_enabled'====== Args={'value': True, 'prev_value': False, 'change': 1, 'player_num': 1}
2025-11-07 17:00:14,646 : INFO : EventManager : Event: ======'player_shot_sh_eg_pop_middle_enabled'====== Args={'value': True, 'prev_value': False, 'change': 1, 'player_num': 1}
2025-11-07 17:00:14,647 : INFO : EventManager : Event: ======'player_shot_sh_eg_pop_right_enabled'====== Args={'value': True, 'prev_value': False, 'change': 1, 'player_num': 1}
2025-11-07 17:00:14,647 : ERROR : asyncio : Exception in callback EventManager.process_event_queue()
handle: <Handle EventManager.process_event_queue()>
Traceback (most recent call last):
  File "C:\Users\antho\mpf\Lib\site-packages\mpf\core\show_controller.py", line 130, in replace_or_advance_show
    show_obj = self.machine.shows[config.name]
               ~~~~~~~~~~~~~~~~~~^^^^^^^^^^^^^
KeyError: 'flash@eg_rbl'

During handling of the above exception, another exception occurred:

Traceback (most recent call last):
  File "C:\Users\antho\mpf\Lib\site-packages\mpf\core\events.py", line 755, in _run_handlers
    result = handler.callback(**merged_kwargs)
             ^^^^^^^^^^^^^^^^^^^^^^^^^^^^^^^^^
  File "C:\Users\antho\mpf\Lib\site-packages\mpf\core\config_player.py", line 348, in config_play_callback
    return self.play(settings=settings, context=context, calling_context=calling_context, priority=priority,
           ^^^^^^^^^^^^^^^^^^^^^^^^^^^^^^^^^^^^^^^^^^^^^^^^^^^^^^^^^^^^^^^^^^^^^^^^^^^^^^^^^^^^^^^^^^^^^^^^^
  File "C:\Users\antho\mpf\Lib\site-packages\mpf\config_players\show_player.py", line 60, in play
    self._update_show(show.name, show_settings, context, queue, start_time, show_tokens)
  File "C:\Users\antho\mpf\Lib\site-packages\mpf\config_players\show_player.py", line 225, in _update_show
    action(key, instance_dict, show_name, show_settings, queue, start_time, placeholder_args)
  File "C:\Users\antho\mpf\Lib\site-packages\mpf\config_players\show_player.py", line 117, in _play
    instance_dict[key] = self.machine.show_controller.replace_or_advance_show(previous_show, show_config,
                         ^^^^^^^^^^^^^^^^^^^^^^^^^^^^^^^^^^^^^^^^^^^^^^^^^^^^^^^^^^^^^^^^^^^^^^^^^^^^^^^^
  File "C:\Users\antho\mpf\Lib\site-packages\mpf\core\show_controller.py", line 132, in replace_or_advance_show
    raise KeyError("Cannot play show '{}'. No show with that "
KeyError: "Cannot play show 'flash@eg_rbl'. No show with that name."

The above exception was the direct cause of the following exception:

Traceback (most recent call last):
  File "C:\Users\antho\AppData\Local\Programs\Python\Python312\Lib\asyncio\events.py", line 88, in _run
    self._context.run(self._callback, *self._args)
  File "C:\Users\antho\mpf\Lib\site-packages\mpf\core\events.py", line 846, in process_event_queue
    self._process_event(event=event[0],
  File "C:\Users\antho\mpf\Lib\site-packages\mpf\core\events.py", line 808, in _process_event
    result = self._run_handlers(event, ev_type, kwargs)
             ^^^^^^^^^^^^^^^^^^^^^^^^^^^^^^^^^^^^^^^^^^
  File "C:\Users\antho\mpf\Lib\site-packages\mpf\core\events.py", line 757, in _run_handlers
    raise EventHandlerException(
mpf.core.events.EventHandlerException: Exception while processing RegisteredHandler(callback=<bound method ConfigPlayer.config_play_callback of ConfigPlayer.show_player/shows>, priority=220, kwargs={'calling_context': 'eg_phase1_begin', 'mode': <Mode.escape_graveyard>, 'settings': {flash@eg_rbl-None-None: {'action': 'play', 'loops': -1, 'speed': <NativeTemplate 1.0>, 'show_tokens': {'lights': <NativeTemplate l_right_bank_left>}, 'priority': 0, 'show': None, 'block_queue': False, 'start_step': <NativeTemplate 1>, 'start_running': <Template True>, 'sync_ms': None, 'manual_advance': False, 'show_queue': None, 'key': None, 'events_when_played': [], 'events_when_stopped': [], 'events_when_looped': [], 'events_when_paused': [], 'events_when_resumed': [], 'events_when_advanced': [], 'events_when_stepped_back': [], 'events_when_updated': [], 'events_when_completed': []}, flash@eg_rbm-None-None: {'action': 'play', 'loops': -1, 'speed': <NativeTemplate 1.0>, 'show_tokens': {'lights': <NativeTemplate l_right_bank_middle>}, 'priority': 0, 'show': None, 'block_queue': False, 'start_step': <NativeTemplate 1>, 'start_running': <Template True>, 'sync_ms': None, 'manual_advance': False, 'show_queue': None, 'key': None, 'events_when_played': [], 'events_when_stopped': [], 'events_when_looped': [], 'events_when_paused': [], 'events_when_resumed': [], 'events_when_advanced': [], 'events_when_stepped_back': [], 'events_when_updated': [], 'events_when_completed': []}, flash@eg_rbr-None-None: {'action': 'play', 'loops': -1, 'speed': <NativeTemplate 1.0>, 'show_tokens': {'lights': <NativeTemplate l_right_bank_right>}, 'priority': 0, 'show': None, 'block_queue': False, 'start_step': <NativeTemplate 1>, 'start_running': <Template True>, 'sync_ms': None, 'manual_advance': False, 'show_queue': None, 'key': None, 'events_when_played': [], 'events_when_stopped': [], 'events_when_looped': [], 'events_when_paused': [], 'events_when_resumed': [], 'events_when_advanced': [], 'events_when_stepped_back': [], 'events_when_updated': [], 'events_when_completed': []}}}, key=UUID('6f4f8aab-11d3-4c6f-82ca-9d4e4463acc1'), condition=None, blocking_facility=None) for event eg_phase1_begin. "Cannot play show 'flash@eg_rbl'. No show with that name."
2025-11-07 17:00:14,658 : INFO : Machine : Shutting down...
2025-11-07 17:00:14,659 : INFO : EventManager : Event: ======'shutdown'====== Args={}
2025-11-07 17:00:14,663 : INFO : EventManager : Event: ======'mode_game_will_stop'====== Args={}
2025-11-07 17:00:14,663 : INFO : EventManager : Event: ======'mode_game_stopping'====== Args={}
2025-11-07 17:00:14,668 : INFO : EventManager : Event: ======'mode_escape_graveyard_will_stop'====== Args={}
2025-11-07 17:00:14,669 : INFO : EventManager : Event: ======'mode_escape_graveyard_stopping'====== Args={}
2025-11-07 17:00:14,670 : INFO : EventManager : Event: ======'player_shot_sh_eg_right_drop_left_enabled'====== Args={'value': False, 'prev_value': True, 'change': -1, 'player_num': 1}
2025-11-07 17:00:14,670 : INFO : EventManager : Event: ======'player_shot_sh_eg_right_drop_middle_enabled'====== Args={'value': False, 'prev_value': True, 'change': -1, 'player_num': 1}
2025-11-07 17:00:14,670 : INFO : EventManager : Event: ======'player_shot_sh_eg_right_drop_right_enabled'====== Args={'value': False, 'prev_value': True, 'change': -1, 'player_num': 1}
2025-11-07 17:00:14,672 : INFO : EventManager : Event: ======'player_shot_sh_eg_pop_left_enabled'====== Args={'value': False, 'prev_value': True, 'change': -1, 'player_num': 1}
2025-11-07 17:00:14,673 : INFO : EventManager : Event: ======'player_shot_sh_eg_pop_middle_enabled'====== Args={'value': False, 'prev_value': True, 'change': -1, 'player_num': 1}
2025-11-07 17:00:14,673 : INFO : EventManager : Event: ======'player_shot_sh_eg_pop_right_enabled'====== Args={'value': False, 'prev_value': True, 'change': -1, 'player_num': 1}
2025-11-07 17:00:14,674 : INFO : Timer.eg_timer : Stopping Timer
2025-11-07 17:00:14,674 : INFO : EventManager : Event: ======'timer_eg_timer_stopped'====== Args={'ticks': 60, 'ticks_remaining': 60}
2025-11-07 17:00:14,675 : INFO : Mode.escape_graveyard : Stopped.
2025-11-07 17:00:14,675 : INFO : EventManager : Event: ======'modes_active_modes_changed'====== Args={}
2025-11-07 17:00:14,676 : INFO : EventManager : Event: ======'mode_escape_graveyard_stopped'====== Args={}
2025-11-07 17:00:14,676 : INFO : EventManager : Event: ======'clear'====== Args={'key': 'escape_graveyard'}
2025-11-07 17:00:14,677 : INFO : EventManager : Event: ======'mode_base_will_start'====== Args={}
2025-11-07 17:00:14,678 : INFO : EventManager : Unordered handler for class <Auditor> on event game_ended with priority 1. Handlers: [RegisteredHandler(callback=<bound method Auditor.disable of <Auditor>>, priority=1, kwargs={}, key=UUID('1829e272-2fc5-4d35-a30f-7ccbecbf1186'), condition=None, blocking_facility=None), RegisteredHandler(callback=<bound method Auditor._save_audits of <Auditor>>, priority=1, kwargs={}, key=UUID('5cf01c6b-f4b4-4605-a93b-da4128eb6896'), condition=None, blocking_facility=None)]. The order of those handlers is not defined and they will be executed in random order. This might lead to race conditions and potential bugs.
2025-11-07 17:00:14,679 : INFO : EventManager : Unordered handler for class <Auditor> on event game_ended with priority 1. Handlers: [RegisteredHandler(callback=<bound method Auditor.disable of <Auditor>>, priority=1, kwargs={}, key=UUID('1829e272-2fc5-4d35-a30f-7ccbecbf1186'), condition=None, blocking_facility=None), RegisteredHandler(callback=<bound method Auditor._save_audits of <Auditor>>, priority=1, kwargs={}, key=UUID('5cf01c6b-f4b4-4605-a93b-da4128eb6896'), condition=None, blocking_facility=None)]. The order of those handlers is not defined and they will be executed in random order. This might lead to race conditions and potential bugs.
2025-11-07 17:00:14,686 : INFO : EventManager : Event: ======'mode_base_starting'====== Args={}
2025-11-07 17:00:14,687 : INFO : Timer.eg_intro_delay : Stopping Timer
2025-11-07 17:00:14,687 : INFO : EventManager : Event: ======'timer_eg_intro_delay_stopped'====== Args={'ticks': 0, 'ticks_remaining': 1}
2025-11-07 17:00:14,688 : INFO : Timer.eg_timer : Stopping Timer
2025-11-07 17:00:14,688 : INFO : EventManager : Event: ======'timer_eg_timer_stopped'====== Args={'ticks': 60, 'ticks_remaining': 60}
2025-11-07 17:00:14,689 : INFO : EventManager : Event: ======'logicblock_eg_pop_counter_updated'====== Args={'value': 0, 'enabled': True}
2025-11-07 17:00:14,690 : INFO : EventManager : Event: ======'logicblock_eg_pop_counter_updated'====== Args={'value': 0, 'enabled': True}
2025-11-07 17:00:14,691 : INFO : Mode.base : Will not start because machine is shutting down.
2025-11-07 17:00:14,691 : INFO : Mode.game : Stopped.
2025-11-07 17:00:14,692 : INFO : EventManager : Event: ======'modes_active_modes_changed'====== Args={}
2025-11-07 17:00:14,692 : INFO : EventManager : Event: ======'mode_game_stopped'====== Args={}
2025-11-07 17:00:14,692 : INFO : EventManager : Event: ======'clear'====== Args={'key': 'game'}
2025-11-07 17:00:14,780 : INFO : EventManager : Event: ======'blink_off'====== Args={'priority': 0}
2025-11-07 17:00:14,797 : ERROR : Machine : Runtime Exception
Traceback (most recent call last):
  File "C:\Users\antho\mpf\Lib\site-packages\mpf\core\show_controller.py", line 130, in replace_or_advance_show
    show_obj = self.machine.shows[config.name]
               ~~~~~~~~~~~~~~~~~~^^^^^^^^^^^^^
KeyError: 'flash@eg_rbl'

During handling of the above exception, another exception occurred:

Traceback (most recent call last):
  File "C:\Users\antho\mpf\Lib\site-packages\mpf\core\events.py", line 755, in _run_handlers
    result = handler.callback(**merged_kwargs)
             ^^^^^^^^^^^^^^^^^^^^^^^^^^^^^^^^^
  File "C:\Users\antho\mpf\Lib\site-packages\mpf\core\config_player.py", line 348, in config_play_callback
    return self.play(settings=settings, context=context, calling_context=calling_context, priority=priority,
           ^^^^^^^^^^^^^^^^^^^^^^^^^^^^^^^^^^^^^^^^^^^^^^^^^^^^^^^^^^^^^^^^^^^^^^^^^^^^^^^^^^^^^^^^^^^^^^^^^
  File "C:\Users\antho\mpf\Lib\site-packages\mpf\config_players\show_player.py", line 60, in play
    self._update_show(show.name, show_settings, context, queue, start_time, show_tokens)
  File "C:\Users\antho\mpf\Lib\site-packages\mpf\config_players\show_player.py", line 225, in _update_show
    action(key, instance_dict, show_name, show_settings, queue, start_time, placeholder_args)
  File "C:\Users\antho\mpf\Lib\site-packages\mpf\config_players\show_player.py", line 117, in _play
    instance_dict[key] = self.machine.show_controller.replace_or_advance_show(previous_show, show_config,
                         ^^^^^^^^^^^^^^^^^^^^^^^^^^^^^^^^^^^^^^^^^^^^^^^^^^^^^^^^^^^^^^^^^^^^^^^^^^^^^^^^
  File "C:\Users\antho\mpf\Lib\site-packages\mpf\core\show_controller.py", line 132, in replace_or_advance_show
    raise KeyError("Cannot play show '{}'. No show with that "
KeyError: "Cannot play show 'flash@eg_rbl'. No show with that name."

The above exception was the direct cause of the following exception:

Traceback (most recent call last):
  File "C:\Users\antho\mpf\Lib\site-packages\mpf\core\machine.py", line 810, in _run_loop
    raise self._exception['exception']
  File "C:\Users\antho\AppData\Local\Programs\Python\Python312\Lib\asyncio\events.py", line 88, in _run
    self._context.run(self._callback, *self._args)
  File "C:\Users\antho\mpf\Lib\site-packages\mpf\core\events.py", line 846, in process_event_queue
    self._process_event(event=event[0],
  File "C:\Users\antho\mpf\Lib\site-packages\mpf\core\events.py", line 808, in _process_event
    result = self._run_handlers(event, ev_type, kwargs)
             ^^^^^^^^^^^^^^^^^^^^^^^^^^^^^^^^^^^^^^^^^^
  File "C:\Users\antho\mpf\Lib\site-packages\mpf\core\events.py", line 757, in _run_handlers
    raise EventHandlerException(
mpf.core.events.EventHandlerException: Exception while processing RegisteredHandler(callback=<bound method ConfigPlayer.config_play_callback of ConfigPlayer.show_player/shows>, priority=220, kwargs={'calling_context': 'eg_phase1_begin', 'mode': <Mode.escape_graveyard>, 'settings': {flash@eg_rbl-None-None: {'action': 'play', 'loops': -1, 'speed': <NativeTemplate 1.0>, 'show_tokens': {'lights': <NativeTemplate l_right_bank_left>}, 'priority': 0, 'show': None, 'block_queue': False, 'start_step': <NativeTemplate 1>, 'start_running': <Template True>, 'sync_ms': None, 'manual_advance': False, 'show_queue': None, 'key': None, 'events_when_played': [], 'events_when_stopped': [], 'events_when_looped': [], 'events_when_paused': [], 'events_when_resumed': [], 'events_when_advanced': [], 'events_when_stepped_back': [], 'events_when_updated': [], 'events_when_completed': []}, flash@eg_rbm-None-None: {'action': 'play', 'loops': -1, 'speed': <NativeTemplate 1.0>, 'show_tokens': {'lights': <NativeTemplate l_right_bank_middle>}, 'priority': 0, 'show': None, 'block_queue': False, 'start_step': <NativeTemplate 1>, 'start_running': <Template True>, 'sync_ms': None, 'manual_advance': False, 'show_queue': None, 'key': None, 'events_when_played': [], 'events_when_stopped': [], 'events_when_looped': [], 'events_when_paused': [], 'events_when_resumed': [], 'events_when_advanced': [], 'events_when_stepped_back': [], 'events_when_updated': [], 'events_when_completed': []}, flash@eg_rbr-None-None: {'action': 'play', 'loops': -1, 'speed': <NativeTemplate 1.0>, 'show_tokens': {'lights': <NativeTemplate l_right_bank_right>}, 'priority': 0, 'show': None, 'block_queue': False, 'start_step': <NativeTemplate 1>, 'start_running': <Template True>, 'sync_ms': None, 'manual_advance': False, 'show_queue': None, 'key': None, 'events_when_played': [], 'events_when_stopped': [], 'events_when_looped': [], 'events_when_paused': [], 'events_when_resumed': [], 'events_when_advanced': [], 'events_when_stepped_back': [], 'events_when_updated': [], 'events_when_completed': []}}}, key=UUID('6f4f8aab-11d3-4c6f-82ca-9d4e4463acc1'), condition=None, blocking_facility=None) for event eg_phase1_begin. "Cannot play show 'flash@eg_rbl'. No show with that name."
2025-11-07 17:00:14,804 : INFO : root : MPF run loop ended.
