2025-10-25 17:49:54,302 : INFO : root : Loading config.
2025-10-25 17:49:54,308 : INFO : YamlMultifileConfigLoader : Machine config file #1: config.yaml
2025-10-25 17:49:54,309 : INFO : ConfigProcessor : Loading config from cache: C:\Users\antho\AppData\Local\Temp\fdca14d0c9d658ab8200d57120800af5.mpf_cache
2025-10-25 17:49:54,450 : INFO : ConfigProcessor : Loading config from cache: C:\Users\antho\AppData\Local\Temp\5dec96b1547c4adf5bdd3d1715e74bc0.mpf_cache
2025-10-25 17:49:54,451 : INFO : ConfigProcessor : Loading config from cache: C:\Users\antho\AppData\Local\Temp\202a5840610e95051f9f473dfa660cc0.mpf_cache
2025-10-25 17:49:54,452 : INFO : ConfigProcessor : Loading config from cache: C:\Users\antho\AppData\Local\Temp\5dec96b1547c4adf5bdd3d1715e74bc0.mpf_cache
2025-10-25 17:49:54,452 : INFO : ConfigProcessor : Loading config from cache: C:\Users\antho\AppData\Local\Temp\2cd13a2d3f375e00ab01d6d09a85d8e7.mpf_cache
2025-10-25 17:49:54,453 : INFO : ConfigProcessor : Loading config from cache: C:\Users\antho\AppData\Local\Temp\9220b44b97b91972524500b81035d790.mpf_cache
2025-10-25 17:49:54,454 : INFO : ConfigProcessor : Loading config from cache: C:\Users\antho\AppData\Local\Temp\31ee881584fa6fce665a672a4f3f633a.mpf_cache
2025-10-25 17:49:54,454 : INFO : ConfigProcessor : Loading config from cache: C:\Users\antho\AppData\Local\Temp\5e841763ec73085bbf92358fe6afda21.mpf_cache
2025-10-25 17:49:54,455 : INFO : ConfigProcessor : Loading config from cache: C:\Users\antho\AppData\Local\Temp\b17152efa55a24f0424602723f8d3921.mpf_cache
2025-10-25 17:49:54,456 : INFO : ConfigProcessor : Loading config from cache: C:\Users\antho\AppData\Local\Temp\e87fc0e7d2f8a851b5fa3f604e0d0c6e.mpf_cache
2025-10-25 17:49:54,457 : INFO : ConfigProcessor : Loading config from cache: C:\Users\antho\AppData\Local\Temp\196ac76b6cab3a9880804c826cfbcb5c.mpf_cache
2025-10-25 17:49:54,457 : INFO : ConfigProcessor : Loading config from cache: C:\Users\antho\AppData\Local\Temp\834292dd7853e12a66732dc89828c828.mpf_cache
2025-10-25 17:49:54,458 : INFO : ConfigProcessor : Loading config from cache: C:\Users\antho\AppData\Local\Temp\ae2be9c5579852c305357e207df97e8b.mpf_cache
2025-10-25 17:49:54,458 : INFO : ConfigProcessor : Loading config from cache: C:\Users\antho\AppData\Local\Temp\46f8fa3e41dfeeb8232af2f03a13b6c4.mpf_cache
2025-10-25 17:49:54,459 : INFO : ConfigProcessor : Loading config from cache: C:\Users\antho\AppData\Local\Temp\c67e9c175da6c060302945929b27b878.mpf_cache
2025-10-25 17:49:54,459 : INFO : ConfigProcessor : Loading config from cache: C:\Users\antho\AppData\Local\Temp\1c965aadbb61a7e709e8884fad17ac0b.mpf_cache
2025-10-25 17:49:54,460 : INFO : ConfigProcessor : Loading config from cache: C:\Users\antho\AppData\Local\Temp\60ca9d662df3e70e96f6d7ec0f4491aa.mpf_cache
2025-10-25 17:49:54,460 : INFO : Machine : Mission Pinball Framework Core Engine v0.80.0.dev11
2025-10-25 17:49:54,460 : INFO : Machine : Command line arguments: {'no_load_cache': False, 'create_config_cache': True, 'bcp': True, 'configfile': ['config.yaml'], 'force_assets_load': False, 'platform_integration_test': False, 'jsonlogging': False, 'logfile': 'logs\\2025-10-25-17-49-54-mpf-LAPTOP-MPGP6R69.log', 'pause': False, 'production': False, 'text_ui': True, 'loglevel': 15, 'consoleloglevel': 20, 'force_platform': None, 'syslog_address': None, 'full_logfile_path': 'C:\\Users\\antho\\nightpin\\logs\\2025-10-25-17-49-54-mpf-LAPTOP-MPGP6R69.log'}
2025-10-25 17:49:54,460 : INFO : Machine : MPF path: C:\Users\antho\mpf\Lib\site-packages\mpf
2025-10-25 17:49:54,461 : INFO : Machine : Machine path: C:\Users\antho\nightpin
2025-10-25 17:49:54,461 : INFO : Machine : Platform: win32
2025-10-25 17:49:54,461 : INFO : Machine : Python executable location: C:\Users\antho\mpf\Scripts\python.exe
2025-10-25 17:49:54,461 : INFO : Machine : Python version: 3.12.7 (64-bit)
2025-10-25 17:49:54,463 : INFO : Machine : Initializing MPF...
2025-10-25 17:49:54,738 : INFO : lisy : Connecting to com3 at 115200bps
2025-10-25 17:49:54,739 : WARNING : lisy : Could not import terminos (this is ok on windows).
2025-10-25 17:49:54,903 : INFO : EventManager : Event: ======'machine_var_lisy_hardware'====== Args={'value': 'LISY35', 'prev_value': None, 'change': True}
2025-10-25 17:49:54,903 : INFO : EventManager : Event: ======'machine_var_lisy_version'====== Args={'value': '5.26 ', 'prev_value': None, 'change': True}
2025-10-25 17:49:54,903 : INFO : EventManager : Event: ======'machine_var_lisy_api_version'====== Args={'value': b'0.09', 'prev_value': None, 'change': True}
2025-10-25 17:49:56,229 : INFO : EventManager : Event: ======'machine_var_credits_string'====== Args={'value': 'FREE PLAY', 'prev_value': None, 'change': True}
2025-10-25 17:49:56,263 : INFO : EventManager : Event: ======'machine_var_master_volume'====== Args={'value': 0.5, 'prev_value': None, 'change': True}
2025-10-25 17:49:56,264 : INFO : EventManager : Event: ======'machine_var_player1_score'====== Args={'value': 3410, 'prev_value': None, 'change': True}
2025-10-25 17:49:56,264 : INFO : EventManager : Event: ======'machine_var_credits'====== Args={'value': 0, 'prev_value': None, 'change': True}
2025-10-25 17:49:56,264 : INFO : EventManager : Event: ======'machine_var_mpf_version'====== Args={'value': 'Mission Pinball Framework v0.80.0.dev11', 'prev_value': None, 'change': True}
2025-10-25 17:49:56,264 : INFO : EventManager : Event: ======'machine_var_mpf_extended_version'====== Args={'value': 'Mission Pinball Framework v0.80.0.dev11, Config version:6, Show version: 6, BCP version:1.1', 'prev_value': None, 'change': True}
2025-10-25 17:49:56,264 : INFO : EventManager : Event: ======'machine_var_python_version'====== Args={'value': '3.12.7', 'prev_value': None, 'change': True}
2025-10-25 17:49:56,361 : INFO : EventManager : Event: ======'machine_var_platform'====== Args={'value': 'Windows-11-10.0.26100-SP0', 'prev_value': None, 'change': True}
2025-10-25 17:49:56,361 : INFO : EventManager : Event: ======'machine_var_platform_system'====== Args={'value': 'Windows', 'prev_value': None, 'change': True}
2025-10-25 17:49:56,361 : INFO : EventManager : Event: ======'machine_var_platform_release'====== Args={'value': '11', 'prev_value': None, 'change': True}
2025-10-25 17:49:56,361 : INFO : EventManager : Event: ======'machine_var_platform_version'====== Args={'value': '10.0.26100', 'prev_value': None, 'change': True}
2025-10-25 17:49:56,361 : INFO : EventManager : Event: ======'machine_var_platform_machine'====== Args={'value': 'AMD64', 'prev_value': None, 'change': True}
2025-10-25 17:49:56,361 : INFO : EventManager : Event: ======'machine_var_log_file_path'====== Args={'value': 'C:\\Users\\antho\\nightpin\\logs\\2025-10-25-17-49-54-mpf-LAPTOP-MPGP6R69.log', 'prev_value': None, 'change': True}
2025-10-25 17:49:56,362 : INFO : EventManager : Event: ======'init_phase_1'====== Args={}
2025-10-25 17:49:56,400 : INFO : EventManager : Event: ======'drop_target_bank_right_bank_up'====== Args={}
2025-10-25 17:49:56,400 : INFO : EventManager : Event: ======'drop_target_bank_left_bank_up'====== Args={}
2025-10-25 17:49:56,476 : INFO : EventManager : Event: ======'init_phase_2'====== Args={}
2025-10-25 17:49:56,477 : INFO : SwitchController : Found active switch: ('8', <mpf.platforms.lisy.lisy.LisyHardwarePlatform object at 0x000002A6060F96D0>) <switch.s_trough>
2025-10-25 17:49:56,485 : INFO : EventManager : Event: ======'bcp_connection_attempt'====== Args={'name': 'local_display', 'host': 'localhost', 'port': 5050}
2025-10-25 17:49:56,486 : INFO : BCPClientSocket : Connecting BCP to 'local_display' at localhost:5050...
2025-10-25 17:49:56,506 : INFO : BCPClientSocket : Connected BCP to 'local_display' localhost:5050
2025-10-25 17:49:56,506 : INFO : EventManager : Event: ======'bcp_clients_connected'====== Args={}
2025-10-25 17:49:56,614 : INFO : ball_device.bd_trough : BCH: Initial count: 1
2025-10-25 17:49:56,645 : INFO : ball_device.bd_trough : State: idle
2025-10-25 17:49:56,645 : INFO : ball_device.bd_saucer : BCH: Initial count: 0
2025-10-25 17:49:56,646 : INFO : ball_device.bd_saucer : State: idle
2025-10-25 17:49:56,657 : INFO : EventManager : Event: ======'init_phase_3'====== Args={}
2025-10-25 17:49:56,663 : INFO : EventManager : Event: ======'init_phase_4'====== Args={}
2025-10-25 17:49:56,664 : INFO : BallController : Initial balls found: 1
2025-10-25 17:49:56,665 : INFO : EventManager : Event: ======'machine_var_audits_events_game_ended'====== Args={'value': 4, 'prev_value': None, 'change': True}
2025-10-25 17:49:56,665 : INFO : EventManager : Event: ======'machine_var_audits_events_game_started'====== Args={'value': 20, 'prev_value': None, 'change': True}
2025-10-25 17:49:56,665 : INFO : EventManager : Event: ======'machine_var_audits_missing_switches_s_coin_right'====== Args={'value': 19, 'prev_value': None, 'change': True}
2025-10-25 17:49:56,665 : INFO : EventManager : Event: ======'machine_var_audits_missing_switches_s_credit_button'====== Args={'value': 3, 'prev_value': None, 'change': True}
2025-10-25 17:49:56,665 : INFO : EventManager : Event: ======'machine_var_audits_missing_switches_s_inlanes'====== Args={'value': 2, 'prev_value': None, 'change': True}
2025-10-25 17:49:56,665 : INFO : EventManager : Event: ======'machine_var_audits_missing_switches_s_left_bank_target_left'====== Args={'value': 1, 'prev_value': None, 'change': True}
2025-10-25 17:49:56,665 : INFO : EventManager : Event: ======'machine_var_audits_missing_switches_s_left_bank_target_middle'====== Args={'value': 2, 'prev_value': None, 'change': True}
2025-10-25 17:49:56,666 : INFO : EventManager : Event: ======'machine_var_audits_missing_switches_s_left_bank_target_right'====== Args={'value': 2, 'prev_value': None, 'change': True}
2025-10-25 17:49:56,666 : INFO : EventManager : Event: ======'machine_var_audits_missing_switches_s_left_lower_bumper'====== Args={'value': 2, 'prev_value': None, 'change': True}
2025-10-25 17:49:56,666 : INFO : EventManager : Event: ======'machine_var_audits_missing_switches_s_left_outlane_rollover'====== Args={'value': 2, 'prev_value': None, 'change': True}
2025-10-25 17:49:56,666 : INFO : EventManager : Event: ======'machine_var_audits_missing_switches_s_left_pop_bumper'====== Args={'value': 1, 'prev_value': None, 'change': True}
2025-10-25 17:49:56,666 : INFO : EventManager : Event: ======'machine_var_audits_missing_switches_s_left_sling'====== Args={'value': 1, 'prev_value': None, 'change': True}
2025-10-25 17:49:56,666 : INFO : EventManager : Event: ======'machine_var_audits_missing_switches_s_left_upper_bumper'====== Args={'value': 1, 'prev_value': None, 'change': True}
2025-10-25 17:49:56,666 : INFO : EventManager : Event: ======'machine_var_audits_missing_switches_s_middle_pop_bumper'====== Args={'value': 1, 'prev_value': None, 'change': True}
2025-10-25 17:49:56,667 : INFO : EventManager : Event: ======'machine_var_audits_missing_switches_s_middle_skill_lane'====== Args={'value': 1, 'prev_value': None, 'change': True}
2025-10-25 17:49:56,667 : INFO : EventManager : Event: ======'machine_var_audits_missing_switches_s_middle_upper_rollovers'====== Args={'value': 1, 'prev_value': None, 'change': True}
2025-10-25 17:49:56,667 : INFO : EventManager : Event: ======'machine_var_audits_missing_switches_s_outer_skill_lanes'====== Args={'value': 1, 'prev_value': None, 'change': True}
2025-10-25 17:49:56,667 : INFO : EventManager : Event: ======'machine_var_audits_missing_switches_s_right_bank_target_left'====== Args={'value': 1, 'prev_value': None, 'change': True}
2025-10-25 17:49:56,667 : INFO : EventManager : Event: ======'machine_var_audits_missing_switches_s_right_bank_target_middle'====== Args={'value': 1, 'prev_value': None, 'change': True}
2025-10-25 17:49:56,667 : INFO : EventManager : Event: ======'machine_var_audits_missing_switches_s_right_bank_target_right'====== Args={'value': 1, 'prev_value': None, 'change': True}
2025-10-25 17:49:56,667 : INFO : EventManager : Event: ======'machine_var_audits_missing_switches_s_right_outlane_rollover'====== Args={'value': 2, 'prev_value': None, 'change': True}
2025-10-25 17:49:56,667 : INFO : EventManager : Event: ======'machine_var_audits_missing_switches_s_right_pop_bumper'====== Args={'value': 1, 'prev_value': None, 'change': True}
2025-10-25 17:49:56,667 : INFO : EventManager : Event: ======'machine_var_audits_missing_switches_s_right_sling'====== Args={'value': 1, 'prev_value': None, 'change': True}
2025-10-25 17:49:56,667 : INFO : EventManager : Event: ======'machine_var_audits_missing_switches_s_saucer'====== Args={'value': 1, 'prev_value': None, 'change': True}
2025-10-25 17:49:56,667 : INFO : EventManager : Event: ======'machine_var_audits_missing_switches_s_slam_tilt'====== Args={'value': 3, 'prev_value': None, 'change': True}
2025-10-25 17:49:56,667 : INFO : EventManager : Event: ======'machine_var_audits_missing_switches_s_spinner'====== Args={'value': 1, 'prev_value': None, 'change': True}
2025-10-25 17:49:56,667 : INFO : EventManager : Event: ======'machine_var_audits_missing_switches_s_stand_up'====== Args={'value': 6, 'prev_value': None, 'change': True}
2025-10-25 17:49:56,667 : INFO : EventManager : Event: ======'machine_var_audits_missing_switches_s_start_button'====== Args={'value': 1, 'prev_value': None, 'change': True}
2025-10-25 17:49:56,667 : INFO : EventManager : Event: ======'machine_var_audits_missing_switches_s_tilt'====== Args={'value': 20, 'prev_value': None, 'change': True}
2025-10-25 17:49:56,667 : INFO : EventManager : Event: ======'machine_var_audits_missing_switches_s_trough'====== Args={'value': 1, 'prev_value': None, 'change': True}
2025-10-25 17:49:56,667 : INFO : EventManager : Event: ======'machine_var_audits_player_score'====== Args={'value': {'average': 4252, 'top': [5070, 4300, 4230, 3410], 'total': 4}, 'prev_value': None, 'change': True}
2025-10-25 17:49:56,668 : INFO : EventManager : Event: ======'machine_var_audits_switches_s_coin_right'====== Args={'value': 1, 'prev_value': None, 'change': True}
2025-10-25 17:49:56,668 : INFO : EventManager : Event: ======'machine_var_audits_switches_s_credit_button'====== Args={'value': 3, 'prev_value': None, 'change': True}
2025-10-25 17:49:56,668 : INFO : EventManager : Event: ======'machine_var_audits_switches_s_inlanes'====== Args={'value': 20, 'prev_value': None, 'change': True}
2025-10-25 17:49:56,668 : INFO : EventManager : Event: ======'machine_var_audits_switches_s_left_bank_target_left'====== Args={'value': 29, 'prev_value': None, 'change': True}
2025-10-25 17:49:56,668 : INFO : EventManager : Event: ======'machine_var_audits_switches_s_left_bank_target_middle'====== Args={'value': 20, 'prev_value': None, 'change': True}
2025-10-25 17:49:56,668 : INFO : EventManager : Event: ======'machine_var_audits_switches_s_left_bank_target_right'====== Args={'value': 23, 'prev_value': None, 'change': True}
2025-10-25 17:49:56,668 : INFO : EventManager : Event: ======'machine_var_audits_switches_s_left_lower_bumper'====== Args={'value': 22, 'prev_value': None, 'change': True}
2025-10-25 17:49:56,668 : INFO : EventManager : Event: ======'machine_var_audits_switches_s_left_outlane_rollover'====== Args={'value': 17, 'prev_value': None, 'change': True}
2025-10-25 17:49:56,668 : INFO : EventManager : Event: ======'machine_var_audits_switches_s_left_pop_bumper'====== Args={'value': 77, 'prev_value': None, 'change': True}
2025-10-25 17:49:56,668 : INFO : EventManager : Event: ======'machine_var_audits_switches_s_left_sling'====== Args={'value': 68, 'prev_value': None, 'change': True}
2025-10-25 17:49:56,669 : INFO : EventManager : Event: ======'machine_var_audits_switches_s_left_upper_bumper'====== Args={'value': 23, 'prev_value': None, 'change': True}
2025-10-25 17:49:56,669 : INFO : EventManager : Event: ======'machine_var_audits_switches_s_middle_pop_bumper'====== Args={'value': 73, 'prev_value': None, 'change': True}
2025-10-25 17:49:56,669 : INFO : EventManager : Event: ======'machine_var_audits_switches_s_middle_skill_lane'====== Args={'value': 21, 'prev_value': None, 'change': True}
2025-10-25 17:49:56,669 : INFO : EventManager : Event: ======'machine_var_audits_switches_s_middle_upper_rollovers'====== Args={'value': 41, 'prev_value': None, 'change': True}
2025-10-25 17:49:56,669 : INFO : EventManager : Event: ======'machine_var_audits_switches_s_outer_skill_lanes'====== Args={'value': 38, 'prev_value': None, 'change': True}
2025-10-25 17:49:56,669 : INFO : EventManager : Event: ======'machine_var_audits_switches_s_pop_bumper_bottom'====== Args={'value': 6, 'prev_value': None, 'change': True}
2025-10-25 17:49:56,669 : INFO : EventManager : Event: ======'machine_var_audits_switches_s_pop_bumper_left'====== Args={'value': 2, 'prev_value': None, 'change': True}
2025-10-25 17:49:56,669 : INFO : EventManager : Event: ======'machine_var_audits_switches_s_pop_bumper_right'====== Args={'value': 1, 'prev_value': None, 'change': True}
2025-10-25 17:49:56,669 : INFO : EventManager : Event: ======'machine_var_audits_switches_s_right_bank_target_left'====== Args={'value': 27, 'prev_value': None, 'change': True}
2025-10-25 17:49:56,669 : INFO : EventManager : Event: ======'machine_var_audits_switches_s_right_bank_target_middle'====== Args={'value': 23, 'prev_value': None, 'change': True}
2025-10-25 17:49:56,669 : INFO : EventManager : Event: ======'machine_var_audits_switches_s_right_bank_target_right'====== Args={'value': 19, 'prev_value': None, 'change': True}
2025-10-25 17:49:56,669 : INFO : EventManager : Event: ======'machine_var_audits_switches_s_right_outlane_rollover'====== Args={'value': 3, 'prev_value': None, 'change': True}
2025-10-25 17:49:56,669 : INFO : EventManager : Event: ======'machine_var_audits_switches_s_right_pop_bumper'====== Args={'value': 100, 'prev_value': None, 'change': True}
2025-10-25 17:49:56,670 : INFO : EventManager : Event: ======'machine_var_audits_switches_s_right_sling'====== Args={'value': 53, 'prev_value': None, 'change': True}
2025-10-25 17:49:56,670 : INFO : EventManager : Event: ======'machine_var_audits_switches_s_saucer'====== Args={'value': 29, 'prev_value': None, 'change': True}
2025-10-25 17:49:56,670 : INFO : EventManager : Event: ======'machine_var_audits_switches_s_slam_tilt'====== Args={'value': 2, 'prev_value': None, 'change': True}
2025-10-25 17:49:56,670 : INFO : EventManager : Event: ======'machine_var_audits_switches_s_spinner'====== Args={'value': 270, 'prev_value': None, 'change': True}
2025-10-25 17:49:56,670 : INFO : EventManager : Event: ======'machine_var_audits_switches_s_stand_up'====== Args={'value': 6, 'prev_value': None, 'change': True}
2025-10-25 17:49:56,670 : INFO : EventManager : Event: ======'machine_var_audits_switches_s_start_button'====== Args={'value': 5, 'prev_value': None, 'change': True}
2025-10-25 17:49:56,670 : INFO : EventManager : Event: ======'machine_var_audits_switches_s_tilt'====== Args={'value': 0, 'prev_value': None, 'change': True}
2025-10-25 17:49:56,670 : INFO : EventManager : Event: ======'machine_var_audits_switches_s_trough'====== Args={'value': 97, 'prev_value': None, 'change': True}
2025-10-25 17:49:56,671 : INFO : EventManager : Event: ======'init_phase_5'====== Args={}
2025-10-25 17:49:56,682 : INFO : EventManager : Event: ======'init_done'====== Args={}
2025-10-25 17:49:56,682 : INFO : EventManager : Event: ======'machine_reset_phase_1'====== Args={}
2025-10-25 17:49:56,683 : INFO : SwitchController : <<<<<<< 's_middle_upper_rollovers' active >>>>>>>
2025-10-25 17:49:56,693 : INFO : SwitchController : <<<<<<< 's_middle_upper_rollovers' inactive >>>>>>>
2025-10-25 17:49:56,699 : INFO : EventManager : Event: ======'machine_reset_phase_2'====== Args={}
2025-10-25 17:49:56,699 : INFO : SwitchController : <<<<<<< 's_middle_upper_rollovers' active >>>>>>>
2025-10-25 17:49:56,700 : INFO : EventManager : Event: ======'machine_reset_phase_3'====== Args={}
2025-10-25 17:49:56,705 : INFO : EventManager : Event: ======'mode_attract_will_start'====== Args={'queue': <QueuedEvent>}
2025-10-25 17:49:56,706 : INFO : EventManager : Event: ======'mode_attract_starting'====== Args={'queue': <QueuedEvent>}
2025-10-25 17:49:56,707 : INFO : Mode.attract : Started. Priority: 10
2025-10-25 17:49:56,707 : INFO : EventManager : Event: ======'modes_active_modes_changed'====== Args={}
2025-10-25 17:49:56,707 : INFO : EventManager : Event: ======'mode_attract_started'====== Args={'queue': <QueuedEvent>}
2025-10-25 17:49:56,707 : INFO : EventManager : Event: ======'godot_attract_on'====== Args={'priority': 0}
2025-10-25 17:49:56,708 : INFO : EventManager : Event: ======'collecting_balls_complete'====== Args={}
2025-10-25 17:49:56,708 : INFO : EventManager : Event: ======'reset_complete'====== Args={}
2025-10-25 17:49:56,708 : INFO : SwitchController : <<<<<<< 's_middle_upper_rollovers' inactive >>>>>>>
2025-10-25 17:49:56,722 : INFO : Machine : Starting the main run loop with active modes: [<Mode.attract>]
2025-10-25 17:49:56,739 : INFO : EventManager : Event: ======'slide_attract_created'====== Args={'_from_bcp': True}
2025-10-25 17:49:56,739 : INFO : EventManager : Event: ======'slide__removed'====== Args={'_from_bcp': True}
2025-10-25 17:49:56,740 : INFO : EventManager : Event: ======'slide_attract_active'====== Args={'original_context': 'attract', 'original_calling_context': 'mode_attract_started', 'priority': 10.0, 'queue': '<QueuedEvent>', 'cmd': 'slides_play', '_from_bcp': True}
2025-10-25 17:49:58,681 : INFO : EventManager : Event: ======'attract_wave_complete'====== Args={'priority': 0}
2025-10-25 17:49:59,072 : INFO : EventManager : Event: ======'attract_pulse_complete'====== Args={'priority': 0}
2025-10-25 17:49:59,488 : INFO : EventManager : Event: ======'attract_pulse_complete'====== Args={'priority': 0}
2025-10-25 17:50:01,483 : INFO : EventManager : Event: ======'attract_wave_complete'====== Args={'priority': 0}
2025-10-25 17:50:01,873 : INFO : EventManager : Event: ======'attract_pulse_complete'====== Args={'priority': 0}
2025-10-25 17:50:02,277 : INFO : EventManager : Event: ======'attract_pulse_complete'====== Args={'priority': 0}
2025-10-25 17:50:02,416 : INFO : SwitchController : <<<<<<< 's_start_button' active >>>>>>>
2025-10-25 17:50:02,556 : INFO : SwitchController : <<<<<<< 's_start_button' inactive >>>>>>>
2025-10-25 17:50:02,556 : INFO : EventManager : Event: ======'request_to_start_game'====== Args={}
2025-10-25 17:50:02,563 : INFO : EventManager : Event: ======'game_start'====== Args={'buttons': [], 'hold_time': 0.14099999994505197}
2025-10-25 17:50:02,563 : INFO : EventManager : Event: ======'mode_game_will_start'====== Args={'buttons': [], 'hold_time': 0.14099999994505197}
2025-10-25 17:50:02,563 : INFO : EventManager : Event: ======'mode_game_starting'====== Args={'buttons': [], 'hold_time': 0.14099999994505197}
2025-10-25 17:50:02,563 : INFO : Mode.game : Started. Priority: 20
2025-10-25 17:50:02,563 : INFO : EventManager : Event: ======'modes_active_modes_changed'====== Args={}
2025-10-25 17:50:02,564 : INFO : EventManager : Event: ======'mode_game_started'====== Args={'buttons': [], 'hold_time': 0.14099999994505197}
2025-10-25 17:50:02,564 : INFO : EventManager : Event: ======'game_will_start'====== Args={}
2025-10-25 17:50:02,577 : INFO : EventManager : Event: ======'game_starting'====== Args={'game': <Mode.game>}
2025-10-25 17:50:02,578 : INFO : EventManager : Event: ======'mode_attract_will_stop'====== Args={}
2025-10-25 17:50:02,578 : INFO : EventManager : Event: ======'mode_attract_stopping'====== Args={}
2025-10-25 17:50:02,579 : INFO : EventManager : Unordered handler for class <Auditor> on event game_ended with priority 1. Handlers: [RegisteredHandler(callback=<bound method Auditor.disable of <Auditor>>, priority=1, kwargs={}, key=UUID('e07cc6c2-8ac7-447a-a3c3-a9a383ed7326'), condition=None, blocking_facility=None), RegisteredHandler(callback=<bound method Auditor._save_audits of <Auditor>>, priority=1, kwargs={}, key=UUID('857f292c-b8c6-4f19-94fc-d0f4b3d17512'), condition=None, blocking_facility=None)]. The order of those handlers is not defined and they will be executed in random order. This might lead to race conditions and potential bugs.
2025-10-25 17:50:02,579 : INFO : EventManager : Event: ======'godot_attract_off'====== Args={'priority': 0}
2025-10-25 17:50:02,580 : INFO : Mode.attract : Stopped.
2025-10-25 17:50:02,580 : INFO : EventManager : Event: ======'modes_active_modes_changed'====== Args={}
2025-10-25 17:50:02,580 : INFO : EventManager : Event: ======'mode_attract_stopped'====== Args={}
2025-10-25 17:50:02,580 : INFO : EventManager : Event: ======'clear'====== Args={'key': 'attract'}
2025-10-25 17:50:02,580 : INFO : EventManager : Event: ======'player_add_request'====== Args={}
2025-10-25 17:50:02,581 : INFO : EventManager : Event: ======'player_will_add'====== Args={'number': 1}
2025-10-25 17:50:02,581 : INFO : EventManager : Event: ======'player_adding'====== Args={'player': <Player 1>, 'number': 1}
2025-10-25 17:50:02,581 : INFO : EventManager : Event: ======'player_added'====== Args={'player': <Player 1>, 'num': 1}
2025-10-25 17:50:02,581 : INFO : Mode.game : Player added successfully. Total players: 1
2025-10-25 17:50:02,581 : INFO : EventManager : Event: ======'player_index'====== Args={'value': 0, 'prev_value': 0, 'change': 0, 'player_num': 1}
2025-10-25 17:50:02,581 : INFO : EventManager : Event: ======'player_number'====== Args={'value': 1, 'prev_value': 1, 'change': 0, 'player_num': 1}
2025-10-25 17:50:02,581 : INFO : EventManager : Event: ======'player_score'====== Args={'value': 0, 'prev_value': 0, 'change': 0, 'player_num': 1}
2025-10-25 17:50:02,598 : INFO : EventManager : Event: ======'game_started'====== Args={}
2025-10-25 17:50:02,599 : INFO : EventManager : Event: ======'player_turn_will_start'====== Args={'player': <Player 1>, 'number': 1}
2025-10-25 17:50:02,600 : INFO : EventManager : Event: ======'player_turn_starting'====== Args={'player': <Player 1>, 'number': 1}
2025-10-25 17:50:02,603 : INFO : EventManager : Event: ======'player_ball'====== Args={'value': 1, 'prev_value': 0, 'change': 1, 'player_num': 1}
2025-10-25 17:50:02,603 : INFO : EventManager : Event: ======'player_turn_started'====== Args={'player': <Player 1>, 'number': 1}
2025-10-25 17:50:02,604 : INFO : EventManager : Event: ======'ball_will_start'====== Args={'player': 1, 'ball': 1, 'balls_remaining': 2, 'is_extra_ball': False}
2025-10-25 17:50:02,609 : INFO : EventManager : Event: ======'ball_starting'====== Args={'player': 1, 'ball': 1, 'balls_remaining': 2, 'is_extra_ball': False}
2025-10-25 17:50:02,609 : INFO : drop_target_bank.right_bank : All targets are already up. Will not reset bank.
2025-10-25 17:50:02,609 : INFO : drop_target_bank.left_bank : All targets are already up. Will not reset bank.
2025-10-25 17:50:02,610 : INFO : EventManager : Event: ======'balls_in_play'====== Args={'balls': 1}
2025-10-25 17:50:02,610 : INFO : EventManager : Event: ======'ball_started'====== Args={'player': 1, 'ball': 1, 'balls_remaining': 2, 'is_extra_ball': False}
2025-10-25 17:50:02,610 : INFO : EventManager : Event: ======'mode_base_will_start'====== Args={'player': 1, 'ball': 1, 'balls_remaining': 2, 'is_extra_ball': False}
2025-10-25 17:50:02,610 : INFO : EventManager : Unordered handler for class <Auditor> on event game_ended with priority 1. Handlers: [RegisteredHandler(callback=<bound method Auditor.disable of <Auditor>>, priority=1, kwargs={}, key=UUID('e07cc6c2-8ac7-447a-a3c3-a9a383ed7326'), condition=None, blocking_facility=None), RegisteredHandler(callback=<bound method Auditor._save_audits of <Auditor>>, priority=1, kwargs={}, key=UUID('857f292c-b8c6-4f19-94fc-d0f4b3d17512'), condition=None, blocking_facility=None)]. The order of those handlers is not defined and they will be executed in random order. This might lead to race conditions and potential bugs.
2025-10-25 17:50:02,613 : INFO : EventManager : Event: ======'mode_base_starting'====== Args={'player': 1, 'ball': 1, 'balls_remaining': 2, 'is_extra_ball': False}
2025-10-25 17:50:02,613 : INFO : EventManager : Event: ======'info_flip_back_now'====== Args={'priority': 0, 'delay': '2s'}
2025-10-25 17:50:02,614 : ERROR : asyncio : Exception in callback EventManager.process_event_queue()
handle: <Handle EventManager.process_event_queue()>
Traceback (most recent call last):
  File "C:\Users\antho\mpf\Lib\site-packages\mpf\core\placeholder_manager.py", line 847, in evaluate_and_subscribe_template
    value, subscriptions = self._eval(template, parameters, True)
                           ^^^^^^^^^^^^^^^^^^^^^^^^^^^^^^^^^^^^^^
  File "C:\Users\antho\mpf\Lib\site-packages\mpf\core\placeholder_manager.py", line 778, in _eval
    return self._eval_methods[type(node)](node, variables, subscribe)
           ^^^^^^^^^^^^^^^^^^^^^^^^^^^^^^^^^^^^^^^^^^^^^^^^^^^^^^^^^^
  File "C:\Users\antho\mpf\Lib\site-packages\mpf\core\placeholder_manager.py", line 771, in _eval_name
    raise ValueError("Missing variable {}".format(node.id))
ValueError: Missing variable credits

The above exception was the direct cause of the following exception:

Traceback (most recent call last):
  File "C:\Users\antho\mpf\Lib\site-packages\mpf\core\events.py", line 755, in _run_handlers
    result = handler.callback(**merged_kwargs)
             ^^^^^^^^^^^^^^^^^^^^^^^^^^^^^^^^^
  File "C:\Users\antho\mpf\Lib\site-packages\mpf\core\config_player.py", line 348, in config_play_callback
    return self.play(settings=settings, context=context, calling_context=calling_context, priority=priority,
           ^^^^^^^^^^^^^^^^^^^^^^^^^^^^^^^^^^^^^^^^^^^^^^^^^^^^^^^^^^^^^^^^^^^^^^^^^^^^^^^^^^^^^^^^^^^^^^^^^
  File "C:\Users\antho\mpf\Lib\site-packages\mpf\config_players\segment_display_player.py", line 53, in play
    display.add_text_entry(text=s['text'],
  File "C:\Users\antho\mpf\Lib\site-packages\mpf\devices\segment_display\segment_display.py", line 151, in add_text_entry
    self._update_stack()
  File "C:\Users\antho\mpf\Lib\site-packages\mpf\devices\segment_display\segment_display.py", line 288, in _update_stack
    new_text, future = self._current_placeholder.evaluate_and_subscribe({})
                       ^^^^^^^^^^^^^^^^^^^^^^^^^^^^^^^^^^^^^^^^^^^^^^^^^^^^
  File "C:\Users\antho\mpf\Lib\site-packages\mpf\core\placeholder_manager.py", line 278, in evaluate_and_subscribe
    value = f.format(self.text)
            ^^^^^^^^^^^^^^^^^^^
  File "C:\Users\antho\AppData\Local\Programs\Python\Python312\Lib\string.py", line 190, in format
    return self.vformat(format_string, args, kwargs)
           ^^^^^^^^^^^^^^^^^^^^^^^^^^^^^^^^^^^^^^^^^
  File "C:\Users\antho\AppData\Local\Programs\Python\Python312\Lib\string.py", line 194, in vformat
    result, _ = self._vformat(format_string, args, kwargs, used_args, 2)
                ^^^^^^^^^^^^^^^^^^^^^^^^^^^^^^^^^^^^^^^^^^^^^^^^^^^^^^^^
  File "C:\Users\antho\AppData\Local\Programs\Python\Python312\Lib\string.py", line 234, in _vformat
    obj, arg_used = self.get_field(field_name, args, kwargs)
                    ^^^^^^^^^^^^^^^^^^^^^^^^^^^^^^^^^^^^^^^^
  File "C:\Users\antho\mpf\Lib\site-packages\mpf\core\placeholder_manager.py", line 241, in get_field
    obj = self.get_value(field_name, args, kwargs)
          ^^^^^^^^^^^^^^^^^^^^^^^^^^^^^^^^^^^^^^^^
  File "C:\Users\antho\mpf\Lib\site-packages\mpf\core\placeholder_manager.py", line 232, in get_value
    value, future = placeholder.evaluate_and_subscribe(self.parameters)
                    ^^^^^^^^^^^^^^^^^^^^^^^^^^^^^^^^^^^^^^^^^^^^^^^^^^^
  File "C:\Users\antho\mpf\Lib\site-packages\mpf\core\placeholder_manager.py", line 108, in evaluate_and_subscribe
    result, subscriptions = self.placeholder_manager.evaluate_and_subscribe_template(self.template, parameters,
                            ^^^^^^^^^^^^^^^^^^^^^^^^^^^^^^^^^^^^^^^^^^^^^^^^^^^^^^^^^^^^^^^^^^^^^^^^^^^^^^^^^^^
  File "C:\Users\antho\mpf\Lib\site-packages\mpf\core\placeholder_manager.py", line 854, in evaluate_and_subscribe_template
    raise AssertionError("Failed to evaluate and subscribe template {} with parameters {}. "
AssertionError: Failed to evaluate and subscribe template credits with parameters {}. See error above.

The above exception was the direct cause of the following exception:

Traceback (most recent call last):
  File "C:\Users\antho\AppData\Local\Programs\Python\Python312\Lib\asyncio\events.py", line 88, in _run
    self._context.run(self._callback, *self._args)
  File "C:\Users\antho\mpf\Lib\site-packages\mpf\core\events.py", line 846, in process_event_queue
    self._process_event(event=event[0],
  File "C:\Users\antho\mpf\Lib\site-packages\mpf\core\events.py", line 808, in _process_event
    result = self._run_handlers(event, ev_type, kwargs)
             ^^^^^^^^^^^^^^^^^^^^^^^^^^^^^^^^^^^^^^^^^^
  File "C:\Users\antho\mpf\Lib\site-packages\mpf\core\events.py", line 757, in _run_handlers
    raise EventHandlerException(
mpf.core.events.EventHandlerException: Exception while processing RegisteredHandler(callback=<bound method ConfigPlayer.config_play_callback of ConfigPlayer.segment_display_player/segment_displays>, priority=0, kwargs={'calling_context': 'ball_started{ball==1}', 'mode': None, 'settings': {<segment_display.info_display>: {'text': '{credits:>2}01', 'priority': 0, 'color': [], 'action': 'add', 'flashing': 'not_set', 'flash_mask': None, 'key': None, 'expire': None, 'transition': None, 'transition_out': None}}}, key=UUID('062c798e-02d9-431b-9b80-e08d521f5e12'), condition=<Template ball==1>, blocking_facility=None) for event ball_started. Failed to evaluate and subscribe template credits with parameters {}. See error above.
2025-10-25 17:50:02,619 : ERROR : asyncio : Exception in callback EventManager.process_event_queue()
handle: <Handle EventManager.process_event_queue()>
Traceback (most recent call last):
  File "C:\Users\antho\mpf\Lib\site-packages\mpf\core\placeholder_manager.py", line 847, in evaluate_and_subscribe_template
    value, subscriptions = self._eval(template, parameters, True)
                           ^^^^^^^^^^^^^^^^^^^^^^^^^^^^^^^^^^^^^^
  File "C:\Users\antho\mpf\Lib\site-packages\mpf\core\placeholder_manager.py", line 778, in _eval
    return self._eval_methods[type(node)](node, variables, subscribe)
           ^^^^^^^^^^^^^^^^^^^^^^^^^^^^^^^^^^^^^^^^^^^^^^^^^^^^^^^^^^
  File "C:\Users\antho\mpf\Lib\site-packages\mpf\core\placeholder_manager.py", line 771, in _eval_name
    raise ValueError("Missing variable {}".format(node.id))
ValueError: Missing variable credits

The above exception was the direct cause of the following exception:

Traceback (most recent call last):
  File "C:\Users\antho\mpf\Lib\site-packages\mpf\core\events.py", line 755, in _run_handlers
    result = handler.callback(**merged_kwargs)
             ^^^^^^^^^^^^^^^^^^^^^^^^^^^^^^^^^
  File "C:\Users\antho\mpf\Lib\site-packages\mpf\core\config_player.py", line 348, in config_play_callback
    return self.play(settings=settings, context=context, calling_context=calling_context, priority=priority,
           ^^^^^^^^^^^^^^^^^^^^^^^^^^^^^^^^^^^^^^^^^^^^^^^^^^^^^^^^^^^^^^^^^^^^^^^^^^^^^^^^^^^^^^^^^^^^^^^^^
  File "C:\Users\antho\mpf\Lib\site-packages\mpf\config_players\segment_display_player.py", line 53, in play
    display.add_text_entry(text=s['text'],
  File "C:\Users\antho\mpf\Lib\site-packages\mpf\devices\segment_display\segment_display.py", line 151, in add_text_entry
    self._update_stack()
  File "C:\Users\antho\mpf\Lib\site-packages\mpf\devices\segment_display\segment_display.py", line 288, in _update_stack
    new_text, future = self._current_placeholder.evaluate_and_subscribe({})
                       ^^^^^^^^^^^^^^^^^^^^^^^^^^^^^^^^^^^^^^^^^^^^^^^^^^^^
  File "C:\Users\antho\mpf\Lib\site-packages\mpf\core\placeholder_manager.py", line 278, in evaluate_and_subscribe
    value = f.format(self.text)
            ^^^^^^^^^^^^^^^^^^^
  File "C:\Users\antho\AppData\Local\Programs\Python\Python312\Lib\string.py", line 190, in format
    return self.vformat(format_string, args, kwargs)
           ^^^^^^^^^^^^^^^^^^^^^^^^^^^^^^^^^^^^^^^^^
  File "C:\Users\antho\AppData\Local\Programs\Python\Python312\Lib\string.py", line 194, in vformat
    result, _ = self._vformat(format_string, args, kwargs, used_args, 2)
                ^^^^^^^^^^^^^^^^^^^^^^^^^^^^^^^^^^^^^^^^^^^^^^^^^^^^^^^^
  File "C:\Users\antho\AppData\Local\Programs\Python\Python312\Lib\string.py", line 234, in _vformat
    obj, arg_used = self.get_field(field_name, args, kwargs)
                    ^^^^^^^^^^^^^^^^^^^^^^^^^^^^^^^^^^^^^^^^
  File "C:\Users\antho\mpf\Lib\site-packages\mpf\core\placeholder_manager.py", line 241, in get_field
    obj = self.get_value(field_name, args, kwargs)
          ^^^^^^^^^^^^^^^^^^^^^^^^^^^^^^^^^^^^^^^^
  File "C:\Users\antho\mpf\Lib\site-packages\mpf\core\placeholder_manager.py", line 232, in get_value
    value, future = placeholder.evaluate_and_subscribe(self.parameters)
                    ^^^^^^^^^^^^^^^^^^^^^^^^^^^^^^^^^^^^^^^^^^^^^^^^^^^
  File "C:\Users\antho\mpf\Lib\site-packages\mpf\core\placeholder_manager.py", line 108, in evaluate_and_subscribe
    result, subscriptions = self.placeholder_manager.evaluate_and_subscribe_template(self.template, parameters,
                            ^^^^^^^^^^^^^^^^^^^^^^^^^^^^^^^^^^^^^^^^^^^^^^^^^^^^^^^^^^^^^^^^^^^^^^^^^^^^^^^^^^^
  File "C:\Users\antho\mpf\Lib\site-packages\mpf\core\placeholder_manager.py", line 854, in evaluate_and_subscribe_template
    raise AssertionError("Failed to evaluate and subscribe template {} with parameters {}. "
AssertionError: Failed to evaluate and subscribe template credits with parameters {}. See error above.

The above exception was the direct cause of the following exception:

Traceback (most recent call last):
  File "C:\Users\antho\AppData\Local\Programs\Python\Python312\Lib\asyncio\events.py", line 88, in _run
    self._context.run(self._callback, *self._args)
  File "C:\Users\antho\mpf\Lib\site-packages\mpf\core\events.py", line 846, in process_event_queue
    self._process_event(event=event[0],
  File "C:\Users\antho\mpf\Lib\site-packages\mpf\core\events.py", line 808, in _process_event
    result = self._run_handlers(event, ev_type, kwargs)
             ^^^^^^^^^^^^^^^^^^^^^^^^^^^^^^^^^^^^^^^^^^
  File "C:\Users\antho\mpf\Lib\site-packages\mpf\core\events.py", line 757, in _run_handlers
    raise EventHandlerException(
mpf.core.events.EventHandlerException: Exception while processing RegisteredHandler(callback=<bound method ConfigPlayer.config_play_callback of ConfigPlayer.segment_display_player/segment_displays>, priority=0, kwargs={'calling_context': 'info_flip_back_now', 'mode': None, 'settings': {<segment_display.info_display>: {'text': '{credits:>2}00', 'priority': 0, 'color': [], 'action': 'add', 'flashing': 'not_set', 'flash_mask': None, 'key': None, 'expire': None, 'transition': None, 'transition_out': None}}}, key=UUID('97e2446b-2335-4d88-b13c-5c071bd83ae9'), condition=None, blocking_facility=None) for event info_flip_back_now. Failed to evaluate and subscribe template credits with parameters {}. See error above.
2025-10-25 17:50:02,622 : INFO : Machine : Shutting down...
2025-10-25 17:50:02,622 : INFO : EventManager : Event: ======'shutdown'====== Args={}
2025-10-25 17:50:02,623 : INFO : Mode.base : Will not start because machine is shutting down.
2025-10-25 17:50:02,624 : INFO : EventManager : Event: ======'mode_game_will_stop'====== Args={}
2025-10-25 17:50:02,624 : INFO : EventManager : Event: ======'mode_game_stopping'====== Args={}
2025-10-25 17:50:02,625 : INFO : Mode.game : Stopped.
2025-10-25 17:50:02,625 : INFO : EventManager : Event: ======'modes_active_modes_changed'====== Args={}
2025-10-25 17:50:02,625 : INFO : EventManager : Event: ======'mode_game_stopped'====== Args={}
2025-10-25 17:50:02,625 : INFO : EventManager : Event: ======'clear'====== Args={'key': 'game'}
2025-10-25 17:50:02,712 : ERROR : Machine : Runtime Exception
Traceback (most recent call last):
  File "C:\Users\antho\mpf\Lib\site-packages\mpf\core\placeholder_manager.py", line 847, in evaluate_and_subscribe_template
    value, subscriptions = self._eval(template, parameters, True)
                           ^^^^^^^^^^^^^^^^^^^^^^^^^^^^^^^^^^^^^^
  File "C:\Users\antho\mpf\Lib\site-packages\mpf\core\placeholder_manager.py", line 778, in _eval
    return self._eval_methods[type(node)](node, variables, subscribe)
           ^^^^^^^^^^^^^^^^^^^^^^^^^^^^^^^^^^^^^^^^^^^^^^^^^^^^^^^^^^
  File "C:\Users\antho\mpf\Lib\site-packages\mpf\core\placeholder_manager.py", line 771, in _eval_name
    raise ValueError("Missing variable {}".format(node.id))
ValueError: Missing variable credits

The above exception was the direct cause of the following exception:

Traceback (most recent call last):
  File "C:\Users\antho\mpf\Lib\site-packages\mpf\core\events.py", line 755, in _run_handlers
    result = handler.callback(**merged_kwargs)
             ^^^^^^^^^^^^^^^^^^^^^^^^^^^^^^^^^
  File "C:\Users\antho\mpf\Lib\site-packages\mpf\core\config_player.py", line 348, in config_play_callback
    return self.play(settings=settings, context=context, calling_context=calling_context, priority=priority,
           ^^^^^^^^^^^^^^^^^^^^^^^^^^^^^^^^^^^^^^^^^^^^^^^^^^^^^^^^^^^^^^^^^^^^^^^^^^^^^^^^^^^^^^^^^^^^^^^^^
  File "C:\Users\antho\mpf\Lib\site-packages\mpf\config_players\segment_display_player.py", line 53, in play
    display.add_text_entry(text=s['text'],
  File "C:\Users\antho\mpf\Lib\site-packages\mpf\devices\segment_display\segment_display.py", line 151, in add_text_entry
    self._update_stack()
  File "C:\Users\antho\mpf\Lib\site-packages\mpf\devices\segment_display\segment_display.py", line 288, in _update_stack
    new_text, future = self._current_placeholder.evaluate_and_subscribe({})
                       ^^^^^^^^^^^^^^^^^^^^^^^^^^^^^^^^^^^^^^^^^^^^^^^^^^^^
  File "C:\Users\antho\mpf\Lib\site-packages\mpf\core\placeholder_manager.py", line 278, in evaluate_and_subscribe
    value = f.format(self.text)
            ^^^^^^^^^^^^^^^^^^^
  File "C:\Users\antho\AppData\Local\Programs\Python\Python312\Lib\string.py", line 190, in format
    return self.vformat(format_string, args, kwargs)
           ^^^^^^^^^^^^^^^^^^^^^^^^^^^^^^^^^^^^^^^^^
  File "C:\Users\antho\AppData\Local\Programs\Python\Python312\Lib\string.py", line 194, in vformat
    result, _ = self._vformat(format_string, args, kwargs, used_args, 2)
                ^^^^^^^^^^^^^^^^^^^^^^^^^^^^^^^^^^^^^^^^^^^^^^^^^^^^^^^^
  File "C:\Users\antho\AppData\Local\Programs\Python\Python312\Lib\string.py", line 234, in _vformat
    obj, arg_used = self.get_field(field_name, args, kwargs)
                    ^^^^^^^^^^^^^^^^^^^^^^^^^^^^^^^^^^^^^^^^
  File "C:\Users\antho\mpf\Lib\site-packages\mpf\core\placeholder_manager.py", line 241, in get_field
    obj = self.get_value(field_name, args, kwargs)
          ^^^^^^^^^^^^^^^^^^^^^^^^^^^^^^^^^^^^^^^^
  File "C:\Users\antho\mpf\Lib\site-packages\mpf\core\placeholder_manager.py", line 232, in get_value
    value, future = placeholder.evaluate_and_subscribe(self.parameters)
                    ^^^^^^^^^^^^^^^^^^^^^^^^^^^^^^^^^^^^^^^^^^^^^^^^^^^
  File "C:\Users\antho\mpf\Lib\site-packages\mpf\core\placeholder_manager.py", line 108, in evaluate_and_subscribe
    result, subscriptions = self.placeholder_manager.evaluate_and_subscribe_template(self.template, parameters,
                            ^^^^^^^^^^^^^^^^^^^^^^^^^^^^^^^^^^^^^^^^^^^^^^^^^^^^^^^^^^^^^^^^^^^^^^^^^^^^^^^^^^^
  File "C:\Users\antho\mpf\Lib\site-packages\mpf\core\placeholder_manager.py", line 854, in evaluate_and_subscribe_template
    raise AssertionError("Failed to evaluate and subscribe template {} with parameters {}. "
AssertionError: Failed to evaluate and subscribe template credits with parameters {}. See error above.

The above exception was the direct cause of the following exception:

Traceback (most recent call last):
  File "C:\Users\antho\mpf\Lib\site-packages\mpf\core\machine.py", line 810, in _run_loop
    raise self._exception['exception']
  File "C:\Users\antho\AppData\Local\Programs\Python\Python312\Lib\asyncio\events.py", line 88, in _run
    self._context.run(self._callback, *self._args)
  File "C:\Users\antho\mpf\Lib\site-packages\mpf\core\events.py", line 846, in process_event_queue
    self._process_event(event=event[0],
  File "C:\Users\antho\mpf\Lib\site-packages\mpf\core\events.py", line 808, in _process_event
    result = self._run_handlers(event, ev_type, kwargs)
             ^^^^^^^^^^^^^^^^^^^^^^^^^^^^^^^^^^^^^^^^^^
  File "C:\Users\antho\mpf\Lib\site-packages\mpf\core\events.py", line 757, in _run_handlers
    raise EventHandlerException(
mpf.core.events.EventHandlerException: Exception while processing RegisteredHandler(callback=<bound method ConfigPlayer.config_play_callback of ConfigPlayer.segment_display_player/segment_displays>, priority=0, kwargs={'calling_context': 'ball_started{ball==1}', 'mode': None, 'settings': {<segment_display.info_display>: {'text': '{credits:>2}01', 'priority': 0, 'color': [], 'action': 'add', 'flashing': 'not_set', 'flash_mask': None, 'key': None, 'expire': None, 'transition': None, 'transition_out': None}}}, key=UUID('062c798e-02d9-431b-9b80-e08d521f5e12'), condition=<Template ball==1>, blocking_facility=None) for event ball_started. Failed to evaluate and subscribe template credits with parameters {}. See error above.
2025-10-25 17:50:02,716 : INFO : root : MPF run loop ended.
