2025-10-24 12:08:24,485 : INFO : root : Loading config.
2025-10-24 12:08:24,492 : INFO : YamlMultifileConfigLoader : Machine config file #1: config.yaml
2025-10-24 12:08:24,492 : INFO : ConfigProcessor : Loading config from cache: C:\Users\antho\AppData\Local\Temp\fdca14d0c9d658ab8200d57120800af5.mpf_cache
2025-10-24 12:08:24,629 : INFO : ConfigProcessor : Loading config from cache: C:\Users\antho\AppData\Local\Temp\5dec96b1547c4adf5bdd3d1715e74bc0.mpf_cache
2025-10-24 12:08:24,630 : INFO : ConfigProcessor : Loading config from cache: C:\Users\antho\AppData\Local\Temp\202a5840610e95051f9f473dfa660cc0.mpf_cache
2025-10-24 12:08:24,631 : INFO : ConfigProcessor : Loading config from cache: C:\Users\antho\AppData\Local\Temp\5dec96b1547c4adf5bdd3d1715e74bc0.mpf_cache
2025-10-24 12:08:24,632 : INFO : ConfigProcessor : Loading config from cache: C:\Users\antho\AppData\Local\Temp\2cd13a2d3f375e00ab01d6d09a85d8e7.mpf_cache
2025-10-24 12:08:24,632 : INFO : ConfigProcessor : Loading config from cache: C:\Users\antho\AppData\Local\Temp\9220b44b97b91972524500b81035d790.mpf_cache
2025-10-24 12:08:24,633 : INFO : ConfigProcessor : Loading config from cache: C:\Users\antho\AppData\Local\Temp\dab29d17bbe6500d014c71b0a57bd9b0.mpf_cache
2025-10-24 12:08:24,634 : INFO : ConfigProcessor : Loading config from cache: C:\Users\antho\AppData\Local\Temp\b17152efa55a24f0424602723f8d3921.mpf_cache
2025-10-24 12:08:24,634 : INFO : ConfigProcessor : Loading config from cache: C:\Users\antho\AppData\Local\Temp\e87fc0e7d2f8a851b5fa3f604e0d0c6e.mpf_cache
2025-10-24 12:08:24,635 : INFO : ConfigProcessor : Loading config from cache: C:\Users\antho\AppData\Local\Temp\196ac76b6cab3a9880804c826cfbcb5c.mpf_cache
2025-10-24 12:08:24,636 : INFO : ConfigProcessor : Loading config from cache: C:\Users\antho\AppData\Local\Temp\834292dd7853e12a66732dc89828c828.mpf_cache
2025-10-24 12:08:24,636 : INFO : ConfigProcessor : Loading config from cache: C:\Users\antho\AppData\Local\Temp\ae2be9c5579852c305357e207df97e8b.mpf_cache
2025-10-24 12:08:24,637 : INFO : ConfigProcessor : Loading config from cache: C:\Users\antho\AppData\Local\Temp\46f8fa3e41dfeeb8232af2f03a13b6c4.mpf_cache
2025-10-24 12:08:24,638 : INFO : ConfigProcessor : Loading config from cache: C:\Users\antho\AppData\Local\Temp\c67e9c175da6c060302945929b27b878.mpf_cache
2025-10-24 12:08:24,638 : INFO : ConfigProcessor : Loading config from cache: C:\Users\antho\AppData\Local\Temp\1c965aadbb61a7e709e8884fad17ac0b.mpf_cache
2025-10-24 12:08:24,639 : INFO : ConfigProcessor : Loading config from cache: C:\Users\antho\AppData\Local\Temp\60ca9d662df3e70e96f6d7ec0f4491aa.mpf_cache
2025-10-24 12:08:24,640 : INFO : Machine : Mission Pinball Framework Core Engine v0.80.0.dev11
2025-10-24 12:08:24,640 : INFO : Machine : Command line arguments: {'no_load_cache': False, 'create_config_cache': True, 'bcp': True, 'configfile': ['config.yaml'], 'force_assets_load': False, 'platform_integration_test': False, 'jsonlogging': False, 'logfile': 'logs\\2025-10-24-12-08-24-mpf-LAPTOP-MPGP6R69.log', 'pause': False, 'production': False, 'text_ui': True, 'loglevel': 15, 'consoleloglevel': 20, 'force_platform': None, 'syslog_address': None, 'full_logfile_path': 'C:\\Users\\antho\\nightpin\\logs\\2025-10-24-12-08-24-mpf-LAPTOP-MPGP6R69.log'}
2025-10-24 12:08:24,640 : INFO : Machine : MPF path: C:\Users\antho\mpf\Lib\site-packages\mpf
2025-10-24 12:08:24,640 : INFO : Machine : Machine path: C:\Users\antho\nightpin
2025-10-24 12:08:24,641 : INFO : Machine : Platform: win32
2025-10-24 12:08:24,641 : INFO : Machine : Python executable location: C:\Users\antho\mpf\Scripts\python.exe
2025-10-24 12:08:24,641 : INFO : Machine : Python version: 3.12.7 (64-bit)
2025-10-24 12:08:24,643 : INFO : Machine : Initializing MPF...
2025-10-24 12:08:24,913 : INFO : lisy : Connecting to com3 at 115200bps
2025-10-24 12:08:24,914 : WARNING : lisy : Could not import terminos (this is ok on windows).
2025-10-24 12:08:25,070 : INFO : EventManager : Event: ======'machine_var_lisy_hardware'====== Args={'value': 'LISY35', 'prev_value': None, 'change': True}
2025-10-24 12:08:25,070 : INFO : EventManager : Event: ======'machine_var_lisy_version'====== Args={'value': '5.26 ', 'prev_value': None, 'change': True}
2025-10-24 12:08:25,070 : INFO : EventManager : Event: ======'machine_var_lisy_api_version'====== Args={'value': b'0.09', 'prev_value': None, 'change': True}
2025-10-24 12:08:26,396 : INFO : EventManager : Event: ======'machine_var_credits_string'====== Args={'value': 'FREE PLAY', 'prev_value': None, 'change': True}
2025-10-24 12:08:26,429 : INFO : EventManager : Event: ======'machine_var_master_volume'====== Args={'value': 0.5, 'prev_value': None, 'change': True}
2025-10-24 12:08:26,429 : INFO : EventManager : Event: ======'machine_var_mpf_version'====== Args={'value': 'Mission Pinball Framework v0.80.0.dev11', 'prev_value': None, 'change': True}
2025-10-24 12:08:26,429 : INFO : EventManager : Event: ======'machine_var_mpf_extended_version'====== Args={'value': 'Mission Pinball Framework v0.80.0.dev11, Config version:6, Show version: 6, BCP version:1.1', 'prev_value': None, 'change': True}
2025-10-24 12:08:26,429 : INFO : EventManager : Event: ======'machine_var_python_version'====== Args={'value': '3.12.7', 'prev_value': None, 'change': True}
2025-10-24 12:08:26,548 : INFO : EventManager : Event: ======'machine_var_platform'====== Args={'value': 'Windows-11-10.0.26100-SP0', 'prev_value': None, 'change': True}
2025-10-24 12:08:26,548 : INFO : EventManager : Event: ======'machine_var_platform_system'====== Args={'value': 'Windows', 'prev_value': None, 'change': True}
2025-10-24 12:08:26,548 : INFO : EventManager : Event: ======'machine_var_platform_release'====== Args={'value': '11', 'prev_value': None, 'change': True}
2025-10-24 12:08:26,548 : INFO : EventManager : Event: ======'machine_var_platform_version'====== Args={'value': '10.0.26100', 'prev_value': None, 'change': True}
2025-10-24 12:08:26,548 : INFO : EventManager : Event: ======'machine_var_platform_machine'====== Args={'value': 'AMD64', 'prev_value': None, 'change': True}
2025-10-24 12:08:26,548 : INFO : EventManager : Event: ======'machine_var_log_file_path'====== Args={'value': 'C:\\Users\\antho\\nightpin\\logs\\2025-10-24-12-08-24-mpf-LAPTOP-MPGP6R69.log', 'prev_value': None, 'change': True}
2025-10-24 12:08:26,548 : INFO : EventManager : Event: ======'init_phase_1'====== Args={}
2025-10-24 12:08:26,581 : INFO : EventManager : Event: ======'drop_target_bank_right_bank_up'====== Args={}
2025-10-24 12:08:26,581 : INFO : EventManager : Event: ======'drop_target_bank_left_bank_up'====== Args={}
2025-10-24 12:08:26,582 : INFO : EventManager : Event: ======'init_phase_2'====== Args={}
2025-10-24 12:08:26,582 : INFO : SwitchController : Found active switch: ('5', <mpf.platforms.lisy.lisy.LisyHardwarePlatform object at 0x000001B8FB5A96D0>) <switch.s_left_bank_target_left>
2025-10-24 12:08:26,583 : INFO : SwitchController : Found active switch: ('8', <mpf.platforms.lisy.lisy.LisyHardwarePlatform object at 0x000001B8FB5A96D0>) <switch.s_trough>
2025-10-24 12:08:26,583 : INFO : SwitchController : Found active switch: ('13', <mpf.platforms.lisy.lisy.LisyHardwarePlatform object at 0x000001B8FB5A96D0>) <switch.s_left_bank_target_right>
2025-10-24 12:08:26,583 : INFO : SwitchController : Found active switch: ('14', <mpf.platforms.lisy.lisy.LisyHardwarePlatform object at 0x000001B8FB5A96D0>) <switch.s_right_bank_target_right>
2025-10-24 12:08:26,583 : INFO : SwitchController : Found active switch: ('21', <mpf.platforms.lisy.lisy.LisyHardwarePlatform object at 0x000001B8FB5A96D0>) <switch.s_left_bank_target_middle>
2025-10-24 12:08:26,583 : INFO : SwitchController : Found active switch: ('30', <mpf.platforms.lisy.lisy.LisyHardwarePlatform object at 0x000001B8FB5A96D0>) <switch.s_right_bank_target_left>
2025-10-24 12:08:26,589 : INFO : EventManager : Event: ======'bcp_connection_attempt'====== Args={'name': 'local_display', 'host': 'localhost', 'port': 5050}
2025-10-24 12:08:26,590 : INFO : BCPClientSocket : Connecting BCP to 'local_display' at localhost:5050...
2025-10-24 12:08:26,609 : INFO : BCPClientSocket : Connected BCP to 'local_display' localhost:5050
2025-10-24 12:08:26,609 : INFO : EventManager : Event: ======'bcp_clients_connected'====== Args={}
2025-10-24 12:08:26,719 : INFO : ball_device.bd_trough : BCH: Initial count: 1
2025-10-24 12:08:26,720 : INFO : ball_device.bd_trough : State: idle
2025-10-24 12:08:26,721 : INFO : ball_device.bd_saucer : BCH: Initial count: 0
2025-10-24 12:08:26,721 : INFO : ball_device.bd_saucer : State: idle
2025-10-24 12:08:26,735 : INFO : EventManager : Event: ======'init_phase_3'====== Args={}
2025-10-24 12:08:26,776 : INFO : EventManager : Event: ======'init_phase_4'====== Args={}
2025-10-24 12:08:26,776 : INFO : EventManager : Event: ======'drop_target_s_right_bank_target_left_down'====== Args={'device': <drop_target.s_right_bank_target_left>}
2025-10-24 12:08:26,776 : INFO : EventManager : Event: ======'drop_target_s_right_bank_target_right_down'====== Args={'device': <drop_target.s_right_bank_target_right>}
2025-10-24 12:08:26,776 : INFO : EventManager : Event: ======'drop_target_s_left_bank_target_left_down'====== Args={'device': <drop_target.s_left_bank_target_left>}
2025-10-24 12:08:26,777 : INFO : EventManager : Event: ======'drop_target_s_left_bank_target_middle_down'====== Args={'device': <drop_target.s_left_bank_target_middle>}
2025-10-24 12:08:26,777 : INFO : EventManager : Event: ======'drop_target_s_left_bank_target_right_down'====== Args={'device': <drop_target.s_left_bank_target_right>}
2025-10-24 12:08:26,777 : INFO : BallController : Initial balls found: 1
2025-10-24 12:08:26,778 : INFO : EventManager : Event: ======'machine_var_audits_events_game_ended'====== Args={'value': 0, 'prev_value': None, 'change': True}
2025-10-24 12:08:26,779 : INFO : EventManager : Event: ======'machine_var_audits_events_game_started'====== Args={'value': 3, 'prev_value': None, 'change': True}
2025-10-24 12:08:26,779 : INFO : EventManager : Event: ======'machine_var_audits_missing_switches_s_coin_right'====== Args={'value': 2, 'prev_value': None, 'change': True}
2025-10-24 12:08:26,779 : INFO : EventManager : Event: ======'machine_var_audits_missing_switches_s_credit_button'====== Args={'value': 2, 'prev_value': None, 'change': True}
2025-10-24 12:08:26,779 : INFO : EventManager : Event: ======'machine_var_audits_missing_switches_s_inlanes'====== Args={'value': 3, 'prev_value': None, 'change': True}
2025-10-24 12:08:26,779 : INFO : EventManager : Event: ======'machine_var_audits_missing_switches_s_left_outlane_rollover'====== Args={'value': 3, 'prev_value': None, 'change': True}
2025-10-24 12:08:26,779 : INFO : EventManager : Event: ======'machine_var_audits_missing_switches_s_left_sling'====== Args={'value': 3, 'prev_value': None, 'change': True}
2025-10-24 12:08:26,779 : INFO : EventManager : Event: ======'machine_var_audits_missing_switches_s_left_upper_bumper'====== Args={'value': 3, 'prev_value': None, 'change': True}
2025-10-24 12:08:26,779 : INFO : EventManager : Event: ======'machine_var_audits_missing_switches_s_outer_skill_lanes'====== Args={'value': 3, 'prev_value': None, 'change': True}
2025-10-24 12:08:26,779 : INFO : EventManager : Event: ======'machine_var_audits_missing_switches_s_pop_bumper_left'====== Args={'value': 3, 'prev_value': None, 'change': True}
2025-10-24 12:08:26,779 : INFO : EventManager : Event: ======'machine_var_audits_missing_switches_s_pop_bumper_right'====== Args={'value': 3, 'prev_value': None, 'change': True}
2025-10-24 12:08:26,780 : INFO : EventManager : Event: ======'machine_var_audits_missing_switches_s_right_bank_target_middle'====== Args={'value': 2, 'prev_value': None, 'change': True}
2025-10-24 12:08:26,780 : INFO : EventManager : Event: ======'machine_var_audits_missing_switches_s_right_outlane_rollover'====== Args={'value': 3, 'prev_value': None, 'change': True}
2025-10-24 12:08:26,780 : INFO : EventManager : Event: ======'machine_var_audits_missing_switches_s_saucer'====== Args={'value': 3, 'prev_value': None, 'change': True}
2025-10-24 12:08:26,780 : INFO : EventManager : Event: ======'machine_var_audits_missing_switches_s_slam_tilt'====== Args={'value': 2, 'prev_value': None, 'change': True}
2025-10-24 12:08:26,780 : INFO : EventManager : Event: ======'machine_var_audits_missing_switches_s_spinner'====== Args={'value': 2, 'prev_value': None, 'change': True}
2025-10-24 12:08:26,780 : INFO : EventManager : Event: ======'machine_var_audits_missing_switches_s_stand_up'====== Args={'value': 2, 'prev_value': None, 'change': True}
2025-10-24 12:08:26,780 : INFO : EventManager : Event: ======'machine_var_audits_missing_switches_s_start_button'====== Args={'value': 3, 'prev_value': None, 'change': True}
2025-10-24 12:08:26,780 : INFO : EventManager : Event: ======'machine_var_audits_missing_switches_s_tilt'====== Args={'value': 3, 'prev_value': None, 'change': True}
2025-10-24 12:08:26,780 : INFO : EventManager : Event: ======'machine_var_audits_player_score'====== Args={'value': {'average': 0, 'top': [], 'total': 0}, 'prev_value': None, 'change': True}
2025-10-24 12:08:26,780 : INFO : EventManager : Event: ======'machine_var_audits_switches_s_coin_right'====== Args={'value': 1, 'prev_value': None, 'change': True}
2025-10-24 12:08:26,781 : INFO : EventManager : Event: ======'machine_var_audits_switches_s_credit_button'====== Args={'value': 2, 'prev_value': None, 'change': True}
2025-10-24 12:08:26,781 : INFO : EventManager : Event: ======'machine_var_audits_switches_s_inlanes'====== Args={'value': 0, 'prev_value': None, 'change': True}
2025-10-24 12:08:26,781 : INFO : EventManager : Event: ======'machine_var_audits_switches_s_left_bank_target_left'====== Args={'value': 6, 'prev_value': None, 'change': True}
2025-10-24 12:08:26,781 : INFO : EventManager : Event: ======'machine_var_audits_switches_s_left_bank_target_middle'====== Args={'value': 6, 'prev_value': None, 'change': True}
2025-10-24 12:08:26,781 : INFO : EventManager : Event: ======'machine_var_audits_switches_s_left_bank_target_right'====== Args={'value': 6, 'prev_value': None, 'change': True}
2025-10-24 12:08:26,781 : INFO : EventManager : Event: ======'machine_var_audits_switches_s_left_lower_bumper'====== Args={'value': 1, 'prev_value': None, 'change': True}
2025-10-24 12:08:26,781 : INFO : EventManager : Event: ======'machine_var_audits_switches_s_left_outlane_rollover'====== Args={'value': 0, 'prev_value': None, 'change': True}
2025-10-24 12:08:26,781 : INFO : EventManager : Event: ======'machine_var_audits_switches_s_left_sling'====== Args={'value': 0, 'prev_value': None, 'change': True}
2025-10-24 12:08:26,781 : INFO : EventManager : Event: ======'machine_var_audits_switches_s_left_upper_bumper'====== Args={'value': 0, 'prev_value': None, 'change': True}
2025-10-24 12:08:26,781 : INFO : EventManager : Event: ======'machine_var_audits_switches_s_middle_skill_lane'====== Args={'value': 2, 'prev_value': None, 'change': True}
2025-10-24 12:08:26,781 : INFO : EventManager : Event: ======'machine_var_audits_switches_s_middle_upper_rollovers'====== Args={'value': 2, 'prev_value': None, 'change': True}
2025-10-24 12:08:26,781 : INFO : EventManager : Event: ======'machine_var_audits_switches_s_outer_skill_lanes'====== Args={'value': 0, 'prev_value': None, 'change': True}
2025-10-24 12:08:26,781 : INFO : EventManager : Event: ======'machine_var_audits_switches_s_pop_bumper_bottom'====== Args={'value': 2, 'prev_value': None, 'change': True}
2025-10-24 12:08:26,781 : INFO : EventManager : Event: ======'machine_var_audits_switches_s_pop_bumper_left'====== Args={'value': 0, 'prev_value': None, 'change': True}
2025-10-24 12:08:26,782 : INFO : EventManager : Event: ======'machine_var_audits_switches_s_pop_bumper_right'====== Args={'value': 0, 'prev_value': None, 'change': True}
2025-10-24 12:08:26,782 : INFO : EventManager : Event: ======'machine_var_audits_switches_s_right_bank_target_left'====== Args={'value': 4, 'prev_value': None, 'change': True}
2025-10-24 12:08:26,782 : INFO : EventManager : Event: ======'machine_var_audits_switches_s_right_bank_target_middle'====== Args={'value': 2, 'prev_value': None, 'change': True}
2025-10-24 12:08:26,782 : INFO : EventManager : Event: ======'machine_var_audits_switches_s_right_bank_target_right'====== Args={'value': 5, 'prev_value': None, 'change': True}
2025-10-24 12:08:26,782 : INFO : EventManager : Event: ======'machine_var_audits_switches_s_right_outlane_rollover'====== Args={'value': 0, 'prev_value': None, 'change': True}
2025-10-24 12:08:26,782 : INFO : EventManager : Event: ======'machine_var_audits_switches_s_right_sling'====== Args={'value': 2, 'prev_value': None, 'change': True}
2025-10-24 12:08:26,782 : INFO : EventManager : Event: ======'machine_var_audits_switches_s_saucer'====== Args={'value': 0, 'prev_value': None, 'change': True}
2025-10-24 12:08:26,782 : INFO : EventManager : Event: ======'machine_var_audits_switches_s_slam_tilt'====== Args={'value': 1, 'prev_value': None, 'change': True}
2025-10-24 12:08:26,782 : INFO : EventManager : Event: ======'machine_var_audits_switches_s_spinner'====== Args={'value': 1, 'prev_value': None, 'change': True}
2025-10-24 12:08:26,782 : INFO : EventManager : Event: ======'machine_var_audits_switches_s_stand_up'====== Args={'value': 1, 'prev_value': None, 'change': True}
2025-10-24 12:08:26,782 : INFO : EventManager : Event: ======'machine_var_audits_switches_s_start_button'====== Args={'value': 0, 'prev_value': None, 'change': True}
2025-10-24 12:08:26,782 : INFO : EventManager : Event: ======'machine_var_audits_switches_s_tilt'====== Args={'value': 0, 'prev_value': None, 'change': True}
2025-10-24 12:08:26,783 : INFO : EventManager : Event: ======'machine_var_audits_switches_s_trough'====== Args={'value': 11, 'prev_value': None, 'change': True}
2025-10-24 12:08:26,783 : INFO : EventManager : Event: ======'init_phase_5'====== Args={}
2025-10-24 12:08:26,795 : INFO : EventManager : Event: ======'init_done'====== Args={}
2025-10-24 12:08:26,796 : INFO : EventManager : Event: ======'machine_reset_phase_1'====== Args={}
2025-10-24 12:08:26,802 : INFO : EventManager : Event: ======'machine_reset_phase_2'====== Args={}
2025-10-24 12:08:26,802 : INFO : EventManager : Event: ======'machine_reset_phase_3'====== Args={}
2025-10-24 12:08:26,803 : INFO : EventManager : Event: ======'mode_attract_will_start'====== Args={'queue': <QueuedEvent>}
2025-10-24 12:08:26,804 : INFO : EventManager : Event: ======'mode_attract_starting'====== Args={'queue': <QueuedEvent>}
2025-10-24 12:08:26,804 : INFO : Mode.attract : Started. Priority: 10
2025-10-24 12:08:26,804 : INFO : EventManager : Event: ======'modes_active_modes_changed'====== Args={}
2025-10-24 12:08:26,804 : INFO : EventManager : Event: ======'mode_attract_started'====== Args={'queue': <QueuedEvent>}
2025-10-24 12:08:26,805 : INFO : EventManager : Event: ======'collecting_balls_complete'====== Args={}
2025-10-24 12:08:26,805 : INFO : EventManager : Event: ======'reset_complete'====== Args={}
2025-10-24 12:08:26,817 : INFO : Machine : Starting the main run loop with active modes: [<Mode.attract>]
2025-10-24 12:08:26,840 : INFO : EventManager : Event: ======'slide_attract_created'====== Args={'_from_bcp': True}
2025-10-24 12:08:26,841 : INFO : EventManager : Event: ======'slide__removed'====== Args={'_from_bcp': True}
2025-10-24 12:08:26,841 : INFO : EventManager : Event: ======'slide_attract_active'====== Args={'original_context': 'attract', 'original_calling_context': 'mode_attract_started', 'priority': 10.0, 'queue': '<QueuedEvent>', 'cmd': 'slides_play', '_from_bcp': True}
2025-10-24 12:08:36,132 : INFO : SwitchController : <<<<<<< 's_start_button' active >>>>>>>
2025-10-24 12:08:36,456 : INFO : SwitchController : <<<<<<< 's_start_button' inactive >>>>>>>
2025-10-24 12:08:36,456 : INFO : EventManager : Event: ======'request_to_start_game'====== Args={}
2025-10-24 12:08:36,456 : INFO : EventManager : Event: ======'game_start'====== Args={'buttons': [], 'hold_time': 0.31200000003445894}
2025-10-24 12:08:36,456 : INFO : EventManager : Event: ======'mode_game_will_start'====== Args={'buttons': [], 'hold_time': 0.31200000003445894}
2025-10-24 12:08:36,457 : INFO : EventManager : Event: ======'mode_game_starting'====== Args={'buttons': [], 'hold_time': 0.31200000003445894}
2025-10-24 12:08:36,457 : INFO : Mode.game : Started. Priority: 20
2025-10-24 12:08:36,457 : INFO : EventManager : Event: ======'modes_active_modes_changed'====== Args={}
2025-10-24 12:08:36,457 : INFO : EventManager : Event: ======'mode_game_started'====== Args={'buttons': [], 'hold_time': 0.31200000003445894}
2025-10-24 12:08:36,470 : INFO : EventManager : Event: ======'game_will_start'====== Args={}
2025-10-24 12:08:36,470 : INFO : EventManager : Event: ======'game_starting'====== Args={'game': <Mode.game>}
2025-10-24 12:08:36,472 : INFO : EventManager : Unordered handler for class <Auditor> on event game_ended with priority 1. Handlers: [RegisteredHandler(callback=<bound method Auditor.disable of <Auditor>>, priority=1, kwargs={}, key=UUID('82d7bfe5-6acd-4239-9f57-d6afca7bd90f'), condition=None, blocking_facility=None), RegisteredHandler(callback=<bound method Auditor._save_audits of <Auditor>>, priority=1, kwargs={}, key=UUID('df109587-7041-4359-ba51-ebec894e1d04'), condition=None, blocking_facility=None)]. The order of those handlers is not defined and they will be executed in random order. This might lead to race conditions and potential bugs.
2025-10-24 12:08:36,473 : INFO : EventManager : Event: ======'player_add_request'====== Args={}
2025-10-24 12:08:36,473 : INFO : EventManager : Event: ======'player_will_add'====== Args={'number': 1}
2025-10-24 12:08:36,473 : INFO : EventManager : Event: ======'player_adding'====== Args={'player': <Player 1>, 'number': 1}
2025-10-24 12:08:36,473 : INFO : EventManager : Event: ======'player_added'====== Args={'player': <Player 1>, 'num': 1}
2025-10-24 12:08:36,473 : INFO : Mode.game : Player added successfully. Total players: 1
2025-10-24 12:08:36,473 : INFO : EventManager : Event: ======'player_index'====== Args={'value': 0, 'prev_value': 0, 'change': 0, 'player_num': 1}
2025-10-24 12:08:36,473 : INFO : EventManager : Event: ======'player_number'====== Args={'value': 1, 'prev_value': 1, 'change': 0, 'player_num': 1}
2025-10-24 12:08:36,473 : INFO : EventManager : Event: ======'player_score'====== Args={'value': 0, 'prev_value': 0, 'change': 0, 'player_num': 1}
2025-10-24 12:08:36,474 : INFO : EventManager : Event: ======'game_started'====== Args={}
2025-10-24 12:08:36,474 : INFO : EventManager : Event: ======'mode_attract_will_stop'====== Args={}
2025-10-24 12:08:36,474 : INFO : EventManager : Event: ======'mode_attract_stopping'====== Args={}
2025-10-24 12:08:36,474 : INFO : Mode.attract : Stopped.
2025-10-24 12:08:36,475 : INFO : EventManager : Event: ======'modes_active_modes_changed'====== Args={}
2025-10-24 12:08:36,475 : INFO : EventManager : Event: ======'mode_attract_stopped'====== Args={}
2025-10-24 12:08:36,475 : INFO : EventManager : Event: ======'clear'====== Args={'key': 'attract'}
2025-10-24 12:08:36,493 : INFO : EventManager : Event: ======'player_turn_will_start'====== Args={'player': <Player 1>, 'number': 1}
2025-10-24 12:08:36,494 : INFO : EventManager : Event: ======'player_turn_starting'====== Args={'player': <Player 1>, 'number': 1}
2025-10-24 12:08:36,494 : INFO : EventManager : Event: ======'player_ball'====== Args={'value': 1, 'prev_value': 0, 'change': 1, 'player_num': 1}
2025-10-24 12:08:36,495 : INFO : EventManager : Event: ======'player_turn_started'====== Args={'player': <Player 1>, 'number': 1}
2025-10-24 12:08:36,496 : INFO : EventManager : Event: ======'ball_will_start'====== Args={'player': 1, 'ball': 1, 'balls_remaining': 2, 'is_extra_ball': False}
2025-10-24 12:08:36,501 : INFO : EventManager : Event: ======'ball_starting'====== Args={'player': 1, 'ball': 1, 'balls_remaining': 2, 'is_extra_ball': False}
2025-10-24 12:08:36,501 : INFO : drop_target_bank.right_bank : 2 targets are down. Will reset those.
2025-10-24 12:08:36,502 : INFO : coil.c_drop_target_right : Pulsing Driver for 50ms (1.0 pulse_power)
2025-10-24 12:08:36,502 : INFO : drop_target_bank.left_bank : 3 targets are down. Will reset those.
2025-10-24 12:08:36,502 : INFO : EventManager : Event: ======'balls_in_play'====== Args={'balls': 1}
2025-10-24 12:08:36,502 : INFO : EventManager : Event: ======'ball_started'====== Args={'player': 1, 'ball': 1, 'balls_remaining': 2, 'is_extra_ball': False}
2025-10-24 12:08:36,503 : INFO : EventManager : Event: ======'mode_base_will_start'====== Args={'player': 1, 'ball': 1, 'balls_remaining': 2, 'is_extra_ball': False}
2025-10-24 12:08:36,503 : INFO : EventManager : Unordered handler for class <Auditor> on event game_ended with priority 1. Handlers: [RegisteredHandler(callback=<bound method Auditor.disable of <Auditor>>, priority=1, kwargs={}, key=UUID('82d7bfe5-6acd-4239-9f57-d6afca7bd90f'), condition=None, blocking_facility=None), RegisteredHandler(callback=<bound method Auditor._save_audits of <Auditor>>, priority=1, kwargs={}, key=UUID('df109587-7041-4359-ba51-ebec894e1d04'), condition=None, blocking_facility=None)]. The order of those handlers is not defined and they will be executed in random order. This might lead to race conditions and potential bugs.
2025-10-24 12:08:36,505 : INFO : EventManager : Unordered handler for class <Auditor> on event game_ended with priority 1. Handlers: [RegisteredHandler(callback=<bound method Auditor.disable of <Auditor>>, priority=1, kwargs={}, key=UUID('82d7bfe5-6acd-4239-9f57-d6afca7bd90f'), condition=None, blocking_facility=None), RegisteredHandler(callback=<bound method Auditor._save_audits of <Auditor>>, priority=1, kwargs={}, key=UUID('df109587-7041-4359-ba51-ebec894e1d04'), condition=None, blocking_facility=None)]. The order of those handlers is not defined and they will be executed in random order. This might lead to race conditions and potential bugs.
2025-10-24 12:08:36,505 : INFO : EventManager : Event: ======'mode_base_starting'====== Args={'player': 1, 'ball': 1, 'balls_remaining': 2, 'is_extra_ball': False}
2025-10-24 12:08:36,506 : INFO : EventManager : Event: ======'ball_save_default_ball_save_timer_start'====== Args={}
2025-10-24 12:08:36,506 : INFO : EventManager : Event: ======'ball_save_default_ball_save_enabled'====== Args={}
2025-10-24 12:08:36,506 : INFO : EventManager : Event: ======'logicblock_first_ball_check_updated'====== Args={'value': 0, 'enabled': True}
2025-10-24 12:08:36,506 : INFO : EventManager : Event: ======'logicblock_first_ball_check_updated'====== Args={'value': 0, 'enabled': True}
2025-10-24 12:08:36,506 : INFO : Mode.base : Started. Priority: 50
2025-10-24 12:08:36,506 : INFO : EventManager : Event: ======'modes_active_modes_changed'====== Args={}
2025-10-24 12:08:36,506 : INFO : EventManager : Event: ======'mode_base_started'====== Args={'player': 1, 'ball': 1, 'balls_remaining': 2, 'is_extra_ball': False}
2025-10-24 12:08:36,507 : INFO : EventManager : Event: ======'single_player_ball_started'====== Args={}
2025-10-24 12:08:36,507 : INFO : EventManager : Event: ======'check_base_music'====== Args={'priority': 0}
2025-10-24 12:08:36,507 : INFO : EventManager : Event: ======'ball_start_target'====== Args={'target': 'playfield'}
2025-10-24 12:08:36,519 : INFO : ball_device.bd_trough : Setting up player-controlled eject. Balls: 1, Target: <playfield.playfield>, player_controlled_eject_event: None
2025-10-24 12:08:36,519 : INFO : ball_device.bd_trough : Adding 1 ball(s) to the eject_queue with target <playfield.playfield>.
2025-10-24 12:08:36,519 : INFO : EventManager : Event: ======'balldevice_balls_available'====== Args={}
2025-10-24 12:08:36,520 : INFO : ball_device.bd_trough : State: waiting_for_target_ready
2025-10-24 12:08:36,520 : INFO : EventManager : Event: ======'balldevice_bd_trough_ball_eject_attempt'====== Args={'balls': 1, 'target': <playfield.playfield>, 'source': <ball_device.bd_trough>, 'mechanical_eject': False, 'num_attempts': 0}
2025-10-24 12:08:36,521 : INFO : ball_device.bd_trough : State: ejecting
2025-10-24 12:08:36,521 : INFO : ball_device.bd_trough : Ejecting ball to <playfield.playfield>
2025-10-24 12:08:36,521 : INFO : EventManager : Event: ======'balldevice_bd_trough_ejecting_ball'====== Args={'balls': 1, 'target': <playfield.playfield>, 'source': <ball_device.bd_trough>, 'mechanical_eject': False, 'num_attempts': 0}
2025-10-24 12:08:36,522 : INFO : ball_device.bd_trough : Wait for ball to leave device
2025-10-24 12:08:36,549 : INFO : coil.c_drop_target_left : Pulsing Driver for 50ms (1.0 pulse_power)
2025-10-24 12:08:36,564 : INFO : SwitchController : <<<<<<< 's_right_bank_target_right' inactive (muted) >>>>>>>
2025-10-24 12:08:36,612 : INFO : coil.c_trough_eject : Pulsing Driver for 50ms (1.0 pulse_power)
2025-10-24 12:08:36,612 : INFO : SwitchController : <<<<<<< 's_right_bank_target_left' inactive (muted) >>>>>>>
2025-10-24 12:08:36,691 : INFO : SwitchController : <<<<<<< 's_left_bank_target_left' inactive (muted) >>>>>>>
2025-10-24 12:08:36,721 : INFO : SwitchController : <<<<<<< 's_left_bank_target_right' inactive (muted) >>>>>>>
2025-10-24 12:08:36,728 : INFO : SwitchController : <<<<<<< 's_left_bank_target_middle' inactive (muted) >>>>>>>
2025-10-24 12:08:36,753 : INFO : SwitchController : <<<<<<< 's_trough' inactive >>>>>>>
2025-10-24 12:08:36,757 : INFO : ball_device.bd_trough : State: ball_left
2025-10-24 12:08:36,757 : INFO : ball_device.bd_trough : Ball left
2025-10-24 12:08:36,757 : INFO : ball_device.bd_trough : Wait for confirm with timeout 10.0
2025-10-24 12:08:36,987 : INFO : EventManager : Event: ======'drop_target_s_right_bank_target_left_up'====== Args={'device': <drop_target.s_right_bank_target_left>}
2025-10-24 12:08:36,987 : INFO : EventManager : Event: ======'drop_target_s_right_bank_target_right_up'====== Args={'device': <drop_target.s_right_bank_target_right>}
2025-10-24 12:08:37,050 : INFO : EventManager : Event: ======'drop_target_s_left_bank_target_left_up'====== Args={'device': <drop_target.s_left_bank_target_left>}
2025-10-24 12:08:37,050 : INFO : EventManager : Event: ======'drop_target_s_left_bank_target_middle_up'====== Args={'device': <drop_target.s_left_bank_target_middle>}
2025-10-24 12:08:37,050 : INFO : EventManager : Event: ======'drop_target_s_left_bank_target_right_up'====== Args={'device': <drop_target.s_left_bank_target_right>}
2025-10-24 12:08:45,032 : INFO : SwitchController : <<<<<<< 's_left_sling' active >>>>>>>
2025-10-24 12:08:45,032 : INFO : EventManager : Event: ======'s_left_sling_active'====== Args={}
2025-10-24 12:08:45,032 : INFO : EventManager : Event: ======'machine_var_audits_switches_s_left_sling'====== Args={'value': 1, 'prev_value': 0, 'change': 1}
2025-10-24 12:08:45,033 : INFO : EventManager : Event: ======'player_score'====== Args={'value': 10, 'prev_value': 0, 'change': 10, 'player_num': 1, 'source': 'base'}
2025-10-24 12:08:45,251 : INFO : SwitchController : <<<<<<< 's_left_sling' inactive >>>>>>>
2025-10-24 12:08:45,594 : INFO : SwitchController : <<<<<<< 's_left_sling' active >>>>>>>
2025-10-24 12:08:45,594 : INFO : EventManager : Event: ======'s_left_sling_active'====== Args={}
2025-10-24 12:08:45,594 : INFO : EventManager : Event: ======'machine_var_audits_switches_s_left_sling'====== Args={'value': 2, 'prev_value': 1, 'change': 1}
2025-10-24 12:08:45,595 : INFO : EventManager : Event: ======'player_score'====== Args={'value': 20, 'prev_value': 10, 'change': 10, 'player_num': 1, 'source': 'base'}
2025-10-24 12:08:46,513 : INFO : EventManager : Event: ======'ball_save_default_ball_save_disabled'====== Args={}
2025-10-24 12:08:46,762 : INFO : ball_device.bd_trough : State: failed_confirm
2025-10-24 12:08:46,762 : INFO : ball_device.bd_trough : Got timeout (10.0s) before confirm from <playfield.playfield>
2025-10-24 12:08:46,857 : INFO : ball_device.bd_trough : Confirming eject because target is playfield and ball did not return.
2025-10-24 12:08:46,857 : INFO : ball_device.bd_trough : Eject successful
2025-10-24 12:08:46,857 : INFO : EventManager : Event: ======'balldevice_bd_trough_ball_eject_success'====== Args={'balls': 1, 'target': <playfield.playfield>}
2025-10-24 12:08:46,857 : INFO : EventManager : Event: ======'balldevice_playfield_ball_enter'====== Args={'new_balls': 1, 'unclaimed_balls': 1, 'device': <playfield.playfield>}
2025-10-24 12:08:46,858 : INFO : EventManager : Event: ======'playfield_ball_count_change'====== Args={'balls': 1, 'change': 1}
2025-10-24 12:08:46,858 : INFO : EventManager : Event: ======'balldevice_bd_trough_ball_count_changed'====== Args={'balls': 0}
2025-10-24 12:08:46,858 : INFO : ball_device.bd_trough : State: idle
2025-10-24 12:08:46,858 : INFO : SwitchController : <<<<<<< 's_left_sling' inactive >>>>>>>
2025-10-24 12:08:48,269 : INFO : SwitchController : <<<<<<< 's_left_bank_target_left' active >>>>>>>
2025-10-24 12:08:48,269 : INFO : EventManager : Event: ======'s_left_bank_target_left_active'====== Args={}
2025-10-24 12:08:48,269 : INFO : EventManager : Event: ======'drop_target_s_left_bank_target_left_down'====== Args={'device': <drop_target.s_left_bank_target_left>}
2025-10-24 12:08:48,269 : INFO : EventManager : Event: ======'drop_target_bank_left_bank_mixed'====== Args={'prev_value': <DropTargetBankState.UP: 'up'>, 'down': 1}
2025-10-24 12:08:48,269 : INFO : EventManager : Event: ======'machine_var_audits_switches_s_left_bank_target_left'====== Args={'value': 7, 'prev_value': 6, 'change': 1}
2025-10-24 12:08:48,270 : INFO : EventManager : Event: ======'player_score'====== Args={'value': 120, 'prev_value': 20, 'change': 100, 'player_num': 1, 'source': 'base'}
2025-10-24 12:08:48,284 : INFO : SwitchController : <<<<<<< 's_left_bank_target_left' inactive >>>>>>>
2025-10-24 12:08:48,284 : INFO : EventManager : Event: ======'drop_target_s_left_bank_target_left_up'====== Args={'device': <drop_target.s_left_bank_target_left>}
2025-10-24 12:08:48,284 : INFO : EventManager : Event: ======'drop_target_bank_left_bank_up'====== Args={}
2025-10-24 12:08:48,299 : INFO : SwitchController : <<<<<<< 's_left_bank_target_left' active >>>>>>>
2025-10-24 12:08:48,299 : INFO : EventManager : Event: ======'s_left_bank_target_left_active'====== Args={}
2025-10-24 12:08:48,299 : INFO : EventManager : Event: ======'drop_target_s_left_bank_target_left_down'====== Args={'device': <drop_target.s_left_bank_target_left>}
2025-10-24 12:08:48,300 : INFO : EventManager : Event: ======'drop_target_bank_left_bank_mixed'====== Args={'prev_value': <DropTargetBankState.UP: 'up'>, 'down': 1}
2025-10-24 12:08:48,300 : INFO : EventManager : Event: ======'machine_var_audits_switches_s_left_bank_target_left'====== Args={'value': 8, 'prev_value': 7, 'change': 1}
2025-10-24 12:08:48,300 : INFO : EventManager : Event: ======'player_score'====== Args={'value': 220, 'prev_value': 120, 'change': 100, 'player_num': 1, 'source': 'base'}
2025-10-24 12:08:49,422 : INFO : SwitchController : <<<<<<< 's_left_bank_target_right' active >>>>>>>
2025-10-24 12:08:49,422 : INFO : EventManager : Event: ======'s_left_bank_target_right_active'====== Args={}
2025-10-24 12:08:49,422 : INFO : EventManager : Event: ======'drop_target_s_left_bank_target_right_down'====== Args={'device': <drop_target.s_left_bank_target_right>}
2025-10-24 12:08:49,422 : INFO : EventManager : Event: ======'drop_target_bank_left_bank_mixed'====== Args={'prev_value': <DropTargetBankState.MIXED: 'mixed'>, 'down': 2}
2025-10-24 12:08:49,422 : INFO : EventManager : Event: ======'machine_var_audits_switches_s_left_bank_target_right'====== Args={'value': 7, 'prev_value': 6, 'change': 1}
2025-10-24 12:08:49,424 : INFO : EventManager : Event: ======'player_score'====== Args={'value': 320, 'prev_value': 220, 'change': 100, 'player_num': 1, 'source': 'base'}
2025-10-24 12:08:50,202 : INFO : SwitchController : <<<<<<< 's_left_bank_target_middle' active >>>>>>>
2025-10-24 12:08:50,202 : INFO : EventManager : Event: ======'s_left_bank_target_middle_active'====== Args={}
2025-10-24 12:08:50,202 : INFO : EventManager : Event: ======'drop_target_s_left_bank_target_middle_down'====== Args={'device': <drop_target.s_left_bank_target_middle>}
2025-10-24 12:08:50,202 : INFO : EventManager : Event: ======'drop_target_bank_left_bank_down'====== Args={}
2025-10-24 12:08:50,202 : INFO : EventManager : Event: ======'machine_var_audits_switches_s_left_bank_target_middle'====== Args={'value': 7, 'prev_value': 6, 'change': 1}
2025-10-24 12:08:50,204 : INFO : EventManager : Event: ======'player_score'====== Args={'value': 420, 'prev_value': 320, 'change': 100, 'player_num': 1, 'source': 'base'}
2025-10-24 12:08:50,204 : INFO : drop_target_bank.left_bank : 3 targets are down. Will reset those.
2025-10-24 12:08:50,205 : INFO : coil.c_drop_target_left : Pulsing Driver for 50ms (1.0 pulse_power)
2025-10-24 12:08:50,266 : INFO : SwitchController : <<<<<<< 's_left_bank_target_middle' inactive (muted) >>>>>>>
2025-10-24 12:08:50,282 : INFO : SwitchController : <<<<<<< 's_left_bank_target_left' inactive (muted) >>>>>>>
2025-10-24 12:08:50,287 : INFO : SwitchController : <<<<<<< 's_left_bank_target_right' inactive (muted) >>>>>>>
2025-10-24 12:08:50,689 : INFO : EventManager : Event: ======'drop_target_s_left_bank_target_left_up'====== Args={'device': <drop_target.s_left_bank_target_left>}
2025-10-24 12:08:50,689 : INFO : EventManager : Event: ======'drop_target_s_left_bank_target_middle_up'====== Args={'device': <drop_target.s_left_bank_target_middle>}
2025-10-24 12:08:50,689 : INFO : EventManager : Event: ======'drop_target_s_left_bank_target_right_up'====== Args={'device': <drop_target.s_left_bank_target_right>}
2025-10-24 12:08:50,689 : INFO : EventManager : Event: ======'drop_target_bank_left_bank_up'====== Args={}
2025-10-24 12:08:54,411 : INFO : SwitchController : <<<<<<< 's_spinner' active >>>>>>>
2025-10-24 12:08:54,411 : INFO : EventManager : Event: ======'s_spinner_active'====== Args={}
2025-10-24 12:08:54,411 : INFO : EventManager : Event: ======'machine_var_audits_switches_s_spinner'====== Args={'value': 2, 'prev_value': 1, 'change': 1}
2025-10-24 12:08:54,412 : INFO : EventManager : Event: ======'player_score'====== Args={'value': 520, 'prev_value': 420, 'change': 100, 'player_num': 1, 'source': 'base'}
2025-10-24 12:08:54,441 : INFO : SwitchController : <<<<<<< 's_spinner' inactive >>>>>>>
2025-10-24 12:08:54,504 : INFO : SwitchController : <<<<<<< 's_spinner' active >>>>>>>
2025-10-24 12:08:54,504 : INFO : EventManager : Event: ======'machine_var_audits_switches_s_spinner'====== Args={'value': 3, 'prev_value': 2, 'change': 1}
2025-10-24 12:08:54,511 : INFO : SwitchController : <<<<<<< 's_spinner' inactive >>>>>>>
2025-10-24 12:08:54,581 : INFO : SwitchController : <<<<<<< 's_spinner' active >>>>>>>
2025-10-24 12:08:54,581 : INFO : EventManager : Event: ======'machine_var_audits_switches_s_spinner'====== Args={'value': 4, 'prev_value': 3, 'change': 1}
2025-10-24 12:08:54,588 : INFO : SwitchController : <<<<<<< 's_spinner' inactive >>>>>>>
2025-10-24 12:08:54,660 : INFO : SwitchController : <<<<<<< 's_spinner' active >>>>>>>
2025-10-24 12:08:54,660 : INFO : EventManager : Event: ======'machine_var_audits_switches_s_spinner'====== Args={'value': 5, 'prev_value': 4, 'change': 1}
2025-10-24 12:08:54,667 : INFO : SwitchController : <<<<<<< 's_spinner' inactive >>>>>>>
2025-10-24 12:08:54,737 : INFO : SwitchController : <<<<<<< 's_spinner' active >>>>>>>
2025-10-24 12:08:54,738 : INFO : EventManager : Event: ======'machine_var_audits_switches_s_spinner'====== Args={'value': 6, 'prev_value': 5, 'change': 1}
2025-10-24 12:08:54,784 : INFO : SwitchController : <<<<<<< 's_spinner' inactive >>>>>>>
2025-10-24 12:08:54,846 : INFO : SwitchController : <<<<<<< 's_spinner' active >>>>>>>
2025-10-24 12:08:54,846 : INFO : EventManager : Event: ======'machine_var_audits_switches_s_spinner'====== Args={'value': 7, 'prev_value': 6, 'change': 1}
2025-10-24 12:08:54,852 : INFO : SwitchController : <<<<<<< 's_spinner' inactive >>>>>>>
2025-10-24 12:08:54,925 : INFO : SwitchController : <<<<<<< 's_spinner' active >>>>>>>
2025-10-24 12:08:54,925 : INFO : EventManager : Event: ======'machine_var_audits_switches_s_spinner'====== Args={'value': 8, 'prev_value': 7, 'change': 1}
2025-10-24 12:08:54,956 : INFO : SwitchController : <<<<<<< 's_spinner' inactive >>>>>>>
2025-10-24 12:08:55,019 : INFO : SwitchController : <<<<<<< 's_spinner' active >>>>>>>
2025-10-24 12:08:55,019 : INFO : EventManager : Event: ======'machine_var_audits_switches_s_spinner'====== Args={'value': 9, 'prev_value': 8, 'change': 1}
2025-10-24 12:08:55,026 : INFO : SwitchController : <<<<<<< 's_spinner' inactive >>>>>>>
2025-10-24 12:08:55,127 : INFO : SwitchController : <<<<<<< 's_spinner' active >>>>>>>
2025-10-24 12:08:55,127 : INFO : EventManager : Event: ======'machine_var_audits_switches_s_spinner'====== Args={'value': 10, 'prev_value': 9, 'change': 1}
2025-10-24 12:08:55,134 : INFO : SwitchController : <<<<<<< 's_spinner' inactive >>>>>>>
2025-10-24 12:08:55,236 : INFO : SwitchController : <<<<<<< 's_spinner' active >>>>>>>
2025-10-24 12:08:55,236 : INFO : EventManager : Event: ======'machine_var_audits_switches_s_spinner'====== Args={'value': 11, 'prev_value': 10, 'change': 1}
2025-10-24 12:08:55,244 : INFO : SwitchController : <<<<<<< 's_spinner' inactive >>>>>>>
2025-10-24 12:08:55,314 : INFO : SwitchController : <<<<<<< 's_spinner' active >>>>>>>
2025-10-24 12:08:55,314 : INFO : EventManager : Event: ======'machine_var_audits_switches_s_spinner'====== Args={'value': 12, 'prev_value': 11, 'change': 1}
2025-10-24 12:08:55,345 : INFO : SwitchController : <<<<<<< 's_spinner' inactive >>>>>>>
2025-10-24 12:08:55,440 : INFO : SwitchController : <<<<<<< 's_spinner' active >>>>>>>
2025-10-24 12:08:55,440 : INFO : EventManager : Event: ======'machine_var_audits_switches_s_spinner'====== Args={'value': 13, 'prev_value': 12, 'change': 1}
2025-10-24 12:08:55,446 : INFO : SwitchController : <<<<<<< 's_spinner' inactive >>>>>>>
2025-10-24 12:08:55,534 : INFO : SwitchController : <<<<<<< 's_spinner' active >>>>>>>
2025-10-24 12:08:55,534 : INFO : EventManager : Event: ======'machine_var_audits_switches_s_spinner'====== Args={'value': 14, 'prev_value': 13, 'change': 1}
2025-10-24 12:08:55,565 : INFO : SwitchController : <<<<<<< 's_spinner' inactive >>>>>>>
2025-10-24 12:08:55,658 : INFO : SwitchController : <<<<<<< 's_spinner' active >>>>>>>
2025-10-24 12:08:55,658 : INFO : EventManager : Event: ======'machine_var_audits_switches_s_spinner'====== Args={'value': 15, 'prev_value': 14, 'change': 1}
2025-10-24 12:08:55,665 : INFO : SwitchController : <<<<<<< 's_spinner' inactive >>>>>>>
2025-10-24 12:08:55,784 : INFO : SwitchController : <<<<<<< 's_spinner' active >>>>>>>
2025-10-24 12:08:55,784 : INFO : EventManager : Event: ======'machine_var_audits_switches_s_spinner'====== Args={'value': 16, 'prev_value': 15, 'change': 1}
2025-10-24 12:08:55,791 : INFO : SwitchController : <<<<<<< 's_spinner' inactive >>>>>>>
2025-10-24 12:08:55,894 : INFO : SwitchController : <<<<<<< 's_spinner' active >>>>>>>
2025-10-24 12:08:55,895 : INFO : EventManager : Event: ======'machine_var_audits_switches_s_spinner'====== Args={'value': 17, 'prev_value': 16, 'change': 1}
2025-10-24 12:08:55,956 : INFO : SwitchController : <<<<<<< 's_spinner' inactive >>>>>>>
2025-10-24 12:08:56,018 : INFO : SwitchController : <<<<<<< 's_spinner' active >>>>>>>
2025-10-24 12:08:56,018 : INFO : EventManager : Event: ======'machine_var_audits_switches_s_spinner'====== Args={'value': 18, 'prev_value': 17, 'change': 1}
2025-10-24 12:08:56,080 : INFO : SwitchController : <<<<<<< 's_spinner' inactive >>>>>>>
2025-10-24 12:08:56,174 : INFO : SwitchController : <<<<<<< 's_spinner' active >>>>>>>
2025-10-24 12:08:56,175 : INFO : EventManager : Event: ======'machine_var_audits_switches_s_spinner'====== Args={'value': 19, 'prev_value': 18, 'change': 1}
2025-10-24 12:08:56,236 : INFO : SwitchController : <<<<<<< 's_spinner' inactive >>>>>>>
2025-10-24 12:08:56,329 : INFO : SwitchController : <<<<<<< 's_spinner' active >>>>>>>
2025-10-24 12:08:56,329 : INFO : EventManager : Event: ======'machine_var_audits_switches_s_spinner'====== Args={'value': 20, 'prev_value': 19, 'change': 1}
2025-10-24 12:08:56,390 : INFO : SwitchController : <<<<<<< 's_spinner' inactive >>>>>>>
2025-10-24 12:08:56,514 : INFO : SwitchController : <<<<<<< 's_spinner' active >>>>>>>
2025-10-24 12:08:56,515 : INFO : EventManager : Event: ======'machine_var_audits_switches_s_spinner'====== Args={'value': 21, 'prev_value': 20, 'change': 1}
2025-10-24 12:08:56,544 : INFO : SwitchController : <<<<<<< 's_spinner' inactive >>>>>>>
2025-10-24 12:08:56,684 : INFO : SwitchController : <<<<<<< 's_spinner' active >>>>>>>
2025-10-24 12:08:56,684 : INFO : EventManager : Event: ======'machine_var_audits_switches_s_spinner'====== Args={'value': 22, 'prev_value': 21, 'change': 1}
2025-10-24 12:08:56,762 : INFO : SwitchController : <<<<<<< 's_spinner' inactive >>>>>>>
2025-10-24 12:08:56,899 : INFO : SwitchController : <<<<<<< 's_spinner' active >>>>>>>
2025-10-24 12:08:56,899 : INFO : EventManager : Event: ======'machine_var_audits_switches_s_spinner'====== Args={'value': 23, 'prev_value': 22, 'change': 1}
2025-10-24 12:08:57,009 : INFO : SwitchController : <<<<<<< 's_spinner' inactive >>>>>>>
2025-10-24 12:08:57,149 : INFO : SwitchController : <<<<<<< 's_spinner' active >>>>>>>
2025-10-24 12:08:57,149 : INFO : EventManager : Event: ======'machine_var_audits_switches_s_spinner'====== Args={'value': 24, 'prev_value': 23, 'change': 1}
2025-10-24 12:08:57,323 : INFO : SwitchController : <<<<<<< 's_spinner' inactive >>>>>>>
2025-10-24 12:08:59,315 : INFO : SwitchController : <<<<<<< 's_outer_skill_lanes' active >>>>>>>
2025-10-24 12:08:59,315 : INFO : EventManager : Event: ======'s_outer_skill_lanes_active'====== Args={}
2025-10-24 12:08:59,315 : INFO : EventManager : Event: ======'machine_var_audits_switches_s_outer_skill_lanes'====== Args={'value': 1, 'prev_value': 0, 'change': 1}
2025-10-24 12:08:59,317 : INFO : EventManager : Event: ======'play_skilllane_quote_5'====== Args={}
2025-10-24 12:08:59,317 : INFO : EventManager : Event: ======'player_score'====== Args={'value': 1020, 'prev_value': 520, 'change': 500, 'player_num': 1, 'source': 'base'}
2025-10-24 12:08:59,876 : INFO : SwitchController : <<<<<<< 's_outer_skill_lanes' inactive >>>>>>>
2025-10-24 12:09:04,060 : INFO : SwitchController : <<<<<<< 's_middle_skill_lane' active >>>>>>>
2025-10-24 12:09:04,060 : INFO : EventManager : Event: ======'s_middle_skill_lane_active'====== Args={}
2025-10-24 12:09:04,060 : INFO : EventManager : Event: ======'machine_var_audits_switches_s_middle_skill_lane'====== Args={'value': 3, 'prev_value': 2, 'change': 1}
2025-10-24 12:09:04,061 : INFO : EventManager : Event: ======'play_skilllane_quote_5'====== Args={}
2025-10-24 12:09:04,061 : INFO : EventManager : Event: ======'player_score'====== Args={'value': 1520, 'prev_value': 1020, 'change': 500, 'player_num': 1, 'source': 'base'}
2025-10-24 12:09:04,559 : INFO : SwitchController : <<<<<<< 's_middle_skill_lane' inactive >>>>>>>
2025-10-24 12:09:06,503 : INFO : SwitchController : <<<<<<< 's_middle_skill_lane' active >>>>>>>
2025-10-24 12:09:06,503 : INFO : EventManager : Event: ======'s_middle_skill_lane_active'====== Args={}
2025-10-24 12:09:06,503 : INFO : EventManager : Event: ======'machine_var_audits_switches_s_middle_skill_lane'====== Args={'value': 4, 'prev_value': 3, 'change': 1}
2025-10-24 12:09:06,504 : INFO : EventManager : Event: ======'play_skilllane_quote_4'====== Args={}
2025-10-24 12:09:06,504 : INFO : EventManager : Event: ======'player_score'====== Args={'value': 2020, 'prev_value': 1520, 'change': 500, 'player_num': 1, 'source': 'base'}
2025-10-24 12:09:07,062 : INFO : SwitchController : <<<<<<< 's_middle_skill_lane' inactive >>>>>>>
2025-10-24 12:09:08,937 : INFO : SwitchController : <<<<<<< 's_saucer' active >>>>>>>
2025-10-24 12:09:08,937 : INFO : EventManager : Event: ======'s_saucer_active'====== Args={}
2025-10-24 12:09:08,937 : INFO : EventManager : Event: ======'machine_var_audits_switches_s_saucer'====== Args={'value': 1, 'prev_value': 0, 'change': 1}
2025-10-24 12:09:08,938 : INFO : EventManager : Event: ======'mode_escape_graveyard_will_start'====== Args={}
2025-10-24 12:09:08,938 : INFO : EventManager : Event: ======'player_escape_graveyard_escape_graveyard_tick'====== Args={'value': 45, 'prev_value': 0, 'change': 45, 'player_num': 1}
2025-10-24 12:09:08,938 : INFO : EventManager : Event: ======'player_escape_graveyard_spinner_scream_cooldown_tick'====== Args={'value': 0, 'prev_value': 0, 'change': 0, 'player_num': 1}
2025-10-24 12:09:08,940 : ERROR : asyncio : Exception in callback EventManager.process_event_queue()
handle: <Handle EventManager.process_event_queue()>
Traceback (most recent call last):
  File "C:\Users\antho\mpf\Lib\site-packages\mpf\core\placeholder_manager.py", line 663, in _parse_template
    return ast.parse(template_str, mode='eval').body
           ^^^^^^^^^^^^^^^^^^^^^^^^^^^^^^^^^^^^
  File "C:\Users\antho\AppData\Local\Programs\Python\Python312\Lib\ast.py", line 52, in parse
    return compile(source, filename, mode, flags,
           ^^^^^^^^^^^^^^^^^^^^^^^^^^^^^^^^^^^^^^
  File "<unknown>", line 1
    time>10s
          ^
SyntaxError: invalid decimal literal

During handling of the above exception, another exception occurred:

Traceback (most recent call last):
  File "C:\Users\antho\mpf\Lib\site-packages\mpf\core\events.py", line 755, in _run_handlers
    result = handler.callback(**merged_kwargs)
             ^^^^^^^^^^^^^^^^^^^^^^^^^^^^^^^^^
  File "C:\Users\antho\mpf\Lib\site-packages\mpf\core\mode.py", line 218, in start
    result = item.method(config=self.config.get(item.config_section, self.config),
             ^^^^^^^^^^^^^^^^^^^^^^^^^^^^^^^^^^^^^^^^^^^^^^^^^^^^^^^^^^^^^^^^^^^^^
  File "C:\Users\antho\mpf\Lib\site-packages\mpf\core\config_player.py", line 221, in mode_start
    event_keys = self.register_player_events(config, mode, priority)
                 ^^^^^^^^^^^^^^^^^^^^^^^^^^^^^^^^^^^^^^^^^^^^^^^^^^^
  File "C:\Users\antho\mpf\Lib\site-packages\mpf\core\config_player.py", line 315, in register_player_events
    self.machine.events.add_handler(
  File "C:\Users\antho\mpf\Lib\site-packages\mpf\core\events.py", line 235, in add_handler
    event, condition, additional_priority = self.get_event_and_condition_from_string(event)
                                            ^^^^^^^^^^^^^^^^^^^^^^^^^^^^^^^^^^^^^^^^^^^^^^^
  File "C:\Users\antho\mpf\Lib\site-packages\mpf\core\events.py", line 90, in get_event_and_condition_from_string
    placeholder = self.machine.placeholder_manager.build_bool_template(event_string[first_bracket_pos + 1:-1])
                  ^^^^^^^^^^^^^^^^^^^^^^^^^^^^^^^^^^^^^^^^^^^^^^^^^^^^^^^^^^^^^^^^^^^^^^^^^^^^^^^^^^^^^^^^^^^^
  File "C:\Users\antho\mpf\Lib\site-packages\mpf\core\placeholder_manager.py", line 810, in build_bool_template
    return BoolTemplate(self._parse_template(template_str), template_str, self, default_value)
                        ^^^^^^^^^^^^^^^^^^^^^^^^^^^^^^^^^^
  File "C:\Users\antho\mpf\Lib\site-packages\mpf\core\placeholder_manager.py", line 665, in _parse_template
    raise AssertionError('Failed to parse template "{}"'.format(template_str))
AssertionError: Failed to parse template "time>10s"

The above exception was the direct cause of the following exception:

Traceback (most recent call last):
  File "C:\Users\antho\AppData\Local\Programs\Python\Python312\Lib\asyncio\events.py", line 88, in _run
    self._context.run(self._callback, *self._args)
  File "C:\Users\antho\mpf\Lib\site-packages\mpf\core\events.py", line 846, in process_event_queue
    self._process_event(event=event[0],
  File "C:\Users\antho\mpf\Lib\site-packages\mpf\core\events.py", line 808, in _process_event
    result = self._run_handlers(event, ev_type, kwargs)
             ^^^^^^^^^^^^^^^^^^^^^^^^^^^^^^^^^^^^^^^^^^
  File "C:\Users\antho\mpf\Lib\site-packages\mpf\core\events.py", line 757, in _run_handlers
    raise EventHandlerException(
mpf.core.events.EventHandlerException: Exception while processing RegisteredHandler(callback=<bound method Mode.start of <Mode.escape_graveyard>>, priority=100, kwargs={}, key=UUID('d9f38de0-6a30-477f-be6a-3847bbd8a3e3'), condition=None, blocking_facility=None) for event s_saucer_active. Failed to parse template "time>10s"
2025-10-24 12:09:09,029 : INFO : SwitchController : <<<<<<< 's_saucer' inactive >>>>>>>
2025-10-24 12:09:09,029 : INFO : Machine : Shutting down...
2025-10-24 12:09:09,030 : INFO : EventManager : Event: ======'shutdown'====== Args={}
2025-10-24 12:09:09,031 : INFO : EventManager : Event: ======'mode_game_will_stop'====== Args={}
2025-10-24 12:09:09,031 : INFO : EventManager : Event: ======'mode_game_stopping'====== Args={}
2025-10-24 12:09:09,032 : INFO : SwitchController : <<<<<<< 's_saucer' active >>>>>>>
2025-10-24 12:09:09,032 : INFO : EventManager : Event: ======'s_saucer_active'====== Args={}
2025-10-24 12:09:09,032 : INFO : EventManager : Event: ======'machine_var_audits_switches_s_saucer'====== Args={'value': 2, 'prev_value': 1, 'change': 1}
2025-10-24 12:09:09,033 : INFO : EventManager : Event: ======'mode_base_will_stop'====== Args={}
2025-10-24 12:09:09,033 : INFO : EventManager : Event: ======'mode_base_stopping'====== Args={}
2025-10-24 12:09:09,033 : INFO : EventManager : Event: ======'stop_base_music'====== Args={'priority': 0}
2025-10-24 12:09:09,033 : INFO : Mode.base : Stopped.
2025-10-24 12:09:09,034 : INFO : EventManager : Event: ======'modes_active_modes_changed'====== Args={}
2025-10-24 12:09:09,034 : INFO : EventManager : Event: ======'mode_base_stopped'====== Args={}
2025-10-24 12:09:09,034 : INFO : EventManager : Event: ======'clear'====== Args={'key': 'base'}
2025-10-24 12:09:09,035 : INFO : Mode.game : Stopped.
2025-10-24 12:09:09,035 : INFO : EventManager : Event: ======'modes_active_modes_changed'====== Args={}
2025-10-24 12:09:09,035 : INFO : EventManager : Event: ======'mode_game_stopped'====== Args={}
2025-10-24 12:09:09,035 : INFO : EventManager : Event: ======'clear'====== Args={'key': 'game'}
2025-10-24 12:09:09,139 : ERROR : Machine : Runtime Exception
Traceback (most recent call last):
  File "C:\Users\antho\mpf\Lib\site-packages\mpf\core\placeholder_manager.py", line 663, in _parse_template
    return ast.parse(template_str, mode='eval').body
           ^^^^^^^^^^^^^^^^^^^^^^^^^^^^^^^^^^^^
  File "C:\Users\antho\AppData\Local\Programs\Python\Python312\Lib\ast.py", line 52, in parse
    return compile(source, filename, mode, flags,
           ^^^^^^^^^^^^^^^^^^^^^^^^^^^^^^^^^^^^^^
  File "<unknown>", line 1
    time>10s
          ^
SyntaxError: invalid decimal literal

During handling of the above exception, another exception occurred:

Traceback (most recent call last):
  File "C:\Users\antho\mpf\Lib\site-packages\mpf\core\events.py", line 755, in _run_handlers
    result = handler.callback(**merged_kwargs)
             ^^^^^^^^^^^^^^^^^^^^^^^^^^^^^^^^^
  File "C:\Users\antho\mpf\Lib\site-packages\mpf\core\mode.py", line 218, in start
    result = item.method(config=self.config.get(item.config_section, self.config),
             ^^^^^^^^^^^^^^^^^^^^^^^^^^^^^^^^^^^^^^^^^^^^^^^^^^^^^^^^^^^^^^^^^^^^^
  File "C:\Users\antho\mpf\Lib\site-packages\mpf\core\config_player.py", line 221, in mode_start
    event_keys = self.register_player_events(config, mode, priority)
                 ^^^^^^^^^^^^^^^^^^^^^^^^^^^^^^^^^^^^^^^^^^^^^^^^^^^
  File "C:\Users\antho\mpf\Lib\site-packages\mpf\core\config_player.py", line 315, in register_player_events
    self.machine.events.add_handler(
  File "C:\Users\antho\mpf\Lib\site-packages\mpf\core\events.py", line 235, in add_handler
    event, condition, additional_priority = self.get_event_and_condition_from_string(event)
                                            ^^^^^^^^^^^^^^^^^^^^^^^^^^^^^^^^^^^^^^^^^^^^^^^
  File "C:\Users\antho\mpf\Lib\site-packages\mpf\core\events.py", line 90, in get_event_and_condition_from_string
    placeholder = self.machine.placeholder_manager.build_bool_template(event_string[first_bracket_pos + 1:-1])
                  ^^^^^^^^^^^^^^^^^^^^^^^^^^^^^^^^^^^^^^^^^^^^^^^^^^^^^^^^^^^^^^^^^^^^^^^^^^^^^^^^^^^^^^^^^^^^
  File "C:\Users\antho\mpf\Lib\site-packages\mpf\core\placeholder_manager.py", line 810, in build_bool_template
    return BoolTemplate(self._parse_template(template_str), template_str, self, default_value)
                        ^^^^^^^^^^^^^^^^^^^^^^^^^^^^^^^^^^
  File "C:\Users\antho\mpf\Lib\site-packages\mpf\core\placeholder_manager.py", line 665, in _parse_template
    raise AssertionError('Failed to parse template "{}"'.format(template_str))
AssertionError: Failed to parse template "time>10s"

The above exception was the direct cause of the following exception:

Traceback (most recent call last):
  File "C:\Users\antho\mpf\Lib\site-packages\mpf\core\machine.py", line 810, in _run_loop
    raise self._exception['exception']
  File "C:\Users\antho\AppData\Local\Programs\Python\Python312\Lib\asyncio\events.py", line 88, in _run
    self._context.run(self._callback, *self._args)
  File "C:\Users\antho\mpf\Lib\site-packages\mpf\core\events.py", line 846, in process_event_queue
    self._process_event(event=event[0],
  File "C:\Users\antho\mpf\Lib\site-packages\mpf\core\events.py", line 808, in _process_event
    result = self._run_handlers(event, ev_type, kwargs)
             ^^^^^^^^^^^^^^^^^^^^^^^^^^^^^^^^^^^^^^^^^^
  File "C:\Users\antho\mpf\Lib\site-packages\mpf\core\events.py", line 757, in _run_handlers
    raise EventHandlerException(
mpf.core.events.EventHandlerException: Exception while processing RegisteredHandler(callback=<bound method Mode.start of <Mode.escape_graveyard>>, priority=100, kwargs={}, key=UUID('d9f38de0-6a30-477f-be6a-3847bbd8a3e3'), condition=None, blocking_facility=None) for event s_saucer_active. Failed to parse template "time>10s"
2025-10-24 12:09:09,142 : INFO : root : MPF run loop ended.
