2025-10-24 13:47:50,638 : INFO : root : Loading config.
2025-10-24 13:47:50,645 : INFO : YamlMultifileConfigLoader : Machine config file #1: config.yaml
2025-10-24 13:47:50,646 : INFO : ConfigProcessor : Loading config from cache: C:\Users\antho\AppData\Local\Temp\fdca14d0c9d658ab8200d57120800af5.mpf_cache
2025-10-24 13:47:50,791 : WARNING : ConfigProcessor : Config file in cache changed: C:\Users\antho\nightpin\modes\attract\config\attract.yaml
2025-10-24 13:47:50,791 : INFO : ConfigProcessor : Loading config from file C:\Users\antho\mpf\Lib\site-packages\mpf\modes\attract\config\attract.yaml.
2025-10-24 13:47:50,794 : INFO : ConfigProcessor : Loading config: C:\Users\antho\mpf\Lib\site-packages\mpf\modes\attract\config\attract.yaml
2025-10-24 13:47:50,794 : INFO : ConfigProcessor : Loading config from file C:\Users\antho\nightpin\modes\attract\config\attract.yaml.
2025-10-24 13:47:50,796 : INFO : ConfigProcessor : Loading config: C:\Users\antho\nightpin\modes\attract\config\attract.yaml
2025-10-24 13:47:50,797 : INFO : ConfigProcessor : Config file cache created: C:\Users\antho\AppData\Local\Temp\5dec96b1547c4adf5bdd3d1715e74bc0.mpf_cache
2025-10-24 13:47:50,798 : INFO : ConfigProcessor : Loading config from cache: C:\Users\antho\AppData\Local\Temp\202a5840610e95051f9f473dfa660cc0.mpf_cache
2025-10-24 13:47:50,798 : INFO : ConfigProcessor : Loading config from cache: C:\Users\antho\AppData\Local\Temp\5dec96b1547c4adf5bdd3d1715e74bc0.mpf_cache
2025-10-24 13:47:50,801 : INFO : ConfigProcessor : Loading config from cache: C:\Users\antho\AppData\Local\Temp\2cd13a2d3f375e00ab01d6d09a85d8e7.mpf_cache
2025-10-24 13:47:50,802 : INFO : ConfigProcessor : Loading config from cache: C:\Users\antho\AppData\Local\Temp\9220b44b97b91972524500b81035d790.mpf_cache
2025-10-24 13:47:50,803 : INFO : ConfigProcessor : Loading config from cache: C:\Users\antho\AppData\Local\Temp\dab29d17bbe6500d014c71b0a57bd9b0.mpf_cache
2025-10-24 13:47:50,804 : INFO : ConfigProcessor : Loading config from cache: C:\Users\antho\AppData\Local\Temp\b17152efa55a24f0424602723f8d3921.mpf_cache
2025-10-24 13:47:50,804 : INFO : ConfigProcessor : Loading config from cache: C:\Users\antho\AppData\Local\Temp\e87fc0e7d2f8a851b5fa3f604e0d0c6e.mpf_cache
2025-10-24 13:47:50,805 : INFO : ConfigProcessor : Loading config from cache: C:\Users\antho\AppData\Local\Temp\196ac76b6cab3a9880804c826cfbcb5c.mpf_cache
2025-10-24 13:47:50,805 : INFO : ConfigProcessor : Loading config from cache: C:\Users\antho\AppData\Local\Temp\834292dd7853e12a66732dc89828c828.mpf_cache
2025-10-24 13:47:50,806 : INFO : ConfigProcessor : Loading config from cache: C:\Users\antho\AppData\Local\Temp\ae2be9c5579852c305357e207df97e8b.mpf_cache
2025-10-24 13:47:50,806 : INFO : ConfigProcessor : Loading config from cache: C:\Users\antho\AppData\Local\Temp\46f8fa3e41dfeeb8232af2f03a13b6c4.mpf_cache
2025-10-24 13:47:50,807 : INFO : ConfigProcessor : Loading config from cache: C:\Users\antho\AppData\Local\Temp\c67e9c175da6c060302945929b27b878.mpf_cache
2025-10-24 13:47:50,807 : INFO : ConfigProcessor : Loading config from cache: C:\Users\antho\AppData\Local\Temp\1c965aadbb61a7e709e8884fad17ac0b.mpf_cache
2025-10-24 13:47:50,808 : INFO : ConfigProcessor : Loading config from cache: C:\Users\antho\AppData\Local\Temp\60ca9d662df3e70e96f6d7ec0f4491aa.mpf_cache
2025-10-24 13:47:50,809 : INFO : Machine : Mission Pinball Framework Core Engine v0.80.0.dev11
2025-10-24 13:47:50,809 : INFO : Machine : Command line arguments: {'no_load_cache': False, 'create_config_cache': True, 'bcp': True, 'configfile': ['config.yaml'], 'force_assets_load': False, 'platform_integration_test': False, 'jsonlogging': False, 'logfile': 'logs\\2025-10-24-13-47-50-mpf-LAPTOP-MPGP6R69.log', 'pause': False, 'production': False, 'text_ui': True, 'loglevel': 15, 'consoleloglevel': 20, 'force_platform': None, 'syslog_address': None, 'full_logfile_path': 'C:\\Users\\antho\\nightpin\\logs\\2025-10-24-13-47-50-mpf-LAPTOP-MPGP6R69.log'}
2025-10-24 13:47:50,809 : INFO : Machine : MPF path: C:\Users\antho\mpf\Lib\site-packages\mpf
2025-10-24 13:47:50,809 : INFO : Machine : Machine path: C:\Users\antho\nightpin
2025-10-24 13:47:50,809 : INFO : Machine : Platform: win32
2025-10-24 13:47:50,809 : INFO : Machine : Python executable location: C:\Users\antho\mpf\Scripts\python.exe
2025-10-24 13:47:50,809 : INFO : Machine : Python version: 3.12.7 (64-bit)
2025-10-24 13:47:50,811 : INFO : Machine : Initializing MPF...
2025-10-24 13:47:51,086 : INFO : lisy : Connecting to com3 at 115200bps
2025-10-24 13:47:51,087 : WARNING : lisy : Could not import terminos (this is ok on windows).
2025-10-24 13:47:51,248 : INFO : EventManager : Event: ======'machine_var_lisy_hardware'====== Args={'value': 'LISY35', 'prev_value': None, 'change': True}
2025-10-24 13:47:51,248 : INFO : EventManager : Event: ======'machine_var_lisy_version'====== Args={'value': '5.26 ', 'prev_value': None, 'change': True}
2025-10-24 13:47:51,248 : INFO : EventManager : Event: ======'machine_var_lisy_api_version'====== Args={'value': b'0.09', 'prev_value': None, 'change': True}
2025-10-24 13:47:52,572 : INFO : EventManager : Event: ======'machine_var_credits_string'====== Args={'value': 'FREE PLAY', 'prev_value': None, 'change': True}
2025-10-24 13:47:52,603 : INFO : EventManager : Event: ======'machine_var_master_volume'====== Args={'value': 0.5, 'prev_value': None, 'change': True}
2025-10-24 13:47:52,603 : INFO : EventManager : Event: ======'machine_var_mpf_version'====== Args={'value': 'Mission Pinball Framework v0.80.0.dev11', 'prev_value': None, 'change': True}
2025-10-24 13:47:52,603 : INFO : EventManager : Event: ======'machine_var_mpf_extended_version'====== Args={'value': 'Mission Pinball Framework v0.80.0.dev11, Config version:6, Show version: 6, BCP version:1.1', 'prev_value': None, 'change': True}
2025-10-24 13:47:52,604 : INFO : EventManager : Event: ======'machine_var_python_version'====== Args={'value': '3.12.7', 'prev_value': None, 'change': True}
2025-10-24 13:47:52,701 : INFO : EventManager : Event: ======'machine_var_platform'====== Args={'value': 'Windows-11-10.0.26100-SP0', 'prev_value': None, 'change': True}
2025-10-24 13:47:52,701 : INFO : EventManager : Event: ======'machine_var_platform_system'====== Args={'value': 'Windows', 'prev_value': None, 'change': True}
2025-10-24 13:47:52,701 : INFO : EventManager : Event: ======'machine_var_platform_release'====== Args={'value': '11', 'prev_value': None, 'change': True}
2025-10-24 13:47:52,701 : INFO : EventManager : Event: ======'machine_var_platform_version'====== Args={'value': '10.0.26100', 'prev_value': None, 'change': True}
2025-10-24 13:47:52,701 : INFO : EventManager : Event: ======'machine_var_platform_machine'====== Args={'value': 'AMD64', 'prev_value': None, 'change': True}
2025-10-24 13:47:52,701 : INFO : EventManager : Event: ======'machine_var_log_file_path'====== Args={'value': 'C:\\Users\\antho\\nightpin\\logs\\2025-10-24-13-47-50-mpf-LAPTOP-MPGP6R69.log', 'prev_value': None, 'change': True}
2025-10-24 13:47:52,701 : INFO : EventManager : Event: ======'init_phase_1'====== Args={}
2025-10-24 13:47:52,740 : INFO : EventManager : Event: ======'drop_target_bank_right_bank_up'====== Args={}
2025-10-24 13:47:52,740 : INFO : EventManager : Event: ======'drop_target_bank_left_bank_up'====== Args={}
2025-10-24 13:47:52,741 : INFO : EventManager : Event: ======'init_phase_2'====== Args={}
2025-10-24 13:47:52,741 : INFO : SwitchController : Found active switch: ('8', <mpf.platforms.lisy.lisy.LisyHardwarePlatform object at 0x0000024FED6396D0>) <switch.s_trough>
2025-10-24 13:47:52,747 : INFO : EventManager : Event: ======'bcp_connection_attempt'====== Args={'name': 'local_display', 'host': 'localhost', 'port': 5050}
2025-10-24 13:47:52,749 : INFO : BCPClientSocket : Connecting BCP to 'local_display' at localhost:5050...
2025-10-24 13:47:52,770 : INFO : BCPClientSocket : Connected BCP to 'local_display' localhost:5050
2025-10-24 13:47:52,770 : INFO : EventManager : Event: ======'bcp_clients_connected'====== Args={}
2025-10-24 13:47:52,880 : INFO : ball_device.bd_trough : BCH: Initial count: 1
2025-10-24 13:47:52,881 : INFO : ball_device.bd_trough : State: idle
2025-10-24 13:47:52,881 : INFO : ball_device.bd_saucer : BCH: Initial count: 0
2025-10-24 13:47:52,882 : INFO : ball_device.bd_saucer : State: idle
2025-10-24 13:47:52,894 : INFO : EventManager : Event: ======'init_phase_3'====== Args={}
2025-10-24 13:47:52,901 : INFO : EventManager : Event: ======'init_phase_4'====== Args={}
2025-10-24 13:47:52,902 : INFO : BallController : Initial balls found: 1
2025-10-24 13:47:52,904 : INFO : EventManager : Event: ======'machine_var_audits_events_game_ended'====== Args={'value': 0, 'prev_value': None, 'change': True}
2025-10-24 13:47:52,904 : INFO : EventManager : Event: ======'machine_var_audits_events_game_started'====== Args={'value': 5, 'prev_value': None, 'change': True}
2025-10-24 13:47:52,905 : INFO : EventManager : Event: ======'machine_var_audits_missing_switches_s_coin_right'====== Args={'value': 4, 'prev_value': None, 'change': True}
2025-10-24 13:47:52,905 : INFO : EventManager : Event: ======'machine_var_audits_missing_switches_s_credit_button'====== Args={'value': 4, 'prev_value': None, 'change': True}
2025-10-24 13:47:52,905 : INFO : EventManager : Event: ======'machine_var_audits_missing_switches_s_left_lower_bumper'====== Args={'value': 2, 'prev_value': None, 'change': True}
2025-10-24 13:47:52,905 : INFO : EventManager : Event: ======'machine_var_audits_missing_switches_s_left_outlane_rollover'====== Args={'value': 5, 'prev_value': None, 'change': True}
2025-10-24 13:47:52,905 : INFO : EventManager : Event: ======'machine_var_audits_missing_switches_s_left_sling'====== Args={'value': 1, 'prev_value': None, 'change': True}
2025-10-24 13:47:52,905 : INFO : EventManager : Event: ======'machine_var_audits_missing_switches_s_left_upper_bumper'====== Args={'value': 5, 'prev_value': None, 'change': True}
2025-10-24 13:47:52,905 : INFO : EventManager : Event: ======'machine_var_audits_missing_switches_s_middle_skill_lane'====== Args={'value': 1, 'prev_value': None, 'change': True}
2025-10-24 13:47:52,905 : INFO : EventManager : Event: ======'machine_var_audits_missing_switches_s_outer_skill_lanes'====== Args={'value': 1, 'prev_value': None, 'change': True}
2025-10-24 13:47:52,906 : INFO : EventManager : Event: ======'machine_var_audits_missing_switches_s_right_outlane_rollover'====== Args={'value': 5, 'prev_value': None, 'change': True}
2025-10-24 13:47:52,906 : INFO : EventManager : Event: ======'machine_var_audits_missing_switches_s_right_sling'====== Args={'value': 2, 'prev_value': None, 'change': True}
2025-10-24 13:47:52,906 : INFO : EventManager : Event: ======'machine_var_audits_missing_switches_s_slam_tilt'====== Args={'value': 4, 'prev_value': None, 'change': True}
2025-10-24 13:47:52,906 : INFO : EventManager : Event: ======'machine_var_audits_missing_switches_s_spinner'====== Args={'value': 1, 'prev_value': None, 'change': True}
2025-10-24 13:47:52,906 : INFO : EventManager : Event: ======'machine_var_audits_missing_switches_s_start_button'====== Args={'value': 5, 'prev_value': None, 'change': True}
2025-10-24 13:47:52,906 : INFO : EventManager : Event: ======'machine_var_audits_missing_switches_s_tilt'====== Args={'value': 5, 'prev_value': None, 'change': True}
2025-10-24 13:47:52,906 : INFO : EventManager : Event: ======'machine_var_audits_missing_switches_s_trough'====== Args={'value': 2, 'prev_value': None, 'change': True}
2025-10-24 13:47:52,906 : INFO : EventManager : Event: ======'machine_var_audits_player_score'====== Args={'value': {'average': 0, 'top': [], 'total': 0}, 'prev_value': None, 'change': True}
2025-10-24 13:47:52,906 : INFO : EventManager : Event: ======'machine_var_audits_switches_s_coin_right'====== Args={'value': 1, 'prev_value': None, 'change': True}
2025-10-24 13:47:52,906 : INFO : EventManager : Event: ======'machine_var_audits_switches_s_credit_button'====== Args={'value': 2, 'prev_value': None, 'change': True}
2025-10-24 13:47:52,906 : INFO : EventManager : Event: ======'machine_var_audits_switches_s_inlanes'====== Args={'value': 1, 'prev_value': None, 'change': True}
2025-10-24 13:47:52,906 : INFO : EventManager : Event: ======'machine_var_audits_switches_s_left_bank_target_left'====== Args={'value': 9, 'prev_value': None, 'change': True}
2025-10-24 13:47:52,906 : INFO : EventManager : Event: ======'machine_var_audits_switches_s_left_bank_target_middle'====== Args={'value': 8, 'prev_value': None, 'change': True}
2025-10-24 13:47:52,907 : INFO : EventManager : Event: ======'machine_var_audits_switches_s_left_bank_target_right'====== Args={'value': 8, 'prev_value': None, 'change': True}
2025-10-24 13:47:52,907 : INFO : EventManager : Event: ======'machine_var_audits_switches_s_left_lower_bumper'====== Args={'value': 1, 'prev_value': None, 'change': True}
2025-10-24 13:47:52,907 : INFO : EventManager : Event: ======'machine_var_audits_switches_s_left_outlane_rollover'====== Args={'value': 0, 'prev_value': None, 'change': True}
2025-10-24 13:47:52,907 : INFO : EventManager : Event: ======'machine_var_audits_switches_s_left_sling'====== Args={'value': 2, 'prev_value': None, 'change': True}
2025-10-24 13:47:52,907 : INFO : EventManager : Event: ======'machine_var_audits_switches_s_left_upper_bumper'====== Args={'value': 0, 'prev_value': None, 'change': True}
2025-10-24 13:47:52,907 : INFO : EventManager : Event: ======'machine_var_audits_switches_s_middle_skill_lane'====== Args={'value': 4, 'prev_value': None, 'change': True}
2025-10-24 13:47:52,907 : INFO : EventManager : Event: ======'machine_var_audits_switches_s_middle_upper_rollovers'====== Args={'value': 4, 'prev_value': None, 'change': True}
2025-10-24 13:47:52,907 : INFO : EventManager : Event: ======'machine_var_audits_switches_s_outer_skill_lanes'====== Args={'value': 1, 'prev_value': None, 'change': True}
2025-10-24 13:47:52,907 : INFO : EventManager : Event: ======'machine_var_audits_switches_s_pop_bumper_bottom'====== Args={'value': 6, 'prev_value': None, 'change': True}
2025-10-24 13:47:52,907 : INFO : EventManager : Event: ======'machine_var_audits_switches_s_pop_bumper_left'====== Args={'value': 2, 'prev_value': None, 'change': True}
2025-10-24 13:47:52,907 : INFO : EventManager : Event: ======'machine_var_audits_switches_s_pop_bumper_right'====== Args={'value': 1, 'prev_value': None, 'change': True}
2025-10-24 13:47:52,907 : INFO : EventManager : Event: ======'machine_var_audits_switches_s_right_bank_target_left'====== Args={'value': 5, 'prev_value': None, 'change': True}
2025-10-24 13:47:52,907 : INFO : EventManager : Event: ======'machine_var_audits_switches_s_right_bank_target_middle'====== Args={'value': 3, 'prev_value': None, 'change': True}
2025-10-24 13:47:52,907 : INFO : EventManager : Event: ======'machine_var_audits_switches_s_right_bank_target_right'====== Args={'value': 6, 'prev_value': None, 'change': True}
2025-10-24 13:47:52,908 : INFO : EventManager : Event: ======'machine_var_audits_switches_s_right_outlane_rollover'====== Args={'value': 0, 'prev_value': None, 'change': True}
2025-10-24 13:47:52,908 : INFO : EventManager : Event: ======'machine_var_audits_switches_s_right_sling'====== Args={'value': 2, 'prev_value': None, 'change': True}
2025-10-24 13:47:52,908 : INFO : EventManager : Event: ======'machine_var_audits_switches_s_saucer'====== Args={'value': 2, 'prev_value': None, 'change': True}
2025-10-24 13:47:52,908 : INFO : EventManager : Event: ======'machine_var_audits_switches_s_slam_tilt'====== Args={'value': 1, 'prev_value': None, 'change': True}
2025-10-24 13:47:52,908 : INFO : EventManager : Event: ======'machine_var_audits_switches_s_spinner'====== Args={'value': 24, 'prev_value': None, 'change': True}
2025-10-24 13:47:52,908 : INFO : EventManager : Event: ======'machine_var_audits_switches_s_stand_up'====== Args={'value': 2, 'prev_value': None, 'change': True}
2025-10-24 13:47:52,908 : INFO : EventManager : Event: ======'machine_var_audits_switches_s_start_button'====== Args={'value': 0, 'prev_value': None, 'change': True}
2025-10-24 13:47:52,908 : INFO : EventManager : Event: ======'machine_var_audits_switches_s_tilt'====== Args={'value': 0, 'prev_value': None, 'change': True}
2025-10-24 13:47:52,908 : INFO : EventManager : Event: ======'machine_var_audits_switches_s_trough'====== Args={'value': 11, 'prev_value': None, 'change': True}
2025-10-24 13:47:52,908 : INFO : EventManager : Event: ======'machine_var_audits_switches_s_left_pop_bumper'====== Args={'value': 0, 'prev_value': None, 'change': True}
2025-10-24 13:47:52,908 : INFO : EventManager : Event: ======'machine_var_audits_switches_s_middle_pop_bumper'====== Args={'value': 0, 'prev_value': None, 'change': True}
2025-10-24 13:47:52,908 : INFO : EventManager : Event: ======'machine_var_audits_switches_s_right_pop_bumper'====== Args={'value': 0, 'prev_value': None, 'change': True}
2025-10-24 13:47:52,909 : INFO : EventManager : Event: ======'init_phase_5'====== Args={}
2025-10-24 13:47:52,942 : INFO : EventManager : Event: ======'init_done'====== Args={}
2025-10-24 13:47:52,952 : INFO : EventManager : Event: ======'machine_reset_phase_1'====== Args={}
2025-10-24 13:47:52,952 : INFO : SwitchController : <<<<<<< 's_left_bank_target_left' active >>>>>>>
2025-10-24 13:47:52,952 : INFO : EventManager : Event: ======'playfield_active'====== Args={'source': 's_left_bank_target_left'}
2025-10-24 13:47:52,952 : INFO : EventManager : Event: ======'unexpected_ball_on_playfield'====== Args={}
2025-10-24 13:47:52,952 : INFO : EventManager : Event: ======'drop_target_s_left_bank_target_left_down'====== Args={'device': <drop_target.s_left_bank_target_left>}
2025-10-24 13:47:52,954 : INFO : EventManager : Event: ======'drop_target_bank_left_bank_mixed'====== Args={'prev_value': <DropTargetBankState.UP: 'up'>, 'down': 1}
2025-10-24 13:47:52,964 : INFO : EventManager : Event: ======'machine_reset_phase_2'====== Args={}
2025-10-24 13:47:52,965 : INFO : SwitchController : <<<<<<< 's_left_bank_target_left' inactive >>>>>>>
2025-10-24 13:47:52,965 : INFO : EventManager : Event: ======'playfield_active'====== Args={'source': 's_left_bank_target_left'}
2025-10-24 13:47:52,965 : INFO : EventManager : Event: ======'unexpected_ball_on_playfield'====== Args={}
2025-10-24 13:47:52,965 : INFO : EventManager : Event: ======'drop_target_s_left_bank_target_left_up'====== Args={'device': <drop_target.s_left_bank_target_left>}
2025-10-24 13:47:52,965 : INFO : EventManager : Event: ======'drop_target_bank_left_bank_up'====== Args={}
2025-10-24 13:47:52,965 : INFO : EventManager : Event: ======'machine_reset_phase_3'====== Args={}
2025-10-24 13:47:52,969 : INFO : EventManager : Event: ======'mode_attract_will_start'====== Args={'queue': <QueuedEvent>}
2025-10-24 13:47:52,970 : INFO : EventManager : Event: ======'mode_attract_starting'====== Args={'queue': <QueuedEvent>}
2025-10-24 13:47:52,970 : INFO : Mode.attract : Started. Priority: 10
2025-10-24 13:47:52,970 : INFO : EventManager : Event: ======'modes_active_modes_changed'====== Args={}
2025-10-24 13:47:52,970 : INFO : EventManager : Event: ======'mode_attract_started'====== Args={'queue': <QueuedEvent>}
2025-10-24 13:47:52,970 : INFO : EventManager : Event: ======'collecting_balls_complete'====== Args={}
2025-10-24 13:47:52,972 : INFO : EventManager : Event: ======'reset_complete'====== Args={}
2025-10-24 13:47:52,972 : INFO : SwitchController : <<<<<<< 's_left_bank_target_left' active >>>>>>>
2025-10-24 13:47:52,972 : INFO : EventManager : Event: ======'playfield_active'====== Args={'source': 's_left_bank_target_left'}
2025-10-24 13:47:52,972 : INFO : EventManager : Event: ======'unexpected_ball_on_playfield'====== Args={}
2025-10-24 13:47:52,972 : INFO : EventManager : Event: ======'drop_target_s_left_bank_target_left_down'====== Args={'device': <drop_target.s_left_bank_target_left>}
2025-10-24 13:47:52,972 : INFO : EventManager : Event: ======'drop_target_bank_left_bank_mixed'====== Args={'prev_value': <DropTargetBankState.UP: 'up'>, 'down': 1}
2025-10-24 13:47:52,987 : INFO : Machine : Starting the main run loop with active modes: [<Mode.attract>]
2025-10-24 13:47:52,987 : INFO : SwitchController : <<<<<<< 's_left_bank_target_right' active >>>>>>>
2025-10-24 13:47:52,987 : INFO : EventManager : Event: ======'playfield_active'====== Args={'source': 's_left_bank_target_right'}
2025-10-24 13:47:52,987 : INFO : EventManager : Event: ======'unexpected_ball_on_playfield'====== Args={}
2025-10-24 13:47:52,987 : INFO : EventManager : Event: ======'drop_target_s_left_bank_target_right_down'====== Args={'device': <drop_target.s_left_bank_target_right>}
2025-10-24 13:47:52,987 : INFO : EventManager : Event: ======'drop_target_bank_left_bank_mixed'====== Args={'prev_value': <DropTargetBankState.MIXED: 'mixed'>, 'down': 2}
2025-10-24 13:47:52,992 : INFO : SwitchController : <<<<<<< 's_left_bank_target_right' inactive >>>>>>>
2025-10-24 13:47:52,992 : INFO : EventManager : Event: ======'playfield_active'====== Args={'source': 's_left_bank_target_right'}
2025-10-24 13:47:52,994 : INFO : EventManager : Event: ======'unexpected_ball_on_playfield'====== Args={}
2025-10-24 13:47:52,994 : INFO : EventManager : Event: ======'drop_target_s_left_bank_target_right_up'====== Args={'device': <drop_target.s_left_bank_target_right>}
2025-10-24 13:47:52,994 : INFO : EventManager : Event: ======'drop_target_bank_left_bank_mixed'====== Args={'prev_value': <DropTargetBankState.MIXED: 'mixed'>, 'down': 1}
2025-10-24 13:47:53,006 : INFO : EventManager : Event: ======'slide_attract_created'====== Args={'_from_bcp': True}
2025-10-24 13:47:53,006 : INFO : EventManager : Event: ======'slide__removed'====== Args={'_from_bcp': True}
2025-10-24 13:47:53,006 : INFO : SwitchController : <<<<<<< 's_left_bank_target_right' active >>>>>>>
2025-10-24 13:47:53,006 : INFO : EventManager : Event: ======'playfield_active'====== Args={'source': 's_left_bank_target_right'}
2025-10-24 13:47:53,006 : INFO : EventManager : Event: ======'unexpected_ball_on_playfield'====== Args={}
2025-10-24 13:47:53,007 : INFO : EventManager : Event: ======'drop_target_s_left_bank_target_right_down'====== Args={'device': <drop_target.s_left_bank_target_right>}
2025-10-24 13:47:53,007 : INFO : EventManager : Event: ======'drop_target_bank_left_bank_mixed'====== Args={'prev_value': <DropTargetBankState.MIXED: 'mixed'>, 'down': 2}
2025-10-24 13:47:53,011 : INFO : EventManager : Event: ======'slide_attract_active'====== Args={'original_context': 'attract', 'original_calling_context': 'mode_attract_started', 'priority': 10.0, 'queue': '<QueuedEvent>', 'cmd': 'slides_play', '_from_bcp': True}
2025-10-24 13:47:53,012 : INFO : SwitchController : <<<<<<< 's_left_bank_target_middle' active >>>>>>>
2025-10-24 13:47:53,012 : INFO : EventManager : Event: ======'playfield_active'====== Args={'source': 's_left_bank_target_middle'}
2025-10-24 13:47:53,012 : INFO : EventManager : Event: ======'unexpected_ball_on_playfield'====== Args={}
2025-10-24 13:47:53,012 : INFO : EventManager : Event: ======'drop_target_s_left_bank_target_middle_down'====== Args={'device': <drop_target.s_left_bank_target_middle>}
2025-10-24 13:47:53,012 : INFO : EventManager : Event: ======'drop_target_bank_left_bank_down'====== Args={}
2025-10-24 13:47:53,013 : INFO : drop_target_bank.left_bank : 3 targets are down. Will reset those.
2025-10-24 13:47:53,013 : INFO : coil.c_drop_target_left : Pulsing Driver for 50ms (1.0 pulse_power)
2025-10-24 13:47:53,017 : INFO : SwitchController : <<<<<<< 's_right_bank_target_right' active >>>>>>>
2025-10-24 13:47:53,017 : INFO : EventManager : Event: ======'playfield_active'====== Args={'source': 's_right_bank_target_right'}
2025-10-24 13:47:53,017 : INFO : EventManager : Event: ======'unexpected_ball_on_playfield'====== Args={}
2025-10-24 13:47:53,017 : INFO : EventManager : Event: ======'drop_target_s_right_bank_target_right_down'====== Args={'device': <drop_target.s_right_bank_target_right>}
2025-10-24 13:47:53,017 : INFO : EventManager : Event: ======'drop_target_bank_right_bank_mixed'====== Args={'prev_value': <DropTargetBankState.UP: 'up'>, 'down': 1}
2025-10-24 13:47:53,075 : INFO : SwitchController : <<<<<<< 's_right_bank_target_middle' active >>>>>>>
2025-10-24 13:47:53,075 : INFO : EventManager : Event: ======'playfield_active'====== Args={'source': 's_right_bank_target_middle'}
2025-10-24 13:47:53,075 : INFO : EventManager : Event: ======'unexpected_ball_on_playfield'====== Args={}
2025-10-24 13:47:53,075 : INFO : EventManager : Event: ======'drop_target_s_right_bank_target_middle_down'====== Args={'device': <drop_target.s_right_bank_target_middle>}
2025-10-24 13:47:53,075 : INFO : EventManager : Event: ======'drop_target_bank_right_bank_mixed'====== Args={'prev_value': <DropTargetBankState.MIXED: 'mixed'>, 'down': 2}
2025-10-24 13:47:53,090 : INFO : SwitchController : <<<<<<< 's_right_bank_target_left' active >>>>>>>
2025-10-24 13:47:53,090 : INFO : EventManager : Event: ======'playfield_active'====== Args={'source': 's_right_bank_target_left'}
2025-10-24 13:47:53,090 : INFO : EventManager : Event: ======'unexpected_ball_on_playfield'====== Args={}
2025-10-24 13:47:53,090 : INFO : EventManager : Event: ======'drop_target_s_right_bank_target_left_down'====== Args={'device': <drop_target.s_right_bank_target_left>}
2025-10-24 13:47:53,090 : INFO : EventManager : Event: ======'drop_target_bank_right_bank_down'====== Args={}
2025-10-24 13:47:53,091 : INFO : drop_target_bank.right_bank : 3 targets are down. Will reset those.
2025-10-24 13:47:53,091 : INFO : coil.c_drop_target_right : Pulsing Driver for 50ms (1.0 pulse_power)
2025-10-24 13:47:53,097 : INFO : SwitchController : <<<<<<< 's_start_button' active >>>>>>>
2025-10-24 13:47:53,152 : INFO : SwitchController : <<<<<<< 's_start_button' inactive >>>>>>>
2025-10-24 13:47:53,152 : INFO : EventManager : Event: ======'request_to_start_game'====== Args={}
2025-10-24 13:47:53,152 : INFO : EventManager : Event: ======'game_start'====== Args={'buttons': [], 'hold_time': 0.06199999991804361}
2025-10-24 13:47:53,152 : INFO : EventManager : Event: ======'mode_game_will_start'====== Args={'buttons': [], 'hold_time': 0.06199999991804361}
2025-10-24 13:47:53,153 : INFO : EventManager : Event: ======'mode_game_starting'====== Args={'buttons': [], 'hold_time': 0.06199999991804361}
2025-10-24 13:47:53,153 : INFO : Mode.game : Started. Priority: 20
2025-10-24 13:47:53,153 : INFO : EventManager : Event: ======'modes_active_modes_changed'====== Args={}
2025-10-24 13:47:53,153 : INFO : EventManager : Event: ======'mode_game_started'====== Args={'buttons': [], 'hold_time': 0.06199999991804361}
2025-10-24 13:47:53,167 : INFO : EventManager : Event: ======'game_will_start'====== Args={}
2025-10-24 13:47:53,168 : INFO : EventManager : Event: ======'game_starting'====== Args={'game': <Mode.game>}
2025-10-24 13:47:53,169 : INFO : EventManager : Unordered handler for class <Auditor> on event game_ended with priority 1. Handlers: [RegisteredHandler(callback=<bound method Auditor.disable of <Auditor>>, priority=1, kwargs={}, key=UUID('70d9b602-74b6-4afd-820b-700b4a7d3b66'), condition=None, blocking_facility=None), RegisteredHandler(callback=<bound method Auditor._save_audits of <Auditor>>, priority=1, kwargs={}, key=UUID('ec7a7941-fe2a-4e3d-8605-5ee38624c022'), condition=None, blocking_facility=None)]. The order of those handlers is not defined and they will be executed in random order. This might lead to race conditions and potential bugs.
2025-10-24 13:47:53,169 : INFO : EventManager : Event: ======'player_add_request'====== Args={}
2025-10-24 13:47:53,169 : INFO : SwitchController : <<<<<<< 's_left_bank_target_left' inactive (muted) >>>>>>>
2025-10-24 13:47:53,169 : INFO : EventManager : Event: ======'player_will_add'====== Args={'number': 1}
2025-10-24 13:47:53,169 : INFO : EventManager : Event: ======'player_adding'====== Args={'player': <Player 1>, 'number': 1}
2025-10-24 13:47:53,170 : INFO : EventManager : Event: ======'player_added'====== Args={'player': <Player 1>, 'num': 1}
2025-10-24 13:47:53,170 : INFO : Mode.game : Player added successfully. Total players: 1
2025-10-24 13:47:53,170 : INFO : EventManager : Event: ======'player_index'====== Args={'value': 0, 'prev_value': 0, 'change': 0, 'player_num': 1}
2025-10-24 13:47:53,170 : INFO : EventManager : Event: ======'player_number'====== Args={'value': 1, 'prev_value': 1, 'change': 0, 'player_num': 1}
2025-10-24 13:47:53,170 : INFO : EventManager : Event: ======'player_score'====== Args={'value': 0, 'prev_value': 0, 'change': 0, 'player_num': 1}
2025-10-24 13:47:53,180 : INFO : EventManager : Event: ======'game_started'====== Args={}
2025-10-24 13:47:53,180 : INFO : EventManager : Event: ======'mode_attract_will_stop'====== Args={}
2025-10-24 13:47:53,181 : INFO : EventManager : Event: ======'mode_attract_stopping'====== Args={}
2025-10-24 13:47:53,181 : INFO : Mode.attract : Stopped.
2025-10-24 13:47:53,181 : INFO : EventManager : Event: ======'modes_active_modes_changed'====== Args={}
2025-10-24 13:47:53,181 : INFO : EventManager : Event: ======'mode_attract_stopped'====== Args={}
2025-10-24 13:47:53,181 : INFO : EventManager : Event: ======'clear'====== Args={'key': 'attract'}
2025-10-24 13:47:53,182 : INFO : EventManager : Event: ======'player_turn_will_start'====== Args={'player': <Player 1>, 'number': 1}
2025-10-24 13:47:53,182 : INFO : SwitchController : <<<<<<< 's_left_bank_target_right' inactive (muted) >>>>>>>
2025-10-24 13:47:53,196 : INFO : EventManager : Event: ======'player_turn_starting'====== Args={'player': <Player 1>, 'number': 1}
2025-10-24 13:47:53,196 : INFO : EventManager : Event: ======'player_ball'====== Args={'value': 1, 'prev_value': 0, 'change': 1, 'player_num': 1}
2025-10-24 13:47:53,196 : INFO : EventManager : Event: ======'player_turn_started'====== Args={'player': <Player 1>, 'number': 1}
2025-10-24 13:47:53,197 : INFO : EventManager : Event: ======'ball_will_start'====== Args={'player': 1, 'ball': 1, 'balls_remaining': 2, 'is_extra_ball': False}
2025-10-24 13:47:53,197 : INFO : SwitchController : <<<<<<< 's_left_bank_target_middle' inactive (muted) >>>>>>>
2025-10-24 13:47:53,202 : INFO : EventManager : Event: ======'ball_starting'====== Args={'player': 1, 'ball': 1, 'balls_remaining': 2, 'is_extra_ball': False}
2025-10-24 13:47:53,203 : INFO : drop_target_bank.right_bank : 3 targets are down. Will reset those.
2025-10-24 13:47:53,203 : INFO : coil.c_drop_target_right : Pulsing Driver for 50ms (1.0 pulse_power)
2025-10-24 13:47:53,203 : INFO : drop_target_bank.left_bank : 3 targets are down. Will reset those.
2025-10-24 13:47:53,204 : INFO : EventManager : Event: ======'balls_in_play'====== Args={'balls': 1}
2025-10-24 13:47:53,204 : INFO : EventManager : Event: ======'ball_started'====== Args={'player': 1, 'ball': 1, 'balls_remaining': 2, 'is_extra_ball': False}
2025-10-24 13:47:53,204 : INFO : EventManager : Event: ======'mode_base_will_start'====== Args={'player': 1, 'ball': 1, 'balls_remaining': 2, 'is_extra_ball': False}
2025-10-24 13:47:53,204 : INFO : EventManager : Unordered handler for class <Auditor> on event game_ended with priority 1. Handlers: [RegisteredHandler(callback=<bound method Auditor.disable of <Auditor>>, priority=1, kwargs={}, key=UUID('70d9b602-74b6-4afd-820b-700b4a7d3b66'), condition=None, blocking_facility=None), RegisteredHandler(callback=<bound method Auditor._save_audits of <Auditor>>, priority=1, kwargs={}, key=UUID('ec7a7941-fe2a-4e3d-8605-5ee38624c022'), condition=None, blocking_facility=None)]. The order of those handlers is not defined and they will be executed in random order. This might lead to race conditions and potential bugs.
2025-10-24 13:47:53,208 : INFO : EventManager : Unordered handler for class <Auditor> on event game_ended with priority 1. Handlers: [RegisteredHandler(callback=<bound method Auditor.disable of <Auditor>>, priority=1, kwargs={}, key=UUID('70d9b602-74b6-4afd-820b-700b4a7d3b66'), condition=None, blocking_facility=None), RegisteredHandler(callback=<bound method Auditor._save_audits of <Auditor>>, priority=1, kwargs={}, key=UUID('ec7a7941-fe2a-4e3d-8605-5ee38624c022'), condition=None, blocking_facility=None)]. The order of those handlers is not defined and they will be executed in random order. This might lead to race conditions and potential bugs.
2025-10-24 13:47:53,208 : INFO : EventManager : Event: ======'mode_base_starting'====== Args={'player': 1, 'ball': 1, 'balls_remaining': 2, 'is_extra_ball': False}
2025-10-24 13:47:53,209 : INFO : EventManager : Event: ======'ball_save_default_ball_save_timer_start'====== Args={}
2025-10-24 13:47:53,209 : INFO : EventManager : Event: ======'ball_save_default_ball_save_enabled'====== Args={}
2025-10-24 13:47:53,210 : INFO : EventManager : Event: ======'logicblock_first_ball_check_updated'====== Args={'value': 0, 'enabled': True}
2025-10-24 13:47:53,210 : INFO : EventManager : Event: ======'logicblock_first_ball_check_updated'====== Args={'value': 0, 'enabled': True}
2025-10-24 13:47:53,211 : INFO : Mode.base : Started. Priority: 50
2025-10-24 13:47:53,211 : INFO : EventManager : Event: ======'modes_active_modes_changed'====== Args={}
2025-10-24 13:47:53,211 : INFO : EventManager : Event: ======'mode_base_started'====== Args={'player': 1, 'ball': 1, 'balls_remaining': 2, 'is_extra_ball': False}
2025-10-24 13:47:53,211 : INFO : EventManager : Event: ======'single_player_ball_started'====== Args={}
2025-10-24 13:47:53,211 : INFO : EventManager : Event: ======'check_base_music'====== Args={'priority': 0}
2025-10-24 13:47:53,211 : INFO : EventManager : Event: ======'ball_start_target'====== Args={'target': 'playfield'}
2025-10-24 13:47:53,222 : INFO : ball_device.bd_trough : Setting up player-controlled eject. Balls: 1, Target: <playfield.playfield>, player_controlled_eject_event: None
2025-10-24 13:47:53,222 : INFO : ball_device.bd_trough : Adding 1 ball(s) to the eject_queue with target <playfield.playfield>.
2025-10-24 13:47:53,222 : INFO : EventManager : Event: ======'balldevice_balls_available'====== Args={}
2025-10-24 13:47:53,224 : INFO : ball_device.bd_trough : State: waiting_for_target_ready
2025-10-24 13:47:53,224 : INFO : EventManager : Event: ======'balldevice_bd_trough_ball_eject_attempt'====== Args={'balls': 1, 'target': <playfield.playfield>, 'source': <ball_device.bd_trough>, 'mechanical_eject': False, 'num_attempts': 0}
2025-10-24 13:47:53,224 : INFO : ball_device.bd_trough : State: ejecting
2025-10-24 13:47:53,224 : INFO : ball_device.bd_trough : Ejecting ball to <playfield.playfield>
2025-10-24 13:47:53,224 : INFO : EventManager : Event: ======'balldevice_bd_trough_ejecting_ball'====== Args={'balls': 1, 'target': <playfield.playfield>, 'source': <ball_device.bd_trough>, 'mechanical_eject': False, 'num_attempts': 0}
2025-10-24 13:47:53,225 : INFO : ball_device.bd_trough : Wait for ball to leave device
2025-10-24 13:47:53,245 : INFO : coil.c_drop_target_left : Pulsing Driver for 50ms (1.0 pulse_power)
2025-10-24 13:47:53,307 : INFO : coil.c_trough_eject : Pulsing Driver for 50ms (1.0 pulse_power)
2025-10-24 13:47:53,323 : INFO : SwitchController : <<<<<<< 's_right_bank_target_right' inactive (muted) >>>>>>>
2025-10-24 13:47:53,370 : INFO : SwitchController : <<<<<<< 's_right_bank_target_middle' inactive (muted) >>>>>>>
2025-10-24 13:47:53,385 : INFO : SwitchController : <<<<<<< 's_right_bank_target_left' inactive (muted) >>>>>>>
2025-10-24 13:47:53,400 : INFO : SwitchController : <<<<<<< 's_trough' inactive >>>>>>>
2025-10-24 13:47:53,406 : INFO : ball_device.bd_trough : State: ball_left
2025-10-24 13:47:53,406 : INFO : ball_device.bd_trough : Ball left
2025-10-24 13:47:53,406 : INFO : ball_device.bd_trough : Wait for confirm with timeout 10.0
2025-10-24 13:47:53,680 : INFO : EventManager : Event: ======'drop_target_s_right_bank_target_left_up'====== Args={'device': <drop_target.s_right_bank_target_left>}
2025-10-24 13:47:53,680 : INFO : EventManager : Event: ======'drop_target_s_right_bank_target_middle_up'====== Args={'device': <drop_target.s_right_bank_target_middle>}
2025-10-24 13:47:53,680 : INFO : EventManager : Event: ======'drop_target_s_right_bank_target_right_up'====== Args={'device': <drop_target.s_right_bank_target_right>}
2025-10-24 13:47:53,680 : INFO : EventManager : Event: ======'drop_target_bank_right_bank_up'====== Args={}
2025-10-24 13:47:53,744 : INFO : EventManager : Event: ======'drop_target_s_left_bank_target_left_up'====== Args={'device': <drop_target.s_left_bank_target_left>}
2025-10-24 13:47:53,744 : INFO : EventManager : Event: ======'drop_target_s_left_bank_target_middle_up'====== Args={'device': <drop_target.s_left_bank_target_middle>}
2025-10-24 13:47:53,744 : INFO : EventManager : Event: ======'drop_target_s_left_bank_target_right_up'====== Args={'device': <drop_target.s_left_bank_target_right>}
2025-10-24 13:47:53,744 : INFO : EventManager : Event: ======'drop_target_bank_left_bank_up'====== Args={}
2025-10-24 13:48:00,938 : INFO : SwitchController : <<<<<<< 's_right_sling' active >>>>>>>
2025-10-24 13:48:00,938 : INFO : EventManager : Event: ======'s_right_sling_active'====== Args={}
2025-10-24 13:48:00,938 : INFO : EventManager : Event: ======'playfield_active'====== Args={'source': 'ac_right_sling'}
2025-10-24 13:48:00,938 : INFO : EventManager : Event: ======'machine_var_audits_switches_s_right_sling'====== Args={'value': 3, 'prev_value': 2, 'change': 1}
2025-10-24 13:48:00,939 : INFO : EventManager : Event: ======'player_score'====== Args={'value': 10, 'prev_value': 0, 'change': 10, 'player_num': 1, 'source': 'base'}
2025-10-24 13:48:00,947 : INFO : ball_device.bd_trough : Got eject confirm
2025-10-24 13:48:00,947 : INFO : ball_device.bd_trough : Eject successful
2025-10-24 13:48:00,947 : INFO : EventManager : Event: ======'balldevice_bd_trough_ball_eject_success'====== Args={'balls': 1, 'target': <playfield.playfield>}
2025-10-24 13:48:00,947 : INFO : SwitchController : <<<<<<< 's_right_sling' inactive >>>>>>>
2025-10-24 13:48:00,947 : INFO : EventManager : Event: ======'balldevice_playfield_ball_enter'====== Args={'new_balls': 1, 'unclaimed_balls': 1, 'device': <playfield.playfield>}
2025-10-24 13:48:00,948 : INFO : EventManager : Event: ======'playfield_ball_count_change'====== Args={'balls': 1, 'change': 1}
2025-10-24 13:48:00,952 : INFO : EventManager : Event: ======'balldevice_bd_trough_ball_count_changed'====== Args={'balls': 0}
2025-10-24 13:48:00,952 : INFO : ball_device.bd_trough : State: idle
2025-10-24 13:48:03,220 : INFO : EventManager : Event: ======'ball_save_default_ball_save_hurry_up'====== Args={}
2025-10-24 13:48:03,220 : INFO : EventManager : Event: ======'ball_save_default_ball_save_grace_period'====== Args={}
2025-10-24 13:48:03,220 : INFO : EventManager : Event: ======'ball_save_default_ball_save_disabled'====== Args={}
2025-10-24 13:48:04,806 : INFO : SwitchController : <<<<<<< 's_spinner' active >>>>>>>
2025-10-24 13:48:04,806 : INFO : EventManager : Event: ======'s_spinner_active'====== Args={}
2025-10-24 13:48:04,806 : INFO : EventManager : Event: ======'machine_var_audits_switches_s_spinner'====== Args={'value': 25, 'prev_value': 24, 'change': 1}
2025-10-24 13:48:04,807 : INFO : EventManager : Event: ======'player_score'====== Args={'value': 110, 'prev_value': 10, 'change': 100, 'player_num': 1, 'source': 'base'}
2025-10-24 13:48:04,963 : INFO : SwitchController : <<<<<<< 's_spinner' inactive >>>>>>>
2025-10-24 13:48:07,921 : INFO : SwitchController : <<<<<<< 's_middle_pop_bumper' active >>>>>>>
2025-10-24 13:48:07,922 : INFO : EventManager : Event: ======'machine_var_audits_switches_s_middle_pop_bumper'====== Args={'value': 1, 'prev_value': 0, 'change': 1}
2025-10-24 13:48:07,937 : INFO : SwitchController : <<<<<<< 's_middle_pop_bumper' inactive >>>>>>>
2025-10-24 13:48:10,937 : INFO : SwitchController : <<<<<<< 's_middle_pop_bumper' active >>>>>>>
2025-10-24 13:48:10,937 : INFO : EventManager : Event: ======'machine_var_audits_switches_s_middle_pop_bumper'====== Args={'value': 2, 'prev_value': 1, 'change': 1}
2025-10-24 13:48:10,946 : INFO : SwitchController : <<<<<<< 's_middle_pop_bumper' inactive >>>>>>>
2025-10-24 13:48:11,789 : INFO : SwitchController : <<<<<<< 's_left_bank_target_left' active >>>>>>>
2025-10-24 13:48:11,789 : INFO : EventManager : Event: ======'s_left_bank_target_left_active'====== Args={}
2025-10-24 13:48:11,789 : INFO : EventManager : Event: ======'drop_target_s_left_bank_target_left_down'====== Args={'device': <drop_target.s_left_bank_target_left>}
2025-10-24 13:48:11,789 : INFO : EventManager : Event: ======'drop_target_bank_left_bank_mixed'====== Args={'prev_value': <DropTargetBankState.UP: 'up'>, 'down': 1}
2025-10-24 13:48:11,789 : INFO : EventManager : Event: ======'machine_var_audits_switches_s_left_bank_target_left'====== Args={'value': 10, 'prev_value': 9, 'change': 1}
2025-10-24 13:48:11,790 : INFO : EventManager : Event: ======'player_score'====== Args={'value': 210, 'prev_value': 110, 'change': 100, 'player_num': 1, 'source': 'base'}
2025-10-24 13:48:13,224 : INFO : SwitchController : <<<<<<< 's_middle_skill_lane' active >>>>>>>
2025-10-24 13:48:13,224 : INFO : EventManager : Event: ======'s_middle_skill_lane_active'====== Args={}
2025-10-24 13:48:13,224 : INFO : EventManager : Event: ======'machine_var_audits_switches_s_middle_skill_lane'====== Args={'value': 5, 'prev_value': 4, 'change': 1}
2025-10-24 13:48:13,225 : INFO : EventManager : Event: ======'play_skilllane_quote_1'====== Args={}
2025-10-24 13:48:13,225 : INFO : EventManager : Event: ======'player_score'====== Args={'value': 710, 'prev_value': 210, 'change': 500, 'player_num': 1, 'source': 'base'}
2025-10-24 13:48:13,236 : INFO : SwitchController : <<<<<<< 's_middle_skill_lane' inactive >>>>>>>
2025-10-24 13:48:13,365 : INFO : SwitchController : <<<<<<< 's_middle_upper_rollovers' active >>>>>>>
2025-10-24 13:48:13,365 : INFO : EventManager : Event: ======'machine_var_audits_switches_s_middle_upper_rollovers'====== Args={'value': 5, 'prev_value': 4, 'change': 1}
2025-10-24 13:48:13,412 : INFO : SwitchController : <<<<<<< 's_middle_upper_rollovers' inactive >>>>>>>
2025-10-24 13:48:13,428 : INFO : SwitchController : <<<<<<< 's_middle_upper_rollovers' active >>>>>>>
2025-10-24 13:48:13,428 : INFO : EventManager : Event: ======'machine_var_audits_switches_s_middle_upper_rollovers'====== Args={'value': 6, 'prev_value': 5, 'change': 1}
2025-10-24 13:48:13,507 : INFO : SwitchController : <<<<<<< 's_middle_upper_rollovers' inactive >>>>>>>
2025-10-24 13:48:15,549 : INFO : SwitchController : <<<<<<< 's_middle_skill_lane' active >>>>>>>
2025-10-24 13:48:15,549 : INFO : EventManager : Event: ======'s_middle_skill_lane_active'====== Args={}
2025-10-24 13:48:15,549 : INFO : EventManager : Event: ======'machine_var_audits_switches_s_middle_skill_lane'====== Args={'value': 6, 'prev_value': 5, 'change': 1}
2025-10-24 13:48:15,550 : INFO : EventManager : Event: ======'play_skilllane_quote_5'====== Args={}
2025-10-24 13:48:15,551 : INFO : EventManager : Event: ======'player_score'====== Args={'value': 1210, 'prev_value': 710, 'change': 500, 'player_num': 1, 'source': 'base'}
2025-10-24 13:48:15,736 : INFO : SwitchController : <<<<<<< 's_middle_skill_lane' inactive >>>>>>>
2025-10-24 13:48:16,265 : INFO : SwitchController : <<<<<<< 's_right_pop_bumper' active >>>>>>>
2025-10-24 13:48:16,265 : INFO : EventManager : Event: ======'machine_var_audits_switches_s_right_pop_bumper'====== Args={'value': 1, 'prev_value': 0, 'change': 1}
2025-10-24 13:48:16,281 : INFO : SwitchController : <<<<<<< 's_right_pop_bumper' inactive >>>>>>>
2025-10-24 13:48:16,485 : INFO : SwitchController : <<<<<<< 's_left_upper_bumper' active >>>>>>>
2025-10-24 13:48:16,485 : INFO : EventManager : Event: ======'s_left_upper_bumper_active'====== Args={}
2025-10-24 13:48:16,485 : INFO : EventManager : Event: ======'machine_var_audits_switches_s_left_upper_bumper'====== Args={'value': 1, 'prev_value': 0, 'change': 1}
2025-10-24 13:48:16,486 : INFO : EventManager : Event: ======'player_score'====== Args={'value': 1220, 'prev_value': 1210, 'change': 10, 'player_num': 1, 'source': 'base'}
2025-10-24 13:48:16,493 : INFO : SwitchController : <<<<<<< 's_left_upper_bumper' inactive >>>>>>>
2025-10-24 13:48:16,657 : INFO : SwitchController : <<<<<<< 's_left_pop_bumper' active >>>>>>>
2025-10-24 13:48:16,657 : INFO : EventManager : Event: ======'machine_var_audits_switches_s_left_pop_bumper'====== Args={'value': 1, 'prev_value': 0, 'change': 1}
2025-10-24 13:48:16,662 : INFO : SwitchController : <<<<<<< 's_left_pop_bumper' inactive >>>>>>>
2025-10-24 13:48:17,048 : INFO : SwitchController : <<<<<<< 's_left_pop_bumper' active >>>>>>>
2025-10-24 13:48:17,048 : INFO : EventManager : Event: ======'machine_var_audits_switches_s_left_pop_bumper'====== Args={'value': 2, 'prev_value': 1, 'change': 1}
2025-10-24 13:48:17,055 : INFO : SwitchController : <<<<<<< 's_left_pop_bumper' inactive >>>>>>>
2025-10-24 13:48:17,801 : INFO : SwitchController : <<<<<<< 's_middle_pop_bumper' active >>>>>>>
2025-10-24 13:48:17,801 : INFO : EventManager : Event: ======'machine_var_audits_switches_s_middle_pop_bumper'====== Args={'value': 3, 'prev_value': 2, 'change': 1}
2025-10-24 13:48:17,808 : INFO : SwitchController : <<<<<<< 's_middle_pop_bumper' inactive >>>>>>>
2025-10-24 13:48:17,863 : INFO : SwitchController : <<<<<<< 's_right_pop_bumper' active >>>>>>>
2025-10-24 13:48:17,863 : INFO : EventManager : Event: ======'machine_var_audits_switches_s_right_pop_bumper'====== Args={'value': 2, 'prev_value': 1, 'change': 1}
2025-10-24 13:48:17,870 : INFO : SwitchController : <<<<<<< 's_right_pop_bumper' inactive >>>>>>>
2025-10-24 13:48:18,283 : INFO : SwitchController : <<<<<<< 's_left_bank_target_right' active >>>>>>>
2025-10-24 13:48:18,283 : INFO : EventManager : Event: ======'s_left_bank_target_right_active'====== Args={}
2025-10-24 13:48:18,283 : INFO : EventManager : Event: ======'drop_target_s_left_bank_target_right_down'====== Args={'device': <drop_target.s_left_bank_target_right>}
2025-10-24 13:48:18,283 : INFO : EventManager : Event: ======'drop_target_bank_left_bank_mixed'====== Args={'prev_value': <DropTargetBankState.MIXED: 'mixed'>, 'down': 2}
2025-10-24 13:48:18,283 : INFO : EventManager : Event: ======'machine_var_audits_switches_s_left_bank_target_right'====== Args={'value': 9, 'prev_value': 8, 'change': 1}
2025-10-24 13:48:18,284 : INFO : EventManager : Event: ======'player_score'====== Args={'value': 1320, 'prev_value': 1220, 'change': 100, 'player_num': 1, 'source': 'base'}
2025-10-24 13:48:18,298 : INFO : SwitchController : <<<<<<< 's_left_bank_target_middle' active >>>>>>>
2025-10-24 13:48:18,298 : INFO : EventManager : Event: ======'s_left_bank_target_middle_active'====== Args={}
2025-10-24 13:48:18,298 : INFO : EventManager : Event: ======'drop_target_s_left_bank_target_middle_down'====== Args={'device': <drop_target.s_left_bank_target_middle>}
2025-10-24 13:48:18,298 : INFO : EventManager : Event: ======'drop_target_bank_left_bank_down'====== Args={}
2025-10-24 13:48:18,298 : INFO : EventManager : Event: ======'machine_var_audits_switches_s_left_bank_target_middle'====== Args={'value': 9, 'prev_value': 8, 'change': 1}
2025-10-24 13:48:18,299 : INFO : EventManager : Event: ======'player_score'====== Args={'value': 1420, 'prev_value': 1320, 'change': 100, 'player_num': 1, 'source': 'base'}
2025-10-24 13:48:18,300 : INFO : drop_target_bank.left_bank : 3 targets are down. Will reset those.
2025-10-24 13:48:18,300 : INFO : coil.c_drop_target_left : Pulsing Driver for 50ms (1.0 pulse_power)
2025-10-24 13:48:18,307 : INFO : SwitchController : <<<<<<< 's_left_bank_target_right' inactive (muted) >>>>>>>
2025-10-24 13:48:18,374 : INFO : SwitchController : <<<<<<< 's_left_bank_target_right' active (muted) >>>>>>>
2025-10-24 13:48:18,374 : INFO : EventManager : Event: ======'machine_var_audits_switches_s_left_bank_target_right'====== Args={'value': 10, 'prev_value': 9, 'change': 1}
2025-10-24 13:48:18,381 : INFO : SwitchController : <<<<<<< 's_left_bank_target_middle' inactive (muted) >>>>>>>
2025-10-24 13:48:18,405 : INFO : SwitchController : <<<<<<< 's_left_bank_target_left' inactive (muted) >>>>>>>
2025-10-24 13:48:18,412 : INFO : SwitchController : <<<<<<< 's_left_bank_target_right' inactive (muted) >>>>>>>
2025-10-24 13:48:18,794 : INFO : EventManager : Event: ======'drop_target_s_left_bank_target_left_up'====== Args={'device': <drop_target.s_left_bank_target_left>}
2025-10-24 13:48:18,794 : INFO : EventManager : Event: ======'drop_target_s_left_bank_target_middle_up'====== Args={'device': <drop_target.s_left_bank_target_middle>}
2025-10-24 13:48:18,794 : INFO : EventManager : Event: ======'drop_target_s_left_bank_target_right_up'====== Args={'device': <drop_target.s_left_bank_target_right>}
2025-10-24 13:48:18,794 : INFO : EventManager : Event: ======'drop_target_bank_left_bank_up'====== Args={}
2025-10-24 13:48:20,749 : INFO : SwitchController : <<<<<<< 's_middle_pop_bumper' active >>>>>>>
2025-10-24 13:48:20,749 : INFO : EventManager : Event: ======'machine_var_audits_switches_s_middle_pop_bumper'====== Args={'value': 4, 'prev_value': 3, 'change': 1}
2025-10-24 13:48:20,759 : INFO : SwitchController : <<<<<<< 's_middle_pop_bumper' inactive >>>>>>>
2025-10-24 13:48:21,215 : INFO : SwitchController : <<<<<<< 's_left_outlane_rollover' active >>>>>>>
2025-10-24 13:48:21,215 : INFO : EventManager : Event: ======'s_left_outlane_rollover_active'====== Args={}
2025-10-24 13:48:21,215 : INFO : EventManager : Event: ======'machine_var_audits_switches_s_left_outlane_rollover'====== Args={'value': 1, 'prev_value': 0, 'change': 1}
2025-10-24 13:48:21,216 : INFO : EventManager : Event: ======'player_score'====== Args={'value': 1520, 'prev_value': 1420, 'change': 100, 'player_num': 1, 'source': 'base'}
2025-10-24 13:48:21,275 : INFO : SwitchController : <<<<<<< 's_left_outlane_rollover' inactive >>>>>>>
2025-10-24 13:48:21,756 : INFO : SwitchController : <<<<<<< 's_saucer' active >>>>>>>
2025-10-24 13:48:21,756 : INFO : EventManager : Event: ======'s_saucer_active'====== Args={}
2025-10-24 13:48:21,756 : INFO : EventManager : Event: ======'machine_var_audits_switches_s_saucer'====== Args={'value': 3, 'prev_value': 2, 'change': 1}
2025-10-24 13:48:21,758 : INFO : EventManager : Event: ======'mode_escape_graveyard_will_start'====== Args={}
2025-10-24 13:48:21,758 : INFO : EventManager : Event: ======'player_escape_graveyard_escape_graveyard_tick'====== Args={'value': 45, 'prev_value': 0, 'change': 45, 'player_num': 1}
2025-10-24 13:48:21,758 : INFO : EventManager : Event: ======'player_escape_graveyard_spinner_scream_cooldown_tick'====== Args={'value': 0, 'prev_value': 0, 'change': 0, 'player_num': 1}
2025-10-24 13:48:21,759 : ERROR : asyncio : Exception in callback EventManager.process_event_queue()
handle: <Handle EventManager.process_event_queue()>
Traceback (most recent call last):
  File "C:\Users\antho\mpf\Lib\site-packages\mpf\core\placeholder_manager.py", line 663, in _parse_template
    return ast.parse(template_str, mode='eval').body
           ^^^^^^^^^^^^^^^^^^^^^^^^^^^^^^^^^^^^
  File "C:\Users\antho\AppData\Local\Programs\Python\Python312\Lib\ast.py", line 52, in parse
    return compile(source, filename, mode, flags,
           ^^^^^^^^^^^^^^^^^^^^^^^^^^^^^^^^^^^^^^
  File "<unknown>", line 1
    time>10s
          ^
SyntaxError: invalid decimal literal

During handling of the above exception, another exception occurred:

Traceback (most recent call last):
  File "C:\Users\antho\mpf\Lib\site-packages\mpf\core\events.py", line 755, in _run_handlers
    result = handler.callback(**merged_kwargs)
             ^^^^^^^^^^^^^^^^^^^^^^^^^^^^^^^^^
  File "C:\Users\antho\mpf\Lib\site-packages\mpf\core\mode.py", line 218, in start
    result = item.method(config=self.config.get(item.config_section, self.config),
             ^^^^^^^^^^^^^^^^^^^^^^^^^^^^^^^^^^^^^^^^^^^^^^^^^^^^^^^^^^^^^^^^^^^^^
  File "C:\Users\antho\mpf\Lib\site-packages\mpf\core\config_player.py", line 221, in mode_start
    event_keys = self.register_player_events(config, mode, priority)
                 ^^^^^^^^^^^^^^^^^^^^^^^^^^^^^^^^^^^^^^^^^^^^^^^^^^^
  File "C:\Users\antho\mpf\Lib\site-packages\mpf\core\config_player.py", line 315, in register_player_events
    self.machine.events.add_handler(
  File "C:\Users\antho\mpf\Lib\site-packages\mpf\core\events.py", line 235, in add_handler
    event, condition, additional_priority = self.get_event_and_condition_from_string(event)
                                            ^^^^^^^^^^^^^^^^^^^^^^^^^^^^^^^^^^^^^^^^^^^^^^^
  File "C:\Users\antho\mpf\Lib\site-packages\mpf\core\events.py", line 90, in get_event_and_condition_from_string
    placeholder = self.machine.placeholder_manager.build_bool_template(event_string[first_bracket_pos + 1:-1])
                  ^^^^^^^^^^^^^^^^^^^^^^^^^^^^^^^^^^^^^^^^^^^^^^^^^^^^^^^^^^^^^^^^^^^^^^^^^^^^^^^^^^^^^^^^^^^^
  File "C:\Users\antho\mpf\Lib\site-packages\mpf\core\placeholder_manager.py", line 810, in build_bool_template
    return BoolTemplate(self._parse_template(template_str), template_str, self, default_value)
                        ^^^^^^^^^^^^^^^^^^^^^^^^^^^^^^^^^^
  File "C:\Users\antho\mpf\Lib\site-packages\mpf\core\placeholder_manager.py", line 665, in _parse_template
    raise AssertionError('Failed to parse template "{}"'.format(template_str))
AssertionError: Failed to parse template "time>10s"

The above exception was the direct cause of the following exception:

Traceback (most recent call last):
  File "C:\Users\antho\AppData\Local\Programs\Python\Python312\Lib\asyncio\events.py", line 88, in _run
    self._context.run(self._callback, *self._args)
  File "C:\Users\antho\mpf\Lib\site-packages\mpf\core\events.py", line 846, in process_event_queue
    self._process_event(event=event[0],
  File "C:\Users\antho\mpf\Lib\site-packages\mpf\core\events.py", line 808, in _process_event
    result = self._run_handlers(event, ev_type, kwargs)
             ^^^^^^^^^^^^^^^^^^^^^^^^^^^^^^^^^^^^^^^^^^
  File "C:\Users\antho\mpf\Lib\site-packages\mpf\core\events.py", line 757, in _run_handlers
    raise EventHandlerException(
mpf.core.events.EventHandlerException: Exception while processing RegisteredHandler(callback=<bound method Mode.start of <Mode.escape_graveyard>>, priority=100, kwargs={}, key=UUID('eef7ae35-beae-450f-8fc5-001cb01a110b'), condition=None, blocking_facility=None) for event s_saucer_active. Failed to parse template "time>10s"
2025-10-24 13:48:21,774 : INFO : SwitchController : <<<<<<< 's_saucer' inactive >>>>>>>
2025-10-24 13:48:21,774 : INFO : Machine : Shutting down...
2025-10-24 13:48:21,776 : INFO : EventManager : Event: ======'shutdown'====== Args={}
2025-10-24 13:48:21,777 : INFO : EventManager : Event: ======'mode_game_will_stop'====== Args={}
2025-10-24 13:48:21,777 : INFO : EventManager : Event: ======'mode_game_stopping'====== Args={}
2025-10-24 13:48:21,778 : INFO : EventManager : Event: ======'mode_base_will_stop'====== Args={}
2025-10-24 13:48:21,778 : INFO : EventManager : Event: ======'mode_base_stopping'====== Args={}
2025-10-24 13:48:21,778 : INFO : EventManager : Event: ======'stop_base_music'====== Args={'priority': 0}
2025-10-24 13:48:21,778 : INFO : Mode.base : Stopped.
2025-10-24 13:48:21,780 : INFO : EventManager : Event: ======'modes_active_modes_changed'====== Args={}
2025-10-24 13:48:21,780 : INFO : EventManager : Event: ======'mode_base_stopped'====== Args={}
2025-10-24 13:48:21,780 : INFO : EventManager : Event: ======'clear'====== Args={'key': 'base'}
2025-10-24 13:48:21,781 : INFO : Mode.game : Stopped.
2025-10-24 13:48:21,781 : INFO : EventManager : Event: ======'modes_active_modes_changed'====== Args={}
2025-10-24 13:48:21,781 : INFO : EventManager : Event: ======'mode_game_stopped'====== Args={}
2025-10-24 13:48:21,781 : INFO : EventManager : Event: ======'clear'====== Args={'key': 'game'}
2025-10-24 13:48:21,865 : ERROR : Machine : Runtime Exception
Traceback (most recent call last):
  File "C:\Users\antho\mpf\Lib\site-packages\mpf\core\placeholder_manager.py", line 663, in _parse_template
    return ast.parse(template_str, mode='eval').body
           ^^^^^^^^^^^^^^^^^^^^^^^^^^^^^^^^^^^^
  File "C:\Users\antho\AppData\Local\Programs\Python\Python312\Lib\ast.py", line 52, in parse
    return compile(source, filename, mode, flags,
           ^^^^^^^^^^^^^^^^^^^^^^^^^^^^^^^^^^^^^^
  File "<unknown>", line 1
    time>10s
          ^
SyntaxError: invalid decimal literal

During handling of the above exception, another exception occurred:

Traceback (most recent call last):
  File "C:\Users\antho\mpf\Lib\site-packages\mpf\core\events.py", line 755, in _run_handlers
    result = handler.callback(**merged_kwargs)
             ^^^^^^^^^^^^^^^^^^^^^^^^^^^^^^^^^
  File "C:\Users\antho\mpf\Lib\site-packages\mpf\core\mode.py", line 218, in start
    result = item.method(config=self.config.get(item.config_section, self.config),
             ^^^^^^^^^^^^^^^^^^^^^^^^^^^^^^^^^^^^^^^^^^^^^^^^^^^^^^^^^^^^^^^^^^^^^
  File "C:\Users\antho\mpf\Lib\site-packages\mpf\core\config_player.py", line 221, in mode_start
    event_keys = self.register_player_events(config, mode, priority)
                 ^^^^^^^^^^^^^^^^^^^^^^^^^^^^^^^^^^^^^^^^^^^^^^^^^^^
  File "C:\Users\antho\mpf\Lib\site-packages\mpf\core\config_player.py", line 315, in register_player_events
    self.machine.events.add_handler(
  File "C:\Users\antho\mpf\Lib\site-packages\mpf\core\events.py", line 235, in add_handler
    event, condition, additional_priority = self.get_event_and_condition_from_string(event)
                                            ^^^^^^^^^^^^^^^^^^^^^^^^^^^^^^^^^^^^^^^^^^^^^^^
  File "C:\Users\antho\mpf\Lib\site-packages\mpf\core\events.py", line 90, in get_event_and_condition_from_string
    placeholder = self.machine.placeholder_manager.build_bool_template(event_string[first_bracket_pos + 1:-1])
                  ^^^^^^^^^^^^^^^^^^^^^^^^^^^^^^^^^^^^^^^^^^^^^^^^^^^^^^^^^^^^^^^^^^^^^^^^^^^^^^^^^^^^^^^^^^^^
  File "C:\Users\antho\mpf\Lib\site-packages\mpf\core\placeholder_manager.py", line 810, in build_bool_template
    return BoolTemplate(self._parse_template(template_str), template_str, self, default_value)
                        ^^^^^^^^^^^^^^^^^^^^^^^^^^^^^^^^^^
  File "C:\Users\antho\mpf\Lib\site-packages\mpf\core\placeholder_manager.py", line 665, in _parse_template
    raise AssertionError('Failed to parse template "{}"'.format(template_str))
AssertionError: Failed to parse template "time>10s"

The above exception was the direct cause of the following exception:

Traceback (most recent call last):
  File "C:\Users\antho\mpf\Lib\site-packages\mpf\core\machine.py", line 810, in _run_loop
    raise self._exception['exception']
  File "C:\Users\antho\AppData\Local\Programs\Python\Python312\Lib\asyncio\events.py", line 88, in _run
    self._context.run(self._callback, *self._args)
  File "C:\Users\antho\mpf\Lib\site-packages\mpf\core\events.py", line 846, in process_event_queue
    self._process_event(event=event[0],
  File "C:\Users\antho\mpf\Lib\site-packages\mpf\core\events.py", line 808, in _process_event
    result = self._run_handlers(event, ev_type, kwargs)
             ^^^^^^^^^^^^^^^^^^^^^^^^^^^^^^^^^^^^^^^^^^
  File "C:\Users\antho\mpf\Lib\site-packages\mpf\core\events.py", line 757, in _run_handlers
    raise EventHandlerException(
mpf.core.events.EventHandlerException: Exception while processing RegisteredHandler(callback=<bound method Mode.start of <Mode.escape_graveyard>>, priority=100, kwargs={}, key=UUID('eef7ae35-beae-450f-8fc5-001cb01a110b'), condition=None, blocking_facility=None) for event s_saucer_active. Failed to parse template "time>10s"
2025-10-24 13:48:21,869 : INFO : root : MPF run loop ended.
