2025-10-27 08:20:56,708 : INFO : root : Loading config.
2025-10-27 08:20:56,715 : INFO : YamlMultifileConfigLoader : Machine config file #1: config.yaml
2025-10-27 08:20:56,716 : INFO : ConfigProcessor : Loading config from cache: C:\Users\antho\AppData\Local\Temp\fdca14d0c9d658ab8200d57120800af5.mpf_cache
2025-10-27 08:20:56,862 : INFO : ConfigProcessor : Loading config from cache: C:\Users\antho\AppData\Local\Temp\5dec96b1547c4adf5bdd3d1715e74bc0.mpf_cache
2025-10-27 08:20:56,862 : INFO : ConfigProcessor : Loading config from cache: C:\Users\antho\AppData\Local\Temp\202a5840610e95051f9f473dfa660cc0.mpf_cache
2025-10-27 08:20:56,863 : INFO : ConfigProcessor : Loading config from cache: C:\Users\antho\AppData\Local\Temp\5dec96b1547c4adf5bdd3d1715e74bc0.mpf_cache
2025-10-27 08:20:56,864 : INFO : ConfigProcessor : Loading config from cache: C:\Users\antho\AppData\Local\Temp\2cd13a2d3f375e00ab01d6d09a85d8e7.mpf_cache
2025-10-27 08:20:56,864 : INFO : ConfigProcessor : Loading config from cache: C:\Users\antho\AppData\Local\Temp\9220b44b97b91972524500b81035d790.mpf_cache
2025-10-27 08:20:56,865 : INFO : ConfigProcessor : Loading config from cache: C:\Users\antho\AppData\Local\Temp\31ee881584fa6fce665a672a4f3f633a.mpf_cache
2025-10-27 08:20:56,866 : INFO : ConfigProcessor : Loading config from cache: C:\Users\antho\AppData\Local\Temp\5e841763ec73085bbf92358fe6afda21.mpf_cache
2025-10-27 08:20:56,867 : INFO : ConfigProcessor : Loading config from cache: C:\Users\antho\AppData\Local\Temp\7f73d12aa9beccac1cbd8c265ccda72e.mpf_cache
2025-10-27 08:20:56,867 : INFO : ConfigProcessor : Loading config from cache: C:\Users\antho\AppData\Local\Temp\b17152efa55a24f0424602723f8d3921.mpf_cache
2025-10-27 08:20:56,868 : INFO : ConfigProcessor : Loading config from cache: C:\Users\antho\AppData\Local\Temp\e87fc0e7d2f8a851b5fa3f604e0d0c6e.mpf_cache
2025-10-27 08:20:56,868 : INFO : ConfigProcessor : Loading config from cache: C:\Users\antho\AppData\Local\Temp\196ac76b6cab3a9880804c826cfbcb5c.mpf_cache
2025-10-27 08:20:56,868 : INFO : ConfigProcessor : Loading config from cache: C:\Users\antho\AppData\Local\Temp\834292dd7853e12a66732dc89828c828.mpf_cache
2025-10-27 08:20:56,870 : INFO : ConfigProcessor : Loading config from cache: C:\Users\antho\AppData\Local\Temp\ae2be9c5579852c305357e207df97e8b.mpf_cache
2025-10-27 08:20:56,870 : INFO : ConfigProcessor : Loading config from cache: C:\Users\antho\AppData\Local\Temp\46f8fa3e41dfeeb8232af2f03a13b6c4.mpf_cache
2025-10-27 08:20:56,871 : INFO : ConfigProcessor : Loading config from cache: C:\Users\antho\AppData\Local\Temp\c67e9c175da6c060302945929b27b878.mpf_cache
2025-10-27 08:20:56,872 : INFO : Machine : Mission Pinball Framework Core Engine v0.80.0.dev11
2025-10-27 08:20:56,872 : INFO : Machine : Command line arguments: {'no_load_cache': False, 'create_config_cache': True, 'bcp': True, 'configfile': ['config.yaml'], 'force_assets_load': False, 'platform_integration_test': False, 'jsonlogging': False, 'logfile': 'logs\\2025-10-27-08-20-56-mpf-LAPTOP-MPGP6R69.log', 'pause': False, 'production': False, 'text_ui': True, 'loglevel': 15, 'consoleloglevel': 20, 'force_platform': None, 'syslog_address': None, 'full_logfile_path': 'C:\\Users\\antho\\nightpin\\logs\\2025-10-27-08-20-56-mpf-LAPTOP-MPGP6R69.log'}
2025-10-27 08:20:56,872 : INFO : Machine : MPF path: C:\Users\antho\mpf\Lib\site-packages\mpf
2025-10-27 08:20:56,872 : INFO : Machine : Machine path: C:\Users\antho\nightpin
2025-10-27 08:20:56,872 : INFO : Machine : Platform: win32
2025-10-27 08:20:56,872 : INFO : Machine : Python executable location: C:\Users\antho\mpf\Scripts\python.exe
2025-10-27 08:20:56,872 : INFO : Machine : Python version: 3.12.7 (64-bit)
2025-10-27 08:20:56,874 : INFO : Machine : Initializing MPF...
2025-10-27 08:20:57,126 : INFO : lisy : Connecting to com3 at 115200bps
2025-10-27 08:20:57,128 : WARNING : lisy : Could not import terminos (this is ok on windows).
2025-10-27 08:20:57,295 : INFO : EventManager : Event: ======'machine_var_lisy_hardware'====== Args={'value': 'LISY35', 'prev_value': None, 'change': True}
2025-10-27 08:20:57,295 : INFO : EventManager : Event: ======'machine_var_lisy_version'====== Args={'value': '5.26 ', 'prev_value': None, 'change': True}
2025-10-27 08:20:57,295 : INFO : EventManager : Event: ======'machine_var_lisy_api_version'====== Args={'value': b'0.09', 'prev_value': None, 'change': True}
2025-10-27 08:20:58,629 : INFO : EventManager : Event: ======'machine_var_credits_string'====== Args={'value': 'FREE PLAY', 'prev_value': None, 'change': True}
2025-10-27 08:20:58,663 : INFO : EventManager : Event: ======'machine_var_master_volume'====== Args={'value': 0.5, 'prev_value': None, 'change': True}
2025-10-27 08:20:58,663 : INFO : EventManager : Event: ======'machine_var_player1_score'====== Args={'value': 300, 'prev_value': None, 'change': True}
2025-10-27 08:20:58,663 : INFO : EventManager : Event: ======'machine_var_mpf_version'====== Args={'value': 'Mission Pinball Framework v0.80.0.dev11', 'prev_value': None, 'change': True}
2025-10-27 08:20:58,663 : INFO : EventManager : Event: ======'machine_var_mpf_extended_version'====== Args={'value': 'Mission Pinball Framework v0.80.0.dev11, Config version:6, Show version: 6, BCP version:1.1', 'prev_value': None, 'change': True}
2025-10-27 08:20:58,664 : INFO : EventManager : Event: ======'machine_var_python_version'====== Args={'value': '3.12.7', 'prev_value': None, 'change': True}
2025-10-27 08:20:58,756 : INFO : EventManager : Event: ======'machine_var_platform'====== Args={'value': 'Windows-11-10.0.26100-SP0', 'prev_value': None, 'change': True}
2025-10-27 08:20:58,756 : INFO : EventManager : Event: ======'machine_var_platform_system'====== Args={'value': 'Windows', 'prev_value': None, 'change': True}
2025-10-27 08:20:58,757 : INFO : EventManager : Event: ======'machine_var_platform_release'====== Args={'value': '11', 'prev_value': None, 'change': True}
2025-10-27 08:20:58,757 : INFO : EventManager : Event: ======'machine_var_platform_version'====== Args={'value': '10.0.26100', 'prev_value': None, 'change': True}
2025-10-27 08:20:58,757 : INFO : EventManager : Event: ======'machine_var_platform_machine'====== Args={'value': 'AMD64', 'prev_value': None, 'change': True}
2025-10-27 08:20:58,757 : INFO : EventManager : Event: ======'machine_var_log_file_path'====== Args={'value': 'C:\\Users\\antho\\nightpin\\logs\\2025-10-27-08-20-56-mpf-LAPTOP-MPGP6R69.log', 'prev_value': None, 'change': True}
2025-10-27 08:20:58,757 : INFO : EventManager : Event: ======'init_phase_1'====== Args={}
2025-10-27 08:20:58,788 : INFO : EventManager : Event: ======'drop_target_bank_right_bank_up'====== Args={}
2025-10-27 08:20:58,788 : INFO : EventManager : Event: ======'drop_target_bank_left_bank_up'====== Args={}
2025-10-27 08:20:58,864 : ERROR : asyncio : Task exception was never retrieved
future: <Task finished name='Task-114' coro=<SystemWideDevice.device_added_system_wide() done, defined at C:\Users\antho\mpf\Lib\site-packages\mpf\core\system_wide_device.py:15> exception=AssertionError('Error in platform while configuring segment display info_display. See error above.')>
Traceback (most recent call last):
  File "C:\Users\antho\mpf\Lib\site-packages\mpf\devices\segment_display\segment_display.py", line 94, in _initialize
    self.hw_display = await self.platform.configure_segment_display(self.config['number'],
                      ^^^^^^^^^^^^^^^^^^^^^^^^^^^^^^^^^^^^^^^^^^^^^^^^^^^^^^^^^^^^^^^^^^^^
  File "C:\Users\antho\mpf\Lib\site-packages\mpf\platforms\lisy\lisy.py", line 772, in configure_segment_display
    await display.initialize()
  File "C:\Users\antho\mpf\Lib\site-packages\mpf\platforms\lisy\lisy.py", line 202, in initialize
    raise AssertionError("Display {} is configured as length {} but hardware reports as {}.".format(
AssertionError: Display 0 is configured as length 6 but hardware reports as 4.

The above exception was the direct cause of the following exception:

Traceback (most recent call last):
  File "C:\Users\antho\mpf\Lib\site-packages\mpf\core\system_wide_device.py", line 17, in device_added_system_wide
    await self._initialize()
  File "C:\Users\antho\mpf\Lib\site-packages\mpf\devices\segment_display\segment_display.py", line 98, in _initialize
    raise AssertionError("Error in platform while configuring segment display {}. "
AssertionError: Error in platform while configuring segment display info_display. See error above.
2025-10-27 08:20:58,884 : INFO : EventManager : Event: ======'init_phase_2'====== Args={}
2025-10-27 08:20:58,885 : INFO : Machine : Starting the main run loop with active modes: []
2025-10-27 08:20:58,885 : WARNING : Machine : Attract mode is not active, game will not be playable. Please check your attract mode configuration.
2025-10-27 08:20:58,886 : INFO : Machine : Shutting down...
2025-10-27 08:20:58,886 : INFO : EventManager : Event: ======'shutdown'====== Args={}
2025-10-27 08:20:58,895 : INFO : EventManager : Event: ======'bcp_connection_attempt'====== Args={'name': 'local_display', 'host': 'localhost', 'port': 5050}
2025-10-27 08:20:58,898 : ERROR : asyncio : Exception in callback EventManager.process_event_queue()
handle: <Handle EventManager.process_event_queue()>
Traceback (most recent call last):
  File "C:\Users\antho\mpf\Lib\site-packages\mpf\core\events.py", line 755, in _run_handlers
    result = handler.callback(**merged_kwargs)
             ^^^^^^^^^^^^^^^^^^^^^^^^^^^^^^^^^
  File "C:\Users\antho\mpf\Lib\site-packages\mpf\core\text_ui.py", line 459, in _bcp_connection_attempt
    self._pending_bcp_connection = PopUpDialog(self.screen,
                                   ^^^^^^^^^^^^^^^^^^^^^^^^
  File "C:\Users\antho\mpf\Lib\site-packages\asciimatics\widgets\popupdialog.py", line 39, in __init__
    string_len = wcswidth if screen.unicode_aware else len
                             ^^^^^^^^^^^^^^^^^^^^
AttributeError: 'NoneType' object has no attribute 'unicode_aware'

The above exception was the direct cause of the following exception:

Traceback (most recent call last):
  File "C:\Users\antho\AppData\Local\Programs\Python\Python312\Lib\asyncio\events.py", line 88, in _run
    self._context.run(self._callback, *self._args)
  File "C:\Users\antho\mpf\Lib\site-packages\mpf\core\events.py", line 846, in process_event_queue
    self._process_event(event=event[0],
  File "C:\Users\antho\mpf\Lib\site-packages\mpf\core\events.py", line 808, in _process_event
    result = self._run_handlers(event, ev_type, kwargs)
             ^^^^^^^^^^^^^^^^^^^^^^^^^^^^^^^^^^^^^^^^^^
  File "C:\Users\antho\mpf\Lib\site-packages\mpf\core\events.py", line 757, in _run_handlers
    raise EventHandlerException(
mpf.core.events.EventHandlerException: Exception while processing RegisteredHandler(callback=<bound method TextUi._bcp_connection_attempt of <mpf.core.text_ui.TextUi object at 0x000001ED41D9F480>>, priority=1, kwargs={}, key=UUID('7162bf15-b57a-44ee-bdfd-a44ce3517ab2'), condition=None, blocking_facility=None) for event bcp_connection_attempt. 'NoneType' object has no attribute 'unicode_aware'
2025-10-27 08:20:58,937 : INFO : BCPClientSocket : Connecting BCP to 'local_display' at localhost:5050...
2025-10-27 08:20:58,948 : INFO : BCPClientSocket : Connected BCP to 'local_display' localhost:5050
2025-10-27 08:20:58,948 : INFO : EventManager : Event: ======'bcp_clients_connected'====== Args={}
2025-10-27 08:20:58,949 : ERROR : asyncio : Exception in callback EventManager.process_event_queue()
handle: <Handle EventManager.process_event_queue()>
Traceback (most recent call last):
  File "C:\Users\antho\mpf\Lib\site-packages\mpf\core\events.py", line 755, in _run_handlers
    result = handler.callback(**merged_kwargs)
             ^^^^^^^^^^^^^^^^^^^^^^^^^^^^^^^^^
  File "C:\Users\antho\mpf\Lib\site-packages\mpf\core\text_ui.py", line 466, in _bcp_connected
    self.scene.remove_effect(self._pending_bcp_connection)
  File "C:\Users\antho\mpf\Lib\site-packages\asciimatics\scene.py", line 85, in remove_effect
    self._effects.remove(effect)
ValueError: list.remove(x): x not in list

The above exception was the direct cause of the following exception:

Traceback (most recent call last):
  File "C:\Users\antho\AppData\Local\Programs\Python\Python312\Lib\asyncio\events.py", line 88, in _run
    self._context.run(self._callback, *self._args)
  File "C:\Users\antho\mpf\Lib\site-packages\mpf\core\events.py", line 846, in process_event_queue
    self._process_event(event=event[0],
  File "C:\Users\antho\mpf\Lib\site-packages\mpf\core\events.py", line 808, in _process_event
    result = self._run_handlers(event, ev_type, kwargs)
             ^^^^^^^^^^^^^^^^^^^^^^^^^^^^^^^^^^^^^^^^^^
  File "C:\Users\antho\mpf\Lib\site-packages\mpf\core\events.py", line 757, in _run_handlers
    raise EventHandlerException(
mpf.core.events.EventHandlerException: Exception while processing RegisteredHandler(callback=<bound method TextUi._bcp_connected of <mpf.core.text_ui.TextUi object at 0x000001ED41D9F480>>, priority=1, kwargs={}, key=UUID('83b519dc-870e-4c8f-bfac-b3e762a84919'), condition=None, blocking_facility=None) for event bcp_clients_connected. list.remove(x): x not in list
2025-10-27 08:20:58,968 : INFO : ball_device.bd_trough : BCH: Initial count: 0
2025-10-27 08:20:58,968 : INFO : ball_device.bd_trough : State: idle
2025-10-27 08:20:58,968 : INFO : ball_device.bd_saucer : BCH: Initial count: 0
2025-10-27 08:20:58,969 : INFO : ball_device.bd_saucer : State: idle
2025-10-27 08:20:58,981 : INFO : EventManager : Event: ======'init_phase_3'====== Args={}
2025-10-27 08:20:58,989 : INFO : EventManager : Event: ======'init_phase_4'====== Args={}
2025-10-27 08:20:58,989 : INFO : BallController : Initial balls found: 0
2025-10-27 08:20:58,991 : INFO : EventManager : Event: ======'machine_var_audits_events_game_ended'====== Args={'value': 16, 'prev_value': None, 'change': True}
2025-10-27 08:20:58,991 : INFO : EventManager : Event: ======'machine_var_audits_events_game_started'====== Args={'value': 53, 'prev_value': None, 'change': True}
2025-10-27 08:20:58,991 : INFO : EventManager : Event: ======'machine_var_audits_missing_switches_s_coin_right'====== Args={'value': 52, 'prev_value': None, 'change': True}
2025-10-27 08:20:58,991 : INFO : EventManager : Event: ======'machine_var_audits_missing_switches_s_credit_button'====== Args={'value': 25, 'prev_value': None, 'change': True}
2025-10-27 08:20:58,992 : INFO : EventManager : Event: ======'machine_var_audits_missing_switches_s_inlanes'====== Args={'value': 2, 'prev_value': None, 'change': True}
2025-10-27 08:20:58,992 : INFO : EventManager : Event: ======'machine_var_audits_missing_switches_s_left_bank_target_left'====== Args={'value': 5, 'prev_value': None, 'change': True}
2025-10-27 08:20:58,992 : INFO : EventManager : Event: ======'machine_var_audits_missing_switches_s_left_bank_target_middle'====== Args={'value': 5, 'prev_value': None, 'change': True}
2025-10-27 08:20:58,992 : INFO : EventManager : Event: ======'machine_var_audits_missing_switches_s_left_bank_target_right'====== Args={'value': 5, 'prev_value': None, 'change': True}
2025-10-27 08:20:58,992 : INFO : EventManager : Event: ======'machine_var_audits_missing_switches_s_left_lower_bumper'====== Args={'value': 5, 'prev_value': None, 'change': True}
2025-10-27 08:20:58,992 : INFO : EventManager : Event: ======'machine_var_audits_missing_switches_s_left_outlane_rollover'====== Args={'value': 5, 'prev_value': None, 'change': True}
2025-10-27 08:20:58,993 : INFO : EventManager : Event: ======'machine_var_audits_missing_switches_s_left_pop_bumper'====== Args={'value': 5, 'prev_value': None, 'change': True}
2025-10-27 08:20:58,993 : INFO : EventManager : Event: ======'machine_var_audits_missing_switches_s_left_sling'====== Args={'value': 5, 'prev_value': None, 'change': True}
2025-10-27 08:20:58,993 : INFO : EventManager : Event: ======'machine_var_audits_missing_switches_s_left_upper_bumper'====== Args={'value': 5, 'prev_value': None, 'change': True}
2025-10-27 08:20:58,993 : INFO : EventManager : Event: ======'machine_var_audits_missing_switches_s_middle_pop_bumper'====== Args={'value': 5, 'prev_value': None, 'change': True}
2025-10-27 08:20:58,993 : INFO : EventManager : Event: ======'machine_var_audits_missing_switches_s_middle_skill_lane'====== Args={'value': 12, 'prev_value': None, 'change': True}
2025-10-27 08:20:58,993 : INFO : EventManager : Event: ======'machine_var_audits_missing_switches_s_middle_upper_rollovers'====== Args={'value': 5, 'prev_value': None, 'change': True}
2025-10-27 08:20:58,995 : INFO : EventManager : Event: ======'machine_var_audits_missing_switches_s_outer_skill_lanes'====== Args={'value': 12, 'prev_value': None, 'change': True}
2025-10-27 08:20:58,995 : INFO : EventManager : Event: ======'machine_var_audits_missing_switches_s_right_bank_target_left'====== Args={'value': 5, 'prev_value': None, 'change': True}
2025-10-27 08:20:58,995 : INFO : EventManager : Event: ======'machine_var_audits_missing_switches_s_right_bank_target_middle'====== Args={'value': 5, 'prev_value': None, 'change': True}
2025-10-27 08:20:58,995 : INFO : EventManager : Event: ======'machine_var_audits_missing_switches_s_right_bank_target_right'====== Args={'value': 5, 'prev_value': None, 'change': True}
2025-10-27 08:20:58,995 : INFO : EventManager : Event: ======'machine_var_audits_missing_switches_s_right_outlane_rollover'====== Args={'value': 8, 'prev_value': None, 'change': True}
2025-10-27 08:20:58,995 : INFO : EventManager : Event: ======'machine_var_audits_missing_switches_s_right_pop_bumper'====== Args={'value': 5, 'prev_value': None, 'change': True}
2025-10-27 08:20:58,996 : INFO : EventManager : Event: ======'machine_var_audits_missing_switches_s_right_sling'====== Args={'value': 12, 'prev_value': None, 'change': True}
2025-10-27 08:20:58,996 : INFO : EventManager : Event: ======'machine_var_audits_missing_switches_s_saucer'====== Args={'value': 5, 'prev_value': None, 'change': True}
2025-10-27 08:20:58,996 : INFO : EventManager : Event: ======'machine_var_audits_missing_switches_s_slam_tilt'====== Args={'value': 25, 'prev_value': None, 'change': True}
2025-10-27 08:20:58,996 : INFO : EventManager : Event: ======'machine_var_audits_missing_switches_s_spinner'====== Args={'value': 5, 'prev_value': None, 'change': True}
2025-10-27 08:20:58,996 : INFO : EventManager : Event: ======'machine_var_audits_missing_switches_s_stand_up'====== Args={'value': 25, 'prev_value': None, 'change': True}
2025-10-27 08:20:58,997 : INFO : EventManager : Event: ======'machine_var_audits_missing_switches_s_start_button'====== Args={'value': 6, 'prev_value': None, 'change': True}
2025-10-27 08:20:58,997 : INFO : EventManager : Event: ======'machine_var_audits_missing_switches_s_tilt'====== Args={'value': 23, 'prev_value': None, 'change': True}
2025-10-27 08:20:58,997 : INFO : EventManager : Event: ======'machine_var_audits_player_score'====== Args={'value': {'average': 1413, 'top': [5110, 5070, 4300, 4230, 3980, 3410, 1300, 500, 500, 300], 'total': 23}, 'prev_value': None, 'change': True}
2025-10-27 08:20:58,997 : INFO : EventManager : Event: ======'machine_var_audits_switches_s_coin_right'====== Args={'value': 1, 'prev_value': None, 'change': True}
2025-10-27 08:20:58,997 : INFO : EventManager : Event: ======'machine_var_audits_switches_s_credit_button'====== Args={'value': 5, 'prev_value': None, 'change': True}
2025-10-27 08:20:58,997 : INFO : EventManager : Event: ======'machine_var_audits_switches_s_inlanes'====== Args={'value': 106, 'prev_value': None, 'change': True}
2025-10-27 08:20:58,998 : INFO : EventManager : Event: ======'machine_var_audits_switches_s_left_bank_target_left'====== Args={'value': 33, 'prev_value': None, 'change': True}
2025-10-27 08:20:58,998 : INFO : EventManager : Event: ======'machine_var_audits_switches_s_left_bank_target_middle'====== Args={'value': 24, 'prev_value': None, 'change': True}
2025-10-27 08:20:58,998 : INFO : EventManager : Event: ======'machine_var_audits_switches_s_left_bank_target_right'====== Args={'value': 25, 'prev_value': None, 'change': True}
2025-10-27 08:20:58,998 : INFO : EventManager : Event: ======'machine_var_audits_switches_s_left_lower_bumper'====== Args={'value': 30, 'prev_value': None, 'change': True}
2025-10-27 08:20:58,998 : INFO : EventManager : Event: ======'machine_var_audits_switches_s_left_outlane_rollover'====== Args={'value': 21, 'prev_value': None, 'change': True}
2025-10-27 08:20:58,998 : INFO : EventManager : Event: ======'machine_var_audits_switches_s_left_pop_bumper'====== Args={'value': 100, 'prev_value': None, 'change': True}
2025-10-27 08:20:58,999 : INFO : EventManager : Event: ======'machine_var_audits_switches_s_left_sling'====== Args={'value': 90, 'prev_value': None, 'change': True}
2025-10-27 08:20:58,999 : INFO : EventManager : Event: ======'machine_var_audits_switches_s_left_upper_bumper'====== Args={'value': 36, 'prev_value': None, 'change': True}
2025-10-27 08:20:58,999 : INFO : EventManager : Event: ======'machine_var_audits_switches_s_middle_pop_bumper'====== Args={'value': 91, 'prev_value': None, 'change': True}
2025-10-27 08:20:58,999 : INFO : EventManager : Event: ======'machine_var_audits_switches_s_middle_skill_lane'====== Args={'value': 32, 'prev_value': None, 'change': True}
2025-10-27 08:20:58,999 : INFO : EventManager : Event: ======'machine_var_audits_switches_s_middle_upper_rollovers'====== Args={'value': 68, 'prev_value': None, 'change': True}
2025-10-27 08:20:58,999 : INFO : EventManager : Event: ======'machine_var_audits_switches_s_outer_skill_lanes'====== Args={'value': 52, 'prev_value': None, 'change': True}
2025-10-27 08:20:58,999 : INFO : EventManager : Event: ======'machine_var_audits_switches_s_pop_bumper_bottom'====== Args={'value': 6, 'prev_value': None, 'change': True}
2025-10-27 08:20:58,999 : INFO : EventManager : Event: ======'machine_var_audits_switches_s_pop_bumper_left'====== Args={'value': 2, 'prev_value': None, 'change': True}
2025-10-27 08:20:59,000 : INFO : EventManager : Event: ======'machine_var_audits_switches_s_pop_bumper_right'====== Args={'value': 1, 'prev_value': None, 'change': True}
2025-10-27 08:20:59,000 : INFO : EventManager : Event: ======'machine_var_audits_switches_s_right_bank_target_left'====== Args={'value': 43, 'prev_value': None, 'change': True}
2025-10-27 08:20:59,000 : INFO : EventManager : Event: ======'machine_var_audits_switches_s_right_bank_target_middle'====== Args={'value': 32, 'prev_value': None, 'change': True}
2025-10-27 08:20:59,000 : INFO : EventManager : Event: ======'machine_var_audits_switches_s_right_bank_target_right'====== Args={'value': 32, 'prev_value': None, 'change': True}
2025-10-27 08:20:59,000 : INFO : EventManager : Event: ======'machine_var_audits_switches_s_right_outlane_rollover'====== Args={'value': 6, 'prev_value': None, 'change': True}
2025-10-27 08:20:59,001 : INFO : EventManager : Event: ======'machine_var_audits_switches_s_right_pop_bumper'====== Args={'value': 142, 'prev_value': None, 'change': True}
2025-10-27 08:20:59,001 : INFO : EventManager : Event: ======'machine_var_audits_switches_s_right_sling'====== Args={'value': 68, 'prev_value': None, 'change': True}
2025-10-27 08:20:59,001 : INFO : EventManager : Event: ======'machine_var_audits_switches_s_saucer'====== Args={'value': 54, 'prev_value': None, 'change': True}
2025-10-27 08:20:59,001 : INFO : EventManager : Event: ======'machine_var_audits_switches_s_slam_tilt'====== Args={'value': 5, 'prev_value': None, 'change': True}
2025-10-27 08:20:59,002 : INFO : EventManager : Event: ======'machine_var_audits_switches_s_spinner'====== Args={'value': 380, 'prev_value': None, 'change': True}
2025-10-27 08:20:59,002 : INFO : EventManager : Event: ======'machine_var_audits_switches_s_stand_up'====== Args={'value': 8, 'prev_value': None, 'change': True}
2025-10-27 08:20:59,002 : INFO : EventManager : Event: ======'machine_var_audits_switches_s_start_button'====== Args={'value': 25, 'prev_value': None, 'change': True}
2025-10-27 08:20:59,002 : INFO : EventManager : Event: ======'machine_var_audits_switches_s_tilt'====== Args={'value': 1, 'prev_value': None, 'change': True}
2025-10-27 08:20:59,002 : INFO : EventManager : Event: ======'machine_var_audits_switches_s_trough'====== Args={'value': 351, 'prev_value': None, 'change': True}
2025-10-27 08:20:59,003 : INFO : EventManager : Event: ======'init_phase_5'====== Args={}
2025-10-27 08:20:59,003 : INFO : EventManager : Event: ======'init_done'====== Args={}
2025-10-27 08:20:59,003 : ERROR : asyncio : Exception in callback Util.raise_exceptions(<Task finishe...ertionError()>) at C:\Users\antho\mpf\Lib\site-packages\mpf\core\utility_functions.py:789
handle: <Handle Util.raise_exceptions(<Task finishe...ertionError()>) at C:\Users\antho\mpf\Lib\site-packages\mpf\core\utility_functions.py:789>
Traceback (most recent call last):
  File "C:\Users\antho\AppData\Local\Programs\Python\Python312\Lib\asyncio\events.py", line 88, in _run
    self._context.run(self._callback, *self._args)
  File "C:\Users\antho\mpf\Lib\site-packages\mpf\core\utility_functions.py", line 797, in raise_exceptions
    future.result()
  File "C:\Users\antho\mpf\Lib\site-packages\mpf\platforms\lisy\lisy.py", line 576, in _poll
    self.send_byte(LisyDefines.SwitchesGetChangedSwitches)
  File "C:\Users\antho\mpf\Lib\site-packages\mpf\platforms\lisy\lisy.py", line 783, in send_byte
    assert self._writer is not None
           ^^^^^^^^^^^^^^^^^^^^^^^^
AssertionError
2025-10-27 08:20:59,024 : INFO : EventManager : Event: ======'machine_reset_phase_1'====== Args={}
2025-10-27 08:20:59,030 : INFO : EventManager : Event: ======'machine_reset_phase_2'====== Args={}
2025-10-27 08:20:59,030 : INFO : EventManager : Event: ======'machine_reset_phase_3'====== Args={}
2025-10-27 08:20:59,031 : INFO : EventManager : Event: ======'mode_attract_will_start'====== Args={'queue': <QueuedEvent>}
2025-10-27 08:20:59,032 : INFO : EventManager : Event: ======'mode_attract_starting'====== Args={'queue': <QueuedEvent>}
2025-10-27 08:20:59,032 : INFO : Mode.attract : Will not start because machine is shutting down.
2025-10-27 08:20:59,033 : INFO : EventManager : Event: ======'reset_complete'====== Args={}
2025-10-27 08:20:59,976 : ERROR : asyncio : Task was destroyed but it is pending!
task: <Task pending name='Task-155' coro=<IocpProactor.accept.<locals>.accept_coro() running at C:\Users\antho\AppData\Local\Programs\Python\Python312\Lib\asyncio\windows_events.py:566> wait_for=<_OverlappedFuture cancelled>>
2025-10-27 08:20:59,977 : ERROR : Machine : Runtime Exception
Traceback (most recent call last):
  File "C:\Users\antho\mpf\Lib\site-packages\mpf\devices\segment_display\segment_display.py", line 94, in _initialize
    self.hw_display = await self.platform.configure_segment_display(self.config['number'],
                      ^^^^^^^^^^^^^^^^^^^^^^^^^^^^^^^^^^^^^^^^^^^^^^^^^^^^^^^^^^^^^^^^^^^^
  File "C:\Users\antho\mpf\Lib\site-packages\mpf\platforms\lisy\lisy.py", line 772, in configure_segment_display
    await display.initialize()
  File "C:\Users\antho\mpf\Lib\site-packages\mpf\platforms\lisy\lisy.py", line 202, in initialize
    raise AssertionError("Display {} is configured as length {} but hardware reports as {}.".format(
AssertionError: Display 0 is configured as length 6 but hardware reports as 4.

The above exception was the direct cause of the following exception:

Traceback (most recent call last):
  File "C:\Users\antho\mpf\Lib\site-packages\mpf\core\machine.py", line 810, in _run_loop
    raise self._exception['exception']
  File "C:\Users\antho\mpf\Lib\site-packages\mpf\core\system_wide_device.py", line 17, in device_added_system_wide
    await self._initialize()
  File "C:\Users\antho\mpf\Lib\site-packages\mpf\devices\segment_display\segment_display.py", line 98, in _initialize
    raise AssertionError("Error in platform while configuring segment display {}. "
AssertionError: Error in platform while configuring segment display info_display. See error above.
2025-10-27 08:20:59,978 : INFO : root : MPF run loop ended.
